[SELECT]	2018-01-10 19:36:40	SELECT * FROM user WHERE `userName`=?	["whx"]	::1	{"c":"System","m":"login","loginname":"whx","pwd":"Whx920927"}
[SELECT]	2018-01-10 19:36:40	SELECT * FROM role WHERE `id`=?	["1"]	::1	{"c":"System","m":"login","loginname":"whx","pwd":"Whx920927"}
[SELECT]	2018-01-10 19:36:40	SELECT `func` FROM `menu` WHERE `id` in (1,2,10,3,12,13,6,7,8,9,11) ORDER BY `sort`	[]	::1	{"c":"System","m":"login","loginname":"whx","pwd":"Whx920927"}
[INSERT]	2018-01-10 19:36:40	INSERT INTO loginList (`userId`,`LoginIp`,`loginTime`) values (:userId, :LoginIp, :loginTime);	{"userId":"2","LoginIp":"::1","loginTime":1515584200}	::1	{"c":"System","m":"login","loginname":"whx","pwd":"Whx920927"}
[UPDATE]	2018-01-10 19:36:40	UPDATE user SET `lastLoginTime`=:lastLoginTime WHERE `id`='2';	{"lastLoginTime":1515584200}	::1	{"c":"System","m":"login","loginname":"whx","pwd":"Whx920927"}
[SELECT]	2018-01-10 19:36:40	SELECT * FROM role WHERE `id`=?	["1"]	::1	{"c":"System","m":"menu"}
[SELECT]	2018-01-10 19:36:40	SELECT * FROM `menu` WHERE `id` in (1,2,10,3,12,13,6,7,8,9,11) ORDER BY `sort`	[]	::1	{"c":"System","m":"menu"}
[SELECT]	2018-01-10 19:36:44	SELECT id,userName FROM user	null	::1	{"c":"Common","m":"getUsersInfo"}
[SELECT]	2018-01-10 19:36:44	SELECT id,roleName FROM role	null	::1	{"c":"Common","m":"getRolesInfo"}
[SELECT]	2018-01-10 19:36:44	SELECT count(*) as sum FROM user	null	::1	{"c":"System","m":"user","page":"1","num":"10","loginTime":"2017-12-12 - 2018-01-10","orderby":{"id":"asc"}}
[SELECT]	2018-01-10 19:36:44	SELECT id,userName,lastLoginTime,roleId FROM user ORDER BY id asc LIMIT 0,10	null	::1	{"c":"System","m":"user","page":"1","num":"10","loginTime":"2017-12-12 - 2018-01-10","orderby":{"id":"asc"}}
[SELECT]	2018-01-10 19:36:47	SELECT id,roleName FROM role	null	::1	{"c":"Common","m":"getRolesInfo"}
[SELECT]	2018-01-10 19:36:47	SELECT count(*) as sum FROM post	null	::1	{"c":"MovieManage","m":"post","page":"1","num":"10","loginTime":"2017-12-12 - 2018-01-10","orderby":{"postid":"asc"}}
[SELECT]	2018-01-10 19:36:47	SELECT postid,title,userid,username,posttime,reply,lastreply FROM post ORDER BY postid asc LIMIT 0,10	null	::1	{"c":"MovieManage","m":"post","page":"1","num":"10","loginTime":"2017-12-12 - 2018-01-10","orderby":{"postid":"asc"}}
[SELECT]	2018-01-10 19:39:28	SELECT * FROM role WHERE `id`=?	["1"]	::1	{"c":"System","m":"menu"}
[SELECT]	2018-01-10 19:39:29	SELECT * FROM `menu` WHERE `id` in (1,2,10,3,12,13,6,7,8,9,11) ORDER BY `sort`	[]	::1	{"c":"System","m":"menu"}
[SELECT]	2018-01-10 19:39:29	SELECT id,userName FROM user	null	::1	{"c":"Common","m":"getUsersInfo"}
[SELECT]	2018-01-10 19:39:29	SELECT count(*) as sum FROM post	null	::1	{"c":"MovieManage","m":"post","page":"1","num":"10","loginTime":"2017-12-12 - 2018-01-10","orderby":{"postid":"asc"}}
[SELECT]	2018-01-10 19:39:29	SELECT postid,title,userid,username,posttime,reply,lastreply FROM post ORDER BY postid asc LIMIT 0,10	null	::1	{"c":"MovieManage","m":"post","page":"1","num":"10","loginTime":"2017-12-12 - 2018-01-10","orderby":{"postid":"asc"}}
[SELECT]	2018-01-10 19:39:29	SELECT id,roleName FROM role	null	::1	{"c":"Common","m":"getRolesInfo"}
[SELECT]	2018-01-10 19:39:57	SELECT * FROM role WHERE `id`=?	["1"]	::1	{"c":"System","m":"menu"}
[SELECT]	2018-01-10 19:39:57	SELECT * FROM `menu` WHERE `id` in (1,2,10,3,12,13,6,7,8,9,11) ORDER BY `sort`	[]	::1	{"c":"System","m":"menu"}
[SELECT]	2018-01-10 19:39:57	SELECT id,userName FROM user	null	::1	{"c":"Common","m":"getUsersInfo"}
[SELECT]	2018-01-10 19:39:57	SELECT id,roleName FROM role	null	::1	{"c":"Common","m":"getRolesInfo"}
[SELECT]	2018-01-10 19:39:57	SELECT count(*) as sum FROM post	null	::1	{"c":"MovieManage","m":"post","page":"1","num":"10","loginTime":"2017-12-12 - 2018-01-10","orderby":{"postid":"asc"}}
[SELECT]	2018-01-10 19:39:57	SELECT postid,title,userid,username,posttime,reply,lastreply FROM post ORDER BY postid asc LIMIT 0,10	null	::1	{"c":"MovieManage","m":"post","page":"1","num":"10","loginTime":"2017-12-12 - 2018-01-10","orderby":{"postid":"asc"}}
[SELECT]	2018-01-10 19:40:24	SELECT * FROM role WHERE `id`=?	["1"]	::1	{"c":"System","m":"menu"}
[SELECT]	2018-01-10 19:40:24	SELECT * FROM `menu` WHERE `id` in (1,2,10,3,12,13,6,7,8,9,11) ORDER BY `sort`	[]	::1	{"c":"System","m":"menu"}
[SELECT]	2018-01-10 19:40:24	SELECT id,userName FROM user	null	::1	{"c":"Common","m":"getUsersInfo"}
[SELECT]	2018-01-10 19:40:24	SELECT id,roleName FROM role	null	::1	{"c":"Common","m":"getRolesInfo"}
[SELECT]	2018-01-10 19:40:24	SELECT count(*) as sum FROM post	null	::1	{"c":"MovieManage","m":"post","page":"1","num":"10","loginTime":"2017-12-12 - 2018-01-10","orderby":{"postid":"asc"}}
[SELECT]	2018-01-10 19:40:24	SELECT postid,title,userid,username,posttime,reply,lastreply FROM post ORDER BY postid asc LIMIT 0,10	null	::1	{"c":"MovieManage","m":"post","page":"1","num":"10","loginTime":"2017-12-12 - 2018-01-10","orderby":{"postid":"asc"}}
[SELECT]	2018-01-10 19:40:39	SELECT count(*) as sum FROM post	null	::1	{"c":"MovieManage","m":"post","page":"1","num":"10","loginTime":"2017-12-12 - 2018-01-10","orderby":{"username":"asc"}}
[SELECT]	2018-01-10 19:40:39	SELECT postid,title,userid,username,posttime,reply,lastreply FROM post ORDER BY username asc LIMIT 0,10	null	::1	{"c":"MovieManage","m":"post","page":"1","num":"10","loginTime":"2017-12-12 - 2018-01-10","orderby":{"username":"asc"}}
[SELECT]	2018-01-10 19:40:40	SELECT count(*) as sum FROM post	null	::1	{"c":"MovieManage","m":"post","page":"1","num":"10","loginTime":"2017-12-12 - 2018-01-10","orderby":{"username":"desc"}}
[SELECT]	2018-01-10 19:40:40	SELECT postid,title,userid,username,posttime,reply,lastreply FROM post ORDER BY username desc LIMIT 0,10	null	::1	{"c":"MovieManage","m":"post","page":"1","num":"10","loginTime":"2017-12-12 - 2018-01-10","orderby":{"username":"desc"}}
[SELECT]	2018-01-10 19:40:42	SELECT count(*) as sum FROM post	null	::1	{"c":"MovieManage","m":"post","page":"1","num":"10","loginTime":"2017-12-12 - 2018-01-10","orderby":{"posttime":"asc"}}
[SELECT]	2018-01-10 19:40:42	SELECT postid,title,userid,username,posttime,reply,lastreply FROM post ORDER BY posttime asc LIMIT 0,10	null	::1	{"c":"MovieManage","m":"post","page":"1","num":"10","loginTime":"2017-12-12 - 2018-01-10","orderby":{"posttime":"asc"}}
[SELECT]	2018-01-10 19:40:43	SELECT count(*) as sum FROM post	null	::1	{"c":"MovieManage","m":"post","page":"1","num":"10","loginTime":"2017-12-12 - 2018-01-10","orderby":{"posttime":"desc"}}
[SELECT]	2018-01-10 19:40:43	SELECT postid,title,userid,username,posttime,reply,lastreply FROM post ORDER BY posttime desc LIMIT 0,10	null	::1	{"c":"MovieManage","m":"post","page":"1","num":"10","loginTime":"2017-12-12 - 2018-01-10","orderby":{"posttime":"desc"}}
[SELECT]	2018-01-10 19:40:47	SELECT count(*) as sum FROM post	null	::1	{"c":"MovieManage","m":"post","page":"1","num":"10","loginTime":"2017-12-12 - 2018-01-10","orderby":{"reply":"asc"}}
[SELECT]	2018-01-10 19:40:47	SELECT postid,title,userid,username,posttime,reply,lastreply FROM post ORDER BY reply asc LIMIT 0,10	null	::1	{"c":"MovieManage","m":"post","page":"1","num":"10","loginTime":"2017-12-12 - 2018-01-10","orderby":{"reply":"asc"}}
[SELECT]	2018-01-10 19:40:48	SELECT count(*) as sum FROM post	null	::1	{"c":"MovieManage","m":"post","page":"1","num":"10","loginTime":"2017-12-12 - 2018-01-10","orderby":{"reply":"desc"}}
[SELECT]	2018-01-10 19:40:48	SELECT postid,title,userid,username,posttime,reply,lastreply FROM post ORDER BY reply desc LIMIT 0,10	null	::1	{"c":"MovieManage","m":"post","page":"1","num":"10","loginTime":"2017-12-12 - 2018-01-10","orderby":{"reply":"desc"}}
[SELECT]	2018-01-10 19:41:47	SELECT * FROM role WHERE `id`=?	["1"]	::1	{"c":"System","m":"menu"}
[SELECT]	2018-01-10 19:41:47	SELECT * FROM `menu` WHERE `id` in (1,2,10,3,12,13,6,7,8,9,11) ORDER BY `sort`	[]	::1	{"c":"System","m":"menu"}
[SELECT]	2018-01-10 19:41:47	SELECT id,userName FROM user	null	::1	{"c":"Common","m":"getUsersInfo"}
[SELECT]	2018-01-10 19:41:47	SELECT count(*) as sum FROM post	null	::1	{"c":"MovieManage","m":"post","page":"1","num":"10","loginTime":"2017-12-12 - 2018-01-10","orderby":{"postid":"asc"}}
[SELECT]	2018-01-10 19:41:47	SELECT postid,title,userid,username,posttime,reply,lastreply FROM post ORDER BY postid asc LIMIT 0,10	null	::1	{"c":"MovieManage","m":"post","page":"1","num":"10","loginTime":"2017-12-12 - 2018-01-10","orderby":{"postid":"asc"}}
[SELECT]	2018-01-10 19:41:47	SELECT id,roleName FROM role	null	::1	{"c":"Common","m":"getRolesInfo"}
[SELECT]	2018-01-10 19:42:35	SELECT * FROM role WHERE `id`=?	["1"]	::1	{"c":"System","m":"menu"}
[SELECT]	2018-01-10 19:42:35	SELECT * FROM `menu` WHERE `id` in (1,2,10,3,12,13,6,7,8,9,11) ORDER BY `sort`	[]	::1	{"c":"System","m":"menu"}
[SELECT]	2018-01-10 19:42:35	SELECT id,userName FROM user	null	::1	{"c":"Common","m":"getUsersInfo"}
[SELECT]	2018-01-10 19:42:35	SELECT count(*) as sum FROM post	null	::1	{"c":"MovieManage","m":"post","page":"1","num":"10","loginTime":"2017-12-12 - 2018-01-10","orderby":{"postid":"asc"}}
[SELECT]	2018-01-10 19:42:35	SELECT postid,title,userid,username,posttime,reply,lastreply FROM post ORDER BY postid asc LIMIT 0,10	null	::1	{"c":"MovieManage","m":"post","page":"1","num":"10","loginTime":"2017-12-12 - 2018-01-10","orderby":{"postid":"asc"}}
[SELECT]	2018-01-10 19:42:35	SELECT id,roleName FROM role	null	::1	{"c":"Common","m":"getRolesInfo"}
[SELECT]	2018-01-10 19:45:08	SELECT * FROM role WHERE `id`=?	["1"]	::1	{"c":"System","m":"menu"}
[SELECT]	2018-01-10 19:45:08	SELECT * FROM `menu` WHERE `id` in (1,2,10,3,12,13,6,7,8,9,11) ORDER BY `sort`	[]	::1	{"c":"System","m":"menu"}
[SELECT]	2018-01-10 19:45:08	SELECT id,userName FROM user	null	::1	{"c":"Common","m":"getUsersInfo"}
[SELECT]	2018-01-10 19:45:08	SELECT count(*) as sum FROM post	null	::1	{"c":"MovieManage","m":"post","page":"1","num":"10","loginTime":"2017-12-12 - 2018-01-10","orderby":{"postid":"asc"}}
[SELECT]	2018-01-10 19:45:08	SELECT postid,title,userid,username,posttime,reply,lastreply FROM post ORDER BY postid asc LIMIT 0,10	null	::1	{"c":"MovieManage","m":"post","page":"1","num":"10","loginTime":"2017-12-12 - 2018-01-10","orderby":{"postid":"asc"}}
[SELECT]	2018-01-10 19:45:08	SELECT id,roleName FROM role	null	::1	{"c":"Common","m":"getRolesInfo"}
[SELECT]	2018-01-10 19:45:47	SELECT id,roleName FROM role	null	::1	{"c":"Common","m":"getRolesInfo"}
[SELECT]	2018-01-10 19:45:47	SELECT count(*) as sum FROM user	null	::1	{"c":"System","m":"user","page":"1","num":"10","loginTime":"2017-12-12 - 2018-01-10","orderby":{"id":"asc"}}
[SELECT]	2018-01-10 19:45:47	SELECT id,userName,lastLoginTime,roleId FROM user ORDER BY id asc LIMIT 0,10	null	::1	{"c":"System","m":"user","page":"1","num":"10","loginTime":"2017-12-12 - 2018-01-10","orderby":{"id":"asc"}}
[SELECT]	2018-01-10 19:48:16	SELECT * FROM role WHERE `id`=?	["1"]	::1	{"c":"System","m":"menu"}
[SELECT]	2018-01-10 19:48:16	SELECT * FROM `menu` WHERE `id` in (1,2,10,3,12,13,6,7,8,9,11) ORDER BY `sort`	[]	::1	{"c":"System","m":"menu"}
[SELECT]	2018-01-10 19:48:16	SELECT id,userName FROM user	null	::1	{"c":"Common","m":"getUsersInfo"}
[SELECT]	2018-01-10 19:48:16	SELECT count(*) as sum FROM user	null	::1	{"c":"System","m":"user","page":"1","num":"10","loginTime":"2017-12-12 - 2018-01-10","orderby":{"id":"asc"}}
[SELECT]	2018-01-10 19:48:16	SELECT id,userName,lastLoginTime,roleId FROM user ORDER BY id asc LIMIT 0,10	null	::1	{"c":"System","m":"user","page":"1","num":"10","loginTime":"2017-12-12 - 2018-01-10","orderby":{"id":"asc"}}
[SELECT]	2018-01-10 19:48:16	SELECT id,roleName FROM role	null	::1	{"c":"Common","m":"getRolesInfo"}
[SELECT]	2018-01-10 19:48:18	SELECT id,roleName FROM role	null	::1	{"c":"Common","m":"getRolesInfo"}
[SELECT]	2018-01-10 19:48:18	SELECT count(*) as sum FROM post	null	::1	{"c":"MovieManage","m":"post","page":"1","num":"10","loginTime":"2017-12-12 - 2018-01-10","orderby":{"postid":"asc"}}
[SELECT]	2018-01-10 19:48:18	SELECT postid,title,userid,username,posttime,reply,lastreply FROM post ORDER BY postid asc LIMIT 0,10	null	::1	{"c":"MovieManage","m":"post","page":"1","num":"10","loginTime":"2017-12-12 - 2018-01-10","orderby":{"postid":"asc"}}
[SELECT]	2018-01-10 19:48:27	SELECT count(*) as sum FROM post	null	::1	{"c":"MovieManage","m":"post","page":"1","num":"10","loginTime":"2017-12-12 - 2018-01-10","title":"1","userid":"11","orderby":{"postid":"asc"}}
[SELECT]	2018-01-10 19:48:27	SELECT postid,title,userid,username,posttime,reply,lastreply FROM post ORDER BY postid asc LIMIT 0,10	null	::1	{"c":"MovieManage","m":"post","page":"1","num":"10","loginTime":"2017-12-12 - 2018-01-10","title":"1","userid":"11","orderby":{"postid":"asc"}}
[SELECT]	2018-01-10 19:52:45	SELECT * FROM role WHERE `id`=?	["1"]	::1	{"c":"System","m":"menu"}
[SELECT]	2018-01-10 19:52:45	SELECT * FROM `menu` WHERE `id` in (1,2,10,3,12,13,6,7,8,9,11) ORDER BY `sort`	[]	::1	{"c":"System","m":"menu"}
[SELECT]	2018-01-10 19:52:45	SELECT id,roleName FROM role	null	::1	{"c":"Common","m":"getRolesInfo"}
[SELECT]	2018-01-10 19:52:45	SELECT id,userName FROM user	null	::1	{"c":"Common","m":"getUsersInfo"}
[SELECT]	2018-01-10 19:52:45	SELECT count(*) as sum FROM post	null	::1	{"c":"MovieManage","m":"post","page":"1","num":"10","loginTime":"2017-12-12 - 2018-01-10","orderby":{"postid":"asc"}}
[SELECT]	2018-01-10 19:52:45	SELECT postid,title,userid,username,posttime,reply,lastreply FROM post ORDER BY postid asc LIMIT 0,10	null	::1	{"c":"MovieManage","m":"post","page":"1","num":"10","loginTime":"2017-12-12 - 2018-01-10","orderby":{"postid":"asc"}}
[SELECT]	2018-01-10 19:52:52	SELECT count(*) as sum FROM post WHERE `title` like ?	["%\u5947\u95e8%"]	::1	{"c":"MovieManage","m":"post","page":"1","num":"10","loginTime":"2017-12-12 - 2018-01-10","title":"\u5947\u95e8","orderby":{"postid":"asc"}}
[SELECT]	2018-01-10 19:52:52	SELECT postid,title,userid,username,posttime,reply,lastreply FROM post WHERE `title` like ? ORDER BY postid asc LIMIT 0,10	["%\u5947\u95e8%"]	::1	{"c":"MovieManage","m":"post","page":"1","num":"10","loginTime":"2017-12-12 - 2018-01-10","title":"\u5947\u95e8","orderby":{"postid":"asc"}}
[SELECT]	2018-01-10 19:53:06	SELECT count(*) as sum FROM post WHERE `username` like ?	["%test%"]	::1	{"c":"MovieManage","m":"post","page":"1","num":"10","loginTime":"2017-12-12 - 2018-01-10","title":"","username":"test","orderby":{"postid":"asc"}}
[SELECT]	2018-01-10 19:53:06	SELECT postid,title,userid,username,posttime,reply,lastreply FROM post WHERE `username` like ? ORDER BY postid asc LIMIT 0,10	["%test%"]	::1	{"c":"MovieManage","m":"post","page":"1","num":"10","loginTime":"2017-12-12 - 2018-01-10","title":"","username":"test","orderby":{"postid":"asc"}}
[DELETE]	2018-01-10 19:53:22	DELETE FROM user WHERE ;	[]	::1	{"c":"MovieManage","m":"post","postid":"11","title":"\u83dc\u9e1f\u53d1\u5e03\u5305\u88f9\u201c\u6700\u201d\u6392\u884c\uff1a50\u540e\u7f51\u8d2d\u8d85\u8fc700\u540e\uff0c\u51a0\u519b\u662f\u5929\u79e4","userid":"2","username":"test1","posttime":"1515144213","reply":"0","lastreply":"0","$$hashKey":"uiGrid-004U","a":"del"}
[SELECT]	2018-01-10 19:54:38	SELECT count(*) as sum FROM post	null	::1	{"c":"MovieManage","m":"post","page":"1","num":"10","loginTime":"2017-12-12 - 2018-01-10","title":"","username":"","orderby":{"postid":"asc"}}
[SELECT]	2018-01-10 19:54:38	SELECT postid,title,userid,username,posttime,reply,lastreply FROM post ORDER BY postid asc LIMIT 0,10	null	::1	{"c":"MovieManage","m":"post","page":"1","num":"10","loginTime":"2017-12-12 - 2018-01-10","title":"","username":"","orderby":{"postid":"asc"}}
[DELETE]	2018-01-10 19:54:45	DELETE FROM post WHERE `postid`=:postid;	{"postid":"3"}	::1	{"c":"MovieManage","m":"post","postid":"3","title":"\u5fae\u4fe1\u516c\u4f17\u53f7\u5c01\u9762","userid":"1","username":"whx","posttime":"1513081496","reply":"0","lastreply":"0","$$hashKey":"uiGrid-0060","a":"del"}
[SELECT]	2018-01-10 19:54:48	SELECT count(*) as sum FROM post	null	::1	{"c":"MovieManage","m":"post","page":"1","num":"10","loginTime":"2017-12-12 - 2018-01-10","title":"","username":"","orderby":{"postid":"asc"}}
[SELECT]	2018-01-10 19:54:48	SELECT postid,title,userid,username,posttime,reply,lastreply FROM post ORDER BY postid asc LIMIT 0,10	null	::1	{"c":"MovieManage","m":"post","page":"1","num":"10","loginTime":"2017-12-12 - 2018-01-10","title":"","username":"","orderby":{"postid":"asc"}}
[SELECT]	2018-01-10 19:56:02	SELECT * FROM role WHERE `id`=?	["1"]	::1	{"c":"System","m":"menu"}
[SELECT]	2018-01-10 19:56:02	SELECT * FROM `menu` WHERE `id` in (1,2,10,3,12,13,6,7,8,9,11) ORDER BY `sort`	[]	::1	{"c":"System","m":"menu"}
[SELECT]	2018-01-10 19:56:02	SELECT id,userName FROM user	null	::1	{"c":"Common","m":"getUsersInfo"}
[SELECT]	2018-01-10 19:56:02	SELECT count(*) as sum FROM post	null	::1	{"c":"MovieManage","m":"post","page":"1","num":"10","loginTime":"2017-12-12 - 2018-01-10","orderby":{"postid":"asc"}}
[SELECT]	2018-01-10 19:56:02	SELECT postid,title,userid,username,posttime,reply,lastreply FROM post ORDER BY postid asc LIMIT 0,10	null	::1	{"c":"MovieManage","m":"post","page":"1","num":"10","loginTime":"2017-12-12 - 2018-01-10","orderby":{"postid":"asc"}}
