[SELECT]	2017-12-11 09:30:15	SELECT * FROM user WHERE `userName`=?	["whx"]	::1	{"c":"System","m":"login","loginname":"whx","pwd":"Whx920927"}
[INSERT]	2017-12-11 09:30:15	INSERT INTO loginList (`userId`,`LoginIp`,`loginTime`) values (:userId, :LoginIp, :loginTime);	{"userId":"2","LoginIp":"::1","loginTime":1512955815}	::1	{"c":"System","m":"login","loginname":"whx","pwd":"Whx920927"}
[UPDATE]	2017-12-11 09:30:15	UPDATE user SET `lastLoginTime`=:lastLoginTime WHERE `id`='2';	{"lastLoginTime":1512955815}	::1	{"c":"System","m":"login","loginname":"whx","pwd":"Whx920927"}
[SELECT]	2017-12-11 09:30:15	SELECT `privileges` FROM `role` WHERE `id`=1	[]	::1	{"c":"System","m":"menu"}
[SELECT]	2017-12-11 09:30:15	SELECT * FROM `menu` WHERE `id` in (1,2,10,3,6,7,8,9) ORDER BY `sort`	[]	::1	{"c":"System","m":"menu"}
[SELECT]	2017-12-11 09:30:17	SELECT count(*) as sum FROM loginList WHERE `loginTime` between ? AND ?	[1510416000,1513007999]	::1	{"c":"System","m":"loginList","page":"1","num":"10","loginTime":"2017-11-12 - 2017-12-11","orderby":{"loginTime":"desc"}}
[SELECT]	2017-12-11 09:30:17	SELECT * FROM loginList WHERE `loginTime` between ? AND ? ORDER BY loginTime desc LIMIT 0,10	[1510416000,1513007999]	::1	{"c":"System","m":"loginList","page":"1","num":"10","loginTime":"2017-11-12 - 2017-12-11","orderby":{"loginTime":"desc"}}
[SELECT]	2017-12-11 09:30:17	SELECT id,userName FROM user	null	::1	{"c":"Common","m":"getUsersInfo"}
[SELECT]	2017-12-11 09:30:17	SELECT id,userName FROM user	null	::1	{"c":"Common","m":"getUsersInfo"}
[SELECT]	2017-12-11 09:30:18	SELECT id,roleName FROM role	null	::1	{"c":"Common","m":"getRolesInfo"}
[SELECT]	2017-12-11 09:30:18	SELECT * FROM `menu` ORDER BY `sort`	[]	::1	{"c":"System","m":"role","a":"get_all_menu"}
[SELECT]	2017-12-11 09:30:18	SELECT count(*) as sum FROM role	null	::1	{"c":"System","m":"role","page":"1","num":"10","orderby":{"id":"asc"}}
[SELECT]	2017-12-11 09:30:18	SELECT * FROM role ORDER BY id asc LIMIT 0,10	null	::1	{"c":"System","m":"role","page":"1","num":"10","orderby":{"id":"asc"}}
[SELECT]	2017-12-11 09:32:48	SELECT `privileges` FROM `role` WHERE `id`=1	[]	::1	{"c":"System","m":"menu"}
[SELECT]	2017-12-11 09:32:48	SELECT * FROM `menu` WHERE `id` in (1,2,10,3,6,7,8,9) ORDER BY `sort`	[]	::1	{"c":"System","m":"menu"}
[SELECT]	2017-12-11 09:32:48	SELECT id,roleName FROM role	null	::1	{"c":"Common","m":"getRolesInfo"}
[SELECT]	2017-12-11 09:32:48	SELECT count(*) as sum FROM role	null	::1	{"c":"System","m":"role","page":"1","num":"10","orderby":{"id":"asc"}}
[SELECT]	2017-12-11 09:32:48	SELECT * FROM role ORDER BY id asc LIMIT 0,10	null	::1	{"c":"System","m":"role","page":"1","num":"10","orderby":{"id":"asc"}}
[SELECT]	2017-12-11 09:32:48	SELECT * FROM `menu` ORDER BY `sort`	[]	::1	{"c":"System","m":"role","a":"get_all_menu"}
[SELECT]	2017-12-11 09:33:44	SELECT `privileges` FROM `role` WHERE `id`=1	[]	::1	{"c":"System","m":"menu"}
[SELECT]	2017-12-11 09:33:44	SELECT * FROM `menu` WHERE `id` in (1,2,10,3,6,7,8,9) ORDER BY `sort`	[]	::1	{"c":"System","m":"menu"}
[SELECT]	2017-12-11 09:33:44	SELECT * FROM `menu` ORDER BY `sort`	[]	::1	{"c":"System","m":"role","a":"get_all_menu"}
[SELECT]	2017-12-11 09:33:44	SELECT id,roleName FROM role	null	::1	{"c":"Common","m":"getRolesInfo"}
[SELECT]	2017-12-11 09:33:44	SELECT count(*) as sum FROM role	null	::1	{"c":"System","m":"role","page":"1","num":"10","orderby":{"id":"asc"}}
[SELECT]	2017-12-11 09:33:44	SELECT * FROM role ORDER BY id asc LIMIT 0,10	null	::1	{"c":"System","m":"role","page":"1","num":"10","orderby":{"id":"asc"}}
[SELECT]	2017-12-11 09:35:16	SELECT `privileges` FROM `role` WHERE `id`=1	[]	::1	{"c":"System","m":"menu"}
[SELECT]	2017-12-11 09:35:16	SELECT * FROM `menu` WHERE `id` in (1,2,10,3,6,7,8,9) ORDER BY `sort`	[]	::1	{"c":"System","m":"menu"}
[SELECT]	2017-12-11 09:35:16	SELECT count(*) as sum FROM role	null	::1	{"c":"System","m":"role","page":"1","num":"10","orderby":{"id":"asc"}}
[SELECT]	2017-12-11 09:35:16	SELECT * FROM role ORDER BY id asc LIMIT 0,10	null	::1	{"c":"System","m":"role","page":"1","num":"10","orderby":{"id":"asc"}}
[SELECT]	2017-12-11 09:35:16	SELECT id,roleName FROM role	null	::1	{"c":"Common","m":"getRolesInfo"}
[SELECT]	2017-12-11 09:35:16	SELECT * FROM `menu` ORDER BY `sort`	[]	::1	{"c":"System","m":"role","a":"get_all_menu"}
[SELECT]	2017-12-11 09:36:23	SELECT `privileges` FROM `role` WHERE `id`=1	[]	::1	{"c":"System","m":"menu"}
[SELECT]	2017-12-11 09:36:23	SELECT * FROM `menu` WHERE `id` in (1,2,10,3,6,7,8,9) ORDER BY `sort`	[]	::1	{"c":"System","m":"menu"}
[SELECT]	2017-12-11 09:36:26	SELECT id,roleName FROM role	null	::1	{"c":"Common","m":"getRolesInfo"}
[SELECT]	2017-12-11 09:36:26	SELECT count(*) as sum FROM role	null	::1	{"c":"System","m":"role","page":"1","num":"10","orderby":{"id":"asc"}}
[SELECT]	2017-12-11 09:36:26	SELECT * FROM role ORDER BY id asc LIMIT 0,10	null	::1	{"c":"System","m":"role","page":"1","num":"10","orderby":{"id":"asc"}}
[SELECT]	2017-12-11 09:36:26	SELECT * FROM `menu` ORDER BY `sort`	[]	::1	{"c":"System","m":"role","a":"get_all_menu"}
[SELECT]	2017-12-11 09:37:02	SELECT `privileges` FROM `role` WHERE `id`=1	[]	::1	{"c":"System","m":"menu"}
[SELECT]	2017-12-11 09:37:02	SELECT * FROM `menu` WHERE `id` in (1,2,10,3,6,7,8,9) ORDER BY `sort`	[]	::1	{"c":"System","m":"menu"}
[SELECT]	2017-12-11 09:37:02	SELECT id,roleName FROM role	null	::1	{"c":"Common","m":"getRolesInfo"}
[SELECT]	2017-12-11 09:37:02	SELECT count(*) as sum FROM role	null	::1	{"c":"System","m":"role","page":"1","num":"10","orderby":{"id":"asc"}}
[SELECT]	2017-12-11 09:37:02	SELECT * FROM role ORDER BY id asc LIMIT 0,10	null	::1	{"c":"System","m":"role","page":"1","num":"10","orderby":{"id":"asc"}}
[SELECT]	2017-12-11 09:37:02	SELECT * FROM `menu` ORDER BY `sort`	[]	::1	{"c":"System","m":"role","a":"get_all_menu"}
[UPDATE]	2017-12-11 09:45:38	UPDATE role SET `roleName`=:roleName,`roleDesc`=:roleDesc,`privileges`=:privileges WHERE `id`='4';	{"roleName":"\u54c8\u54c8","roleDesc":"\u54c8\u54c8","privileges":"1,2,10,3,6,11"}	::1	{"c":"System","m":"role","id":"4","roleName":"\u54c8\u54c8","roleDesc":"\u54c8\u54c8","privileges":"1,2,10,3,6,11","a":"mod"}
[SELECT]	2017-12-11 09:45:40	SELECT count(*) as sum FROM role	null	::1	{"c":"System","m":"role","page":"1","num":"10","orderby":{"id":"asc"}}
[SELECT]	2017-12-11 09:45:40	SELECT * FROM role ORDER BY id asc LIMIT 0,10	null	::1	{"c":"System","m":"role","page":"1","num":"10","orderby":{"id":"asc"}}
[SELECT]	2017-12-11 09:45:58	SELECT * FROM user WHERE `userName`=?	["whx"]	::1	{"c":"System","m":"login","loginname":"whx","pwd":"Whx920927"}
[INSERT]	2017-12-11 09:45:58	INSERT INTO loginList (`userId`,`LoginIp`,`loginTime`) values (:userId, :LoginIp, :loginTime);	{"userId":"2","LoginIp":"::1","loginTime":1512956758}	::1	{"c":"System","m":"login","loginname":"whx","pwd":"Whx920927"}
[UPDATE]	2017-12-11 09:45:58	UPDATE user SET `lastLoginTime`=:lastLoginTime WHERE `id`='2';	{"lastLoginTime":1512956758}	::1	{"c":"System","m":"login","loginname":"whx","pwd":"Whx920927"}
[SELECT]	2017-12-11 09:45:58	SELECT `privileges` FROM `role` WHERE `id`=1	[]	::1	{"c":"System","m":"menu"}
[SELECT]	2017-12-11 09:45:58	SELECT * FROM `menu` WHERE `id` in (1,2,10,3,6,7,8,9) ORDER BY `sort`	[]	::1	{"c":"System","m":"menu"}
[SELECT]	2017-12-11 09:46:26	SELECT `privileges` FROM `role` WHERE `id`=1	[]	::1	{"c":"System","m":"menu"}
[SELECT]	2017-12-11 09:46:26	SELECT * FROM `menu` WHERE `id` in (1,2,10,3,6,7,8,9) ORDER BY `sort`	[]	::1	{"c":"System","m":"menu"}
[SELECT]	2017-12-11 09:46:27	SELECT count(*) as sum FROM role	null	::1	{"c":"System","m":"role","page":"1","num":"10","orderby":{"id":"asc"}}
[SELECT]	2017-12-11 09:46:27	SELECT * FROM role ORDER BY id asc LIMIT 0,10	null	::1	{"c":"System","m":"role","page":"1","num":"10","orderby":{"id":"asc"}}
[SELECT]	2017-12-11 09:46:27	SELECT * FROM `menu` ORDER BY `sort`	[]	::1	{"c":"System","m":"role","a":"get_all_menu"}
[SELECT]	2017-12-11 09:46:27	SELECT id,roleName FROM role	null	::1	{"c":"Common","m":"getRolesInfo"}
[SELECT]	2017-12-11 19:16:01	SELECT `privileges` FROM `role` WHERE `id`=1	[]	::1	{"c":"System","m":"menu"}
[SELECT]	2017-12-11 19:16:01	SELECT * FROM `menu` WHERE `id` in (1,2,10,3,6,7,8,9) ORDER BY `sort`	[]	::1	{"c":"System","m":"menu"}
[SELECT]	2017-12-11 19:16:04	SELECT id,userName FROM user	null	::1	{"c":"Common","m":"getUsersInfo"}
[SELECT]	2017-12-11 19:16:04	SELECT count(*) as sum FROM loginList WHERE `loginTime` between ? AND ?	[1510416000,1513007999]	::1	{"c":"System","m":"loginList","page":"1","num":"10","loginTime":"2017-11-12 - 2017-12-11","orderby":{"loginTime":"desc"}}
[SELECT]	2017-12-11 19:16:04	SELECT * FROM loginList WHERE `loginTime` between ? AND ? ORDER BY loginTime desc LIMIT 0,10	[1510416000,1513007999]	::1	{"c":"System","m":"loginList","page":"1","num":"10","loginTime":"2017-11-12 - 2017-12-11","orderby":{"loginTime":"desc"}}
[SELECT]	2017-12-11 19:16:04	SELECT id,userName FROM user	null	::1	{"c":"Common","m":"getUsersInfo"}
[SELECT]	2017-12-11 19:16:06	SELECT count(*) as sum FROM loginList WHERE `loginTime` between ? AND ?	[1510416000,1513007999]	::1	{"c":"System","m":"loginList","num":"10","loginTime":"2017-11-12 - 2017-12-11","orderby":{"userId":"asc"}}
[SELECT]	2017-12-11 19:16:06	SELECT * FROM loginList WHERE `loginTime` between ? AND ? ORDER BY userId asc LIMIT 0,10	[1510416000,1513007999]	::1	{"c":"System","m":"loginList","num":"10","loginTime":"2017-11-12 - 2017-12-11","orderby":{"userId":"asc"}}
[SELECT]	2017-12-11 19:16:08	SELECT count(*) as sum FROM loginList WHERE `loginTime` between ? AND ?	[1510416000,1513007999]	::1	{"c":"System","m":"loginList","num":"10","loginTime":"2017-11-12 - 2017-12-11","orderby":{"userId":"desc"}}
[SELECT]	2017-12-11 19:16:08	SELECT * FROM loginList WHERE `loginTime` between ? AND ? ORDER BY userId desc LIMIT 0,10	[1510416000,1513007999]	::1	{"c":"System","m":"loginList","num":"10","loginTime":"2017-11-12 - 2017-12-11","orderby":{"userId":"desc"}}
[SELECT]	2017-12-11 19:16:10	SELECT count(*) as sum FROM loginList WHERE `loginTime` between ? AND ?	[1510416000,1513007999]	::1	{"c":"System","m":"loginList","num":"10","loginTime":"2017-11-12 - 2017-12-11"}
[SELECT]	2017-12-11 19:16:10	SELECT * FROM loginList WHERE `loginTime` between ? AND ? LIMIT 0,10	[1510416000,1513007999]	::1	{"c":"System","m":"loginList","num":"10","loginTime":"2017-11-12 - 2017-12-11"}
[SELECT]	2017-12-11 19:16:17	SELECT `privileges` FROM `role` WHERE `id`=1	[]	::1	{"c":"System","m":"menu"}
[SELECT]	2017-12-11 19:16:17	SELECT * FROM `menu` WHERE `id` in (1,2,10,3,6,7,8,9) ORDER BY `sort`	[]	::1	{"c":"System","m":"menu"}
[SELECT]	2017-12-11 19:16:17	SELECT id,userName FROM user	null	::1	{"c":"Common","m":"getUsersInfo"}
[SELECT]	2017-12-11 19:16:17	SELECT count(*) as sum FROM loginList WHERE `loginTime` between ? AND ?	[1510416000,1513007999]	::1	{"c":"System","m":"loginList","page":"1","num":"10","loginTime":"2017-11-12 - 2017-12-11","orderby":{"loginTime":"desc"}}
[SELECT]	2017-12-11 19:16:17	SELECT * FROM loginList WHERE `loginTime` between ? AND ? ORDER BY loginTime desc LIMIT 0,10	[1510416000,1513007999]	::1	{"c":"System","m":"loginList","page":"1","num":"10","loginTime":"2017-11-12 - 2017-12-11","orderby":{"loginTime":"desc"}}
[SELECT]	2017-12-11 19:16:17	SELECT id,userName FROM user	null	::1	{"c":"Common","m":"getUsersInfo"}
[SELECT]	2017-12-11 19:16:25	SELECT count(*) as sum FROM loginList WHERE `loginTime` between ? AND ?	[1510416000,1513007999]	::1	{"c":"System","m":"loginList","num":"25","loginTime":"2017-11-12 - 2017-12-11","orderby":{"loginTime":"desc"}}
[SELECT]	2017-12-11 19:16:25	SELECT * FROM loginList WHERE `loginTime` between ? AND ? ORDER BY loginTime desc LIMIT 0,25	[1510416000,1513007999]	::1	{"c":"System","m":"loginList","num":"25","loginTime":"2017-11-12 - 2017-12-11","orderby":{"loginTime":"desc"}}
[SELECT]	2017-12-11 19:16:38	SELECT * FROM `menu` ORDER BY `sort`	[]	::1	{"c":"System","m":"role","a":"get_all_menu"}
[SELECT]	2017-12-11 19:16:38	SELECT id,roleName FROM role	null	::1	{"c":"Common","m":"getRolesInfo"}
[SELECT]	2017-12-11 19:16:38	SELECT count(*) as sum FROM role	null	::1	{"c":"System","m":"role","page":"1","num":"25","orderby":{"id":"asc"}}
[SELECT]	2017-12-11 19:16:38	SELECT * FROM role ORDER BY id asc LIMIT 0,25	null	::1	{"c":"System","m":"role","page":"1","num":"25","orderby":{"id":"asc"}}
[DELETE]	2017-12-11 19:16:54	DELETE FROM role WHERE `id`=:id;	{"id":"4"}	::1	{"c":"System","m":"role","id":"4","roleName":"\u54c8\u54c8","roleDesc":"\u54c8\u54c8","privileges":"1,2,10,3,6,11","a":"del"}
[SELECT]	2017-12-11 19:16:56	SELECT count(*) as sum FROM role	null	::1	{"c":"System","m":"role","page":"1","num":"25","orderby":{"id":"asc"}}
[SELECT]	2017-12-11 19:16:56	SELECT * FROM role ORDER BY id asc LIMIT 0,25	null	::1	{"c":"System","m":"role","page":"1","num":"25","orderby":{"id":"asc"}}
[UPDATE]	2017-12-11 19:17:07	UPDATE role SET `roleName`=:roleName,`roleDesc`=:roleDesc,`privileges`=:privileges WHERE `id`='3';	{"roleName":"\u6d4b\u8bd5\u7ec4","roleDesc":"ce","privileges":"6,7,8,9,11"}	::1	{"c":"System","m":"role","id":"3","roleName":"\u6d4b\u8bd5\u7ec4","roleDesc":"ce","privileges":"6,7,8,9,11","a":"mod"}
[SELECT]	2017-12-11 19:17:08	SELECT count(*) as sum FROM role	null	::1	{"c":"System","m":"role","page":"1","num":"25","orderby":{"id":"asc"}}
[SELECT]	2017-12-11 19:17:08	SELECT * FROM role ORDER BY id asc LIMIT 0,25	null	::1	{"c":"System","m":"role","page":"1","num":"25","orderby":{"id":"asc"}}
[UPDATE]	2017-12-11 19:17:17	UPDATE role SET `roleName`=:roleName,`roleDesc`=:roleDesc,`privileges`=:privileges WHERE `id`='3';	{"roleName":"\u8fd0\u8425\u7ec4","roleDesc":"ce","privileges":"6,7,8,9,11"}	::1	{"c":"System","m":"role","id":"3","roleName":"\u8fd0\u8425\u7ec4","roleDesc":"ce","privileges":"6,7,8,9,11","a":"mod"}
[SELECT]	2017-12-11 19:17:19	SELECT count(*) as sum FROM role	null	::1	{"c":"System","m":"role","page":"1","num":"25","orderby":{"id":"asc"}}
[SELECT]	2017-12-11 19:17:19	SELECT * FROM role ORDER BY id asc LIMIT 0,25	null	::1	{"c":"System","m":"role","page":"1","num":"25","orderby":{"id":"asc"}}
[SELECT]	2017-12-11 19:18:21	SELECT `privileges` FROM `role` WHERE `id`=1	[]	::1	{"c":"System","m":"menu"}
[SELECT]	2017-12-11 19:18:21	SELECT * FROM `menu` WHERE `id` in (1,2,10,3,6,7,8,9) ORDER BY `sort`	[]	::1	{"c":"System","m":"menu"}
[SELECT]	2017-12-11 19:18:21	SELECT id,roleName FROM role	null	::1	{"c":"Common","m":"getRolesInfo"}
[SELECT]	2017-12-11 19:18:21	SELECT * FROM `menu` ORDER BY `sort`	[]	::1	{"c":"System","m":"role","a":"get_all_menu"}
[SELECT]	2017-12-11 19:18:21	SELECT count(*) as sum FROM role	null	::1	{"c":"System","m":"role","page":"1","num":"25","orderby":{"id":"asc"}}
[SELECT]	2017-12-11 19:18:21	SELECT * FROM role ORDER BY id asc LIMIT 0,25	null	::1	{"c":"System","m":"role","page":"1","num":"25","orderby":{"id":"asc"}}
[UPDATE]	2017-12-11 19:18:30	UPDATE role SET `roleName`=:roleName,`privileges`=:privileges WHERE `id`='1';	{"roleName":"\u8d85\u7ea7\u7ec4","privileges":"1,2,10,3,6,7,8,9"}	::1	{"c":"System","m":"role","id":"1","roleName":"\u8d85\u7ea7\u7ec4","roleDesc":"","privileges":"1,2,10,3,6,7,8,9","a":"mod"}
[SELECT]	2017-12-11 19:18:32	SELECT count(*) as sum FROM role	null	::1	{"c":"System","m":"role","page":"1","num":"25","orderby":{"id":"asc"}}
[SELECT]	2017-12-11 19:18:32	SELECT * FROM role ORDER BY id asc LIMIT 0,25	null	::1	{"c":"System","m":"role","page":"1","num":"25","orderby":{"id":"asc"}}
[UPDATE]	2017-12-11 19:18:39	UPDATE role SET `roleName`=:roleName,`privileges`=:privileges WHERE `id`='3';	{"roleName":"\u8fd0\u8425\u7ec4","privileges":"6,7,8,9,11"}	::1	{"c":"System","m":"role","id":"3","roleName":"\u8fd0\u8425\u7ec4","roleDesc":"","privileges":"6,7,8,9,11","a":"mod"}
[SELECT]	2017-12-11 19:18:40	SELECT count(*) as sum FROM role	null	::1	{"c":"System","m":"role","page":"1","num":"25","orderby":{"id":"asc"}}
[SELECT]	2017-12-11 19:18:40	SELECT * FROM role ORDER BY id asc LIMIT 0,25	null	::1	{"c":"System","m":"role","page":"1","num":"25","orderby":{"id":"asc"}}
[UPDATE]	2017-12-11 19:19:10	UPDATE role SET `roleName`=:roleName,`roleDesc`=:roleDesc,`privileges`=:privileges WHERE `id`='1';	{"roleName":"\u8d85\u7ea7\u7ec4","roleDesc":"","privileges":"1,2,10,3,6,7,8,9"}	::1	{"c":"System","m":"role","id":"1","roleName":"\u8d85\u7ea7\u7ec4","roleDesc":"","privileges":"1,2,10,3,6,7,8,9","a":"mod"}
[SELECT]	2017-12-11 19:19:11	SELECT count(*) as sum FROM role	null	::1	{"c":"System","m":"role","page":"1","num":"25","orderby":{"id":"asc"}}
[SELECT]	2017-12-11 19:19:11	SELECT * FROM role ORDER BY id asc LIMIT 0,25	null	::1	{"c":"System","m":"role","page":"1","num":"25","orderby":{"id":"asc"}}
[UPDATE]	2017-12-11 19:19:15	UPDATE role SET `roleName`=:roleName,`roleDesc`=:roleDesc,`privileges`=:privileges WHERE `id`='3';	{"roleName":"\u8fd0\u8425\u7ec4","roleDesc":"","privileges":"6,7,8,9,11"}	::1	{"c":"System","m":"role","id":"3","roleName":"\u8fd0\u8425\u7ec4","roleDesc":"","privileges":"6,7,8,9,11","a":"mod"}
[SELECT]	2017-12-11 19:19:16	SELECT count(*) as sum FROM role	null	::1	{"c":"System","m":"role","page":"1","num":"25","orderby":{"id":"asc"}}
[SELECT]	2017-12-11 19:19:16	SELECT * FROM role ORDER BY id asc LIMIT 0,25	null	::1	{"c":"System","m":"role","page":"1","num":"25","orderby":{"id":"asc"}}
[SELECT]	2017-12-11 19:40:50	SELECT `privileges` FROM `role` WHERE `id`=1	[]	::1	{"c":"System","m":"menu"}
[SELECT]	2017-12-11 19:40:50	SELECT * FROM `menu` WHERE `id` in (1,2,10,3,6,7,8,9) ORDER BY `sort`	[]	::1	{"c":"System","m":"menu"}
[SELECT]	2017-12-11 19:40:50	SELECT id,roleName FROM role	null	::1	{"c":"Common","m":"getRolesInfo"}
[SELECT]	2017-12-11 19:40:50	SELECT count(*) as sum FROM role	null	::1	{"c":"System","m":"role","page":"1","num":"25","orderby":{"id":"asc"}}
[SELECT]	2017-12-11 19:40:50	SELECT * FROM role ORDER BY id asc LIMIT 0,25	null	::1	{"c":"System","m":"role","page":"1","num":"25","orderby":{"id":"asc"}}
[SELECT]	2017-12-11 19:40:59	SELECT `privileges` FROM `role` WHERE `id`=1	[]	::1	{"c":"System","m":"menu"}
[SELECT]	2017-12-11 19:40:59	SELECT * FROM `menu` WHERE `id` in (1,2,10,3,6,7,8,9) ORDER BY `sort`	[]	::1	{"c":"System","m":"menu"}
[SELECT]	2017-12-11 19:40:59	SELECT id,roleName FROM role	null	::1	{"c":"Common","m":"getRolesInfo"}
[SELECT]	2017-12-11 19:40:59	SELECT count(*) as sum FROM role	null	::1	{"c":"System","m":"role","page":"1","num":"25","orderby":{"id":"asc"}}
[SELECT]	2017-12-11 19:40:59	SELECT * FROM role ORDER BY id asc LIMIT 0,25	null	::1	{"c":"System","m":"role","page":"1","num":"25","orderby":{"id":"asc"}}
[SELECT]	2017-12-11 19:42:24	SELECT `privileges` FROM `role` WHERE `id`=1	[]	::1	{"c":"System","m":"menu"}
[SELECT]	2017-12-11 19:42:24	SELECT * FROM `menu` WHERE `id` in (1,2,10,3,6,7,8,9) ORDER BY `sort`	[]	::1	{"c":"System","m":"menu"}
[SELECT]	2017-12-11 19:42:24	SELECT id,roleName FROM role	null	::1	{"c":"Common","m":"getRolesInfo"}
[SELECT]	2017-12-11 19:42:24	SELECT count(*) as sum FROM role	null	::1	{"c":"System","m":"role","page":"1","num":"25","orderby":{"id":"asc"}}
[SELECT]	2017-12-11 19:42:24	SELECT * FROM role ORDER BY id asc LIMIT 0,25	null	::1	{"c":"System","m":"role","page":"1","num":"25","orderby":{"id":"asc"}}
[SELECT]	2017-12-11 19:43:48	SELECT `privileges` FROM `role` WHERE `id`=1	[]	::1	{"c":"System","m":"menu"}
[SELECT]	2017-12-11 19:43:48	SELECT * FROM `menu` WHERE `id` in (1,2,10,3,6,7,8,9) ORDER BY `sort`	[]	::1	{"c":"System","m":"menu"}
[SELECT]	2017-12-11 19:43:48	SELECT id,roleName FROM role	null	::1	{"c":"Common","m":"getRolesInfo"}
[SELECT]	2017-12-11 19:43:48	SELECT * FROM menu ORDER BY sort	null	::1	{"c":"System","m":"role","a":"get_all_menu"}
[SELECT]	2017-12-11 19:43:48	SELECT count(*) as sum FROM role	null	::1	{"c":"System","m":"role","page":"1","num":"25","orderby":{"id":"asc"}}
[SELECT]	2017-12-11 19:43:48	SELECT * FROM role ORDER BY id asc LIMIT 0,25	null	::1	{"c":"System","m":"role","page":"1","num":"25","orderby":{"id":"asc"}}
[SELECT]	2017-12-11 19:45:30	SELECT * FROM user WHERE `userName`=?	["whx"]	::1	{"c":"System","m":"login","loginname":"whx","pwd":"Whx920927"}
[INSERT]	2017-12-11 19:45:30	INSERT INTO loginList (`userId`,`LoginIp`,`loginTime`) values (:userId, :LoginIp, :loginTime);	{"userId":"2","LoginIp":"::1","loginTime":1512992730}	::1	{"c":"System","m":"login","loginname":"whx","pwd":"Whx920927"}
[UPDATE]	2017-12-11 19:45:30	UPDATE user SET `lastLoginTime`=:lastLoginTime WHERE `id`='2';	{"lastLoginTime":1512992730}	::1	{"c":"System","m":"login","loginname":"whx","pwd":"Whx920927"}
[SELECT]	2017-12-11 19:45:31	SELECT `privileges` FROM `role` WHERE `id`=1	[]	::1	{"c":"System","m":"menu"}
[SELECT]	2017-12-11 19:45:31	SELECT * FROM `menu` WHERE `id` in (1,2,10,3,6,7,8,9) ORDER BY `sort`	[]	::1	{"c":"System","m":"menu"}
[SELECT]	2017-12-11 19:47:22	SELECT `privileges` FROM `role` WHERE `id`=1	[]	::1	{"c":"System","m":"menu"}
[SELECT]	2017-12-11 19:47:22	SELECT * FROM `menu` WHERE `id` in (1,2,10,3,6,7,8,9) ORDER BY `sort`	[]	::1	{"c":"System","m":"menu"}
[SELECT]	2017-12-11 19:47:24	SELECT count(*) as sum FROM role	null	::1	{"c":"System","m":"role","page":"1","num":"25","orderby":{"id":"asc"}}
[SELECT]	2017-12-11 19:47:24	SELECT * FROM role ORDER BY id asc LIMIT 0,25	null	::1	{"c":"System","m":"role","page":"1","num":"25","orderby":{"id":"asc"}}
[SELECT]	2017-12-11 19:47:24	SELECT id,roleName FROM role	null	::1	{"c":"Common","m":"getRolesInfo"}
[SELECT]	2017-12-11 19:47:24	SELECT * FROM menu ORDER BY sort	null	::1	{"c":"System","m":"role","a":"get_all_menu"}
[UPDATE]	2017-12-11 19:47:37	UPDATE role SET `roleName`=:roleName,`roleDesc`=:roleDesc,`privileges`=:privileges WHERE `id`='1';	{"roleName":"\u8d85\u7ea7\u7ec4","roleDesc":"","privileges":"1,2,10,3,6,7,8,9,11"}	::1	{"c":"System","m":"role","id":"1","roleName":"\u8d85\u7ea7\u7ec4","roleDesc":"","privileges":"1,2,10,3,6,7,8,9,11","a":"mod"}
[SELECT]	2017-12-11 19:47:38	SELECT count(*) as sum FROM role	null	::1	{"c":"System","m":"role","page":"1","num":"25","orderby":{"id":"asc"}}
[SELECT]	2017-12-11 19:47:38	SELECT * FROM role ORDER BY id asc LIMIT 0,25	null	::1	{"c":"System","m":"role","page":"1","num":"25","orderby":{"id":"asc"}}
[SELECT]	2017-12-11 19:54:15	SELECT id,roleName FROM role	null	::1	{"c":"Common","m":"getRolesInfo"}
[SELECT]	2017-12-11 19:54:15	SELECT * FROM menu ORDER BY sort	null	::1	{"c":"System","m":"role","a":"get_all_menu"}
[SELECT]	2017-12-11 19:54:15	SELECT count(*) as sum FROM role	null	::1	{"c":"System","m":"role","page":"1","num":"25","orderby":{"id":"asc"}}
[SELECT]	2017-12-11 19:54:15	SELECT * FROM role ORDER BY id asc LIMIT 0,25	null	::1	{"c":"System","m":"role","page":"1","num":"25","orderby":{"id":"asc"}}
[SELECT]	2017-12-11 19:55:31	SELECT * FROM role WHERE `id`=?	["1"]	::1	{"c":"System","m":"menu"}
[SELECT]	2017-12-11 19:55:31	SELECT * FROM `menu` WHERE `id` in (1,2,10,3,6,7,8,9,11) ORDER BY `sort`	[]	::1	{"c":"System","m":"menu"}
[SELECT]	2017-12-11 19:55:31	SELECT * FROM menu ORDER BY sort	null	::1	{"c":"System","m":"role","a":"get_all_menu"}
[SELECT]	2017-12-11 19:55:31	SELECT id,roleName FROM role	null	::1	{"c":"Common","m":"getRolesInfo"}
[SELECT]	2017-12-11 19:55:31	SELECT count(*) as sum FROM role	null	::1	{"c":"System","m":"role","page":"1","num":"25","orderby":{"id":"asc"}}
[SELECT]	2017-12-11 19:55:31	SELECT * FROM role ORDER BY id asc LIMIT 0,25	null	::1	{"c":"System","m":"role","page":"1","num":"25","orderby":{"id":"asc"}}
[SELECT]	2017-12-11 19:57:48	SELECT * FROM role WHERE `id`=?	["1"]	::1	{"c":"System","m":"menu"}
[SELECT]	2017-12-11 19:57:48	SELECT * FROM `menu` WHERE `id` in (1,2,10,3,6,7,8,9,11) ORDER BY `sort`	[]	::1	{"c":"System","m":"menu"}
[SELECT]	2017-12-11 19:57:48	SELECT * FROM menu ORDER BY sort	null	::1	{"c":"System","m":"role","a":"get_all_menu"}
[SELECT]	2017-12-11 19:57:48	SELECT count(*) as sum FROM role	null	::1	{"c":"System","m":"role","page":"1","num":"25","orderby":{"id":"asc"}}
[SELECT]	2017-12-11 19:57:48	SELECT * FROM role ORDER BY id asc LIMIT 0,25	null	::1	{"c":"System","m":"role","page":"1","num":"25","orderby":{"id":"asc"}}
[SELECT]	2017-12-11 19:57:48	SELECT id,roleName FROM role	null	::1	{"c":"Common","m":"getRolesInfo"}
[SELECT]	2017-12-11 19:57:56	SELECT * FROM role WHERE `id`=?	["1"]	::1	{"c":"System","m":"menu"}
[SELECT]	2017-12-11 19:57:56	SELECT * FROM `menu` WHERE `id` in (1,2,10,3,6,7,8,9,11) ORDER BY `sort`	[]	::1	{"c":"System","m":"menu"}
[SELECT]	2017-12-11 19:57:56	SELECT count(*) as sum FROM role	null	::1	{"c":"System","m":"role","page":"1","num":"25","orderby":{"id":"asc"}}
[SELECT]	2017-12-11 19:57:56	SELECT * FROM role ORDER BY id asc LIMIT 0,25	null	::1	{"c":"System","m":"role","page":"1","num":"25","orderby":{"id":"asc"}}
[SELECT]	2017-12-11 19:57:56	SELECT * FROM menu ORDER BY sort	null	::1	{"c":"System","m":"role","a":"get_all_menu"}
[SELECT]	2017-12-11 19:57:56	SELECT id,roleName FROM role	null	::1	{"c":"Common","m":"getRolesInfo"}
[SELECT]	2017-12-11 19:58:00	SELECT * FROM role WHERE `id`=?	["1"]	::1	{"c":"System","m":"menu"}
[SELECT]	2017-12-11 19:58:00	SELECT * FROM `menu` WHERE `id` in (1,2,10,3,6,7,8,9,11) ORDER BY `sort`	[]	::1	{"c":"System","m":"menu"}
[SELECT]	2017-12-11 19:58:00	SELECT * FROM menu ORDER BY sort	null	::1	{"c":"System","m":"role","a":"get_all_menu"}
[SELECT]	2017-12-11 19:58:00	SELECT id,roleName FROM role	null	::1	{"c":"Common","m":"getRolesInfo"}
[SELECT]	2017-12-11 19:58:00	SELECT count(*) as sum FROM role	null	::1	{"c":"System","m":"role","page":"1","num":"25","orderby":{"id":"asc"}}
[SELECT]	2017-12-11 19:58:00	SELECT * FROM role ORDER BY id asc LIMIT 0,25	null	::1	{"c":"System","m":"role","page":"1","num":"25","orderby":{"id":"asc"}}
[SELECT]	2017-12-11 19:58:26	SELECT * FROM role WHERE `id`=?	["1"]	::1	{"c":"System","m":"menu"}
[SELECT]	2017-12-11 19:58:26	SELECT * FROM `menu` WHERE `id` in (1,2,10,3,6,7,8,9,11) ORDER BY `sort`	[]	::1	{"c":"System","m":"menu"}
[SELECT]	2017-12-11 19:58:26	SELECT id,roleName FROM role	null	::1	{"c":"Common","m":"getRolesInfo"}
[SELECT]	2017-12-11 19:58:26	SELECT * FROM menu ORDER BY sort	null	::1	{"c":"System","m":"role","a":"get_all_menu"}
[SELECT]	2017-12-11 19:58:26	SELECT count(*) as sum FROM role	null	::1	{"c":"System","m":"role","page":"1","num":"25","orderby":{"id":"asc"}}
[SELECT]	2017-12-11 19:58:26	SELECT * FROM role ORDER BY id asc LIMIT 0,25	null	::1	{"c":"System","m":"role","page":"1","num":"25","orderby":{"id":"asc"}}
[SELECT]	2017-12-11 19:58:28	SELECT id,userName FROM user	null	::1	{"c":"Common","m":"getUsersInfo"}
[SELECT]	2017-12-11 19:58:28	SELECT id,roleName FROM role	null	::1	{"c":"Common","m":"getRolesInfo"}
[SELECT]	2017-12-11 19:58:28	SELECT count(*) as sum FROM user	null	::1	{"c":"System","m":"user","page":"1","num":"25","loginTime":"2017-11-12 - 2017-12-11","orderby":{"id":"asc"}}
[SELECT]	2017-12-11 19:58:28	SELECT id,userName,lastLoginTime,roleId FROM user ORDER BY id asc LIMIT 0,25	null	::1	{"c":"System","m":"user","page":"1","num":"25","loginTime":"2017-11-12 - 2017-12-11","orderby":{"id":"asc"}}
[UPDATE]	2017-12-11 19:58:33	UPDATE user SET `userName`=:userName,`roleId`=:roleId WHERE `id`='13';	{"userName":"whxe","roleId":"3"}	::1	{"c":"System","m":"user","id":"13","userName":"whxe","lastLoginTime":"0","roleId":"3","a":"mod"}
[SELECT]	2017-12-11 19:58:35	SELECT count(*) as sum FROM user	null	::1	{"c":"System","m":"user","page":"1","num":"25","loginTime":"2017-11-12 - 2017-12-11","orderby":{"id":"asc"}}
[SELECT]	2017-12-11 19:58:35	SELECT id,userName,lastLoginTime,roleId FROM user ORDER BY id asc LIMIT 0,25	null	::1	{"c":"System","m":"user","page":"1","num":"25","loginTime":"2017-11-12 - 2017-12-11","orderby":{"id":"asc"}}
[SELECT]	2017-12-11 20:15:48	SELECT id,roleName FROM role	null	::1	{"c":"Common","m":"getRolesInfo"}
[SELECT]	2017-12-11 20:15:48	SELECT * FROM menu ORDER BY sort	null	::1	{"c":"System","m":"role","a":"get_all_menu"}
[SELECT]	2017-12-11 20:15:48	SELECT count(*) as sum FROM role	null	::1	{"c":"System","m":"role","page":"1","num":"25","orderby":{"id":"asc"}}
[SELECT]	2017-12-11 20:15:48	SELECT * FROM role ORDER BY id asc LIMIT 0,25	null	::1	{"c":"System","m":"role","page":"1","num":"25","orderby":{"id":"asc"}}
[SELECT]	2017-12-11 20:15:51	SELECT * FROM role WHERE `id`=?	[1]	::1	{"c":"System","m":"role","id":"3","roleName":"\u8fd0\u8425\u7ec4","roleDesc":"","privileges":"6,7,8,9,11","a":"mod"}
[SELECT]	2017-12-11 20:15:51	SELECT `func` FROM `menu` WHERE `id` in (1,2,10,3,6,7,8,9,11) ORDER BY `sort`	[]	::1	{"c":"System","m":"role","id":"3","roleName":"\u8fd0\u8425\u7ec4","roleDesc":"","privileges":"6,7,8,9,11","a":"mod"}
[SELECT]	2017-12-11 20:18:00	SELECT * FROM user WHERE `userName`=?	["whx"]	::1	{"c":"System","m":"login","loginname":"whx","pwd":"Whx920927"}
[SELECT]	2017-12-11 20:18:00	SELECT * FROM role WHERE `id`=?	["1"]	::1	{"c":"System","m":"login","loginname":"whx","pwd":"Whx920927"}
[SELECT]	2017-12-11 20:18:00	SELECT `func` FROM `menu` WHERE `id` in (1,2,10,3,6,7,8,9,11) ORDER BY `sort`	[]	::1	{"c":"System","m":"login","loginname":"whx","pwd":"Whx920927"}
[INSERT]	2017-12-11 20:18:00	INSERT INTO loginList (`userId`,`LoginIp`,`loginTime`) values (:userId, :LoginIp, :loginTime);	{"userId":"2","LoginIp":"::1","loginTime":1512994680}	::1	{"c":"System","m":"login","loginname":"whx","pwd":"Whx920927"}
[UPDATE]	2017-12-11 20:18:00	UPDATE user SET `lastLoginTime`=:lastLoginTime WHERE `id`='2';	{"lastLoginTime":1512994680}	::1	{"c":"System","m":"login","loginname":"whx","pwd":"Whx920927"}
[SELECT]	2017-12-11 20:18:34	SELECT * FROM user WHERE `userName`=?	["whx"]	::1	{"c":"System","m":"login","loginname":"whx","pwd":"Whx920927"}
[SELECT]	2017-12-11 20:18:34	SELECT * FROM role WHERE `id`=?	["1"]	::1	{"c":"System","m":"login","loginname":"whx","pwd":"Whx920927"}
[SELECT]	2017-12-11 20:18:34	SELECT `func` FROM `menu` WHERE `id` in (1,2,10,3,6,7,8,9,11) ORDER BY `sort`	[]	::1	{"c":"System","m":"login","loginname":"whx","pwd":"Whx920927"}
[INSERT]	2017-12-11 20:18:34	INSERT INTO loginList (`userId`,`LoginIp`,`loginTime`) values (:userId, :LoginIp, :loginTime);	{"userId":"2","LoginIp":"::1","loginTime":1512994714}	::1	{"c":"System","m":"login","loginname":"whx","pwd":"Whx920927"}
[UPDATE]	2017-12-11 20:18:34	UPDATE user SET `lastLoginTime`=:lastLoginTime WHERE `id`='2';	{"lastLoginTime":1512994714}	::1	{"c":"System","m":"login","loginname":"whx","pwd":"Whx920927"}
[SELECT]	2017-12-11 20:18:34	SELECT * FROM role WHERE `id`=?	["1"]	::1	{"c":"System","m":"menu"}
[SELECT]	2017-12-11 20:18:34	SELECT * FROM `menu` WHERE `id` in (1,2,10,3,6,7,8,9,11) ORDER BY `sort`	[]	::1	{"c":"System","m":"menu"}
[SELECT]	2017-12-11 20:24:10	SELECT * FROM role WHERE `id`=?	["1"]	::1	{"c":"System","m":"menu"}
[SELECT]	2017-12-11 20:24:10	SELECT * FROM `menu` WHERE `id` in (1,2,10,3,6,7,8,9,11) ORDER BY `sort`	[]	::1	{"c":"System","m":"menu"}
[SELECT]	2017-12-11 20:24:11	SELECT id,userName FROM user	null	::1	{"c":"Common","m":"getUsersInfo"}
[SELECT]	2017-12-11 20:24:11	SELECT id,roleName FROM role	null	::1	{"c":"Common","m":"getRolesInfo"}
[SELECT]	2017-12-11 20:24:11	SELECT count(*) as sum FROM user	null	::1	{"c":"System","m":"user","page":"1","num":"25","loginTime":"2017-11-12 - 2017-12-11","orderby":{"id":"asc"}}
[SELECT]	2017-12-11 20:24:11	SELECT id,userName,lastLoginTime,roleId FROM user ORDER BY id asc LIMIT 0,25	null	::1	{"c":"System","m":"user","page":"1","num":"25","loginTime":"2017-11-12 - 2017-12-11","orderby":{"id":"asc"}}
[SELECT]	2017-12-11 20:24:12	SELECT id,roleName FROM role	null	::1	{"c":"Common","m":"getRolesInfo"}
[SELECT]	2017-12-11 20:24:12	SELECT * FROM menu ORDER BY sort	null	::1	{"c":"System","m":"role","a":"get_all_menu"}
[SELECT]	2017-12-11 20:24:12	SELECT count(*) as sum FROM role	null	::1	{"c":"System","m":"role","page":"1","num":"25","orderby":{"id":"asc"}}
[SELECT]	2017-12-11 20:24:12	SELECT * FROM role ORDER BY id asc LIMIT 0,25	null	::1	{"c":"System","m":"role","page":"1","num":"25","orderby":{"id":"asc"}}
[SELECT]	2017-12-11 20:24:13	SELECT count(*) as sum FROM loginList WHERE `loginTime` between ? AND ?	[1510416000,1513007999]	::1	{"c":"System","m":"loginList","page":"1","num":"25","loginTime":"2017-11-12 - 2017-12-11","orderby":{"loginTime":"desc"}}
[SELECT]	2017-12-11 20:24:13	SELECT * FROM loginList WHERE `loginTime` between ? AND ? ORDER BY loginTime desc LIMIT 0,25	[1510416000,1513007999]	::1	{"c":"System","m":"loginList","page":"1","num":"25","loginTime":"2017-11-12 - 2017-12-11","orderby":{"loginTime":"desc"}}
[SELECT]	2017-12-11 20:24:19	SELECT count(*) as sum FROM loginList WHERE `loginTime` between ? AND ?	[1510416000,1513007999]	::1	{"c":"System","m":"loginList","num":"10","loginTime":"2017-11-12 - 2017-12-11","orderby":{"loginTime":"desc"}}
[SELECT]	2017-12-11 20:24:19	SELECT * FROM loginList WHERE `loginTime` between ? AND ? ORDER BY loginTime desc LIMIT 0,10	[1510416000,1513007999]	::1	{"c":"System","m":"loginList","num":"10","loginTime":"2017-11-12 - 2017-12-11","orderby":{"loginTime":"desc"}}
