[SELECT]	2018-01-18 14:39:38	SELECT * FROM user WHERE `userName`=?	["whx"]	::1	{"c":"System","m":"login","loginname":"whx","pwd":"Whx920927"}
[SELECT]	2018-01-18 14:39:38	SELECT * FROM role WHERE `id`=?	["1"]	::1	{"c":"System","m":"login","loginname":"whx","pwd":"Whx920927"}
[SELECT]	2018-01-18 14:39:38	SELECT `func` FROM `menu` WHERE `id` in (1,2,10,3,12,14,13,15,6,7,8,9,11) ORDER BY `sort`	[]	::1	{"c":"System","m":"login","loginname":"whx","pwd":"Whx920927"}
[INSERT]	2018-01-18 14:39:38	INSERT INTO loginList (`userId`,`LoginIp`,`loginTime`) values (:userId, :LoginIp, :loginTime);	{"userId":"2","LoginIp":"::1","loginTime":1516257578}	::1	{"c":"System","m":"login","loginname":"whx","pwd":"Whx920927"}
[UPDATE]	2018-01-18 14:39:38	UPDATE user SET `lastLoginTime`=:lastLoginTime WHERE `id`='2';	{"lastLoginTime":1516257578}	::1	{"c":"System","m":"login","loginname":"whx","pwd":"Whx920927"}
[SELECT]	2018-01-18 14:39:38	SELECT * FROM role WHERE `id`=?	["1"]	::1	{"c":"System","m":"menu"}
[SELECT]	2018-01-18 14:39:38	SELECT * FROM `menu` WHERE `id` in (1,2,10,3,12,14,13,15,6,7,8,9,11) ORDER BY `sort`	[]	::1	{"c":"System","m":"menu"}
[SELECT]	2018-01-18 14:39:41	SELECT count(*) as sum FROM repost	null	::1	{"c":"MovieManage","m":"repost","page":"1","num":"10","orderby":{"reposttime":"desc"}}
[SELECT]	2018-01-18 14:39:41	SELECT * FROM repost ORDER BY reposttime desc LIMIT 0,10	null	::1	{"c":"MovieManage","m":"repost","page":"1","num":"10","orderby":{"reposttime":"desc"}}
[SELECT]	2018-01-18 14:41:59	SELECT * FROM role WHERE `id`=?	["1"]	::1	{"c":"System","m":"menu"}
[SELECT]	2018-01-18 14:41:59	SELECT * FROM `menu` WHERE `id` in (1,2,10,3,12,14,13,15,6,7,8,9,11) ORDER BY `sort`	[]	::1	{"c":"System","m":"menu"}
[SELECT]	2018-01-18 14:41:59	SELECT count(*) as sum FROM repost	null	::1	{"c":"MovieManage","m":"repost","page":"1","num":"10","orderby":{"reposttime":"desc"}}
[SELECT]	2018-01-18 14:41:59	SELECT * FROM repost ORDER BY reposttime desc LIMIT 0,10	null	::1	{"c":"MovieManage","m":"repost","page":"1","num":"10","orderby":{"reposttime":"desc"}}
[SELECT]	2018-01-18 14:42:02	SELECT count(*) as sum FROM repost	null	::1	{"c":"MovieManage","m":"repost","page":"2","num":"10","orderby":{"reposttime":"desc"}}
[SELECT]	2018-01-18 14:42:02	SELECT * FROM repost ORDER BY reposttime desc LIMIT 10,10	null	::1	{"c":"MovieManage","m":"repost","page":"2","num":"10","orderby":{"reposttime":"desc"}}
[SELECT]	2018-01-18 14:42:04	SELECT count(*) as sum FROM repost	null	::1	{"c":"MovieManage","m":"repost","page":"1","num":"10","orderby":{"reposttime":"desc"}}
[SELECT]	2018-01-18 14:42:04	SELECT * FROM repost ORDER BY reposttime desc LIMIT 0,10	null	::1	{"c":"MovieManage","m":"repost","page":"1","num":"10","orderby":{"reposttime":"desc"}}
[SELECT]	2018-01-18 14:42:17	SELECT * FROM role WHERE `id`=?	["1"]	::1	{"c":"System","m":"menu"}
[SELECT]	2018-01-18 14:42:17	SELECT * FROM `menu` WHERE `id` in (1,2,10,3,12,14,13,15,6,7,8,9,11) ORDER BY `sort`	[]	::1	{"c":"System","m":"menu"}
[SELECT]	2018-01-18 14:42:18	SELECT count(*) as sum FROM repost	null	::1	{"c":"MovieManage","m":"repost","page":"1","num":"10","orderby":{"reposttime":"desc"}}
[SELECT]	2018-01-18 14:42:18	SELECT * FROM repost ORDER BY reposttime desc LIMIT 0,10	null	::1	{"c":"MovieManage","m":"repost","page":"1","num":"10","orderby":{"reposttime":"desc"}}
[SELECT]	2018-01-18 14:46:07	SELECT count(*) as sum FROM post	null	::1	{"c":"MovieManage","m":"post","page":"1","num":"10","orderby":{"postid":"desc"}}
[SELECT]	2018-01-18 14:46:07	SELECT postid,title,userid,username,posttime,reply,lastreply FROM post ORDER BY postid desc LIMIT 0,10	null	::1	{"c":"MovieManage","m":"post","page":"1","num":"10","orderby":{"postid":"desc"}}
[SELECT]	2018-01-18 14:46:09	SELECT count(*) as sum FROM repost WHERE `postid`=?	["12"]	::1	{"c":"MovieManage","m":"post","page":"1","num":"10","a":"reply","postid":"12","orderby":{"postid":"desc"}}
[SELECT]	2018-01-18 14:46:09	SELECT * FROM repost WHERE `postid`=? ORDER BY postid desc LIMIT 0,10	["12"]	::1	{"c":"MovieManage","m":"post","page":"1","num":"10","a":"reply","postid":"12","orderby":{"postid":"desc"}}
[SELECT]	2018-01-18 14:46:38	SELECT count(*) as sum FROM repost	null	::1	{"c":"MovieManage","m":"repost","page":"1","num":"10","orderby":{"reposttime":"desc"}}
[SELECT]	2018-01-18 14:46:38	SELECT * FROM repost ORDER BY reposttime desc LIMIT 0,10	null	::1	{"c":"MovieManage","m":"repost","page":"1","num":"10","orderby":{"reposttime":"desc"}}
[SELECT]	2018-01-18 14:46:40	SELECT * FROM role WHERE `id`=?	["1"]	::1	{"c":"System","m":"menu"}
[SELECT]	2018-01-18 14:46:40	SELECT * FROM `menu` WHERE `id` in (1,2,10,3,12,14,13,15,6,7,8,9,11) ORDER BY `sort`	[]	::1	{"c":"System","m":"menu"}
[SELECT]	2018-01-18 14:46:51	SELECT * FROM role WHERE `id`=?	["1"]	::1	{"c":"System","m":"menu"}
[SELECT]	2018-01-18 14:46:51	SELECT * FROM `menu` WHERE `id` in (1,2,10,3,12,14,13,15,6,7,8,9,11) ORDER BY `sort`	[]	::1	{"c":"System","m":"menu"}
[SELECT]	2018-01-18 14:46:51	SELECT count(*) as sum FROM repost	null	::1	{"c":"MovieManage","m":"repost","page":"1","num":"10","orderby":{"reposttime":"desc"}}
[SELECT]	2018-01-18 14:46:51	SELECT * FROM repost ORDER BY reposttime desc LIMIT 0,10	null	::1	{"c":"MovieManage","m":"repost","page":"1","num":"10","orderby":{"reposttime":"desc"}}
[SELECT]	2018-01-18 14:47:35	SELECT * FROM role WHERE `id`=?	["1"]	::1	{"c":"System","m":"menu"}
[SELECT]	2018-01-18 14:47:35	SELECT * FROM `menu` WHERE `id` in (1,2,10,3,12,14,13,15,6,7,8,9,11) ORDER BY `sort`	[]	::1	{"c":"System","m":"menu"}
[SELECT]	2018-01-18 14:47:35	SELECT count(*) as sum FROM repost	null	::1	{"c":"MovieManage","m":"repost","page":"1","num":"10","orderby":{"reposttime":"desc"}}
[SELECT]	2018-01-18 14:47:35	SELECT * FROM repost ORDER BY reposttime desc LIMIT 0,10	null	::1	{"c":"MovieManage","m":"repost","page":"1","num":"10","orderby":{"reposttime":"desc"}}
[SELECT]	2018-01-18 14:48:07	SELECT count(*) as sum FROM repost	null	::1	{"c":"MovieManage","m":"repost","page":"1","num":"10","reposttime":"2018-01-12 - 2018-01-18","orderby":{"reposttime":"desc"}}
[SELECT]	2018-01-18 14:48:07	SELECT * FROM repost ORDER BY reposttime desc LIMIT 0,10	null	::1	{"c":"MovieManage","m":"repost","page":"1","num":"10","reposttime":"2018-01-12 - 2018-01-18","orderby":{"reposttime":"desc"}}
[SELECT]	2018-01-18 20:26:09	SELECT * FROM role WHERE `id`=?	["1"]	::1	{"c":"System","m":"menu"}
[SELECT]	2018-01-18 20:26:09	SELECT * FROM `menu` WHERE `id` in (1,2,10,3,12,14,13,15,6,7,8,9,11) ORDER BY `sort`	[]	::1	{"c":"System","m":"menu"}
[SELECT]	2018-01-18 20:26:13	SELECT id,roleName FROM role	null	::1	{"c":"Common","m":"getRolesInfo"}
[SELECT]	2018-01-18 20:26:13	SELECT id,userName FROM user	null	::1	{"c":"Common","m":"getUsersInfo"}
[SELECT]	2018-01-18 20:26:13	SELECT count(*) as sum FROM user	null	::1	{"c":"System","m":"user","page":"1","num":"10","loginTime":"2017-12-20 - 2018-01-18","orderby":{"id":"asc"}}
[SELECT]	2018-01-18 20:26:13	SELECT id,userName,lastLoginTime,roleId FROM user ORDER BY id asc LIMIT 0,10	null	::1	{"c":"System","m":"user","page":"1","num":"10","loginTime":"2017-12-20 - 2018-01-18","orderby":{"id":"asc"}}
