[SELECT]	2017-12-02 13:41:14	SELECT * FROM user WHERE `userName`=?	["admin"]	::1	{"c":"System","m":"login","pwd":"abc@123abc","loginname":"admin"}
[INSERT]	2017-12-02 13:41:14	INSERT INTO loginList (`userId`,`LoginIp`,`loginTime`) values (:userId, :LoginIp, :loginTime);	{"userId":"1","LoginIp":"::1","loginTime":1512193274}	::1	{"c":"System","m":"login","pwd":"abc@123abc","loginname":"admin"}
[UPDATE]	2017-12-02 13:41:14	UPDATE user SET `lastLoginTime`=:lastLoginTime WHERE `id`='1';	{"lastLoginTime":1512193274}	::1	{"c":"System","m":"login","pwd":"abc@123abc","loginname":"admin"}
[SELECT]	2017-12-02 13:41:14	SELECT `privileges` FROM `role` WHERE `id`=1	[]	::1	{"c":"System","m":"menu"}
[SELECT]	2017-12-02 13:41:14	SELECT * FROM `menu` WHERE `id` in (1,2,3,4,5,6,7) ORDER BY `sort`	[]	::1	{"c":"System","m":"menu"}
[SELECT]	2017-12-02 13:41:18	SELECT id,userName FROM user	null	::1	{"c":"Common","m":"getUsersInfo"}
[SELECT]	2017-12-02 13:41:18	SELECT count(*) as sum FROM user	null	::1	{"c":"System","m":"user","page":"1","num":"10","loginTime":"2017-11-03 - 2017-12-02","orderby":{"id":"desc"}}
[SELECT]	2017-12-02 13:41:18	SELECT id,userName,lastLoginTime,roleId FROM user ORDER BY id desc LIMIT 0,10	null	::1	{"c":"System","m":"user","page":"1","num":"10","loginTime":"2017-11-03 - 2017-12-02","orderby":{"id":"desc"}}
[SELECT]	2017-12-02 13:42:32	SELECT id,userName FROM user	null	::1	{"c":"Common","m":"getUsersInfo"}
[SELECT]	2017-12-02 13:42:33	SELECT `privileges` FROM `role` WHERE `id`=1	[]	::1	{"c":"System","m":"menu"}
[SELECT]	2017-12-02 13:42:33	SELECT * FROM `menu` WHERE `id` in (1,2,3,4,5,6,7) ORDER BY `sort`	[]	::1	{"c":"System","m":"menu"}
[SELECT]	2017-12-02 13:43:10	SELECT `privileges` FROM `role` WHERE `id`=1	[]	::1	{"c":"System","m":"menu"}
[SELECT]	2017-12-02 13:43:10	SELECT * FROM `menu` WHERE `id` in (1,2,3,4,5,6,7) ORDER BY `sort`	[]	::1	{"c":"System","m":"menu"}
[SELECT]	2017-12-02 13:43:11	SELECT id,userName FROM user	null	::1	{"c":"Common","m":"getUsersInfo"}
[SELECT]	2017-12-02 13:43:11	SELECT count(*) as sum FROM user	null	::1	{"c":"System","m":"user","page":"1","num":"10","loginTime":"2017-11-03 - 2017-12-02","orderby":{"id":"desc"}}
[SELECT]	2017-12-02 13:43:11	SELECT id,userName,lastLoginTime,roleId FROM user ORDER BY id desc LIMIT 0,10	null	::1	{"c":"System","m":"user","page":"1","num":"10","loginTime":"2017-11-03 - 2017-12-02","orderby":{"id":"desc"}}
[SELECT]	2017-12-02 13:43:48	SELECT `privileges` FROM `role` WHERE `id`=1	[]	::1	{"c":"System","m":"menu"}
[SELECT]	2017-12-02 13:43:48	SELECT * FROM `menu` WHERE `id` in (1,2,3,4,5,6,7) ORDER BY `sort`	[]	::1	{"c":"System","m":"menu"}
[SELECT]	2017-12-02 13:43:48	SELECT id,userName FROM user	null	::1	{"c":"Common","m":"getUsersInfo"}
[SELECT]	2017-12-02 13:43:48	SELECT count(*) as sum FROM user	null	::1	{"c":"System","m":"user","page":"1","num":"10","loginTime":"2017-11-03 - 2017-12-02","orderby":{"id":"desc"}}
[SELECT]	2017-12-02 13:43:48	SELECT id,userName,lastLoginTime,roleId FROM user ORDER BY id desc LIMIT 0,10	null	::1	{"c":"System","m":"user","page":"1","num":"10","loginTime":"2017-11-03 - 2017-12-02","orderby":{"id":"desc"}}
[SELECT]	2017-12-02 13:46:51	SELECT `privileges` FROM `role` WHERE `id`=1	[]	::1	{"c":"System","m":"menu"}
[SELECT]	2017-12-02 13:46:51	SELECT * FROM `menu` WHERE `id` in (1,2,3,4,5,6,7) ORDER BY `sort`	[]	::1	{"c":"System","m":"menu"}
[SELECT]	2017-12-02 13:46:51	SELECT id,userName FROM user	null	::1	{"c":"Common","m":"getUsersInfo"}
[SELECT]	2017-12-02 13:46:51	SELECT count(*) as sum FROM user	null	::1	{"c":"System","m":"user","page":"1","num":"10","loginTime":"2017-11-03 - 2017-12-02","orderby":{"id":"desc"}}
[SELECT]	2017-12-02 13:46:51	SELECT id,userName,lastLoginTime,roleId FROM user ORDER BY id desc LIMIT 0,10	null	::1	{"c":"System","m":"user","page":"1","num":"10","loginTime":"2017-11-03 - 2017-12-02","orderby":{"id":"desc"}}
[SELECT]	2017-12-02 13:47:25	SELECT `privileges` FROM `role` WHERE `id`=1	[]	::1	{"c":"System","m":"menu"}
[SELECT]	2017-12-02 13:47:25	SELECT * FROM `menu` WHERE `id` in (1,2,3,4,5,6,7) ORDER BY `sort`	[]	::1	{"c":"System","m":"menu"}
[SELECT]	2017-12-02 13:47:25	SELECT id,userName FROM user	null	::1	{"c":"Common","m":"getUsersInfo"}
[SELECT]	2017-12-02 13:47:25	SELECT count(*) as sum FROM user	null	::1	{"c":"System","m":"user","page":"1","num":"10","loginTime":"2017-11-03 - 2017-12-02","orderby":{"id":"desc"}}
[SELECT]	2017-12-02 13:47:25	SELECT id,userName,lastLoginTime,roleId FROM user ORDER BY id desc LIMIT 0,10	null	::1	{"c":"System","m":"user","page":"1","num":"10","loginTime":"2017-11-03 - 2017-12-02","orderby":{"id":"desc"}}
[SELECT]	2017-12-02 13:54:31	SELECT `privileges` FROM `role` WHERE `id`=1	[]	::1	{"c":"System","m":"menu"}
[SELECT]	2017-12-02 13:54:31	SELECT * FROM `menu` WHERE `id` in (1,2,3,4,5,6,7) ORDER BY `sort`	[]	::1	{"c":"System","m":"menu"}
[SELECT]	2017-12-02 13:54:31	SELECT count(*) as sum FROM user	null	::1	{"c":"System","m":"user","page":"1","num":"10","loginTime":"2017-11-03 - 2017-12-02","orderby":{"id":"desc"}}
[SELECT]	2017-12-02 13:54:31	SELECT id,userName,lastLoginTime,roleId FROM user ORDER BY id desc LIMIT 0,10	null	::1	{"c":"System","m":"user","page":"1","num":"10","loginTime":"2017-11-03 - 2017-12-02","orderby":{"id":"desc"}}
[SELECT]	2017-12-02 13:54:31	SELECT id,userName FROM user	null	::1	{"c":"Common","m":"getUsersInfo"}
[SELECT]	2017-12-02 13:56:21	SELECT `privileges` FROM `role` WHERE `id`=1	[]	::1	{"c":"System","m":"menu"}
[SELECT]	2017-12-02 13:56:21	SELECT * FROM `menu` WHERE `id` in (1,2,3,4,5,6,7) ORDER BY `sort`	[]	::1	{"c":"System","m":"menu"}
[SELECT]	2017-12-02 13:56:21	SELECT count(*) as sum FROM user	null	::1	{"c":"System","m":"user","page":"1","num":"10","loginTime":"2017-11-03 - 2017-12-02","orderby":{"id":"desc"}}
[SELECT]	2017-12-02 13:56:21	SELECT id,userName,lastLoginTime,roleId FROM user ORDER BY id desc LIMIT 0,10	null	::1	{"c":"System","m":"user","page":"1","num":"10","loginTime":"2017-11-03 - 2017-12-02","orderby":{"id":"desc"}}
[SELECT]	2017-12-02 13:56:21	SELECT id,userName FROM user	null	::1	{"c":"Common","m":"getUsersInfo"}
[SELECT]	2017-12-02 13:58:21	SELECT `privileges` FROM `role` WHERE `id`=1	[]	::1	{"c":"System","m":"menu"}
[SELECT]	2017-12-02 13:58:21	SELECT * FROM `menu` WHERE `id` in (1,2,3,4,5,6,7) ORDER BY `sort`	[]	::1	{"c":"System","m":"menu"}
[SELECT]	2017-12-02 13:58:51	SELECT `privileges` FROM `role` WHERE `id`=1	[]	::1	{"c":"System","m":"menu"}
[SELECT]	2017-12-02 13:58:51	SELECT * FROM `menu` WHERE `id` in (1,2,3,4,5,6,7) ORDER BY `sort`	[]	::1	{"c":"System","m":"menu"}
[SELECT]	2017-12-02 13:58:51	SELECT id,userName FROM user	null	::1	{"c":"Common","m":"getUsersInfo"}
[SELECT]	2017-12-02 13:58:51	SELECT count(*) as sum FROM user	null	::1	{"c":"System","m":"user","page":"1","num":"10","loginTime":"2017-11-03 - 2017-12-02","orderby":{"id":"desc"}}
[SELECT]	2017-12-02 13:58:51	SELECT id,userName,lastLoginTime,roleId FROM user ORDER BY id desc LIMIT 0,10	null	::1	{"c":"System","m":"user","page":"1","num":"10","loginTime":"2017-11-03 - 2017-12-02","orderby":{"id":"desc"}}
[SELECT]	2017-12-02 13:59:39	SELECT count(*) as sum FROM loginList WHERE `loginTime` between ? AND ?	[1509638400,1512230399]	::1	{"c":"System","m":"loginList","page":"1","num":"10","loginTime":"2017-11-03 - 2017-12-02","orderby":{"loginTime":"desc"}}
[SELECT]	2017-12-02 13:59:39	SELECT * FROM loginList WHERE `loginTime` between ? AND ? ORDER BY loginTime desc LIMIT 0,10	[1509638400,1512230399]	::1	{"c":"System","m":"loginList","page":"1","num":"10","loginTime":"2017-11-03 - 2017-12-02","orderby":{"loginTime":"desc"}}
[SELECT]	2017-12-02 14:01:37	SELECT `privileges` FROM `role` WHERE `id`=1	[]	::1	{"c":"System","m":"menu"}
[SELECT]	2017-12-02 14:01:37	SELECT * FROM `menu` WHERE `id` in (1,2,3,4,5,6,7) ORDER BY `sort`	[]	::1	{"c":"System","m":"menu"}
[SELECT]	2017-12-02 14:01:37	SELECT id,userName FROM user	null	::1	{"c":"Common","m":"getUsersInfo"}
[SELECT]	2017-12-02 14:01:37	SELECT count(*) as sum FROM loginList WHERE `loginTime` between ? AND ?	[1509638400,1512230399]	::1	{"c":"System","m":"loginList","page":"1","num":"10","loginTime":"2017-11-03 - 2017-12-02","orderby":{"loginTime":"desc"}}
[SELECT]	2017-12-02 14:01:37	SELECT * FROM loginList WHERE `loginTime` between ? AND ? ORDER BY loginTime desc LIMIT 0,10	[1509638400,1512230399]	::1	{"c":"System","m":"loginList","page":"1","num":"10","loginTime":"2017-11-03 - 2017-12-02","orderby":{"loginTime":"desc"}}
[SELECT]	2017-12-02 14:01:37	SELECT id,userName FROM user	null	::1	{"c":"Common","m":"getUsersInfo"}
[SELECT]	2017-12-02 14:01:43	SELECT count(*) as sum FROM user	null	::1	{"c":"System","m":"user","page":"1","num":"10","loginTime":"2017-11-03 - 2017-12-02","orderby":{"id":"desc"}}
[SELECT]	2017-12-02 14:01:43	SELECT id,userName,lastLoginTime,roleId FROM user ORDER BY id desc LIMIT 0,10	null	::1	{"c":"System","m":"user","page":"1","num":"10","loginTime":"2017-11-03 - 2017-12-02","orderby":{"id":"desc"}}
[SELECT]	2017-12-02 14:10:05	SELECT `privileges` FROM `role` WHERE `id`=1	[]	::1	{"c":"System","m":"menu"}
[SELECT]	2017-12-02 14:10:05	SELECT * FROM `menu` WHERE `id` in (1,2,3,4,5,6,7) ORDER BY `sort`	[]	::1	{"c":"System","m":"menu"}
[SELECT]	2017-12-02 14:10:05	SELECT id,userName FROM user	null	::1	{"c":"Common","m":"getUsersInfo"}
[SELECT]	2017-12-02 14:10:05	SELECT count(*) as sum FROM user	null	::1	{"c":"System","m":"user","page":"1","num":"10","loginTime":"2017-11-03 - 2017-12-02","orderby":{"id":"desc"}}
[SELECT]	2017-12-02 14:10:05	SELECT id,userName,lastLoginTime,roleId FROM user ORDER BY id desc LIMIT 0,10	null	::1	{"c":"System","m":"user","page":"1","num":"10","loginTime":"2017-11-03 - 2017-12-02","orderby":{"id":"desc"}}
[SELECT]	2017-12-02 14:10:53	SELECT `privileges` FROM `role` WHERE `id`=1	[]	::1	{"c":"System","m":"menu"}
[SELECT]	2017-12-02 14:10:53	SELECT * FROM `menu` WHERE `id` in (1,2,3,4,5,6,7) ORDER BY `sort`	[]	::1	{"c":"System","m":"menu"}
[SELECT]	2017-12-02 14:10:53	SELECT id,userName FROM user	null	::1	{"c":"Common","m":"getUsersInfo"}
[SELECT]	2017-12-02 14:10:53	SELECT count(*) as sum FROM user	null	::1	{"c":"System","m":"user","page":"1","num":"10","loginTime":"2017-11-03 - 2017-12-02","orderby":{"id":"desc"}}
[SELECT]	2017-12-02 14:10:53	SELECT id,userName,lastLoginTime,roleId FROM user ORDER BY id desc LIMIT 0,10	null	::1	{"c":"System","m":"user","page":"1","num":"10","loginTime":"2017-11-03 - 2017-12-02","orderby":{"id":"desc"}}
[SELECT]	2017-12-02 14:11:16	SELECT `privileges` FROM `role` WHERE `id`=1	[]	::1	{"c":"System","m":"menu"}
[SELECT]	2017-12-02 14:11:16	SELECT * FROM `menu` WHERE `id` in (1,2,3,4,5,6,7) ORDER BY `sort`	[]	::1	{"c":"System","m":"menu"}
[SELECT]	2017-12-02 14:11:16	SELECT id,userName FROM user	null	::1	{"c":"Common","m":"getUsersInfo"}
[SELECT]	2017-12-02 14:11:16	SELECT count(*) as sum FROM user	null	::1	{"c":"System","m":"user","page":"1","num":"10","loginTime":"2017-11-03 - 2017-12-02","orderby":{"id":"desc"}}
[SELECT]	2017-12-02 14:11:16	SELECT id,userName,lastLoginTime,roleId FROM user ORDER BY id desc LIMIT 0,10	null	::1	{"c":"System","m":"user","page":"1","num":"10","loginTime":"2017-11-03 - 2017-12-02","orderby":{"id":"desc"}}
[SELECT]	2017-12-02 14:24:11	SELECT `privileges` FROM `role` WHERE `id`=1	[]	::1	{"c":"System","m":"menu"}
[SELECT]	2017-12-02 14:24:11	SELECT * FROM `menu` WHERE `id` in (1,2,3,4,5,6,7) ORDER BY `sort`	[]	::1	{"c":"System","m":"menu"}
[SELECT]	2017-12-02 14:24:11	SELECT id,userName FROM user	null	::1	{"c":"Common","m":"getUsersInfo"}
[SELECT]	2017-12-02 14:24:11	SELECT count(*) as sum FROM user	null	::1	{"c":"System","m":"user","page":"1","num":"10","loginTime":"2017-11-03 - 2017-12-02","orderby":{"id":"desc"}}
[SELECT]	2017-12-02 14:24:11	SELECT id,userName,lastLoginTime,roleId FROM user ORDER BY id desc LIMIT 0,10	null	::1	{"c":"System","m":"user","page":"1","num":"10","loginTime":"2017-11-03 - 2017-12-02","orderby":{"id":"desc"}}
[SELECT]	2017-12-02 14:24:31	SELECT count(*) as sum FROM user WHERE `roleId`=?	["1"]	::1	{"c":"System","m":"user","a":"add","userName":"ddd","pwd":"dasd","roleId":"1"}
[SELECT]	2017-12-02 14:24:31	SELECT id,userName,lastLoginTime,roleId FROM user WHERE `roleId`=? LIMIT 0,10	["1"]	::1	{"c":"System","m":"user","a":"add","userName":"ddd","pwd":"dasd","roleId":"1"}
[SELECT]	2017-12-02 14:34:49	SELECT * FROM user WHERE `userName`=?	["admin"]	::1	{"c":"System","m":"login","loginname":"admin","pwd":"abc@123abc"}
[INSERT]	2017-12-02 14:34:49	INSERT INTO loginList (`userId`,`LoginIp`,`loginTime`) values (:userId, :LoginIp, :loginTime);	{"userId":"1","LoginIp":"::1","loginTime":1512196489}	::1	{"c":"System","m":"login","loginname":"admin","pwd":"abc@123abc"}
[UPDATE]	2017-12-02 14:34:49	UPDATE user SET `lastLoginTime`=:lastLoginTime WHERE `id`='1';	{"lastLoginTime":1512196489}	::1	{"c":"System","m":"login","loginname":"admin","pwd":"abc@123abc"}
[SELECT]	2017-12-02 14:34:49	SELECT `privileges` FROM `role` WHERE `id`=1	[]	::1	{"c":"System","m":"menu"}
[SELECT]	2017-12-02 14:34:49	SELECT * FROM `menu` WHERE `id` in (1,2,3,4,5,6,7) ORDER BY `sort`	[]	::1	{"c":"System","m":"menu"}
[SELECT]	2017-12-02 14:35:32	SELECT id,userName FROM user	null	::1	{"c":"Common","m":"getUsersInfo"}
[SELECT]	2017-12-02 14:36:27	SELECT `privileges` FROM `role` WHERE `id`=1	[]	::1	{"c":"System","m":"menu"}
[SELECT]	2017-12-02 14:36:27	SELECT * FROM `menu` WHERE `id` in (1,2,3,4,5,6,7) ORDER BY `sort`	[]	::1	{"c":"System","m":"menu"}
[SELECT]	2017-12-02 14:36:27	SELECT id,userName FROM user	null	::1	{"c":"Common","m":"getUsersInfo"}
[SELECT]	2017-12-02 14:36:31	SELECT `privileges` FROM `role` WHERE `id`=1	[]	::1	{"c":"System","m":"menu"}
[SELECT]	2017-12-02 14:36:31	SELECT * FROM `menu` WHERE `id` in (1,2,3,4,5,6,7) ORDER BY `sort`	[]	::1	{"c":"System","m":"menu"}
[SELECT]	2017-12-02 14:36:32	SELECT id,userName FROM user	null	::1	{"c":"Common","m":"getUsersInfo"}
[SELECT]	2017-12-02 14:39:07	SELECT `privileges` FROM `role` WHERE `id`=1	[]	::1	{"c":"System","m":"menu"}
[SELECT]	2017-12-02 14:39:07	SELECT * FROM `menu` WHERE `id` in (1,2,3,4,5,6,7) ORDER BY `sort`	[]	::1	{"c":"System","m":"menu"}
[SELECT]	2017-12-02 14:39:07	SELECT id,userName FROM user	null	::1	{"c":"Common","m":"getUsersInfo"}
[SELECT]	2017-12-02 14:43:30	SELECT `privileges` FROM `role` WHERE `id`=1	[]	::1	{"c":"System","m":"menu"}
[SELECT]	2017-12-02 14:43:30	SELECT * FROM `menu` WHERE `id` in (1,2,3,4,5,6,7) ORDER BY `sort`	[]	::1	{"c":"System","m":"menu"}
[SELECT]	2017-12-02 14:43:30	SELECT id,userName FROM user	null	::1	{"c":"Common","m":"getUsersInfo"}
[SELECT]	2017-12-02 14:44:50	SELECT `privileges` FROM `role` WHERE `id`=1	[]	::1	{"c":"System","m":"menu"}
[SELECT]	2017-12-02 14:44:50	SELECT * FROM `menu` WHERE `id` in (1,2,3,4,5,6,7) ORDER BY `sort`	[]	::1	{"c":"System","m":"menu"}
[SELECT]	2017-12-02 14:44:50	SELECT id,userName FROM user	null	::1	{"c":"Common","m":"getUsersInfo"}
[SELECT]	2017-12-02 14:45:11	SELECT `privileges` FROM `role` WHERE `id`=1	[]	::1	{"c":"System","m":"menu"}
[SELECT]	2017-12-02 14:45:11	SELECT * FROM `menu` WHERE `id` in (1,2,3,4,5,6,7) ORDER BY `sort`	[]	::1	{"c":"System","m":"menu"}
[SELECT]	2017-12-02 14:45:11	SELECT id,userName FROM user	null	::1	{"c":"Common","m":"getUsersInfo"}
[SELECT]	2017-12-02 14:46:47	SELECT `privileges` FROM `role` WHERE `id`=1	[]	::1	{"c":"System","m":"menu"}
[SELECT]	2017-12-02 14:46:47	SELECT * FROM `menu` WHERE `id` in (1,2,3,4,5,6,7) ORDER BY `sort`	[]	::1	{"c":"System","m":"menu"}
[SELECT]	2017-12-02 14:46:47	SELECT id,userName FROM user	null	::1	{"c":"Common","m":"getUsersInfo"}
[SELECT]	2017-12-02 14:47:05	SELECT `privileges` FROM `role` WHERE `id`=1	[]	::1	{"c":"System","m":"menu"}
[SELECT]	2017-12-02 14:47:05	SELECT * FROM `menu` WHERE `id` in (1,2,3,4,5,6,7) ORDER BY `sort`	[]	::1	{"c":"System","m":"menu"}
[SELECT]	2017-12-02 14:47:05	SELECT id,userName FROM user	null	::1	{"c":"Common","m":"getUsersInfo"}
[SELECT]	2017-12-02 14:50:10	SELECT `privileges` FROM `role` WHERE `id`=1	[]	::1	{"c":"System","m":"menu"}
[SELECT]	2017-12-02 14:50:10	SELECT * FROM `menu` WHERE `id` in (1,2,3,4,5,6,7) ORDER BY `sort`	[]	::1	{"c":"System","m":"menu"}
[SELECT]	2017-12-02 14:50:11	SELECT count(*) as sum FROM user	null	::1	{"c":"System","m":"user","page":"1","num":"10","loginTime":"2017-11-03 - 2017-12-02","orderby":{"id":"desc"}}
[SELECT]	2017-12-02 14:50:11	SELECT id,userName,lastLoginTime,roleId FROM user ORDER BY id desc LIMIT 0,10	null	::1	{"c":"System","m":"user","page":"1","num":"10","loginTime":"2017-11-03 - 2017-12-02","orderby":{"id":"desc"}}
[SELECT]	2017-12-02 14:50:11	SELECT id,userName FROM user	null	::1	{"c":"Common","m":"getUsersInfo"}
[SELECT]	2017-12-02 14:50:17	SELECT count(*) as sum FROM loginList WHERE `loginTime` between ? AND ?	[1509638400,1512230399]	::1	{"c":"System","m":"loginList","page":"1","num":"10","loginTime":"2017-11-03 - 2017-12-02","orderby":{"loginTime":"desc"}}
[SELECT]	2017-12-02 14:50:17	SELECT * FROM loginList WHERE `loginTime` between ? AND ? ORDER BY loginTime desc LIMIT 0,10	[1509638400,1512230399]	::1	{"c":"System","m":"loginList","page":"1","num":"10","loginTime":"2017-11-03 - 2017-12-02","orderby":{"loginTime":"desc"}}
[SELECT]	2017-12-02 14:50:19	SELECT count(*) as sum FROM user	null	::1	{"c":"System","m":"user","page":"1","num":"10","loginTime":"2017-11-03 - 2017-12-02","orderby":{"id":"desc"}}
[SELECT]	2017-12-02 14:50:19	SELECT id,userName,lastLoginTime,roleId FROM user ORDER BY id desc LIMIT 0,10	null	::1	{"c":"System","m":"user","page":"1","num":"10","loginTime":"2017-11-03 - 2017-12-02","orderby":{"id":"desc"}}
[SELECT]	2017-12-02 14:50:39	SELECT * FROM user WHERE `userName`=?	["admin"]	::1	{"c":"System","m":"login","pwd":"abc@123abc","loginname":"admin"}
[INSERT]	2017-12-02 14:50:39	INSERT INTO loginList (`userId`,`LoginIp`,`loginTime`) values (:userId, :LoginIp, :loginTime);	{"userId":"1","LoginIp":"::1","loginTime":1512197439}	::1	{"c":"System","m":"login","pwd":"abc@123abc","loginname":"admin"}
[UPDATE]	2017-12-02 14:50:39	UPDATE user SET `lastLoginTime`=:lastLoginTime WHERE `id`='1';	{"lastLoginTime":1512197439}	::1	{"c":"System","m":"login","pwd":"abc@123abc","loginname":"admin"}
[SELECT]	2017-12-02 14:50:40	SELECT `privileges` FROM `role` WHERE `id`=1	[]	::1	{"c":"System","m":"menu"}
[SELECT]	2017-12-02 14:50:40	SELECT * FROM `menu` WHERE `id` in (1,2,3,4,5,6,7) ORDER BY `sort`	[]	::1	{"c":"System","m":"menu"}
[SELECT]	2017-12-02 14:52:00	SELECT id,userName FROM user	null	::1	{"c":"Common","m":"getUsersInfo"}
[SELECT]	2017-12-02 14:52:00	SELECT count(*) as sum FROM user	null	::1	{"c":"System","m":"user","page":"1","num":"10","loginTime":"2017-11-03 - 2017-12-02","orderby":{"id":"desc"}}
[SELECT]	2017-12-02 14:52:00	SELECT id,userName,lastLoginTime,roleId FROM user ORDER BY id desc LIMIT 0,10	null	::1	{"c":"System","m":"user","page":"1","num":"10","loginTime":"2017-11-03 - 2017-12-02","orderby":{"id":"desc"}}
[SELECT]	2017-12-02 14:58:04	SELECT `privileges` FROM `role` WHERE `id`=1	[]	::1	{"c":"System","m":"menu"}
[SELECT]	2017-12-02 14:58:04	SELECT * FROM `menu` WHERE `id` in (1,2,3,4,5,6,7) ORDER BY `sort`	[]	::1	{"c":"System","m":"menu"}
[SELECT]	2017-12-02 14:58:05	SELECT id,userName FROM user	null	::1	{"c":"Common","m":"getUsersInfo"}
[SELECT]	2017-12-02 14:58:05	SELECT count(*) as sum FROM user	null	::1	{"c":"System","m":"user","page":"1","num":"10","loginTime":"2017-11-03 - 2017-12-02","orderby":{"id":"desc"}}
[SELECT]	2017-12-02 14:58:05	SELECT id,userName,lastLoginTime,roleId FROM user ORDER BY id desc LIMIT 0,10	null	::1	{"c":"System","m":"user","page":"1","num":"10","loginTime":"2017-11-03 - 2017-12-02","orderby":{"id":"desc"}}
[SELECT]	2017-12-02 15:02:46	SELECT `privileges` FROM `role` WHERE `id`=1	[]	::1	{"c":"System","m":"menu"}
[SELECT]	2017-12-02 15:02:46	SELECT * FROM `menu` WHERE `id` in (1,2,3,4,5,6,7) ORDER BY `sort`	[]	::1	{"c":"System","m":"menu"}
[SELECT]	2017-12-02 15:02:46	SELECT id,userName FROM user	null	::1	{"c":"Common","m":"getUsersInfo"}
[SELECT]	2017-12-02 15:02:46	SELECT count(*) as sum FROM user	null	::1	{"c":"System","m":"user","page":"1","num":"10","loginTime":"2017-11-03 - 2017-12-02","orderby":{"id":"desc"}}
[SELECT]	2017-12-02 15:02:46	SELECT id,userName,lastLoginTime,roleId FROM user ORDER BY id desc LIMIT 0,10	null	::1	{"c":"System","m":"user","page":"1","num":"10","loginTime":"2017-11-03 - 2017-12-02","orderby":{"id":"desc"}}
[SELECT]	2017-12-02 15:04:03	SELECT `privileges` FROM `role` WHERE `id`=1	[]	::1	{"c":"System","m":"menu"}
[SELECT]	2017-12-02 15:04:03	SELECT * FROM `menu` WHERE `id` in (1,2,3,4,5,6,7) ORDER BY `sort`	[]	::1	{"c":"System","m":"menu"}
[SELECT]	2017-12-02 15:04:03	SELECT id,userName FROM user	null	::1	{"c":"Common","m":"getUsersInfo"}
[SELECT]	2017-12-02 15:04:03	SELECT count(*) as sum FROM user	null	::1	{"c":"System","m":"user","page":"1","num":"10","loginTime":"2017-11-03 - 2017-12-02","orderby":{"id":"desc"}}
[SELECT]	2017-12-02 15:04:03	SELECT id,userName,lastLoginTime,roleId FROM user ORDER BY id desc LIMIT 0,10	null	::1	{"c":"System","m":"user","page":"1","num":"10","loginTime":"2017-11-03 - 2017-12-02","orderby":{"id":"desc"}}
[SELECT]	2017-12-02 15:05:51	SELECT `privileges` FROM `role` WHERE `id`=1	[]	::1	{"c":"System","m":"menu"}
[SELECT]	2017-12-02 15:05:51	SELECT * FROM `menu` WHERE `id` in (1,2,3,4,5,6,7) ORDER BY `sort`	[]	::1	{"c":"System","m":"menu"}
[SELECT]	2017-12-02 15:05:51	SELECT id,userName FROM user	null	::1	{"c":"Common","m":"getUsersInfo"}
[SELECT]	2017-12-02 15:05:51	SELECT count(*) as sum FROM user	null	::1	{"c":"System","m":"user","page":"1","num":"10","loginTime":"2017-11-03 - 2017-12-02","orderby":{"id":"desc"}}
[SELECT]	2017-12-02 15:05:51	SELECT id,userName,lastLoginTime,roleId FROM user ORDER BY id desc LIMIT 0,10	null	::1	{"c":"System","m":"user","page":"1","num":"10","loginTime":"2017-11-03 - 2017-12-02","orderby":{"id":"desc"}}
[SELECT]	2017-12-02 15:08:33	SELECT `privileges` FROM `role` WHERE `id`=1	[]	::1	{"c":"System","m":"menu"}
[SELECT]	2017-12-02 15:08:33	SELECT * FROM `menu` WHERE `id` in (1,2,3,4,5,6,7) ORDER BY `sort`	[]	::1	{"c":"System","m":"menu"}
[SELECT]	2017-12-02 15:08:33	SELECT id,userName FROM user	null	::1	{"c":"Common","m":"getUsersInfo"}
[SELECT]	2017-12-02 15:08:33	SELECT count(*) as sum FROM user	null	::1	{"c":"System","m":"user","page":"1","num":"10","loginTime":"2017-11-03 - 2017-12-02","orderby":{"id":"desc"}}
[SELECT]	2017-12-02 15:08:33	SELECT id,userName,lastLoginTime,roleId FROM user ORDER BY id desc LIMIT 0,10	null	::1	{"c":"System","m":"user","page":"1","num":"10","loginTime":"2017-11-03 - 2017-12-02","orderby":{"id":"desc"}}
[SELECT]	2017-12-02 15:09:50	SELECT `privileges` FROM `role` WHERE `id`=1	[]	::1	{"c":"System","m":"menu"}
[SELECT]	2017-12-02 15:09:50	SELECT * FROM `menu` WHERE `id` in (1,2,3,4,5,6,7) ORDER BY `sort`	[]	::1	{"c":"System","m":"menu"}
[SELECT]	2017-12-02 15:09:50	SELECT id,userName FROM user	null	::1	{"c":"Common","m":"getUsersInfo"}
[SELECT]	2017-12-02 15:09:50	SELECT count(*) as sum FROM user	null	::1	{"c":"System","m":"user","page":"1","num":"10","loginTime":"2017-11-03 - 2017-12-02","orderby":{"id":"desc"}}
[SELECT]	2017-12-02 15:09:50	SELECT id,userName,lastLoginTime,roleId FROM user ORDER BY id desc LIMIT 0,10	null	::1	{"c":"System","m":"user","page":"1","num":"10","loginTime":"2017-11-03 - 2017-12-02","orderby":{"id":"desc"}}
[SELECT]	2017-12-02 15:21:40	SELECT `privileges` FROM `role` WHERE `id`=1	[]	::1	{"c":"System","m":"menu"}
[SELECT]	2017-12-02 15:21:40	SELECT * FROM `menu` WHERE `id` in (1,2,3,4,5,6,7) ORDER BY `sort`	[]	::1	{"c":"System","m":"menu"}
[SELECT]	2017-12-02 15:21:42	SELECT id,userName FROM user	null	::1	{"c":"Common","m":"getUsersInfo"}
[SELECT]	2017-12-02 15:21:42	SELECT count(*) as sum FROM user	null	::1	{"c":"System","m":"user","page":"1","num":"10","loginTime":"2017-11-03 - 2017-12-02","orderby":{"id":"desc"}}
[SELECT]	2017-12-02 15:21:42	SELECT id,userName,lastLoginTime,roleId FROM user ORDER BY id desc LIMIT 0,10	null	::1	{"c":"System","m":"user","page":"1","num":"10","loginTime":"2017-11-03 - 2017-12-02","orderby":{"id":"desc"}}
[SELECT]	2017-12-02 15:21:58	SELECT `privileges` FROM `role` WHERE `id`=1	[]	::1	{"c":"System","m":"menu"}
[SELECT]	2017-12-02 15:21:58	SELECT * FROM `menu` WHERE `id` in (1,2,3,4,5,6,7) ORDER BY `sort`	[]	::1	{"c":"System","m":"menu"}
[SELECT]	2017-12-02 15:21:58	SELECT id,userName FROM user	null	::1	{"c":"Common","m":"getUsersInfo"}
[SELECT]	2017-12-02 15:21:58	SELECT count(*) as sum FROM user	null	::1	{"c":"System","m":"user","page":"1","num":"10","loginTime":"2017-11-03 - 2017-12-02","orderby":{"id":"desc"}}
[SELECT]	2017-12-02 15:21:58	SELECT id,userName,lastLoginTime,roleId FROM user ORDER BY id desc LIMIT 0,10	null	::1	{"c":"System","m":"user","page":"1","num":"10","loginTime":"2017-11-03 - 2017-12-02","orderby":{"id":"desc"}}
[SELECT]	2017-12-02 15:23:22	SELECT `privileges` FROM `role` WHERE `id`=1	[]	::1	{"c":"System","m":"menu"}
[SELECT]	2017-12-02 15:23:22	SELECT * FROM `menu` WHERE `id` in (1,2,3,4,5,6,7) ORDER BY `sort`	[]	::1	{"c":"System","m":"menu"}
[SELECT]	2017-12-02 15:23:22	SELECT id,userName FROM user	null	::1	{"c":"Common","m":"getUsersInfo"}
[SELECT]	2017-12-02 15:23:22	SELECT count(*) as sum FROM user	null	::1	{"c":"System","m":"user","page":"1","num":"10","loginTime":"2017-11-03 - 2017-12-02","orderby":{"id":"desc"}}
[SELECT]	2017-12-02 15:23:22	SELECT id,userName,lastLoginTime,roleId FROM user ORDER BY id desc LIMIT 0,10	null	::1	{"c":"System","m":"user","page":"1","num":"10","loginTime":"2017-11-03 - 2017-12-02","orderby":{"id":"desc"}}
[SELECT]	2017-12-02 15:24:07	SELECT `privileges` FROM `role` WHERE `id`=1	[]	::1	{"c":"System","m":"menu"}
[SELECT]	2017-12-02 15:24:07	SELECT * FROM `menu` WHERE `id` in (1,2,3,4,5,6,7) ORDER BY `sort`	[]	::1	{"c":"System","m":"menu"}
[SELECT]	2017-12-02 15:24:07	SELECT id,userName FROM user	null	::1	{"c":"Common","m":"getUsersInfo"}
[SELECT]	2017-12-02 15:24:08	SELECT count(*) as sum FROM user	null	::1	{"c":"System","m":"user","page":"1","num":"10","loginTime":"2017-11-03 - 2017-12-02","orderby":{"id":"desc"}}
[SELECT]	2017-12-02 15:24:08	SELECT id,userName,lastLoginTime,roleId FROM user ORDER BY id desc LIMIT 0,10	null	::1	{"c":"System","m":"user","page":"1","num":"10","loginTime":"2017-11-03 - 2017-12-02","orderby":{"id":"desc"}}
[SELECT]	2017-12-02 15:25:48	SELECT `privileges` FROM `role` WHERE `id`=1	[]	::1	{"c":"System","m":"menu"}
[SELECT]	2017-12-02 15:25:48	SELECT * FROM `menu` WHERE `id` in (1,2,3,4,5,6,7) ORDER BY `sort`	[]	::1	{"c":"System","m":"menu"}
[SELECT]	2017-12-02 15:25:48	SELECT id,userName FROM user	null	::1	{"c":"Common","m":"getUsersInfo"}
[SELECT]	2017-12-02 15:25:48	SELECT count(*) as sum FROM user	null	::1	{"c":"System","m":"user","page":"1","num":"10","loginTime":"2017-11-03 - 2017-12-02","orderby":{"id":"desc"}}
[SELECT]	2017-12-02 15:25:48	SELECT id,userName,lastLoginTime,roleId FROM user ORDER BY id desc LIMIT 0,10	null	::1	{"c":"System","m":"user","page":"1","num":"10","loginTime":"2017-11-03 - 2017-12-02","orderby":{"id":"desc"}}
[SELECT]	2017-12-02 15:26:37	SELECT count(*) as sum FROM loginList WHERE `loginTime` between ? AND ?	[1509638400,1512230399]	::1	{"c":"System","m":"loginList","page":"1","num":"10","loginTime":"2017-11-03 - 2017-12-02","orderby":{"loginTime":"desc"}}
[SELECT]	2017-12-02 15:26:37	SELECT * FROM loginList WHERE `loginTime` between ? AND ? ORDER BY loginTime desc LIMIT 0,10	[1509638400,1512230399]	::1	{"c":"System","m":"loginList","page":"1","num":"10","loginTime":"2017-11-03 - 2017-12-02","orderby":{"loginTime":"desc"}}
[SELECT]	2017-12-02 15:26:38	SELECT count(*) as sum FROM user	null	::1	{"c":"System","m":"user","page":"1","num":"10","loginTime":"2017-11-03 - 2017-12-02","orderby":{"id":"desc"}}
[SELECT]	2017-12-02 15:26:38	SELECT id,userName,lastLoginTime,roleId FROM user ORDER BY id desc LIMIT 0,10	null	::1	{"c":"System","m":"user","page":"1","num":"10","loginTime":"2017-11-03 - 2017-12-02","orderby":{"id":"desc"}}
[SELECT]	2017-12-02 15:27:24	SELECT `privileges` FROM `role` WHERE `id`=1	[]	::1	{"c":"System","m":"menu"}
[SELECT]	2017-12-02 15:27:24	SELECT * FROM `menu` WHERE `id` in (1,2,3,4,5,6,7) ORDER BY `sort`	[]	::1	{"c":"System","m":"menu"}
[SELECT]	2017-12-02 15:27:24	SELECT id,userName FROM user	null	::1	{"c":"Common","m":"getUsersInfo"}
[SELECT]	2017-12-02 15:27:24	SELECT count(*) as sum FROM user	null	::1	{"c":"System","m":"user","page":"1","num":"10","loginTime":"2017-11-03 - 2017-12-02","orderby":{"id":"desc"}}
[SELECT]	2017-12-02 15:27:24	SELECT id,userName,lastLoginTime,roleId FROM user ORDER BY id desc LIMIT 0,10	null	::1	{"c":"System","m":"user","page":"1","num":"10","loginTime":"2017-11-03 - 2017-12-02","orderby":{"id":"desc"}}
[SELECT]	2017-12-02 15:29:53	SELECT `privileges` FROM `role` WHERE `id`=1	[]	::1	{"c":"System","m":"menu"}
[SELECT]	2017-12-02 15:29:53	SELECT * FROM `menu` WHERE `id` in (1,2,3,4,5,6,7) ORDER BY `sort`	[]	::1	{"c":"System","m":"menu"}
[SELECT]	2017-12-02 15:29:53	SELECT id,userName FROM user	null	::1	{"c":"Common","m":"getUsersInfo"}
[SELECT]	2017-12-02 15:29:53	SELECT count(*) as sum FROM user	null	::1	{"c":"System","m":"user","page":"1","num":"10","loginTime":"2017-11-03 - 2017-12-02","orderby":{"id":"desc"}}
[SELECT]	2017-12-02 15:29:53	SELECT id,userName,lastLoginTime,roleId FROM user ORDER BY id desc LIMIT 0,10	null	::1	{"c":"System","m":"user","page":"1","num":"10","loginTime":"2017-11-03 - 2017-12-02","orderby":{"id":"desc"}}
[SELECT]	2017-12-02 15:31:29	SELECT `privileges` FROM `role` WHERE `id`=1	[]	::1	{"c":"System","m":"menu"}
[SELECT]	2017-12-02 15:31:29	SELECT * FROM `menu` WHERE `id` in (1,2,3,4,5,6,7) ORDER BY `sort`	[]	::1	{"c":"System","m":"menu"}
[SELECT]	2017-12-02 15:31:29	SELECT id,userName FROM user	null	::1	{"c":"Common","m":"getUsersInfo"}
[SELECT]	2017-12-02 15:31:29	SELECT count(*) as sum FROM user	null	::1	{"c":"System","m":"user","page":"1","num":"10","loginTime":"2017-11-03 - 2017-12-02","orderby":{"id":"desc"}}
[SELECT]	2017-12-02 15:31:29	SELECT id,userName,lastLoginTime,roleId FROM user ORDER BY id desc LIMIT 0,10	null	::1	{"c":"System","m":"user","page":"1","num":"10","loginTime":"2017-11-03 - 2017-12-02","orderby":{"id":"desc"}}
[SELECT]	2017-12-02 15:42:47	SELECT `privileges` FROM `role` WHERE `id`=1	[]	::1	{"c":"System","m":"menu"}
[SELECT]	2017-12-02 15:42:47	SELECT * FROM `menu` WHERE `id` in (1,2,3,4,5,6,7) ORDER BY `sort`	[]	::1	{"c":"System","m":"menu"}
[SELECT]	2017-12-02 15:42:47	SELECT count(*) as sum FROM user	null	::1	{"c":"System","m":"user","page":"1","num":"10","loginTime":"2017-11-03 - 2017-12-02","orderby":{"id":"desc"}}
[SELECT]	2017-12-02 15:42:47	SELECT id,userName,lastLoginTime,roleId FROM user ORDER BY id desc LIMIT 0,10	null	::1	{"c":"System","m":"user","page":"1","num":"10","loginTime":"2017-11-03 - 2017-12-02","orderby":{"id":"desc"}}
[SELECT]	2017-12-02 15:42:47	SELECT id,userName FROM user	null	::1	{"c":"Common","m":"getUsersInfo"}
[SELECT]	2017-12-02 15:47:14	SELECT `privileges` FROM `role` WHERE `id`=1	[]	::1	{"c":"System","m":"menu"}
[SELECT]	2017-12-02 15:47:14	SELECT * FROM `menu` WHERE `id` in (1,2,3,4,5,6,7) ORDER BY `sort`	[]	::1	{"c":"System","m":"menu"}
[SELECT]	2017-12-02 15:47:15	SELECT id,userName FROM user	null	::1	{"c":"Common","m":"getUsersInfo"}
[SELECT]	2017-12-02 15:47:15	SELECT count(*) as sum FROM user	null	::1	{"c":"System","m":"user","page":"1","num":"10","loginTime":"2017-11-03 - 2017-12-02","orderby":{"id":"desc"}}
[SELECT]	2017-12-02 15:47:15	SELECT id,userName,lastLoginTime,roleId FROM user ORDER BY id desc LIMIT 0,10	null	::1	{"c":"System","m":"user","page":"1","num":"10","loginTime":"2017-11-03 - 2017-12-02","orderby":{"id":"desc"}}
[SELECT]	2017-12-02 15:47:19	SELECT count(*) as sum FROM user WHERE `roleId`=?	["2"]	::1	{"c":"System","m":"user","num":"10","loginTime":"2017-11-03 - 2017-12-02","roleId":"2","orderby":{"id":"desc"}}
[SELECT]	2017-12-02 15:47:19	SELECT id,userName,lastLoginTime,roleId FROM user WHERE `roleId`=? ORDER BY id desc LIMIT 0,10	["2"]	::1	{"c":"System","m":"user","num":"10","loginTime":"2017-11-03 - 2017-12-02","roleId":"2","orderby":{"id":"desc"}}
[SELECT]	2017-12-02 15:47:28	SELECT count(*) as sum FROM user WHERE `id`=? AND `roleId`=?	["1","1"]	::1	{"c":"System","m":"user","num":"10","loginTime":"2017-11-03 - 2017-12-02","roleId":"1","id":"1","orderby":{"id":"desc"}}
[SELECT]	2017-12-02 15:47:28	SELECT id,userName,lastLoginTime,roleId FROM user WHERE `id`=? AND `roleId`=? ORDER BY id desc LIMIT 0,10	["1","1"]	::1	{"c":"System","m":"user","num":"10","loginTime":"2017-11-03 - 2017-12-02","roleId":"1","id":"1","orderby":{"id":"desc"}}
[SELECT]	2017-12-02 15:56:36	SELECT count(*) as sum FROM loginList WHERE `loginTime` between ? AND ?	[1509638400,1512230399]	::1	{"c":"System","m":"loginList","page":"1","num":"10","loginTime":"2017-11-03 - 2017-12-02","orderby":{"loginTime":"desc"}}
[SELECT]	2017-12-02 15:56:36	SELECT * FROM loginList WHERE `loginTime` between ? AND ? ORDER BY loginTime desc LIMIT 0,10	[1509638400,1512230399]	::1	{"c":"System","m":"loginList","page":"1","num":"10","loginTime":"2017-11-03 - 2017-12-02","orderby":{"loginTime":"desc"}}
[SELECT]	2017-12-02 15:56:38	SELECT count(*) as sum FROM user	null	::1	{"c":"System","m":"user","page":"1","num":"10","loginTime":"2017-11-03 - 2017-12-02","orderby":{"id":"desc"}}
[SELECT]	2017-12-02 15:56:38	SELECT id,userName,lastLoginTime,roleId FROM user ORDER BY id desc LIMIT 0,10	null	::1	{"c":"System","m":"user","page":"1","num":"10","loginTime":"2017-11-03 - 2017-12-02","orderby":{"id":"desc"}}
[INSERT]	2017-12-02 16:01:58	INSERT INTO user (`userName`,`pwd`,`roleId`) values (:userName, :pwd, :roleId);	{"userName":"whx","pwd":"cc57e350f2a2bb83e2da4bbf623aa045","roleId":"1"}	::1	{"c":"System","m":"user","a":"add","userName":"whx","pwd":"Whx920927","roleId":"1"}
[SELECT]	2017-12-02 16:05:05	SELECT `privileges` FROM `role` WHERE `id`=1	[]	::1	{"c":"System","m":"menu"}
[SELECT]	2017-12-02 16:05:05	SELECT * FROM `menu` WHERE `id` in (1,2,3,4,5,6,7) ORDER BY `sort`	[]	::1	{"c":"System","m":"menu"}
[SELECT]	2017-12-02 16:05:05	SELECT id,userName FROM user	null	::1	{"c":"Common","m":"getUsersInfo"}
[SELECT]	2017-12-02 16:05:05	SELECT count(*) as sum FROM user	null	::1	{"c":"System","m":"user","page":"1","num":"10","loginTime":"2017-11-03 - 2017-12-02","orderby":{"id":"desc"}}
[SELECT]	2017-12-02 16:05:05	SELECT id,userName,lastLoginTime,roleId FROM user ORDER BY id desc LIMIT 0,10	null	::1	{"c":"System","m":"user","page":"1","num":"10","loginTime":"2017-11-03 - 2017-12-02","orderby":{"id":"desc"}}
[INSERT]	2017-12-02 16:05:22	INSERT INTO user (`userName`,`pwd`,`roleId`) values (:userName, :pwd, :roleId);	{"userName":"whx1","pwd":"92d9ea2abcbefbd549a110fd115e4875","roleId":"1"}	::1	{"c":"System","m":"user","a":"add","userName":"whx1","pwd":"abc@123abc","roleId":"1"}
[INSERT]	2017-12-02 16:05:43	INSERT INTO user (`userName`,`pwd`,`roleId`) values (:userName, :pwd, :roleId);	{"userName":"whx12","pwd":"92d9ea2abcbefbd549a110fd115e4875","roleId":"1"}	::1	{"c":"System","m":"user","a":"add","userName":"whx12","pwd":"abc@123abc","roleId":"1"}
[SELECT]	2017-12-02 16:07:07	SELECT `privileges` FROM `role` WHERE `id`=1	[]	::1	{"c":"System","m":"menu"}
[SELECT]	2017-12-02 16:07:07	SELECT * FROM `menu` WHERE `id` in (1,2,3,4,5,6,7) ORDER BY `sort`	[]	::1	{"c":"System","m":"menu"}
[SELECT]	2017-12-02 16:07:07	SELECT id,userName FROM user	null	::1	{"c":"Common","m":"getUsersInfo"}
[SELECT]	2017-12-02 16:07:07	SELECT count(*) as sum FROM user	null	::1	{"c":"System","m":"user","page":"1","num":"10","loginTime":"2017-11-03 - 2017-12-02","orderby":{"id":"desc"}}
[SELECT]	2017-12-02 16:07:07	SELECT id,userName,lastLoginTime,roleId FROM user ORDER BY id desc LIMIT 0,10	null	::1	{"c":"System","m":"user","page":"1","num":"10","loginTime":"2017-11-03 - 2017-12-02","orderby":{"id":"desc"}}
[INSERT]	2017-12-02 16:07:16	INSERT INTO user (`userName`,`pwd`,`roleId`) values (:userName, :pwd, :roleId);	{"userName":"admin1","pwd":"92d9ea2abcbefbd549a110fd115e4875","roleId":"1"}	::1	{"c":"System","m":"user","a":"add","userName":"admin1","pwd":"abc@123abc","roleId":"1"}
[SELECT]	2017-12-02 16:08:33	SELECT `privileges` FROM `role` WHERE `id`=1	[]	::1	{"c":"System","m":"menu"}
[SELECT]	2017-12-02 16:08:33	SELECT * FROM `menu` WHERE `id` in (1,2,3,4,5,6,7) ORDER BY `sort`	[]	::1	{"c":"System","m":"menu"}
[SELECT]	2017-12-02 16:08:33	SELECT id,userName FROM user	null	::1	{"c":"Common","m":"getUsersInfo"}
[SELECT]	2017-12-02 16:08:33	SELECT count(*) as sum FROM user	null	::1	{"c":"System","m":"user","page":"1","num":"10","loginTime":"2017-11-03 - 2017-12-02","orderby":{"id":"desc"}}
[SELECT]	2017-12-02 16:08:33	SELECT id,userName,lastLoginTime,roleId FROM user ORDER BY id desc LIMIT 0,10	null	::1	{"c":"System","m":"user","page":"1","num":"10","loginTime":"2017-11-03 - 2017-12-02","orderby":{"id":"desc"}}
[INSERT]	2017-12-02 16:08:41	INSERT INTO user (`userName`,`pwd`,`roleId`) values (:userName, :pwd, :roleId);	{"userName":"admin11","pwd":"92d9ea2abcbefbd549a110fd115e4875","roleId":"1"}	::1	{"c":"System","m":"user","a":"add","userName":"admin11","pwd":"abc@123abc","roleId":"1"}
[SELECT]	2017-12-02 16:10:00	SELECT `privileges` FROM `role` WHERE `id`=1	[]	::1	{"c":"System","m":"menu"}
[SELECT]	2017-12-02 16:10:00	SELECT * FROM `menu` WHERE `id` in (1,2,3,4,5,6,7) ORDER BY `sort`	[]	::1	{"c":"System","m":"menu"}
[SELECT]	2017-12-02 16:10:00	SELECT id,userName FROM user	null	::1	{"c":"Common","m":"getUsersInfo"}
[SELECT]	2017-12-02 16:10:00	SELECT count(*) as sum FROM user	null	::1	{"c":"System","m":"user","page":"1","num":"10","loginTime":"2017-11-03 - 2017-12-02","orderby":{"id":"asc"}}
[SELECT]	2017-12-02 16:10:00	SELECT id,userName,lastLoginTime,roleId FROM user ORDER BY id asc LIMIT 0,10	null	::1	{"c":"System","m":"user","page":"1","num":"10","loginTime":"2017-11-03 - 2017-12-02","orderby":{"id":"asc"}}
[INSERT]	2017-12-02 16:10:09	INSERT INTO user (`userName`,`pwd`,`roleId`) values (:userName, :pwd, :roleId);	{"userName":"tttt","pwd":"c40766e9f79a7284f057867384bccab9","roleId":"2"}	::1	{"c":"System","m":"user","a":"add","userName":"tttt","pwd":"xsfsfs","roleId":"2"}
[SELECT]	2017-12-02 16:10:09	SELECT count(*) as sum FROM user	null	::1	{"c":"System","m":"user","num":"10","loginTime":"2017-11-03 - 2017-12-02","orderby":{"id":"asc"}}
[SELECT]	2017-12-02 16:10:09	SELECT id,userName,lastLoginTime,roleId FROM user ORDER BY id asc LIMIT 0,10	null	::1	{"c":"System","m":"user","num":"10","loginTime":"2017-11-03 - 2017-12-02","orderby":{"id":"asc"}}
[SELECT]	2017-12-02 16:10:18	SELECT count(*) as sum FROM loginList WHERE `loginTime` between ? AND ?	[1509638400,1512230399]	::1	{"c":"System","m":"loginList","page":"1","num":"10","loginTime":"2017-11-03 - 2017-12-02","orderby":{"loginTime":"desc"}}
[SELECT]	2017-12-02 16:10:18	SELECT * FROM loginList WHERE `loginTime` between ? AND ? ORDER BY loginTime desc LIMIT 0,10	[1509638400,1512230399]	::1	{"c":"System","m":"loginList","page":"1","num":"10","loginTime":"2017-11-03 - 2017-12-02","orderby":{"loginTime":"desc"}}
[SELECT]	2017-12-02 16:10:19	SELECT count(*) as sum FROM user	null	::1	{"c":"System","m":"user","page":"1","num":"10","loginTime":"2017-11-03 - 2017-12-02","orderby":{"id":"asc"}}
[SELECT]	2017-12-02 16:10:19	SELECT id,userName,lastLoginTime,roleId FROM user ORDER BY id asc LIMIT 0,10	null	::1	{"c":"System","m":"user","page":"1","num":"10","loginTime":"2017-11-03 - 2017-12-02","orderby":{"id":"asc"}}
[SELECT]	2017-12-02 16:10:22	SELECT `privileges` FROM `role` WHERE `id`=1	[]	::1	{"c":"System","m":"menu"}
[SELECT]	2017-12-02 16:10:22	SELECT * FROM `menu` WHERE `id` in (1,2,3,4,5,6,7) ORDER BY `sort`	[]	::1	{"c":"System","m":"menu"}
[SELECT]	2017-12-02 16:10:22	SELECT id,userName FROM user	null	::1	{"c":"Common","m":"getUsersInfo"}
[SELECT]	2017-12-02 16:10:22	SELECT count(*) as sum FROM user	null	::1	{"c":"System","m":"user","page":"1","num":"10","loginTime":"2017-11-03 - 2017-12-02","orderby":{"id":"asc"}}
[SELECT]	2017-12-02 16:10:22	SELECT id,userName,lastLoginTime,roleId FROM user ORDER BY id asc LIMIT 0,10	null	::1	{"c":"System","m":"user","page":"1","num":"10","loginTime":"2017-11-03 - 2017-12-02","orderby":{"id":"asc"}}
[SELECT]	2017-12-02 16:10:23	SELECT `privileges` FROM `role` WHERE `id`=1	[]	::1	{"c":"System","m":"menu"}
[SELECT]	2017-12-02 16:10:23	SELECT * FROM `menu` WHERE `id` in (1,2,3,4,5,6,7) ORDER BY `sort`	[]	::1	{"c":"System","m":"menu"}
[SELECT]	2017-12-02 16:10:23	SELECT id,userName FROM user	null	::1	{"c":"Common","m":"getUsersInfo"}
[SELECT]	2017-12-02 16:10:24	SELECT count(*) as sum FROM user	null	::1	{"c":"System","m":"user","page":"1","num":"10","loginTime":"2017-11-03 - 2017-12-02","orderby":{"id":"asc"}}
[SELECT]	2017-12-02 16:10:24	SELECT id,userName,lastLoginTime,roleId FROM user ORDER BY id asc LIMIT 0,10	null	::1	{"c":"System","m":"user","page":"1","num":"10","loginTime":"2017-11-03 - 2017-12-02","orderby":{"id":"asc"}}
[SELECT]	2017-12-02 16:10:24	SELECT `privileges` FROM `role` WHERE `id`=1	[]	::1	{"c":"System","m":"menu"}
[SELECT]	2017-12-02 16:10:24	SELECT * FROM `menu` WHERE `id` in (1,2,3,4,5,6,7) ORDER BY `sort`	[]	::1	{"c":"System","m":"menu"}
[SELECT]	2017-12-02 16:10:24	SELECT id,userName FROM user	null	::1	{"c":"Common","m":"getUsersInfo"}
[SELECT]	2017-12-02 16:10:24	SELECT count(*) as sum FROM user	null	::1	{"c":"System","m":"user","page":"1","num":"10","loginTime":"2017-11-03 - 2017-12-02","orderby":{"id":"asc"}}
[SELECT]	2017-12-02 16:10:24	SELECT id,userName,lastLoginTime,roleId FROM user ORDER BY id asc LIMIT 0,10	null	::1	{"c":"System","m":"user","page":"1","num":"10","loginTime":"2017-11-03 - 2017-12-02","orderby":{"id":"asc"}}
[SELECT]	2017-12-02 16:10:26	SELECT count(*) as sum FROM loginList WHERE `loginTime` between ? AND ?	[1509638400,1512230399]	::1	{"c":"System","m":"loginList","page":"1","num":"10","loginTime":"2017-11-03 - 2017-12-02","orderby":{"loginTime":"desc"}}
[SELECT]	2017-12-02 16:10:26	SELECT * FROM loginList WHERE `loginTime` between ? AND ? ORDER BY loginTime desc LIMIT 0,10	[1509638400,1512230399]	::1	{"c":"System","m":"loginList","page":"1","num":"10","loginTime":"2017-11-03 - 2017-12-02","orderby":{"loginTime":"desc"}}
[SELECT]	2017-12-02 16:10:28	SELECT `privileges` FROM `role` WHERE `id`=1	[]	::1	{"c":"System","m":"menu"}
[SELECT]	2017-12-02 16:10:28	SELECT * FROM `menu` WHERE `id` in (1,2,3,4,5,6,7) ORDER BY `sort`	[]	::1	{"c":"System","m":"menu"}
[SELECT]	2017-12-02 16:10:28	SELECT id,userName FROM user	null	::1	{"c":"Common","m":"getUsersInfo"}
[SELECT]	2017-12-02 16:10:28	SELECT count(*) as sum FROM loginList WHERE `loginTime` between ? AND ?	[1509638400,1512230399]	::1	{"c":"System","m":"loginList","page":"1","num":"10","loginTime":"2017-11-03 - 2017-12-02","orderby":{"loginTime":"desc"}}
[SELECT]	2017-12-02 16:10:28	SELECT * FROM loginList WHERE `loginTime` between ? AND ? ORDER BY loginTime desc LIMIT 0,10	[1509638400,1512230399]	::1	{"c":"System","m":"loginList","page":"1","num":"10","loginTime":"2017-11-03 - 2017-12-02","orderby":{"loginTime":"desc"}}
[SELECT]	2017-12-02 16:10:28	SELECT id,userName FROM user	null	::1	{"c":"Common","m":"getUsersInfo"}
[SELECT]	2017-12-02 16:10:29	SELECT `privileges` FROM `role` WHERE `id`=1	[]	::1	{"c":"System","m":"menu"}
[SELECT]	2017-12-02 16:10:29	SELECT * FROM `menu` WHERE `id` in (1,2,3,4,5,6,7) ORDER BY `sort`	[]	::1	{"c":"System","m":"menu"}
[SELECT]	2017-12-02 16:10:29	SELECT id,userName FROM user	null	::1	{"c":"Common","m":"getUsersInfo"}
[SELECT]	2017-12-02 16:10:29	SELECT count(*) as sum FROM loginList WHERE `loginTime` between ? AND ?	[1509638400,1512230399]	::1	{"c":"System","m":"loginList","page":"1","num":"10","loginTime":"2017-11-03 - 2017-12-02","orderby":{"loginTime":"desc"}}
[SELECT]	2017-12-02 16:10:29	SELECT * FROM loginList WHERE `loginTime` between ? AND ? ORDER BY loginTime desc LIMIT 0,10	[1509638400,1512230399]	::1	{"c":"System","m":"loginList","page":"1","num":"10","loginTime":"2017-11-03 - 2017-12-02","orderby":{"loginTime":"desc"}}
[SELECT]	2017-12-02 16:10:29	SELECT id,userName FROM user	null	::1	{"c":"Common","m":"getUsersInfo"}
[SELECT]	2017-12-02 16:10:31	SELECT count(*) as sum FROM user	null	::1	{"c":"System","m":"user","page":"1","num":"10","loginTime":"2017-11-03 - 2017-12-02","orderby":{"id":"asc"}}
[SELECT]	2017-12-02 16:10:31	SELECT id,userName,lastLoginTime,roleId FROM user ORDER BY id asc LIMIT 0,10	null	::1	{"c":"System","m":"user","page":"1","num":"10","loginTime":"2017-11-03 - 2017-12-02","orderby":{"id":"asc"}}
[SELECT]	2017-12-02 16:10:31	SELECT count(*) as sum FROM loginList WHERE `loginTime` between ? AND ?	[1509638400,1512230399]	::1	{"c":"System","m":"loginList","page":"1","num":"10","loginTime":"2017-11-03 - 2017-12-02","orderby":{"loginTime":"desc"}}
[SELECT]	2017-12-02 16:10:31	SELECT * FROM loginList WHERE `loginTime` between ? AND ? ORDER BY loginTime desc LIMIT 0,10	[1509638400,1512230399]	::1	{"c":"System","m":"loginList","page":"1","num":"10","loginTime":"2017-11-03 - 2017-12-02","orderby":{"loginTime":"desc"}}
[SELECT]	2017-12-02 16:11:15	SELECT count(*) as sum FROM user	null	::1	{"c":"System","m":"user","page":"1","num":"10","loginTime":"2017-11-03 - 2017-12-02","orderby":{"id":"asc"}}
[SELECT]	2017-12-02 16:11:15	SELECT id,userName,lastLoginTime,roleId FROM user ORDER BY id asc LIMIT 0,10	null	::1	{"c":"System","m":"user","page":"1","num":"10","loginTime":"2017-11-03 - 2017-12-02","orderby":{"id":"asc"}}
[SELECT]	2017-12-02 16:11:28	SELECT * FROM user WHERE `userName`=?	["whx"]	::1	{"c":"System","m":"login","loginname":"whx","pwd":"Whx920927"}
[INSERT]	2017-12-02 16:11:28	INSERT INTO loginList (`userId`,`LoginIp`,`loginTime`) values (:userId, :LoginIp, :loginTime);	{"userId":"2","LoginIp":"::1","loginTime":1512202288}	::1	{"c":"System","m":"login","loginname":"whx","pwd":"Whx920927"}
[UPDATE]	2017-12-02 16:11:28	UPDATE user SET `lastLoginTime`=:lastLoginTime WHERE `id`='2';	{"lastLoginTime":1512202288}	::1	{"c":"System","m":"login","loginname":"whx","pwd":"Whx920927"}
[SELECT]	2017-12-02 16:11:28	SELECT `privileges` FROM `role` WHERE `id`=2	[]	::1	{"c":"System","m":"menu"}
[SELECT]	2017-12-02 16:11:36	SELECT `privileges` FROM `role` WHERE `id`=2	[]	::1	{"c":"System","m":"menu"}
[SELECT]	2017-12-02 16:12:13	SELECT `privileges` FROM `role` WHERE `id`=2	[]	::1	{"c":"System","m":"menu"}
[SELECT]	2017-12-02 16:12:25	SELECT `privileges` FROM `role` WHERE `id`=2	[]	::1	{"c":"System","m":"menu"}
[SELECT]	2017-12-02 16:12:55	SELECT `privileges` FROM `role` WHERE `id`=2	[]	::1	{"c":"System","m":"menu"}
[SELECT]	2017-12-02 16:14:02	SELECT `privileges` FROM `role` WHERE `id`=1	[]	::1	{"c":"System","m":"menu"}
[SELECT]	2017-12-02 16:14:02	SELECT * FROM `menu` WHERE `id` in (1,2,3,4,5,6,7) ORDER BY `sort`	[]	::1	{"c":"System","m":"menu"}
[SELECT]	2017-12-02 16:14:04	SELECT id,userName FROM user	null	::1	{"c":"Common","m":"getUsersInfo"}
[SELECT]	2017-12-02 16:14:04	SELECT count(*) as sum FROM user	null	::1	{"c":"System","m":"user","page":"1","num":"10","loginTime":"2017-11-03 - 2017-12-02","orderby":{"id":"asc"}}
[SELECT]	2017-12-02 16:14:04	SELECT id,userName,lastLoginTime,roleId FROM user ORDER BY id asc LIMIT 0,10	null	::1	{"c":"System","m":"user","page":"1","num":"10","loginTime":"2017-11-03 - 2017-12-02","orderby":{"id":"asc"}}
[SELECT]	2017-12-02 16:14:06	SELECT count(*) as sum FROM loginList WHERE `loginTime` between ? AND ?	[1509638400,1512230399]	::1	{"c":"System","m":"loginList","page":"1","num":"10","loginTime":"2017-11-03 - 2017-12-02","orderby":{"loginTime":"desc"}}
[SELECT]	2017-12-02 16:14:06	SELECT * FROM loginList WHERE `loginTime` between ? AND ? ORDER BY loginTime desc LIMIT 0,10	[1509638400,1512230399]	::1	{"c":"System","m":"loginList","page":"1","num":"10","loginTime":"2017-11-03 - 2017-12-02","orderby":{"loginTime":"desc"}}
[SELECT]	2017-12-02 16:14:07	SELECT count(*) as sum FROM user	null	::1	{"c":"System","m":"user","page":"1","num":"10","loginTime":"2017-11-03 - 2017-12-02","orderby":{"id":"asc"}}
[SELECT]	2017-12-02 16:14:07	SELECT id,userName,lastLoginTime,roleId FROM user ORDER BY id asc LIMIT 0,10	null	::1	{"c":"System","m":"user","page":"1","num":"10","loginTime":"2017-11-03 - 2017-12-02","orderby":{"id":"asc"}}
[SELECT]	2017-12-02 16:15:52	SELECT `privileges` FROM `role` WHERE `id`=1	[]	::1	{"c":"System","m":"menu"}
[SELECT]	2017-12-02 16:15:52	SELECT * FROM `menu` WHERE `id` in (1,2,3,4,5,6,7) ORDER BY `sort`	[]	::1	{"c":"System","m":"menu"}
[SELECT]	2017-12-02 16:15:53	SELECT id,userName FROM user	null	::1	{"c":"Common","m":"getUsersInfo"}
[SELECT]	2017-12-02 16:15:53	SELECT count(*) as sum FROM user	null	::1	{"c":"System","m":"user","page":"1","num":"10","loginTime":"2017-11-03 - 2017-12-02","orderby":{"id":"asc"}}
[SELECT]	2017-12-02 16:15:53	SELECT id,userName,lastLoginTime,roleId FROM user ORDER BY id asc LIMIT 0,10	null	::1	{"c":"System","m":"user","page":"1","num":"10","loginTime":"2017-11-03 - 2017-12-02","orderby":{"id":"asc"}}
[INSERT]	2017-12-02 16:16:01	INSERT INTO user (`userName`,`pwd`,`roleId`) values (:userName, :pwd, :roleId);	{"userName":"admin23","pwd":"92d9ea2abcbefbd549a110fd115e4875","roleId":"22"}	::1	{"c":"System","m":"user","a":"add","userName":"admin23","pwd":"abc@123abc","roleId":"22"}
[SELECT]	2017-12-02 16:18:31	SELECT count(*) as sum FROM user	null	::1	{"c":"System","m":"user","num":"10","loginTime":"2017-11-03 - 2017-12-02","orderby":{"id":"asc"}}
[SELECT]	2017-12-02 16:18:31	SELECT id,userName,lastLoginTime,roleId FROM user ORDER BY id asc LIMIT 0,10	null	::1	{"c":"System","m":"user","num":"10","loginTime":"2017-11-03 - 2017-12-02","orderby":{"id":"asc"}}
[SELECT]	2017-12-02 16:35:02	SELECT `privileges` FROM `role` WHERE `id`=1	[]	::1	{"c":"System","m":"menu"}
[SELECT]	2017-12-02 16:35:02	SELECT * FROM `menu` WHERE `id` in (1,2,3,4,5,6,7) ORDER BY `sort`	[]	::1	{"c":"System","m":"menu"}
[SELECT]	2017-12-02 16:35:02	SELECT id,userName FROM user	null	::1	{"c":"Common","m":"getUsersInfo"}
[SELECT]	2017-12-02 16:35:02	SELECT count(*) as sum FROM user	null	::1	{"c":"System","m":"user","page":"1","num":"10","loginTime":"2017-11-03 - 2017-12-02","orderby":{"id":"asc"}}
[SELECT]	2017-12-02 16:35:02	SELECT id,userName,lastLoginTime,roleId FROM user ORDER BY id asc LIMIT 0,10	null	::1	{"c":"System","m":"user","page":"1","num":"10","loginTime":"2017-11-03 - 2017-12-02","orderby":{"id":"asc"}}
[INSERT]	2017-12-02 16:35:08	INSERT INTO user (`userName`,`pwd`,`roleId`) values (:userName, :pwd, :roleId);	{"userName":"admin322","pwd":"92d9ea2abcbefbd549a110fd115e4875","roleId":"12"}	::1	{"c":"System","m":"user","a":"add","userName":"admin322","pwd":"abc@123abc","roleId":"12"}
[SELECT]	2017-12-02 16:35:10	SELECT count(*) as sum FROM user	null	::1	{"c":"System","m":"user","page":"1","num":"10","loginTime":"2017-11-03 - 2017-12-02","orderby":{"id":"asc"}}
[SELECT]	2017-12-02 16:35:10	SELECT id,userName,lastLoginTime,roleId FROM user ORDER BY id asc LIMIT 0,10	null	::1	{"c":"System","m":"user","page":"1","num":"10","loginTime":"2017-11-03 - 2017-12-02","orderby":{"id":"asc"}}
[SELECT]	2017-12-02 16:35:33	SELECT count(*) as sum FROM user WHERE `id`=?	["4"]	::1	{"c":"System","m":"user","page":"1","num":"10","loginTime":"2017-11-03 - 2017-12-02","id":"4","orderby":{"id":"asc"}}
[SELECT]	2017-12-02 16:35:33	SELECT id,userName,lastLoginTime,roleId FROM user WHERE `id`=? ORDER BY id asc LIMIT 0,10	["4"]	::1	{"c":"System","m":"user","page":"1","num":"10","loginTime":"2017-11-03 - 2017-12-02","id":"4","orderby":{"id":"asc"}}
[SELECT]	2017-12-02 16:36:46	SELECT `privileges` FROM `role` WHERE `id`=1	[]	::1	{"c":"System","m":"menu"}
[SELECT]	2017-12-02 16:36:46	SELECT * FROM `menu` WHERE `id` in (1,2,3,4,5,6,7) ORDER BY `sort`	[]	::1	{"c":"System","m":"menu"}
[SELECT]	2017-12-02 16:36:46	SELECT id,userName FROM user	null	::1	{"c":"Common","m":"getUsersInfo"}
[SELECT]	2017-12-02 16:36:46	SELECT count(*) as sum FROM user	null	::1	{"c":"System","m":"user","page":"1","num":"10","loginTime":"2017-11-03 - 2017-12-02","orderby":{"id":"asc"}}
[SELECT]	2017-12-02 16:36:46	SELECT id,userName,lastLoginTime,roleId FROM user ORDER BY id asc LIMIT 0,10	null	::1	{"c":"System","m":"user","page":"1","num":"10","loginTime":"2017-11-03 - 2017-12-02","orderby":{"id":"asc"}}
[SELECT]	2017-12-02 16:38:00	SELECT `privileges` FROM `role` WHERE `id`=1	[]	::1	{"c":"System","m":"menu"}
[SELECT]	2017-12-02 16:38:00	SELECT * FROM `menu` WHERE `id` in (1,2,3,4,5,6,7) ORDER BY `sort`	[]	::1	{"c":"System","m":"menu"}
[SELECT]	2017-12-02 16:38:00	SELECT id,userName FROM user	null	::1	{"c":"Common","m":"getUsersInfo"}
[SELECT]	2017-12-02 16:38:01	SELECT count(*) as sum FROM user	null	::1	{"c":"System","m":"user","page":"1","num":"10","loginTime":"2017-11-03 - 2017-12-02","orderby":{"id":"asc"}}
[SELECT]	2017-12-02 16:38:01	SELECT id,userName,lastLoginTime,roleId FROM user ORDER BY id asc LIMIT 0,10	null	::1	{"c":"System","m":"user","page":"1","num":"10","loginTime":"2017-11-03 - 2017-12-02","orderby":{"id":"asc"}}
[SELECT]	2017-12-02 16:38:23	SELECT `privileges` FROM `role` WHERE `id`=1	[]	::1	{"c":"System","m":"menu"}
[SELECT]	2017-12-02 16:38:23	SELECT * FROM `menu` WHERE `id` in (1,2,3,4,5,6,7) ORDER BY `sort`	[]	::1	{"c":"System","m":"menu"}
[SELECT]	2017-12-02 16:38:23	SELECT id,userName FROM user	null	::1	{"c":"Common","m":"getUsersInfo"}
[SELECT]	2017-12-02 16:38:23	SELECT count(*) as sum FROM user	null	::1	{"c":"System","m":"user","page":"1","num":"10","loginTime":"2017-11-03 - 2017-12-02","orderby":{"id":"asc"}}
[SELECT]	2017-12-02 16:38:23	SELECT id,userName,lastLoginTime,roleId FROM user ORDER BY id asc LIMIT 0,10	null	::1	{"c":"System","m":"user","page":"1","num":"10","loginTime":"2017-11-03 - 2017-12-02","orderby":{"id":"asc"}}
[SELECT]	2017-12-02 16:43:24	SELECT `privileges` FROM `role` WHERE `id`=1	[]	::1	{"c":"System","m":"menu"}
[SELECT]	2017-12-02 16:43:24	SELECT * FROM `menu` WHERE `id` in (1,2,3,4,5,6,7) ORDER BY `sort`	[]	::1	{"c":"System","m":"menu"}
[SELECT]	2017-12-02 16:43:25	SELECT id,userName FROM user	null	::1	{"c":"Common","m":"getUsersInfo"}
[SELECT]	2017-12-02 16:43:25	SELECT count(*) as sum FROM user	null	::1	{"c":"System","m":"user","page":"1","num":"10","loginTime":"2017-11-03 - 2017-12-02","orderby":{"id":"asc"}}
[SELECT]	2017-12-02 16:43:25	SELECT id,userName,lastLoginTime,roleId FROM user ORDER BY id asc LIMIT 0,10	null	::1	{"c":"System","m":"user","page":"1","num":"10","loginTime":"2017-11-03 - 2017-12-02","orderby":{"id":"asc"}}
[SELECT]	2017-12-02 16:49:55	SELECT `privileges` FROM `role` WHERE `id`=1	[]	::1	{"c":"System","m":"menu"}
[SELECT]	2017-12-02 16:49:55	SELECT * FROM `menu` WHERE `id` in (1,2,3,4,5,6,7) ORDER BY `sort`	[]	::1	{"c":"System","m":"menu"}
[SELECT]	2017-12-02 16:49:55	SELECT count(*) as sum FROM user	null	::1	{"c":"System","m":"user","page":"1","num":"10","loginTime":"2017-11-03 - 2017-12-02","orderby":{"id":"asc"}}
[SELECT]	2017-12-02 16:49:55	SELECT id,userName,lastLoginTime,roleId FROM user ORDER BY id asc LIMIT 0,10	null	::1	{"c":"System","m":"user","page":"1","num":"10","loginTime":"2017-11-03 - 2017-12-02","orderby":{"id":"asc"}}
[SELECT]	2017-12-02 16:49:55	SELECT id,userName FROM user	null	::1	{"c":"Common","m":"getUsersInfo"}
[SELECT]	2017-12-02 16:52:33	SELECT `privileges` FROM `role` WHERE `id`=1	[]	::1	{"c":"System","m":"menu"}
[SELECT]	2017-12-02 16:52:33	SELECT * FROM `menu` WHERE `id` in (1,2,3,4,5,6,7) ORDER BY `sort`	[]	::1	{"c":"System","m":"menu"}
[SELECT]	2017-12-02 16:52:33	SELECT id,userName FROM user	null	::1	{"c":"Common","m":"getUsersInfo"}
[SELECT]	2017-12-02 16:52:33	SELECT count(*) as sum FROM user	null	::1	{"c":"System","m":"user","page":"1","num":"10","loginTime":"2017-11-03 - 2017-12-02","orderby":{"id":"asc"}}
[SELECT]	2017-12-02 16:52:33	SELECT id,userName,lastLoginTime,roleId FROM user ORDER BY id asc LIMIT 0,10	null	::1	{"c":"System","m":"user","page":"1","num":"10","loginTime":"2017-11-03 - 2017-12-02","orderby":{"id":"asc"}}
[SELECT]	2017-12-02 16:53:18	SELECT `privileges` FROM `role` WHERE `id`=1	[]	::1	{"c":"System","m":"menu"}
[SELECT]	2017-12-02 16:53:18	SELECT * FROM `menu` WHERE `id` in (1,2,3,4,5,6,7) ORDER BY `sort`	[]	::1	{"c":"System","m":"menu"}
[SELECT]	2017-12-02 16:53:18	SELECT id,userName FROM user	null	::1	{"c":"Common","m":"getUsersInfo"}
[SELECT]	2017-12-02 16:53:18	SELECT count(*) as sum FROM user	null	::1	{"c":"System","m":"user","page":"1","num":"10","loginTime":"2017-11-03 - 2017-12-02","orderby":{"id":"asc"}}
[SELECT]	2017-12-02 16:53:18	SELECT id,userName,lastLoginTime,roleId FROM user ORDER BY id asc LIMIT 0,10	null	::1	{"c":"System","m":"user","page":"1","num":"10","loginTime":"2017-11-03 - 2017-12-02","orderby":{"id":"asc"}}
[SELECT]	2017-12-02 17:02:55	SELECT `privileges` FROM `role` WHERE `id`=1	[]	::1	{"c":"System","m":"menu"}
[SELECT]	2017-12-02 17:02:55	SELECT * FROM `menu` WHERE `id` in (1,2,3,4,5,6,7) ORDER BY `sort`	[]	::1	{"c":"System","m":"menu"}
[SELECT]	2017-12-02 17:02:55	SELECT id,userName FROM user	null	::1	{"c":"Common","m":"getUsersInfo"}
[SELECT]	2017-12-02 17:02:55	SELECT count(*) as sum FROM user	null	::1	{"c":"System","m":"user","page":"1","num":"10","loginTime":"2017-11-03 - 2017-12-02","orderby":{"id":"asc"}}
[SELECT]	2017-12-02 17:02:55	SELECT id,userName,lastLoginTime,roleId FROM user ORDER BY id asc LIMIT 0,10	null	::1	{"c":"System","m":"user","page":"1","num":"10","loginTime":"2017-11-03 - 2017-12-02","orderby":{"id":"asc"}}
[SELECT]	2017-12-02 17:03:18	SELECT `privileges` FROM `role` WHERE `id`=1	[]	::1	{"c":"System","m":"menu"}
[SELECT]	2017-12-02 17:03:18	SELECT * FROM `menu` WHERE `id` in (1,2,3,4,5,6,7) ORDER BY `sort`	[]	::1	{"c":"System","m":"menu"}
[SELECT]	2017-12-02 17:03:18	SELECT id,userName FROM user	null	::1	{"c":"Common","m":"getUsersInfo"}
[SELECT]	2017-12-02 17:03:18	SELECT count(*) as sum FROM user	null	::1	{"c":"System","m":"user","page":"1","num":"10","loginTime":"2017-11-03 - 2017-12-02","orderby":{"id":"asc"}}
[SELECT]	2017-12-02 17:03:18	SELECT id,userName,lastLoginTime,roleId FROM user ORDER BY id asc LIMIT 0,10	null	::1	{"c":"System","m":"user","page":"1","num":"10","loginTime":"2017-11-03 - 2017-12-02","orderby":{"id":"asc"}}
[SELECT]	2017-12-02 17:03:41	SELECT `privileges` FROM `role` WHERE `id`=1	[]	::1	{"c":"System","m":"menu"}
[SELECT]	2017-12-02 17:03:41	SELECT * FROM `menu` WHERE `id` in (1,2,3,4,5,6,7) ORDER BY `sort`	[]	::1	{"c":"System","m":"menu"}
[SELECT]	2017-12-02 17:03:41	SELECT id,userName FROM user	null	::1	{"c":"Common","m":"getUsersInfo"}
[SELECT]	2017-12-02 17:03:41	SELECT count(*) as sum FROM user	null	::1	{"c":"System","m":"user","page":"1","num":"10","loginTime":"2017-11-03 - 2017-12-02","orderby":{"id":"asc"}}
[SELECT]	2017-12-02 17:03:41	SELECT id,userName,lastLoginTime,roleId FROM user ORDER BY id asc LIMIT 0,10	null	::1	{"c":"System","m":"user","page":"1","num":"10","loginTime":"2017-11-03 - 2017-12-02","orderby":{"id":"asc"}}
[SELECT]	2017-12-02 17:04:07	SELECT `privileges` FROM `role` WHERE `id`=1	[]	::1	{"c":"System","m":"menu"}
[SELECT]	2017-12-02 17:04:07	SELECT * FROM `menu` WHERE `id` in (1,2,3,4,5,6,7) ORDER BY `sort`	[]	::1	{"c":"System","m":"menu"}
[SELECT]	2017-12-02 17:04:07	SELECT id,userName FROM user	null	::1	{"c":"Common","m":"getUsersInfo"}
[SELECT]	2017-12-02 17:04:07	SELECT count(*) as sum FROM user	null	::1	{"c":"System","m":"user","page":"1","num":"10","loginTime":"2017-11-03 - 2017-12-02","orderby":{"id":"asc"}}
[SELECT]	2017-12-02 17:04:07	SELECT id,userName,lastLoginTime,roleId FROM user ORDER BY id asc LIMIT 0,10	null	::1	{"c":"System","m":"user","page":"1","num":"10","loginTime":"2017-11-03 - 2017-12-02","orderby":{"id":"asc"}}
[SELECT]	2017-12-02 17:04:22	SELECT `privileges` FROM `role` WHERE `id`=1	[]	::1	{"c":"System","m":"menu"}
[SELECT]	2017-12-02 17:04:22	SELECT * FROM `menu` WHERE `id` in (1,2,3,4,5,6,7) ORDER BY `sort`	[]	::1	{"c":"System","m":"menu"}
[SELECT]	2017-12-02 17:04:22	SELECT id,userName FROM user	null	::1	{"c":"Common","m":"getUsersInfo"}
[SELECT]	2017-12-02 17:04:22	SELECT count(*) as sum FROM user	null	::1	{"c":"System","m":"user","page":"1","num":"10","loginTime":"2017-11-03 - 2017-12-02","orderby":{"id":"asc"}}
[SELECT]	2017-12-02 17:04:22	SELECT id,userName,lastLoginTime,roleId FROM user ORDER BY id asc LIMIT 0,10	null	::1	{"c":"System","m":"user","page":"1","num":"10","loginTime":"2017-11-03 - 2017-12-02","orderby":{"id":"asc"}}
[SELECT]	2017-12-02 17:04:50	SELECT `privileges` FROM `role` WHERE `id`=1	[]	::1	{"c":"System","m":"menu"}
[SELECT]	2017-12-02 17:04:50	SELECT * FROM `menu` WHERE `id` in (1,2,3,4,5,6,7) ORDER BY `sort`	[]	::1	{"c":"System","m":"menu"}
[SELECT]	2017-12-02 17:04:50	SELECT id,userName FROM user	null	::1	{"c":"Common","m":"getUsersInfo"}
[SELECT]	2017-12-02 17:04:50	SELECT count(*) as sum FROM user	null	::1	{"c":"System","m":"user","page":"1","num":"10","loginTime":"2017-11-03 - 2017-12-02","orderby":{"id":"asc"}}
[SELECT]	2017-12-02 17:04:50	SELECT id,userName,lastLoginTime,roleId FROM user ORDER BY id asc LIMIT 0,10	null	::1	{"c":"System","m":"user","page":"1","num":"10","loginTime":"2017-11-03 - 2017-12-02","orderby":{"id":"asc"}}
[SELECT]	2017-12-02 17:18:25	SELECT count(*) as sum FROM user WHERE `id`=? AND `roleId`=?	["4","2"]	::1	{"c":"System","m":"user","id":"4","userName":"whx1","lastLoginTime":"0","roleId":"2","$$hashKey":"uiGrid-000R","a":"mod"}
[SELECT]	2017-12-02 17:18:25	SELECT id,userName,lastLoginTime,roleId FROM user WHERE `id`=? AND `roleId`=? LIMIT 0,10	["4","2"]	::1	{"c":"System","m":"user","id":"4","userName":"whx1","lastLoginTime":"0","roleId":"2","$$hashKey":"uiGrid-000R","a":"mod"}
[SELECT]	2017-12-02 17:23:28	SELECT count(*) as sum FROM user WHERE `id`=? AND `roleId`=?	["4","2"]	::1	{"c":"System","m":"user","id":"4","userName":"whx1","lastLoginTime":"0","roleId":"2","$$hashKey":"uiGrid-000R","a":"mod","pwd":"12"}
[SELECT]	2017-12-02 17:23:28	SELECT id,userName,lastLoginTime,roleId FROM user WHERE `id`=? AND `roleId`=? LIMIT 0,10	["4","2"]	::1	{"c":"System","m":"user","id":"4","userName":"whx1","lastLoginTime":"0","roleId":"2","$$hashKey":"uiGrid-000R","a":"mod","pwd":"12"}
[SELECT]	2017-12-02 17:32:20	SELECT `privileges` FROM `role` WHERE `id`=1	[]	::1	{"c":"System","m":"menu"}
[SELECT]	2017-12-02 17:32:20	SELECT * FROM `menu` WHERE `id` in (1,2,3,4,5,6,7) ORDER BY `sort`	[]	::1	{"c":"System","m":"menu"}
[SELECT]	2017-12-02 17:32:20	SELECT id,userName FROM user	null	::1	{"c":"Common","m":"getUsersInfo"}
[SELECT]	2017-12-02 17:32:20	SELECT count(*) as sum FROM user	null	::1	{"c":"System","m":"user","page":"1","num":"10","loginTime":"2017-11-03 - 2017-12-02","orderby":{"id":"asc"}}
[SELECT]	2017-12-02 17:32:20	SELECT id,userName,lastLoginTime,roleId FROM user ORDER BY id asc LIMIT 0,10	null	::1	{"c":"System","m":"user","page":"1","num":"10","loginTime":"2017-11-03 - 2017-12-02","orderby":{"id":"asc"}}
[SELECT]	2017-12-02 17:32:30	SELECT `privileges` FROM `role` WHERE `id`=1	[]	::1	{"c":"System","m":"menu"}
[SELECT]	2017-12-02 17:32:30	SELECT * FROM `menu` WHERE `id` in (1,2,3,4,5,6,7) ORDER BY `sort`	[]	::1	{"c":"System","m":"menu"}
[SELECT]	2017-12-02 17:32:30	SELECT id,userName FROM user	null	::1	{"c":"Common","m":"getUsersInfo"}
[SELECT]	2017-12-02 17:32:30	SELECT count(*) as sum FROM user	null	::1	{"c":"System","m":"user","page":"1","num":"10","loginTime":"2017-11-03 - 2017-12-02","orderby":{"id":"asc"}}
[SELECT]	2017-12-02 17:32:30	SELECT id,userName,lastLoginTime,roleId FROM user ORDER BY id asc LIMIT 0,10	null	::1	{"c":"System","m":"user","page":"1","num":"10","loginTime":"2017-11-03 - 2017-12-02","orderby":{"id":"asc"}}
[SELECT]	2017-12-02 17:34:09	SELECT `privileges` FROM `role` WHERE `id`=1	[]	::1	{"c":"System","m":"menu"}
[SELECT]	2017-12-02 17:34:09	SELECT * FROM `menu` WHERE `id` in (1,2,3,4,5,6,7) ORDER BY `sort`	[]	::1	{"c":"System","m":"menu"}
[SELECT]	2017-12-02 17:34:09	SELECT id,userName FROM user	null	::1	{"c":"Common","m":"getUsersInfo"}
[SELECT]	2017-12-02 17:34:09	SELECT count(*) as sum FROM user	null	::1	{"c":"System","m":"user","page":"1","num":"10","loginTime":"2017-11-03 - 2017-12-02","orderby":{"id":"asc"}}
[SELECT]	2017-12-02 17:34:09	SELECT id,userName,lastLoginTime,roleId FROM user ORDER BY id asc LIMIT 0,10	null	::1	{"c":"System","m":"user","page":"1","num":"10","loginTime":"2017-11-03 - 2017-12-02","orderby":{"id":"asc"}}
[SELECT]	2017-12-02 17:37:32	SELECT `privileges` FROM `role` WHERE `id`=1	[]	::1	{"c":"System","m":"menu"}
[SELECT]	2017-12-02 17:37:32	SELECT * FROM `menu` WHERE `id` in (1,2,3,4,5,6,7) ORDER BY `sort`	[]	::1	{"c":"System","m":"menu"}
[SELECT]	2017-12-02 17:37:32	SELECT id,userName FROM user	null	::1	{"c":"Common","m":"getUsersInfo"}
[SELECT]	2017-12-02 17:37:32	SELECT count(*) as sum FROM user	null	::1	{"c":"System","m":"user","page":"1","num":"10","loginTime":"2017-11-03 - 2017-12-02","orderby":{"id":"asc"}}
[SELECT]	2017-12-02 17:37:32	SELECT id,userName,lastLoginTime,roleId FROM user ORDER BY id asc LIMIT 0,10	null	::1	{"c":"System","m":"user","page":"1","num":"10","loginTime":"2017-11-03 - 2017-12-02","orderby":{"id":"asc"}}
[UPDATE]	2017-12-02 17:37:40	UPDATE user SET `userName`=:userName,`pwd`=:pwd,`roleId`=:roleId WHERE `id`='4';	{"userName":"whx1","pwd":"83fb3aebf5e448727c1f99ceb748c890","roleId":"1"}	::1	{"c":"System","m":"user","id":"4","userName":"whx1","lastLoginTime":"0","roleId":"1","$$hashKey":"uiGrid-000R","a":"mod","pwd":"122211"}
[SELECT]	2017-12-02 17:37:43	SELECT count(*) as sum FROM user	null	::1	{"c":"System","m":"user","page":"1","num":"10","loginTime":"2017-11-03 - 2017-12-02","orderby":{"id":"asc"}}
[SELECT]	2017-12-02 17:37:43	SELECT id,userName,lastLoginTime,roleId FROM user ORDER BY id asc LIMIT 0,10	null	::1	{"c":"System","m":"user","page":"1","num":"10","loginTime":"2017-11-03 - 2017-12-02","orderby":{"id":"asc"}}
[UPDATE]	2017-12-02 17:37:50	UPDATE user SET `userName`=:userName,`pwd`=:pwd,`roleId`=:roleId WHERE `id`='4';	{"userName":"whx1","pwd":"c845da11994071caf5047198b0e4db9b","roleId":"132"}	::1	{"c":"System","m":"user","id":"4","userName":"whx1","lastLoginTime":"0","roleId":"132","$$hashKey":"uiGrid-002R","a":"mod","pwd":"3322112"}
[SELECT]	2017-12-02 17:37:52	SELECT count(*) as sum FROM user	null	::1	{"c":"System","m":"user","page":"1","num":"10","loginTime":"2017-11-03 - 2017-12-02","orderby":{"id":"asc"}}
[SELECT]	2017-12-02 17:37:52	SELECT id,userName,lastLoginTime,roleId FROM user ORDER BY id asc LIMIT 0,10	null	::1	{"c":"System","m":"user","page":"1","num":"10","loginTime":"2017-11-03 - 2017-12-02","orderby":{"id":"asc"}}
[SELECT]	2017-12-02 17:37:52	SELECT count(*) as sum FROM user	null	::1	{"c":"System","m":"user","page":"1","num":"10","loginTime":"2017-11-03 - 2017-12-02","orderby":{"id":"asc"}}
[SELECT]	2017-12-02 17:37:52	SELECT id,userName,lastLoginTime,roleId FROM user ORDER BY id asc LIMIT 0,10	null	::1	{"c":"System","m":"user","page":"1","num":"10","loginTime":"2017-11-03 - 2017-12-02","orderby":{"id":"asc"}}
[SELECT]	2017-12-02 17:37:54	SELECT `privileges` FROM `role` WHERE `id`=1	[]	::1	{"c":"System","m":"menu"}
[SELECT]	2017-12-02 17:37:54	SELECT * FROM `menu` WHERE `id` in (1,2,3,4,5,6,7) ORDER BY `sort`	[]	::1	{"c":"System","m":"menu"}
[SELECT]	2017-12-02 17:37:54	SELECT id,userName FROM user	null	::1	{"c":"Common","m":"getUsersInfo"}
[SELECT]	2017-12-02 17:37:54	SELECT count(*) as sum FROM user	null	::1	{"c":"System","m":"user","page":"1","num":"10","loginTime":"2017-11-03 - 2017-12-02","orderby":{"id":"asc"}}
[SELECT]	2017-12-02 17:37:54	SELECT id,userName,lastLoginTime,roleId FROM user ORDER BY id asc LIMIT 0,10	null	::1	{"c":"System","m":"user","page":"1","num":"10","loginTime":"2017-11-03 - 2017-12-02","orderby":{"id":"asc"}}
[UPDATE]	2017-12-02 17:52:24	UPDATE user SET `userName`=:userName WHERE `id`='6';	{"userName":"admin1"}	::1	{"c":"System","m":"user","id":"6","userName":"admin1","lastLoginTime":"0","roleId":"15","$$hashKey":"uiGrid-000V","a":"mod"}
[SELECT]	2017-12-02 17:52:26	SELECT count(*) as sum FROM user	null	::1	{"c":"System","m":"user","page":"1","num":"10","loginTime":"2017-11-03 - 2017-12-02","orderby":{"id":"asc"}}
[SELECT]	2017-12-02 17:52:26	SELECT id,userName,lastLoginTime,roleId FROM user ORDER BY id asc LIMIT 0,10	null	::1	{"c":"System","m":"user","page":"1","num":"10","loginTime":"2017-11-03 - 2017-12-02","orderby":{"id":"asc"}}
[UPDATE]	2017-12-02 17:52:43	UPDATE user SET `userName`=:userName WHERE `id`='5';	{"userName":"whx12"}	::1	{"c":"System","m":"user","id":"5","userName":"whx12","lastLoginTime":"0","roleId":"18888","$$hashKey":"uiGrid-002T","a":"mod"}
[SELECT]	2017-12-02 17:52:45	SELECT count(*) as sum FROM user	null	::1	{"c":"System","m":"user","page":"1","num":"10","loginTime":"2017-11-03 - 2017-12-02","orderby":{"id":"asc"}}
[SELECT]	2017-12-02 17:52:45	SELECT id,userName,lastLoginTime,roleId FROM user ORDER BY id asc LIMIT 0,10	null	::1	{"c":"System","m":"user","page":"1","num":"10","loginTime":"2017-11-03 - 2017-12-02","orderby":{"id":"asc"}}
[SELECT]	2017-12-02 17:52:45	SELECT count(*) as sum FROM user	null	::1	{"c":"System","m":"user","page":"1","num":"10","loginTime":"2017-11-03 - 2017-12-02","orderby":{"id":"asc"}}
[SELECT]	2017-12-02 17:52:45	SELECT id,userName,lastLoginTime,roleId FROM user ORDER BY id asc LIMIT 0,10	null	::1	{"c":"System","m":"user","page":"1","num":"10","loginTime":"2017-11-03 - 2017-12-02","orderby":{"id":"asc"}}
[UPDATE]	2017-12-02 17:53:27	UPDATE user SET `userName`=:userName,`pwd`=:pwd,`roleId`=:roleId WHERE `id`='7';	{"userName":"admin11","pwd":"85e1c5fcd281659a09398f110f2d039f","roleId":"12222222"}	::1	{"c":"System","m":"user","id":"7","userName":"admin11","lastLoginTime":"0","roleId":"12222222","$$hashKey":"uiGrid-003X","a":"mod","pwd":"wwwwwww"}
[UPDATE]	2017-12-02 17:53:41	UPDATE user SET `userName`=:userName,`pwd`=:pwd,`roleId`=:roleId WHERE `id`='7';	{"userName":"admin11","pwd":"85e1c5fcd281659a09398f110f2d039f","roleId":"321"}	::1	{"c":"System","m":"user","id":"7","userName":"admin11","lastLoginTime":"0","roleId":"321","$$hashKey":"uiGrid-003X","a":"mod","pwd":"wwwwwww"}
[SELECT]	2017-12-02 17:53:43	SELECT count(*) as sum FROM user	null	::1	{"c":"System","m":"user","page":"1","num":"10","loginTime":"2017-11-03 - 2017-12-02","orderby":{"id":"asc"}}
[SELECT]	2017-12-02 17:53:43	SELECT id,userName,lastLoginTime,roleId FROM user ORDER BY id asc LIMIT 0,10	null	::1	{"c":"System","m":"user","page":"1","num":"10","loginTime":"2017-11-03 - 2017-12-02","orderby":{"id":"asc"}}
[SELECT]	2017-12-02 17:53:43	SELECT count(*) as sum FROM user	null	::1	{"c":"System","m":"user","page":"1","num":"10","loginTime":"2017-11-03 - 2017-12-02","orderby":{"id":"asc"}}
[SELECT]	2017-12-02 17:53:43	SELECT id,userName,lastLoginTime,roleId FROM user ORDER BY id asc LIMIT 0,10	null	::1	{"c":"System","m":"user","page":"1","num":"10","loginTime":"2017-11-03 - 2017-12-02","orderby":{"id":"asc"}}
[SELECT]	2017-12-02 17:53:43	SELECT count(*) as sum FROM user	null	::1	{"c":"System","m":"user","page":"1","num":"10","loginTime":"2017-11-03 - 2017-12-02","orderby":{"id":"asc"}}
[SELECT]	2017-12-02 17:53:43	SELECT id,userName,lastLoginTime,roleId FROM user ORDER BY id asc LIMIT 0,10	null	::1	{"c":"System","m":"user","page":"1","num":"10","loginTime":"2017-11-03 - 2017-12-02","orderby":{"id":"asc"}}
[UPDATE]	2017-12-02 17:53:50	UPDATE user SET `userName`=:userName WHERE `id`='7';	{"userName":"admin11"}	::1	{"c":"System","m":"user","id":"7","userName":"admin11","lastLoginTime":"0","roleId":"3211","$$hashKey":"uiGrid-005F","a":"mod"}
[SELECT]	2017-12-02 17:53:52	SELECT count(*) as sum FROM user	null	::1	{"c":"System","m":"user","page":"1","num":"10","loginTime":"2017-11-03 - 2017-12-02","orderby":{"id":"asc"}}
[SELECT]	2017-12-02 17:53:52	SELECT id,userName,lastLoginTime,roleId FROM user ORDER BY id asc LIMIT 0,10	null	::1	{"c":"System","m":"user","page":"1","num":"10","loginTime":"2017-11-03 - 2017-12-02","orderby":{"id":"asc"}}
[SELECT]	2017-12-02 17:53:52	SELECT count(*) as sum FROM user	null	::1	{"c":"System","m":"user","page":"1","num":"10","loginTime":"2017-11-03 - 2017-12-02","orderby":{"id":"asc"}}
[SELECT]	2017-12-02 17:53:52	SELECT id,userName,lastLoginTime,roleId FROM user ORDER BY id asc LIMIT 0,10	null	::1	{"c":"System","m":"user","page":"1","num":"10","loginTime":"2017-11-03 - 2017-12-02","orderby":{"id":"asc"}}
[SELECT]	2017-12-02 17:53:52	SELECT count(*) as sum FROM user	null	::1	{"c":"System","m":"user","page":"1","num":"10","loginTime":"2017-11-03 - 2017-12-02","orderby":{"id":"asc"}}
[SELECT]	2017-12-02 17:53:52	SELECT id,userName,lastLoginTime,roleId FROM user ORDER BY id asc LIMIT 0,10	null	::1	{"c":"System","m":"user","page":"1","num":"10","loginTime":"2017-11-03 - 2017-12-02","orderby":{"id":"asc"}}
[SELECT]	2017-12-02 17:53:52	SELECT count(*) as sum FROM user	null	::1	{"c":"System","m":"user","page":"1","num":"10","loginTime":"2017-11-03 - 2017-12-02","orderby":{"id":"asc"}}
[SELECT]	2017-12-02 17:53:52	SELECT id,userName,lastLoginTime,roleId FROM user ORDER BY id asc LIMIT 0,10	null	::1	{"c":"System","m":"user","page":"1","num":"10","loginTime":"2017-11-03 - 2017-12-02","orderby":{"id":"asc"}}



[UPDATE]	2017-12-02 17:54:30	UPDATE user SET `userName`=:userName WHERE `id`='8';	{"userName":"tttt"}	::1	{"c":"System","m":"user","id":"8","userName":"tttt","lastLoginTime":"0","roleId":"21","$$hashKey":"uiGrid-007H","a":"mod"}
[SELECT]	2017-12-02 17:54:33	SELECT count(*) as sum FROM user	null	::1	{"c":"System","m":"user","page":"1","num":"10","loginTime":"2017-11-03 - 2017-12-02","orderby":{"id":"asc"}}
[SELECT]	2017-12-02 17:54:33	SELECT id,userName,lastLoginTime,roleId FROM user ORDER BY id asc LIMIT 0,10	null	::1	{"c":"System","m":"user","page":"1","num":"10","loginTime":"2017-11-03 - 2017-12-02","orderby":{"id":"asc"}}
[SELECT]	2017-12-02 17:54:33	SELECT count(*) as sum FROM user	null	::1	{"c":"System","m":"user","page":"1","num":"10","loginTime":"2017-11-03 - 2017-12-02","orderby":{"id":"asc"}}
[SELECT]	2017-12-02 17:54:33	SELECT id,userName,lastLoginTime,roleId FROM user ORDER BY id asc LIMIT 0,10	null	::1	{"c":"System","m":"user","page":"1","num":"10","loginTime":"2017-11-03 - 2017-12-02","orderby":{"id":"asc"}}
[SELECT]	2017-12-02 17:54:33	SELECT count(*) as sum FROM user	null	::1	{"c":"System","m":"user","page":"1","num":"10","loginTime":"2017-11-03 - 2017-12-02","orderby":{"id":"asc"}}
[SELECT]	2017-12-02 17:54:33	SELECT id,userName,lastLoginTime,roleId FROM user ORDER BY id asc LIMIT 0,10	null	::1	{"c":"System","m":"user","page":"1","num":"10","loginTime":"2017-11-03 - 2017-12-02","orderby":{"id":"asc"}}
[SELECT]	2017-12-02 17:54:33	SELECT count(*) as sum FROM user	null	::1	{"c":"System","m":"user","page":"1","num":"10","loginTime":"2017-11-03 - 2017-12-02","orderby":{"id":"asc"}}
[SELECT]	2017-12-02 17:54:33	SELECT id,userName,lastLoginTime,roleId FROM user ORDER BY id asc LIMIT 0,10	null	::1	{"c":"System","m":"user","page":"1","num":"10","loginTime":"2017-11-03 - 2017-12-02","orderby":{"id":"asc"}}
[SELECT]	2017-12-02 17:54:33	SELECT count(*) as sum FROM user	null	::1	{"c":"System","m":"user","page":"1","num":"10","loginTime":"2017-11-03 - 2017-12-02","orderby":{"id":"asc"}}
[SELECT]	2017-12-02 17:54:33	SELECT id,userName,lastLoginTime,roleId FROM user ORDER BY id asc LIMIT 0,10	null	::1	{"c":"System","m":"user","page":"1","num":"10","loginTime":"2017-11-03 - 2017-12-02","orderby":{"id":"asc"}}
[UPDATE]	2017-12-02 17:56:21	UPDATE user SET `userName`=:userName WHERE `id`='6';	{"userName":"admin1"}	::1	{"c":"System","m":"user","id":"6","userName":"admin1","lastLoginTime":"0","roleId":"18","$$hashKey":"uiGrid-009V","a":"mod"}
[SELECT]	2017-12-02 17:56:23	SELECT count(*) as sum FROM user	null	::1	{"c":"System","m":"user","page":"1","num":"10","loginTime":"2017-11-03 - 2017-12-02","orderby":{"id":"asc"}}
[SELECT]	2017-12-02 17:56:23	SELECT id,userName,lastLoginTime,roleId FROM user ORDER BY id asc LIMIT 0,10	null	::1	{"c":"System","m":"user","page":"1","num":"10","loginTime":"2017-11-03 - 2017-12-02","orderby":{"id":"asc"}}
[SELECT]	2017-12-02 17:56:23	SELECT count(*) as sum FROM user	null	::1	{"c":"System","m":"user","page":"1","num":"10","loginTime":"2017-11-03 - 2017-12-02","orderby":{"id":"asc"}}
[SELECT]	2017-12-02 17:56:23	SELECT id,userName,lastLoginTime,roleId FROM user ORDER BY id asc LIMIT 0,10	null	::1	{"c":"System","m":"user","page":"1","num":"10","loginTime":"2017-11-03 - 2017-12-02","orderby":{"id":"asc"}}
[SELECT]	2017-12-02 17:56:23	SELECT count(*) as sum FROM user	null	::1	{"c":"System","m":"user","page":"1","num":"10","loginTime":"2017-11-03 - 2017-12-02","orderby":{"id":"asc"}}
[SELECT]	2017-12-02 17:56:23	SELECT id,userName,lastLoginTime,roleId FROM user ORDER BY id asc LIMIT 0,10	null	::1	{"c":"System","m":"user","page":"1","num":"10","loginTime":"2017-11-03 - 2017-12-02","orderby":{"id":"asc"}}
[SELECT]	2017-12-02 17:56:24	SELECT count(*) as sum FROM user	null	::1	{"c":"System","m":"user","page":"1","num":"10","loginTime":"2017-11-03 - 2017-12-02","orderby":{"id":"asc"}}
[SELECT]	2017-12-02 17:56:24	SELECT id,userName,lastLoginTime,roleId FROM user ORDER BY id asc LIMIT 0,10	null	::1	{"c":"System","m":"user","page":"1","num":"10","loginTime":"2017-11-03 - 2017-12-02","orderby":{"id":"asc"}}
[SELECT]	2017-12-02 17:56:24	SELECT count(*) as sum FROM user	null	::1	{"c":"System","m":"user","page":"1","num":"10","loginTime":"2017-11-03 - 2017-12-02","orderby":{"id":"asc"}}
[SELECT]	2017-12-02 17:56:24	SELECT id,userName,lastLoginTime,roleId FROM user ORDER BY id asc LIMIT 0,10	null	::1	{"c":"System","m":"user","page":"1","num":"10","loginTime":"2017-11-03 - 2017-12-02","orderby":{"id":"asc"}}
[SELECT]	2017-12-02 17:56:24	SELECT count(*) as sum FROM user	null	::1	{"c":"System","m":"user","page":"1","num":"10","loginTime":"2017-11-03 - 2017-12-02","orderby":{"id":"asc"}}
[SELECT]	2017-12-02 17:56:24	SELECT id,userName,lastLoginTime,roleId FROM user ORDER BY id asc LIMIT 0,10	null	::1	{"c":"System","m":"user","page":"1","num":"10","loginTime":"2017-11-03 - 2017-12-02","orderby":{"id":"asc"}}
[UPDATE]	2017-12-02 17:56:38	UPDATE user SET `userName`=:userName WHERE `id`='2';	{"userName":"whx"}	::1	{"c":"System","m":"user","id":"2","userName":"whx","lastLoginTime":"1512202288","roleId":"1","$$hashKey":"uiGrid-00CP","a":"mod"}
[SELECT]	2017-12-02 17:56:40	SELECT count(*) as sum FROM user	null	::1	{"c":"System","m":"user","page":"1","num":"10","loginTime":"2017-11-03 - 2017-12-02","orderby":{"id":"asc"}}
[SELECT]	2017-12-02 17:56:40	SELECT id,userName,lastLoginTime,roleId FROM user ORDER BY id asc LIMIT 0,10	null	::1	{"c":"System","m":"user","page":"1","num":"10","loginTime":"2017-11-03 - 2017-12-02","orderby":{"id":"asc"}}
[SELECT]	2017-12-02 17:56:40	SELECT count(*) as sum FROM user	null	::1	{"c":"System","m":"user","page":"1","num":"10","loginTime":"2017-11-03 - 2017-12-02","orderby":{"id":"asc"}}
[SELECT]	2017-12-02 17:56:40	SELECT id,userName,lastLoginTime,roleId FROM user ORDER BY id asc LIMIT 0,10	null	::1	{"c":"System","m":"user","page":"1","num":"10","loginTime":"2017-11-03 - 2017-12-02","orderby":{"id":"asc"}}
[SELECT]	2017-12-02 17:56:40	SELECT count(*) as sum FROM user	null	::1	{"c":"System","m":"user","page":"1","num":"10","loginTime":"2017-11-03 - 2017-12-02","orderby":{"id":"asc"}}
[SELECT]	2017-12-02 17:56:40	SELECT id,userName,lastLoginTime,roleId FROM user ORDER BY id asc LIMIT 0,10	null	::1	{"c":"System","m":"user","page":"1","num":"10","loginTime":"2017-11-03 - 2017-12-02","orderby":{"id":"asc"}}
[SELECT]	2017-12-02 17:56:40	SELECT count(*) as sum FROM user	null	::1	{"c":"System","m":"user","page":"1","num":"10","loginTime":"2017-11-03 - 2017-12-02","orderby":{"id":"asc"}}
[SELECT]	2017-12-02 17:56:40	SELECT id,userName,lastLoginTime,roleId FROM user ORDER BY id asc LIMIT 0,10	null	::1	{"c":"System","m":"user","page":"1","num":"10","loginTime":"2017-11-03 - 2017-12-02","orderby":{"id":"asc"}}
[SELECT]	2017-12-02 17:56:40	SELECT count(*) as sum FROM user	null	::1	{"c":"System","m":"user","page":"1","num":"10","loginTime":"2017-11-03 - 2017-12-02","orderby":{"id":"asc"}}
[SELECT]	2017-12-02 17:56:40	SELECT id,userName,lastLoginTime,roleId FROM user ORDER BY id asc LIMIT 0,10	null	::1	{"c":"System","m":"user","page":"1","num":"10","loginTime":"2017-11-03 - 2017-12-02","orderby":{"id":"asc"}}
[SELECT]	2017-12-02 17:56:40	SELECT count(*) as sum FROM user	null	::1	{"c":"System","m":"user","page":"1","num":"10","loginTime":"2017-11-03 - 2017-12-02","orderby":{"id":"asc"}}
[SELECT]	2017-12-02 17:56:40	SELECT id,userName,lastLoginTime,roleId FROM user ORDER BY id asc LIMIT 0,10	null	::1	{"c":"System","m":"user","page":"1","num":"10","loginTime":"2017-11-03 - 2017-12-02","orderby":{"id":"asc"}}
[SELECT]	2017-12-02 17:56:40	SELECT count(*) as sum FROM user	null	::1	{"c":"System","m":"user","page":"1","num":"10","loginTime":"2017-11-03 - 2017-12-02","orderby":{"id":"asc"}}
[SELECT]	2017-12-02 17:56:40	SELECT id,userName,lastLoginTime,roleId FROM user ORDER BY id asc LIMIT 0,10	null	::1	{"c":"System","m":"user","page":"1","num":"10","loginTime":"2017-11-03 - 2017-12-02","orderby":{"id":"asc"}}
[UPDATE]	2017-12-02 17:57:19	UPDATE user SET `userName`=:userName,`roleId`=:roleId WHERE `id`='8';	{"userName":"tttt","roleId":"33"}	::1	{"c":"System","m":"user","id":"8","userName":"tttt","lastLoginTime":"0","roleId":"33","$$hashKey":"uiGrid-00GH","a":"mod"}
[SELECT]	2017-12-02 17:57:23	SELECT count(*) as sum FROM user	null	::1	{"c":"System","m":"user","page":"1","num":"10","loginTime":"2017-11-03 - 2017-12-02","orderby":{"id":"asc"}}
[SELECT]	2017-12-02 17:57:23	SELECT id,userName,lastLoginTime,roleId FROM user ORDER BY id asc LIMIT 0,10	null	::1	{"c":"System","m":"user","page":"1","num":"10","loginTime":"2017-11-03 - 2017-12-02","orderby":{"id":"asc"}}
[SELECT]	2017-12-02 17:57:23	SELECT count(*) as sum FROM user	null	::1	{"c":"System","m":"user","page":"1","num":"10","loginTime":"2017-11-03 - 2017-12-02","orderby":{"id":"asc"}}
[SELECT]	2017-12-02 17:57:23	SELECT id,userName,lastLoginTime,roleId FROM user ORDER BY id asc LIMIT 0,10	null	::1	{"c":"System","m":"user","page":"1","num":"10","loginTime":"2017-11-03 - 2017-12-02","orderby":{"id":"asc"}}
[SELECT]	2017-12-02 17:57:23	SELECT count(*) as sum FROM user	null	::1	{"c":"System","m":"user","page":"1","num":"10","loginTime":"2017-11-03 - 2017-12-02","orderby":{"id":"asc"}}
[SELECT]	2017-12-02 17:57:23	SELECT id,userName,lastLoginTime,roleId FROM user ORDER BY id asc LIMIT 0,10	null	::1	{"c":"System","m":"user","page":"1","num":"10","loginTime":"2017-11-03 - 2017-12-02","orderby":{"id":"asc"}}
[SELECT]	2017-12-02 17:57:23	SELECT count(*) as sum FROM user	null	::1	{"c":"System","m":"user","page":"1","num":"10","loginTime":"2017-11-03 - 2017-12-02","orderby":{"id":"asc"}}
[SELECT]	2017-12-02 17:57:23	SELECT id,userName,lastLoginTime,roleId FROM user ORDER BY id asc LIMIT 0,10	null	::1	{"c":"System","m":"user","page":"1","num":"10","loginTime":"2017-11-03 - 2017-12-02","orderby":{"id":"asc"}}
[SELECT]	2017-12-02 17:57:23	SELECT count(*) as sum FROM user	null	::1	{"c":"System","m":"user","page":"1","num":"10","loginTime":"2017-11-03 - 2017-12-02","orderby":{"id":"asc"}}
[SELECT]	2017-12-02 17:57:23	SELECT id,userName,lastLoginTime,roleId FROM user ORDER BY id asc LIMIT 0,10	null	::1	{"c":"System","m":"user","page":"1","num":"10","loginTime":"2017-11-03 - 2017-12-02","orderby":{"id":"asc"}}
[SELECT]	2017-12-02 17:57:23	SELECT count(*) as sum FROM user	null	::1	{"c":"System","m":"user","page":"1","num":"10","loginTime":"2017-11-03 - 2017-12-02","orderby":{"id":"asc"}}
[SELECT]	2017-12-02 17:57:23	SELECT id,userName,lastLoginTime,roleId FROM user ORDER BY id asc LIMIT 0,10	null	::1	{"c":"System","m":"user","page":"1","num":"10","loginTime":"2017-11-03 - 2017-12-02","orderby":{"id":"asc"}}
[SELECT]	2017-12-02 17:57:23	SELECT count(*) as sum FROM user	null	::1	{"c":"System","m":"user","page":"1","num":"10","loginTime":"2017-11-03 - 2017-12-02","orderby":{"id":"asc"}}
[SELECT]	2017-12-02 17:57:23	SELECT id,userName,lastLoginTime,roleId FROM user ORDER BY id asc LIMIT 0,10	null	::1	{"c":"System","m":"user","page":"1","num":"10","loginTime":"2017-11-03 - 2017-12-02","orderby":{"id":"asc"}}
[SELECT]	2017-12-02 17:57:23	SELECT count(*) as sum FROM user	null	::1	{"c":"System","m":"user","page":"1","num":"10","loginTime":"2017-11-03 - 2017-12-02","orderby":{"id":"asc"}}
[SELECT]	2017-12-02 17:57:23	SELECT id,userName,lastLoginTime,roleId FROM user ORDER BY id asc LIMIT 0,10	null	::1	{"c":"System","m":"user","page":"1","num":"10","loginTime":"2017-11-03 - 2017-12-02","orderby":{"id":"asc"}}
[UPDATE]	2017-12-02 17:57:36	UPDATE user SET `userName`=:userName,`roleId`=:roleId WHERE `id`='8';	{"userName":"tttt","roleId":"33"}	::1	{"c":"System","m":"user","id":"8","userName":"tttt","lastLoginTime":"0","roleId":"33","$$hashKey":"uiGrid-00KH","a":"mod"}
[SELECT]	2017-12-02 17:57:52	SELECT count(*) as sum FROM user	null	::1	{"c":"System","m":"user","page":"1","num":"10","loginTime":"2017-11-03 - 2017-12-02","orderby":{"id":"asc"}}
[SELECT]	2017-12-02 17:57:52	SELECT id,userName,lastLoginTime,roleId FROM user ORDER BY id asc LIMIT 0,10	null	::1	{"c":"System","m":"user","page":"1","num":"10","loginTime":"2017-11-03 - 2017-12-02","orderby":{"id":"asc"}}
[SELECT]	2017-12-02 17:57:52	SELECT count(*) as sum FROM user	null	::1	{"c":"System","m":"user","page":"1","num":"10","loginTime":"2017-11-03 - 2017-12-02","orderby":{"id":"asc"}}
[SELECT]	2017-12-02 17:57:52	SELECT id,userName,lastLoginTime,roleId FROM user ORDER BY id asc LIMIT 0,10	null	::1	{"c":"System","m":"user","page":"1","num":"10","loginTime":"2017-11-03 - 2017-12-02","orderby":{"id":"asc"}}
[SELECT]	2017-12-02 17:57:52	SELECT count(*) as sum FROM user	null	::1	{"c":"System","m":"user","page":"1","num":"10","loginTime":"2017-11-03 - 2017-12-02","orderby":{"id":"asc"}}
[SELECT]	2017-12-02 17:57:52	SELECT id,userName,lastLoginTime,roleId FROM user ORDER BY id asc LIMIT 0,10	null	::1	{"c":"System","m":"user","page":"1","num":"10","loginTime":"2017-11-03 - 2017-12-02","orderby":{"id":"asc"}}
[SELECT]	2017-12-02 17:57:52	SELECT count(*) as sum FROM user	null	::1	{"c":"System","m":"user","page":"1","num":"10","loginTime":"2017-11-03 - 2017-12-02","orderby":{"id":"asc"}}
[SELECT]	2017-12-02 17:57:52	SELECT id,userName,lastLoginTime,roleId FROM user ORDER BY id asc LIMIT 0,10	null	::1	{"c":"System","m":"user","page":"1","num":"10","loginTime":"2017-11-03 - 2017-12-02","orderby":{"id":"asc"}}
[SELECT]	2017-12-02 17:57:52	SELECT count(*) as sum FROM user	null	::1	{"c":"System","m":"user","page":"1","num":"10","loginTime":"2017-11-03 - 2017-12-02","orderby":{"id":"asc"}}
[SELECT]	2017-12-02 17:57:52	SELECT id,userName,lastLoginTime,roleId FROM user ORDER BY id asc LIMIT 0,10	null	::1	{"c":"System","m":"user","page":"1","num":"10","loginTime":"2017-11-03 - 2017-12-02","orderby":{"id":"asc"}}
[SELECT]	2017-12-02 17:57:52	SELECT count(*) as sum FROM user	null	::1	{"c":"System","m":"user","page":"1","num":"10","loginTime":"2017-11-03 - 2017-12-02","orderby":{"id":"asc"}}
[SELECT]	2017-12-02 17:57:52	SELECT id,userName,lastLoginTime,roleId FROM user ORDER BY id asc LIMIT 0,10	null	::1	{"c":"System","m":"user","page":"1","num":"10","loginTime":"2017-11-03 - 2017-12-02","orderby":{"id":"asc"}}
[SELECT]	2017-12-02 17:57:52	SELECT count(*) as sum FROM user	null	::1	{"c":"System","m":"user","page":"1","num":"10","loginTime":"2017-11-03 - 2017-12-02","orderby":{"id":"asc"}}
[SELECT]	2017-12-02 17:57:52	SELECT id,userName,lastLoginTime,roleId FROM user ORDER BY id asc LIMIT 0,10	null	::1	{"c":"System","m":"user","page":"1","num":"10","loginTime":"2017-11-03 - 2017-12-02","orderby":{"id":"asc"}}
[SELECT]	2017-12-02 17:57:52	SELECT count(*) as sum FROM user	null	::1	{"c":"System","m":"user","page":"1","num":"10","loginTime":"2017-11-03 - 2017-12-02","orderby":{"id":"asc"}}
[SELECT]	2017-12-02 17:57:52	SELECT id,userName,lastLoginTime,roleId FROM user ORDER BY id asc LIMIT 0,10	null	::1	{"c":"System","m":"user","page":"1","num":"10","loginTime":"2017-11-03 - 2017-12-02","orderby":{"id":"asc"}}
[SELECT]	2017-12-02 17:57:52	SELECT count(*) as sum FROM user	null	::1	{"c":"System","m":"user","page":"1","num":"10","loginTime":"2017-11-03 - 2017-12-02","orderby":{"id":"asc"}}
[SELECT]	2017-12-02 17:57:52	SELECT id,userName,lastLoginTime,roleId FROM user ORDER BY id asc LIMIT 0,10	null	::1	{"c":"System","m":"user","page":"1","num":"10","loginTime":"2017-11-03 - 2017-12-02","orderby":{"id":"asc"}}
[SELECT]	2017-12-02 17:59:02	SELECT `privileges` FROM `role` WHERE `id`=1	[]	::1	{"c":"System","m":"menu"}
[SELECT]	2017-12-02 17:59:02	SELECT * FROM `menu` WHERE `id` in (1,2,3,4,5,6,7) ORDER BY `sort`	[]	::1	{"c":"System","m":"menu"}
[SELECT]	2017-12-02 17:59:02	SELECT id,userName FROM user	null	::1	{"c":"Common","m":"getUsersInfo"}
[SELECT]	2017-12-02 17:59:02	SELECT count(*) as sum FROM user	null	::1	{"c":"System","m":"user","page":"1","num":"10","loginTime":"2017-11-03 - 2017-12-02","orderby":{"id":"asc"}}
[SELECT]	2017-12-02 17:59:02	SELECT id,userName,lastLoginTime,roleId FROM user ORDER BY id asc LIMIT 0,10	null	::1	{"c":"System","m":"user","page":"1","num":"10","loginTime":"2017-11-03 - 2017-12-02","orderby":{"id":"asc"}}
[UPDATE]	2017-12-02 17:59:05	UPDATE user SET `userName`=:userName,`roleId`=:roleId WHERE `id`='5';	{"userName":"whx12","roleId":"1"}	::1	{"c":"System","m":"user","id":"5","userName":"whx12","lastLoginTime":"0","roleId":"1","$$hashKey":"uiGrid-000T","a":"mod"}
[UPDATE]	2017-12-02 17:59:26	UPDATE user SET `userName`=:userName,`roleId`=:roleId WHERE `id`='5';	{"userName":"whx12","roleId":"0"}	::1	{"c":"System","m":"user","id":"5","userName":"whx12","lastLoginTime":"0","roleId":"0","$$hashKey":"uiGrid-000T","a":"mod"}
[SELECT]	2017-12-02 17:59:46	SELECT `privileges` FROM `role` WHERE `id`=1	[]	::1	{"c":"System","m":"menu"}
[SELECT]	2017-12-02 17:59:46	SELECT * FROM `menu` WHERE `id` in (1,2,3,4,5,6,7) ORDER BY `sort`	[]	::1	{"c":"System","m":"menu"}
[SELECT]	2017-12-02 17:59:46	SELECT id,userName FROM user	null	::1	{"c":"Common","m":"getUsersInfo"}
[SELECT]	2017-12-02 17:59:46	SELECT count(*) as sum FROM user	null	::1	{"c":"System","m":"user","page":"1","num":"10","loginTime":"2017-11-03 - 2017-12-02","orderby":{"id":"asc"}}
[SELECT]	2017-12-02 17:59:46	SELECT id,userName,lastLoginTime,roleId FROM user ORDER BY id asc LIMIT 0,10	null	::1	{"c":"System","m":"user","page":"1","num":"10","loginTime":"2017-11-03 - 2017-12-02","orderby":{"id":"asc"}}
[UPDATE]	2017-12-02 17:59:50	UPDATE user SET `userName`=:userName,`roleId`=:roleId WHERE `id`='5';	{"userName":"whx12","roleId":"2"}	::1	{"c":"System","m":"user","id":"5","userName":"whx12","lastLoginTime":"0","roleId":"2","$$hashKey":"uiGrid-000T","a":"mod"}
[SELECT]	2017-12-02 17:59:56	SELECT count(*) as sum FROM user	null	::1	{"c":"System","m":"user","page":"1","num":"10","loginTime":"2017-11-03 - 2017-12-02","orderby":{"id":"asc"}}
[SELECT]	2017-12-02 17:59:56	SELECT id,userName,lastLoginTime,roleId FROM user ORDER BY id asc LIMIT 0,10	null	::1	{"c":"System","m":"user","page":"1","num":"10","loginTime":"2017-11-03 - 2017-12-02","orderby":{"id":"asc"}}
[UPDATE]	2017-12-02 18:00:49	UPDATE user SET `userName`=:userName,`roleId`=:roleId WHERE `id`='9';	{"userName":"admin23","roleId":"22"}	::1	{"c":"System","m":"user","id":"9","userName":"admin23","lastLoginTime":"0","roleId":"22","$$hashKey":"uiGrid-0031","a":"mod"}
[SELECT]	2017-12-02 18:00:50	SELECT count(*) as sum FROM user	null	::1	{"c":"System","m":"user","page":"1","num":"10","loginTime":"2017-11-03 - 2017-12-02","orderby":{"id":"asc"}}
[SELECT]	2017-12-02 18:00:50	SELECT id,userName,lastLoginTime,roleId FROM user ORDER BY id asc LIMIT 0,10	null	::1	{"c":"System","m":"user","page":"1","num":"10","loginTime":"2017-11-03 - 2017-12-02","orderby":{"id":"asc"}}
[SELECT]	2017-12-02 18:00:50	SELECT count(*) as sum FROM user	null	::1	{"c":"System","m":"user","page":"1","num":"10","loginTime":"2017-11-03 - 2017-12-02","orderby":{"id":"asc"}}
[SELECT]	2017-12-02 18:00:50	SELECT id,userName,lastLoginTime,roleId FROM user ORDER BY id asc LIMIT 0,10	null	::1	{"c":"System","m":"user","page":"1","num":"10","loginTime":"2017-11-03 - 2017-12-02","orderby":{"id":"asc"}}
[UPDATE]	2017-12-02 18:01:09	UPDATE user SET `userName`=:userName,`roleId`=:roleId WHERE `id`='7';	{"userName":"admin11","roleId":"321"}	::1	{"c":"System","m":"user","id":"7","userName":"admin11","lastLoginTime":"0","roleId":"321","$$hashKey":"uiGrid-003X","a":"mod"}
[SELECT]	2017-12-02 18:01:11	SELECT count(*) as sum FROM user	null	::1	{"c":"System","m":"user","page":"1","num":"10","loginTime":"2017-11-03 - 2017-12-02","orderby":{"id":"asc"}}
[SELECT]	2017-12-02 18:01:11	SELECT id,userName,lastLoginTime,roleId FROM user ORDER BY id asc LIMIT 0,10	null	::1	{"c":"System","m":"user","page":"1","num":"10","loginTime":"2017-11-03 - 2017-12-02","orderby":{"id":"asc"}}
[SELECT]	2017-12-02 18:01:11	SELECT count(*) as sum FROM user	null	::1	{"c":"System","m":"user","page":"1","num":"10","loginTime":"2017-11-03 - 2017-12-02","orderby":{"id":"asc"}}
[SELECT]	2017-12-02 18:01:11	SELECT id,userName,lastLoginTime,roleId FROM user ORDER BY id asc LIMIT 0,10	null	::1	{"c":"System","m":"user","page":"1","num":"10","loginTime":"2017-11-03 - 2017-12-02","orderby":{"id":"asc"}}
[SELECT]	2017-12-02 18:01:11	SELECT count(*) as sum FROM user	null	::1	{"c":"System","m":"user","page":"1","num":"10","loginTime":"2017-11-03 - 2017-12-02","orderby":{"id":"asc"}}
[SELECT]	2017-12-02 18:01:11	SELECT id,userName,lastLoginTime,roleId FROM user ORDER BY id asc LIMIT 0,10	null	::1	{"c":"System","m":"user","page":"1","num":"10","loginTime":"2017-11-03 - 2017-12-02","orderby":{"id":"asc"}}
[SELECT]	2017-12-02 18:04:27	SELECT `privileges` FROM `role` WHERE `id`=1	[]	::1	{"c":"System","m":"menu"}
[SELECT]	2017-12-02 18:04:27	SELECT * FROM `menu` WHERE `id` in (1,2,3,4,5,6,7) ORDER BY `sort`	[]	::1	{"c":"System","m":"menu"}
[SELECT]	2017-12-02 18:04:27	SELECT id,userName FROM user	null	::1	{"c":"Common","m":"getUsersInfo"}
[SELECT]	2017-12-02 18:04:27	SELECT count(*) as sum FROM user	null	::1	{"c":"System","m":"user","page":"1","num":"10","loginTime":"2017-11-03 - 2017-12-02","orderby":{"id":"asc"}}
[SELECT]	2017-12-02 18:04:27	SELECT id,userName,lastLoginTime,roleId FROM user ORDER BY id asc LIMIT 0,10	null	::1	{"c":"System","m":"user","page":"1","num":"10","loginTime":"2017-11-03 - 2017-12-02","orderby":{"id":"asc"}}
[UPDATE]	2017-12-02 18:04:34	UPDATE user SET `userName`=:userName,`roleId`=:roleId WHERE `id`='6';	{"userName":"admin1","roleId":"1"}	::1	{"c":"System","m":"user","id":"6","userName":"admin1","lastLoginTime":"0","roleId":"1","$$hashKey":"uiGrid-000V","a":"mod"}
[SELECT]	2017-12-02 18:04:36	SELECT count(*) as sum FROM user	null	::1	{"c":"System","m":"user","page":"1","num":"10","loginTime":"2017-11-03 - 2017-12-02","orderby":{"id":"asc"}}
[SELECT]	2017-12-02 18:04:36	SELECT id,userName,lastLoginTime,roleId FROM user ORDER BY id asc LIMIT 0,10	null	::1	{"c":"System","m":"user","page":"1","num":"10","loginTime":"2017-11-03 - 2017-12-02","orderby":{"id":"asc"}}
[SELECT]	2017-12-02 18:04:59	SELECT count(*) as sum FROM user	null	::1	{"c":"System","m":"user"}
[SELECT]	2017-12-02 18:04:59	SELECT id,userName,lastLoginTime,roleId FROM user LIMIT 0,10	null	::1	{"c":"System","m":"user"}
[UPDATE]	2017-12-02 18:05:36	UPDATE user SET `userName`=:userName,`roleId`=:roleId WHERE `id`='8';	{"userName":"tttt","roleId":"33"}	::1	{"c":"System","m":"user","id":"8","userName":"tttt","lastLoginTime":"0","roleId":"33","$$hashKey":"uiGrid-002Z","a":"mod"}
[SELECT]	2017-12-02 18:05:38	SELECT count(*) as sum FROM user	null	::1	{"c":"System","m":"user","page":"1","num":"10","loginTime":"2017-11-03 - 2017-12-02","orderby":{"id":"asc"}}
[SELECT]	2017-12-02 18:05:38	SELECT id,userName,lastLoginTime,roleId FROM user ORDER BY id asc LIMIT 0,10	null	::1	{"c":"System","m":"user","page":"1","num":"10","loginTime":"2017-11-03 - 2017-12-02","orderby":{"id":"asc"}}
[UPDATE]	2017-12-02 18:05:43	UPDATE user SET `userName`=:userName,`roleId`=:roleId WHERE `id`='9';	{"userName":"admin23","roleId":"22"}	::1	{"c":"System","m":"user","id":"9","userName":"admin23","lastLoginTime":"0","roleId":"22","$$hashKey":"uiGrid-003J","a":"mod"}
[SELECT]	2017-12-02 18:05:45	SELECT count(*) as sum FROM user	null	::1	{"c":"System","m":"user","page":"1","num":"10","loginTime":"2017-11-03 - 2017-12-02","orderby":{"id":"asc"}}
[SELECT]	2017-12-02 18:05:45	SELECT id,userName,lastLoginTime,roleId FROM user ORDER BY id asc LIMIT 0,10	null	::1	{"c":"System","m":"user","page":"1","num":"10","loginTime":"2017-11-03 - 2017-12-02","orderby":{"id":"asc"}}
