[SELECT]	2017-12-19 20:05:46	SELECT * FROM user WHERE `userName`=?	["whx"]	::1	{"c":"System","m":"login","pwd":"Whx920927","loginname":"whx"}
[SELECT]	2017-12-19 20:05:46	SELECT * FROM role WHERE `id`=?	["1"]	::1	{"c":"System","m":"login","pwd":"Whx920927","loginname":"whx"}
[SELECT]	2017-12-19 20:05:46	SELECT `func` FROM `menu` WHERE `id` in (1,2,10,3,6,7,8,9,11) ORDER BY `sort`	[]	::1	{"c":"System","m":"login","pwd":"Whx920927","loginname":"whx"}
[INSERT]	2017-12-19 20:05:46	INSERT INTO loginList (`userId`,`LoginIp`,`loginTime`) values (:userId, :LoginIp, :loginTime);	{"userId":"2","LoginIp":"::1","loginTime":1513685146}	::1	{"c":"System","m":"login","pwd":"Whx920927","loginname":"whx"}
[UPDATE]	2017-12-19 20:05:46	UPDATE user SET `lastLoginTime`=:lastLoginTime WHERE `id`='2';	{"lastLoginTime":1513685146}	::1	{"c":"System","m":"login","pwd":"Whx920927","loginname":"whx"}
[SELECT]	2017-12-19 20:05:46	SELECT * FROM role WHERE `id`=?	["1"]	::1	{"c":"System","m":"menu"}
[SELECT]	2017-12-19 20:05:46	SELECT * FROM `menu` WHERE `id` in (1,2,10,3,6,7,8,9,11) ORDER BY `sort`	[]	::1	{"c":"System","m":"menu"}
[SELECT]	2017-12-19 20:05:54	SELECT id,userName FROM user	null	::1	{"c":"Common","m":"getUsersInfo"}
[SELECT]	2017-12-19 20:05:54	SELECT id,roleName FROM role	null	::1	{"c":"Common","m":"getRolesInfo"}
[SELECT]	2017-12-19 20:05:54	SELECT count(*) as sum FROM user	null	::1	{"c":"System","m":"user","page":"1","num":"10","loginTime":"2017-11-20 - 2017-12-19","orderby":{"id":"asc"}}
[SELECT]	2017-12-19 20:05:54	SELECT id,userName,lastLoginTime,roleId FROM user ORDER BY id asc LIMIT 0,10	null	::1	{"c":"System","m":"user","page":"1","num":"10","loginTime":"2017-11-20 - 2017-12-19","orderby":{"id":"asc"}}
[SELECT]	2017-12-19 20:06:00	SELECT count(*) as sum FROM loginList WHERE `loginTime` between ? AND ?	[1511107200,1513699199]	::1	{"c":"System","m":"loginList","page":"1","num":"10","loginTime":"2017-11-20 - 2017-12-19","orderby":{"loginTime":"desc"}}
[SELECT]	2017-12-19 20:06:00	SELECT * FROM loginList WHERE `loginTime` between ? AND ? ORDER BY loginTime desc LIMIT 0,10	[1511107200,1513699199]	::1	{"c":"System","m":"loginList","page":"1","num":"10","loginTime":"2017-11-20 - 2017-12-19","orderby":{"loginTime":"desc"}}
[SELECT]	2017-12-19 20:06:03	SELECT count(*) as sum FROM loginList WHERE `loginTime` between ? AND ?	[1511107200,1513699199]	::1	{"c":"System","m":"loginList","page":"2","num":"10","loginTime":"2017-11-20 - 2017-12-19","orderby":{"loginTime":"desc"}}
[SELECT]	2017-12-19 20:06:03	SELECT * FROM loginList WHERE `loginTime` between ? AND ? ORDER BY loginTime desc LIMIT 10,10	[1511107200,1513699199]	::1	{"c":"System","m":"loginList","page":"2","num":"10","loginTime":"2017-11-20 - 2017-12-19","orderby":{"loginTime":"desc"}}
[SELECT]	2017-12-19 20:06:05	SELECT count(*) as sum FROM loginList WHERE `loginTime` between ? AND ?	[1511107200,1513699199]	::1	{"c":"System","m":"loginList","page":"3","num":"10","loginTime":"2017-11-20 - 2017-12-19","orderby":{"loginTime":"desc"}}
[SELECT]	2017-12-19 20:06:05	SELECT * FROM loginList WHERE `loginTime` between ? AND ? ORDER BY loginTime desc LIMIT 20,10	[1511107200,1513699199]	::1	{"c":"System","m":"loginList","page":"3","num":"10","loginTime":"2017-11-20 - 2017-12-19","orderby":{"loginTime":"desc"}}
[SELECT]	2017-12-19 20:06:08	SELECT count(*) as sum FROM loginList WHERE `loginTime` between ? AND ?	[1511107200,1513699199]	::1	{"c":"System","m":"loginList","page":"4","num":"10","loginTime":"2017-11-20 - 2017-12-19","orderby":{"loginTime":"desc"}}
[SELECT]	2017-12-19 20:06:08	SELECT * FROM loginList WHERE `loginTime` between ? AND ? ORDER BY loginTime desc LIMIT 30,10	[1511107200,1513699199]	::1	{"c":"System","m":"loginList","page":"4","num":"10","loginTime":"2017-11-20 - 2017-12-19","orderby":{"loginTime":"desc"}}
[SELECT]	2017-12-19 20:06:09	SELECT count(*) as sum FROM loginList WHERE `loginTime` between ? AND ?	[1511107200,1513699199]	::1	{"c":"System","m":"loginList","page":"5","num":"10","loginTime":"2017-11-20 - 2017-12-19","orderby":{"loginTime":"desc"}}
[SELECT]	2017-12-19 20:06:09	SELECT * FROM loginList WHERE `loginTime` between ? AND ? ORDER BY loginTime desc LIMIT 40,10	[1511107200,1513699199]	::1	{"c":"System","m":"loginList","page":"5","num":"10","loginTime":"2017-11-20 - 2017-12-19","orderby":{"loginTime":"desc"}}
[SELECT]	2017-12-19 20:06:11	SELECT count(*) as sum FROM loginList WHERE `loginTime` between ? AND ?	[1511107200,1513699199]	::1	{"c":"System","m":"loginList","page":"1","num":"10","loginTime":"2017-11-20 - 2017-12-19","orderby":{"loginTime":"desc"}}
[SELECT]	2017-12-19 20:06:11	SELECT * FROM loginList WHERE `loginTime` between ? AND ? ORDER BY loginTime desc LIMIT 0,10	[1511107200,1513699199]	::1	{"c":"System","m":"loginList","page":"1","num":"10","loginTime":"2017-11-20 - 2017-12-19","orderby":{"loginTime":"desc"}}
[SELECT]	2017-12-19 20:06:15	SELECT count(*) as sum FROM loginList WHERE `loginTime` between ? AND ?	[1511107200,1513699199]	::1	{"c":"System","m":"loginList","num":"25","loginTime":"2017-11-20 - 2017-12-19","orderby":{"loginTime":"desc"}}
[SELECT]	2017-12-19 20:06:15	SELECT * FROM loginList WHERE `loginTime` between ? AND ? ORDER BY loginTime desc LIMIT 0,25	[1511107200,1513699199]	::1	{"c":"System","m":"loginList","num":"25","loginTime":"2017-11-20 - 2017-12-19","orderby":{"loginTime":"desc"}}
