[SELECT]	2017-11-28 19:20:21	SELECT * FROM user WHERE `userName`=?	["whx"]	::1	{"c":"User","m":"login","pwd":"111111","loginname":"whx"}
[SELECT]	2017-11-28 19:20:25	SELECT * FROM user WHERE `userName`=?	["whx"]	::1	{"c":"User","m":"login","pwd":"111111","loginname":"whx"}
[SELECT]	2017-11-28 19:21:32	SELECT * FROM user WHERE `userName`=?	["whx"]	::1	{"c":"User","m":"login","pwd":"111111","loginname":"whx"}
[SELECT]	2017-11-28 19:21:39	SELECT * FROM user WHERE `userName`=?	["admin"]	::1	{"c":"User","m":"login","pwd":"yr@123abc","loginname":"admin"}
[INSERT]	2017-11-28 19:21:39	INSERT INTO loginList (`userId`,`LoginIp`,`loginTime`) values (:userId, :LoginIp, :loginTime);	{"userId":"1","LoginIp":"::1","loginTime":1511868099}	::1	{"c":"User","m":"login","pwd":"yr@123abc","loginname":"admin"}
[SELECT]	2017-11-28 19:21:39	SELECT `privileges` FROM `role` WHERE `id`=1	[]	::1	{"c":"User","m":"menu"}
[SELECT]	2017-11-28 19:21:39	SELECT * FROM `menu` WHERE `id` in (1,2,3,4,5,6,7) ORDER BY `sort`	[]	::1	{"c":"User","m":"menu"}
[SELECT]	2017-11-28 19:21:50	SELECT id,userName FROM user	null	::1	{"c":"User","m":"allUserInfo"}
[SELECT]	2017-11-28 19:21:50	SELECT count(*) as sum FROM loginList	null	::1	{"c":"Login","m":"allLogin","page":"1","num":"10","orderby":{"loginTime":"desc"}}
[SELECT]	2017-11-28 19:21:50	SELECT * FROM loginList ORDER BY loginTime desc LIMIT 0,10	null	::1	{"c":"Login","m":"allLogin","page":"1","num":"10","orderby":{"loginTime":"desc"}}
[SELECT]	2017-11-28 19:21:50	SELECT id,userName FROM user	null	::1	{"c":"User","m":"allUserInfo"}
[SELECT]	2017-11-28 19:23:07	SELECT `privileges` FROM `role` WHERE `id`=1	[]	::1	{"c":"User","m":"menu"}
[SELECT]	2017-11-28 19:23:07	SELECT * FROM `menu` WHERE `id` in (1,2,3,4,5,6,7) ORDER BY `sort`	[]	::1	{"c":"User","m":"menu"}
[SELECT]	2017-11-28 19:23:10	SELECT id,userName FROM user	null	::1	{"c":"User","m":"allUserInfo"}
[SELECT]	2017-11-28 19:23:10	SELECT count(*) as sum FROM loginList	null	::1	{"c":"Login","m":"allLogin","page":"1","num":"10","orderby":{"loginTime":"desc"}}
[SELECT]	2017-11-28 19:23:10	SELECT * FROM loginList ORDER BY loginTime desc LIMIT 0,10	null	::1	{"c":"Login","m":"allLogin","page":"1","num":"10","orderby":{"loginTime":"desc"}}
[SELECT]	2017-11-28 19:23:10	SELECT id,userName FROM user	null	::1	{"c":"User","m":"allUserInfo"}
[SELECT]	2017-11-28 19:26:41	SELECT `privileges` FROM `role` WHERE `id`=1	[]	::1	{"c":"User","m":"menu"}
[SELECT]	2017-11-28 19:26:41	SELECT * FROM `menu` WHERE `id` in (1,2,3,4,5,6,7) ORDER BY `sort`	[]	::1	{"c":"User","m":"menu"}
[SELECT]	2017-11-28 19:26:41	SELECT id,userName FROM user	null	::1	{"c":"User","m":"allUserInfo"}
[SELECT]	2017-11-28 19:26:41	SELECT count(*) as sum FROM loginList	null	::1	{"c":"Login","m":"allLogin","page":"1","num":"10","orderby":{"loginTime":"desc"}}
[SELECT]	2017-11-28 19:26:41	SELECT * FROM loginList ORDER BY loginTime desc LIMIT 0,10	null	::1	{"c":"Login","m":"allLogin","page":"1","num":"10","orderby":{"loginTime":"desc"}}
[SELECT]	2017-11-28 19:26:42	SELECT id,userName FROM user	null	::1	{"c":"User","m":"allUserInfo"}
[SELECT]	2017-11-28 19:29:13	SELECT `privileges` FROM `role` WHERE `id`=1	[]	::1	{"c":"User","m":"menu"}
[SELECT]	2017-11-28 19:29:13	SELECT * FROM `menu` WHERE `id` in (1,2,3,4,5,6,7) ORDER BY `sort`	[]	::1	{"c":"User","m":"menu"}
[SELECT]	2017-11-28 19:29:13	SELECT id,userName FROM user	null	::1	{"c":"User","m":"allUserInfo"}
[SELECT]	2017-11-28 19:29:13	SELECT count(*) as sum FROM loginList	null	::1	{"c":"Login","m":"allLogin","page":"1","num":"10","orderby":{"loginTime":"desc"}}
[SELECT]	2017-11-28 19:29:13	SELECT * FROM loginList ORDER BY loginTime desc LIMIT 0,10	null	::1	{"c":"Login","m":"allLogin","page":"1","num":"10","orderby":{"loginTime":"desc"}}
[SELECT]	2017-11-28 19:29:13	SELECT id,userName FROM user	null	::1	{"c":"User","m":"allUserInfo"}
[SELECT]	2017-11-28 19:29:32	SELECT `privileges` FROM `role` WHERE `id`=1	[]	::1	{"c":"User","m":"menu"}
[SELECT]	2017-11-28 19:29:32	SELECT * FROM `menu` WHERE `id` in (1,2,3,4,5,6,7) ORDER BY `sort`	[]	::1	{"c":"User","m":"menu"}
[SELECT]	2017-11-28 19:29:32	SELECT id,userName FROM user	null	::1	{"c":"User","m":"allUserInfo"}
[SELECT]	2017-11-28 19:29:32	SELECT count(*) as sum FROM loginList	null	::1	{"c":"Login","m":"allLogin","page":"1","num":"10","orderby":{"loginTime":"desc"}}
[SELECT]	2017-11-28 19:29:32	SELECT * FROM loginList ORDER BY loginTime desc LIMIT 0,10	null	::1	{"c":"Login","m":"allLogin","page":"1","num":"10","orderby":{"loginTime":"desc"}}
[SELECT]	2017-11-28 19:29:32	SELECT id,userName FROM user	null	::1	{"c":"User","m":"allUserInfo"}
[SELECT]	2017-11-28 19:41:37	SELECT `privileges` FROM `role` WHERE `id`=1	[]	::1	{"c":"User","m":"menu"}
[SELECT]	2017-11-28 19:41:37	SELECT * FROM `menu` WHERE `id` in (1,2,3,4,5,6,7) ORDER BY `sort`	[]	::1	{"c":"User","m":"menu"}
[SELECT]	2017-11-28 19:41:37	SELECT id,userName FROM user	null	::1	{"c":"User","m":"allUserInfo"}
[SELECT]	2017-11-28 19:41:37	SELECT count(*) as sum FROM loginList	null	::1	{"c":"Login","m":"allLogin","page":"1","num":"10","orderby":{"loginTime":"desc"}}
[SELECT]	2017-11-28 19:41:37	SELECT * FROM loginList ORDER BY loginTime desc LIMIT 0,10	null	::1	{"c":"Login","m":"allLogin","page":"1","num":"10","orderby":{"loginTime":"desc"}}
[SELECT]	2017-11-28 19:41:37	SELECT id,userName FROM user	null	::1	{"c":"User","m":"allUserInfo"}
[SELECT]	2017-11-28 19:51:10	SELECT `privileges` FROM `role` WHERE `id`=1	[]	::1	{"c":"User","m":"menu"}
[SELECT]	2017-11-28 19:51:10	SELECT * FROM `menu` WHERE `id` in (1,2,3,4,5,6,7) ORDER BY `sort`	[]	::1	{"c":"User","m":"menu"}
[SELECT]	2017-11-28 19:51:40	SELECT `privileges` FROM `role` WHERE `id`=1	[]	::1	{"c":"User","m":"menu"}
[SELECT]	2017-11-28 19:51:40	SELECT * FROM `menu` WHERE `id` in (1,2,3,4,5,6,7) ORDER BY `sort`	[]	::1	{"c":"User","m":"menu"}
[SELECT]	2017-11-28 19:51:40	SELECT id,userName FROM user	null	::1	{"c":"User","m":"allUserInfo"}
[SELECT]	2017-11-28 19:51:40	SELECT count(*) as sum FROM loginList	null	::1	{"c":"Login","m":"allLogin","page":"1","num":"10","orderby":{"loginTime":"desc"}}
[SELECT]	2017-11-28 19:51:40	SELECT * FROM loginList ORDER BY loginTime desc LIMIT 0,10	null	::1	{"c":"Login","m":"allLogin","page":"1","num":"10","orderby":{"loginTime":"desc"}}
[SELECT]	2017-11-28 19:51:40	SELECT id,userName FROM user	null	::1	{"c":"User","m":"allUserInfo"}
[SELECT]	2017-11-28 19:52:46	SELECT `privileges` FROM `role` WHERE `id`=1	[]	::1	{"c":"User","m":"menu"}
[SELECT]	2017-11-28 19:52:46	SELECT * FROM `menu` WHERE `id` in (1,2,3,4,5,6,7) ORDER BY `sort`	[]	::1	{"c":"User","m":"menu"}
[SELECT]	2017-11-28 19:52:46	SELECT id,userName FROM user	null	::1	{"c":"User","m":"allUserInfo"}
[SELECT]	2017-11-28 19:52:46	SELECT count(*) as sum FROM loginList	null	::1	{"c":"Login","m":"allLogin","page":"1","num":"10","orderby":{"loginTime":"desc"}}
[SELECT]	2017-11-28 19:52:46	SELECT * FROM loginList ORDER BY loginTime desc LIMIT 0,10	null	::1	{"c":"Login","m":"allLogin","page":"1","num":"10","orderby":{"loginTime":"desc"}}
[SELECT]	2017-11-28 19:52:46	SELECT id,userName FROM user	null	::1	{"c":"User","m":"allUserInfo"}
[SELECT]	2017-11-28 19:55:18	SELECT `privileges` FROM `role` WHERE `id`=1	[]	::1	{"c":"User","m":"menu"}
[SELECT]	2017-11-28 19:55:18	SELECT * FROM `menu` WHERE `id` in (1,2,3,4,5,6,7) ORDER BY `sort`	[]	::1	{"c":"User","m":"menu"}
[SELECT]	2017-11-28 19:55:18	SELECT id,userName FROM user	null	::1	{"c":"User","m":"allUserInfo"}
[SELECT]	2017-11-28 19:55:18	SELECT count(*) as sum FROM loginList	null	::1	{"c":"Login","m":"allLogin","page":"1","num":"10","orderby":{"loginTime":"desc"}}
[SELECT]	2017-11-28 19:55:18	SELECT * FROM loginList ORDER BY loginTime desc LIMIT 0,10	null	::1	{"c":"Login","m":"allLogin","page":"1","num":"10","orderby":{"loginTime":"desc"}}
[SELECT]	2017-11-28 19:55:18	SELECT id,userName FROM user	null	::1	{"c":"User","m":"allUserInfo"}
[SELECT]	2017-11-28 19:57:33	SELECT `privileges` FROM `role` WHERE `id`=1	[]	::1	{"c":"User","m":"menu"}
[SELECT]	2017-11-28 19:57:33	SELECT * FROM `menu` WHERE `id` in (1,2,3,4,5,6,7) ORDER BY `sort`	[]	::1	{"c":"User","m":"menu"}
[SELECT]	2017-11-28 19:57:33	SELECT id,userName FROM user	null	::1	{"c":"User","m":"allUserInfo"}
[SELECT]	2017-11-28 19:57:33	SELECT count(*) as sum FROM loginList	null	::1	{"c":"Login","m":"allLogin","page":"1","num":"10","orderby":{"loginTime":"desc"}}
[SELECT]	2017-11-28 19:57:33	SELECT * FROM loginList ORDER BY loginTime desc LIMIT 0,10	null	::1	{"c":"Login","m":"allLogin","page":"1","num":"10","orderby":{"loginTime":"desc"}}
[SELECT]	2017-11-28 19:57:33	SELECT id,userName FROM user	null	::1	{"c":"User","m":"allUserInfo"}
[SELECT]	2017-11-28 19:58:46	SELECT `privileges` FROM `role` WHERE `id`=1	[]	::1	{"c":"User","m":"menu"}
[SELECT]	2017-11-28 19:58:46	SELECT * FROM `menu` WHERE `id` in (1,2,3,4,5,6,7) ORDER BY `sort`	[]	::1	{"c":"User","m":"menu"}
[SELECT]	2017-11-28 19:58:46	SELECT id,userName FROM user	null	::1	{"c":"User","m":"allUserInfo"}
[SELECT]	2017-11-28 19:58:46	SELECT count(*) as sum FROM loginList	null	::1	{"c":"Login","m":"allLogin","page":"1","num":"10","orderby":{"loginTime":"desc"}}
[SELECT]	2017-11-28 19:58:46	SELECT * FROM loginList ORDER BY loginTime desc LIMIT 0,10	null	::1	{"c":"Login","m":"allLogin","page":"1","num":"10","orderby":{"loginTime":"desc"}}
[SELECT]	2017-11-28 19:58:46	SELECT id,userName FROM user	null	::1	{"c":"User","m":"allUserInfo"}
[SELECT]	2017-11-28 20:00:28	SELECT `privileges` FROM `role` WHERE `id`=1	[]	::1	{"c":"User","m":"menu"}
[SELECT]	2017-11-28 20:00:28	SELECT * FROM `menu` WHERE `id` in (1,2,3,4,5,6,7) ORDER BY `sort`	[]	::1	{"c":"User","m":"menu"}
[SELECT]	2017-11-28 20:00:28	SELECT id,userName FROM user	null	::1	{"c":"User","m":"allUserInfo"}
[SELECT]	2017-11-28 20:00:28	SELECT count(*) as sum FROM loginList	null	::1	{"c":"Login","m":"allLogin","page":"1","num":"10","time":"2017-10-30 - 2017-11-28","orderby":{"loginTime":"desc"}}
[SELECT]	2017-11-28 20:00:28	SELECT * FROM loginList ORDER BY loginTime desc LIMIT 0,10	null	::1	{"c":"Login","m":"allLogin","page":"1","num":"10","time":"2017-10-30 - 2017-11-28","orderby":{"loginTime":"desc"}}
[SELECT]	2017-11-28 20:00:28	SELECT id,userName FROM user	null	::1	{"c":"User","m":"allUserInfo"}
[SELECT]	2017-11-28 20:01:01	SELECT `privileges` FROM `role` WHERE `id`=1	[]	::1	{"c":"User","m":"menu"}
[SELECT]	2017-11-28 20:01:01	SELECT * FROM `menu` WHERE `id` in (1,2,3,4,5,6,7) ORDER BY `sort`	[]	::1	{"c":"User","m":"menu"}
[SELECT]	2017-11-28 20:01:02	SELECT count(*) as sum FROM loginList WHERE `loginTime` between ? AND ?	[1509292800,1511884799]	::1	{"c":"Login","m":"allLogin","page":"1","num":"10","loginTime":"2017-10-30 - 2017-11-28","orderby":{"loginTime":"desc"}}
[SELECT]	2017-11-28 20:01:02	SELECT * FROM loginList WHERE `loginTime` between ? AND ? ORDER BY loginTime desc LIMIT 0,10	[1509292800,1511884799]	::1	{"c":"Login","m":"allLogin","page":"1","num":"10","loginTime":"2017-10-30 - 2017-11-28","orderby":{"loginTime":"desc"}}
[SELECT]	2017-11-28 20:01:02	SELECT id,userName FROM user	null	::1	{"c":"User","m":"allUserInfo"}
[SELECT]	2017-11-28 20:01:02	SELECT id,userName FROM user	null	::1	{"c":"User","m":"allUserInfo"}
[SELECT]	2017-11-28 20:01:05	SELECT count(*) as sum FROM loginList WHERE `loginTime` between ? AND ?	[1509292800,1511884799]	::1	{"c":"Login","m":"allLogin","num":"10","loginTime":"2017-10-30 - 2017-11-28","orderby":{"loginTime":"desc"}}
[SELECT]	2017-11-28 20:01:05	SELECT * FROM loginList WHERE `loginTime` between ? AND ? ORDER BY loginTime desc LIMIT 0,10	[1509292800,1511884799]	::1	{"c":"Login","m":"allLogin","num":"10","loginTime":"2017-10-30 - 2017-11-28","orderby":{"loginTime":"desc"}}
[SELECT]	2017-11-28 20:01:10	SELECT count(*) as sum FROM loginList WHERE `loginTime` between ? AND ?	[1509292800,1511884799]	::1	{"c":"Login","m":"allLogin","num":"25","loginTime":"2017-10-30 - 2017-11-28","orderby":{"loginTime":"desc"}}
[SELECT]	2017-11-28 20:01:10	SELECT * FROM loginList WHERE `loginTime` between ? AND ? ORDER BY loginTime desc LIMIT 0,25	[1509292800,1511884799]	::1	{"c":"Login","m":"allLogin","num":"25","loginTime":"2017-10-30 - 2017-11-28","orderby":{"loginTime":"desc"}}
[SELECT]	2017-11-28 20:01:22	SELECT count(*) as sum FROM loginList WHERE `loginTime` between ? AND ?	[1509292800,1511884799]	::1	{"c":"Login","m":"allLogin","num":"25","loginTime":"2017-10-30 - 2017-11-28","time":"2017-11-01 - 2017-11-30","orderby":{"loginTime":"desc"}}
[SELECT]	2017-11-28 20:01:22	SELECT * FROM loginList WHERE `loginTime` between ? AND ? ORDER BY loginTime desc LIMIT 0,25	[1509292800,1511884799]	::1	{"c":"Login","m":"allLogin","num":"25","loginTime":"2017-10-30 - 2017-11-28","time":"2017-11-01 - 2017-11-30","orderby":{"loginTime":"desc"}}
[SELECT]	2017-11-28 20:01:29	SELECT count(*) as sum FROM loginList WHERE `loginTime` between ? AND ?	[1509292800,1511884799]	::1	{"c":"Login","m":"allLogin","num":"25","loginTime":"2017-10-30 - 2017-11-28","time":"2017-11-28 - 2017-11-28","orderby":{"loginTime":"desc"}}
[SELECT]	2017-11-28 20:01:29	SELECT * FROM loginList WHERE `loginTime` between ? AND ? ORDER BY loginTime desc LIMIT 0,25	[1509292800,1511884799]	::1	{"c":"Login","m":"allLogin","num":"25","loginTime":"2017-10-30 - 2017-11-28","time":"2017-11-28 - 2017-11-28","orderby":{"loginTime":"desc"}}
[SELECT]	2017-11-28 20:02:03	SELECT count(*) as sum FROM loginList WHERE `loginTime` between ? AND ?	[1509292800,1511884799]	::1	{"c":"Login","m":"allLogin","num":"25","loginTime":"2017-10-30 - 2017-11-28","time":"2017-11-28 - 2017-11-28","orderby":{"loginTime":"desc"}}
[SELECT]	2017-11-28 20:02:03	SELECT * FROM loginList WHERE `loginTime` between ? AND ? ORDER BY loginTime desc LIMIT 0,25	[1509292800,1511884799]	::1	{"c":"Login","m":"allLogin","num":"25","loginTime":"2017-10-30 - 2017-11-28","time":"2017-11-28 - 2017-11-28","orderby":{"loginTime":"desc"}}
[SELECT]	2017-11-28 20:02:33	SELECT `privileges` FROM `role` WHERE `id`=1	[]	::1	{"c":"User","m":"menu"}
[SELECT]	2017-11-28 20:02:33	SELECT * FROM `menu` WHERE `id` in (1,2,3,4,5,6,7) ORDER BY `sort`	[]	::1	{"c":"User","m":"menu"}
[SELECT]	2017-11-28 20:02:33	SELECT id,userName FROM user	null	::1	{"c":"User","m":"allUserInfo"}
[SELECT]	2017-11-28 20:02:33	SELECT count(*) as sum FROM loginList WHERE `loginTime` between ? AND ?	[1509292800,1511884799]	::1	{"c":"Login","m":"allLogin","page":"1","num":"25","loginTime":"2017-10-30 - 2017-11-28","orderby":{"loginTime":"desc"}}
[SELECT]	2017-11-28 20:02:33	SELECT * FROM loginList WHERE `loginTime` between ? AND ? ORDER BY loginTime desc LIMIT 0,25	[1509292800,1511884799]	::1	{"c":"Login","m":"allLogin","page":"1","num":"25","loginTime":"2017-10-30 - 2017-11-28","orderby":{"loginTime":"desc"}}
[SELECT]	2017-11-28 20:02:33	SELECT id,userName FROM user	null	::1	{"c":"User","m":"allUserInfo"}
[SELECT]	2017-11-28 20:02:38	SELECT count(*) as sum FROM loginList WHERE `loginTime` between ? AND ?	[1511798400,1511884799]	::1	{"c":"Login","m":"allLogin","num":"25","loginTime":"2017-11-28 - 2017-11-28","orderby":{"loginTime":"desc"}}
[SELECT]	2017-11-28 20:02:38	SELECT * FROM loginList WHERE `loginTime` between ? AND ? ORDER BY loginTime desc LIMIT 0,25	[1511798400,1511884799]	::1	{"c":"Login","m":"allLogin","num":"25","loginTime":"2017-11-28 - 2017-11-28","orderby":{"loginTime":"desc"}}
[SELECT]	2017-11-28 20:02:42	SELECT count(*) as sum FROM loginList WHERE `loginTime` between ? AND ?	[1511712000,1511798399]	::1	{"c":"Login","m":"allLogin","num":"25","loginTime":"2017-11-27 - 2017-11-27","orderby":{"loginTime":"desc"}}
[SELECT]	2017-11-28 20:02:42	SELECT * FROM loginList WHERE `loginTime` between ? AND ? ORDER BY loginTime desc LIMIT 0,25	[1511712000,1511798399]	::1	{"c":"Login","m":"allLogin","num":"25","loginTime":"2017-11-27 - 2017-11-27","orderby":{"loginTime":"desc"}}
[SELECT]	2017-11-28 20:02:46	SELECT count(*) as sum FROM loginList WHERE `loginTime` between ? AND ?	[1511280000,1511884799]	::1	{"c":"Login","m":"allLogin","num":"25","loginTime":"2017-11-22 - 2017-11-28","orderby":{"loginTime":"desc"}}
[SELECT]	2017-11-28 20:02:47	SELECT * FROM loginList WHERE `loginTime` between ? AND ? ORDER BY loginTime desc LIMIT 0,25	[1511280000,1511884799]	::1	{"c":"Login","m":"allLogin","num":"25","loginTime":"2017-11-22 - 2017-11-28","orderby":{"loginTime":"desc"}}
[SELECT]	2017-11-28 20:04:24	SELECT `privileges` FROM `role` WHERE `id`=1	[]	::1	{"c":"User","m":"menu"}
[SELECT]	2017-11-28 20:04:24	SELECT * FROM `menu` WHERE `id` in (1,2,3,4,5,6,7) ORDER BY `sort`	[]	::1	{"c":"User","m":"menu"}
[SELECT]	2017-11-28 20:04:24	SELECT id,userName FROM user	null	::1	{"c":"User","m":"allUserInfo"}
[SELECT]	2017-11-28 20:04:24	SELECT count(*) as sum FROM loginList WHERE `loginTime` between ? AND ?	[1509292800,1511884799]	::1	{"c":"Login","m":"allLogin","page":"1","num":"25","loginTime":"2017-10-30 - 2017-11-28","orderby":{"loginTime":"desc"}}
[SELECT]	2017-11-28 20:04:24	SELECT * FROM loginList WHERE `loginTime` between ? AND ? ORDER BY loginTime desc LIMIT 0,25	[1509292800,1511884799]	::1	{"c":"Login","m":"allLogin","page":"1","num":"25","loginTime":"2017-10-30 - 2017-11-28","orderby":{"loginTime":"desc"}}
[SELECT]	2017-11-28 20:04:24	SELECT id,userName FROM user	null	::1	{"c":"User","m":"allUserInfo"}
[SELECT]	2017-11-28 20:04:30	SELECT `privileges` FROM `role` WHERE `id`=1	[]	::1	{"c":"User","m":"menu"}
[SELECT]	2017-11-28 20:04:30	SELECT * FROM `menu` WHERE `id` in (1,2,3,4,5,6,7) ORDER BY `sort`	[]	::1	{"c":"User","m":"menu"}
[SELECT]	2017-11-28 20:04:33	SELECT id,userName FROM user	null	::1	{"c":"User","m":"allUserInfo"}
[SELECT]	2017-11-28 20:04:33	SELECT count(*) as sum FROM loginList WHERE `loginTime` between ? AND ?	[1509292800,1511884799]	::1	{"c":"Login","m":"allLogin","page":"1","num":"25","loginTime":"2017-10-30 - 2017-11-28","orderby":{"loginTime":"desc"}}
[SELECT]	2017-11-28 20:04:33	SELECT * FROM loginList WHERE `loginTime` between ? AND ? ORDER BY loginTime desc LIMIT 0,25	[1509292800,1511884799]	::1	{"c":"Login","m":"allLogin","page":"1","num":"25","loginTime":"2017-10-30 - 2017-11-28","orderby":{"loginTime":"desc"}}
[SELECT]	2017-11-28 20:04:33	SELECT id,userName FROM user	null	::1	{"c":"User","m":"allUserInfo"}
[SELECT]	2017-11-28 20:08:02	SELECT `privileges` FROM `role` WHERE `id`=1	[]	::1	{"c":"User","m":"menu"}
[SELECT]	2017-11-28 20:08:02	SELECT * FROM `menu` WHERE `id` in (1,2,3,4,5,6,7) ORDER BY `sort`	[]	::1	{"c":"User","m":"menu"}
[SELECT]	2017-11-28 20:12:20	SELECT `privileges` FROM `role` WHERE `id`=1	[]	::1	{"c":"User","m":"menu"}
[SELECT]	2017-11-28 20:12:20	SELECT * FROM `menu` WHERE `id` in (1,2,3,4,5,6,7) ORDER BY `sort`	[]	::1	{"c":"User","m":"menu"}
[SELECT]	2017-11-28 20:13:42	SELECT `privileges` FROM `role` WHERE `id`=1	[]	::1	{"c":"User","m":"menu"}
[SELECT]	2017-11-28 20:13:42	SELECT * FROM `menu` WHERE `id` in (1,2,3,4,5,6,7) ORDER BY `sort`	[]	::1	{"c":"User","m":"menu"}
[SELECT]	2017-11-28 20:14:10	SELECT `privileges` FROM `role` WHERE `id`=1	[]	::1	{"c":"User","m":"menu"}
[SELECT]	2017-11-28 20:14:10	SELECT * FROM `menu` WHERE `id` in (1,2,3,4,5,6,7) ORDER BY `sort`	[]	::1	{"c":"User","m":"menu"}
[SELECT]	2017-11-28 20:15:12	SELECT `privileges` FROM `role` WHERE `id`=1	[]	::1	{"c":"User","m":"menu"}
[SELECT]	2017-11-28 20:15:12	SELECT * FROM `menu` WHERE `id` in (1,2,3,4,5,6,7) ORDER BY `sort`	[]	::1	{"c":"User","m":"menu"}
[SELECT]	2017-11-28 20:17:03	SELECT `privileges` FROM `role` WHERE `id`=1	[]	::1	{"c":"User","m":"menu"}
[SELECT]	2017-11-28 20:17:03	SELECT * FROM `menu` WHERE `id` in (1,2,3,4,5,6,7) ORDER BY `sort`	[]	::1	{"c":"User","m":"menu"}
[SELECT]	2017-11-28 20:17:38	SELECT `privileges` FROM `role` WHERE `id`=1	[]	::1	{"c":"User","m":"menu"}
[SELECT]	2017-11-28 20:17:38	SELECT * FROM `menu` WHERE `id` in (1,2,3,4,5,6,7) ORDER BY `sort`	[]	::1	{"c":"User","m":"menu"}
[SELECT]	2017-11-28 20:20:45	SELECT `privileges` FROM `role` WHERE `id`=1	[]	::1	{"c":"User","m":"menu"}
[SELECT]	2017-11-28 20:20:45	SELECT * FROM `menu` WHERE `id` in (1,2,3,4,5,6,7) ORDER BY `sort`	[]	::1	{"c":"User","m":"menu"}
[SELECT]	2017-11-28 20:22:16	SELECT `privileges` FROM `role` WHERE `id`=1	[]	::1	{"c":"User","m":"menu"}
[SELECT]	2017-11-28 20:22:16	SELECT * FROM `menu` WHERE `id` in (1,2,3,4,5,6,7) ORDER BY `sort`	[]	::1	{"c":"User","m":"menu"}
[SELECT]	2017-11-28 20:22:40	SELECT count(*) as sum FROM loginList WHERE `loginTime` between ? AND ?	[1509292800,1511884799]	::1	{"c":"Login","m":"allLogin","page":"1","num":"25","loginTime":"2017-10-30 - 2017-11-28","orderby":{"loginTime":"desc"}}
[SELECT]	2017-11-28 20:22:40	SELECT * FROM loginList WHERE `loginTime` between ? AND ? ORDER BY loginTime desc LIMIT 0,25	[1509292800,1511884799]	::1	{"c":"Login","m":"allLogin","page":"1","num":"25","loginTime":"2017-10-30 - 2017-11-28","orderby":{"loginTime":"desc"}}
[SELECT]	2017-11-28 20:22:40	SELECT id,userName FROM user	null	::1	{"c":"User","m":"allUserInfo"}
[SELECT]	2017-11-28 20:22:40	SELECT id,userName FROM user	null	::1	{"c":"User","m":"allUserInfo"}
[SELECT]	2017-11-28 20:24:42	SELECT `privileges` FROM `role` WHERE `id`=1	[]	::1	{"c":"User","m":"menu"}
[SELECT]	2017-11-28 20:24:42	SELECT * FROM `menu` WHERE `id` in (1,2,3,4,5,6,7) ORDER BY `sort`	[]	::1	{"c":"User","m":"menu"}
[SELECT]	2017-11-28 20:26:45	SELECT `privileges` FROM `role` WHERE `id`=1	[]	::1	{"c":"User","m":"menu"}
[SELECT]	2017-11-28 20:26:45	SELECT * FROM `menu` WHERE `id` in (1,2,3,4,5,6,7) ORDER BY `sort`	[]	::1	{"c":"User","m":"menu"}
[SELECT]	2017-11-28 20:27:36	SELECT `privileges` FROM `role` WHERE `id`=1	[]	::1	{"c":"User","m":"menu"}
[SELECT]	2017-11-28 20:27:36	SELECT * FROM `menu` WHERE `id` in (1,2,3,4,5,6,7) ORDER BY `sort`	[]	::1	{"c":"User","m":"menu"}
[SELECT]	2017-11-28 20:27:43	SELECT id,userName FROM user	null	::1	{"c":"User","m":"allUserInfo"}
[SELECT]	2017-11-28 20:27:43	SELECT count(*) as sum FROM loginList WHERE `loginTime` between ? AND ?	[1509292800,1511884799]	::1	{"c":"Login","m":"allLogin","page":"1","num":"25","loginTime":"2017-10-30 - 2017-11-28","orderby":{"loginTime":"desc"}}
[SELECT]	2017-11-28 20:27:43	SELECT * FROM loginList WHERE `loginTime` between ? AND ? ORDER BY loginTime desc LIMIT 0,25	[1509292800,1511884799]	::1	{"c":"Login","m":"allLogin","page":"1","num":"25","loginTime":"2017-10-30 - 2017-11-28","orderby":{"loginTime":"desc"}}
[SELECT]	2017-11-28 20:27:43	SELECT id,userName FROM user	null	::1	{"c":"User","m":"allUserInfo"}
[SELECT]	2017-11-28 20:28:06	SELECT `privileges` FROM `role` WHERE `id`=1	[]	::1	{"c":"User","m":"menu"}
[SELECT]	2017-11-28 20:28:06	SELECT * FROM `menu` WHERE `id` in (1,2,3,4,5,6,7) ORDER BY `sort`	[]	::1	{"c":"User","m":"menu"}
[SELECT]	2017-11-28 20:29:28	SELECT `privileges` FROM `role` WHERE `id`=1	[]	::1	{"c":"User","m":"menu"}
[SELECT]	2017-11-28 20:29:28	SELECT * FROM `menu` WHERE `id` in (1,2,3,4,5,6,7) ORDER BY `sort`	[]	::1	{"c":"User","m":"menu"}
[SELECT]	2017-11-28 20:29:47	SELECT `privileges` FROM `role` WHERE `id`=1	[]	::1	{"c":"User","m":"menu"}
[SELECT]	2017-11-28 20:29:47	SELECT * FROM `menu` WHERE `id` in (1,2,3,4,5,6,7) ORDER BY `sort`	[]	::1	{"c":"User","m":"menu"}
[SELECT]	2017-11-28 20:30:34	SELECT `privileges` FROM `role` WHERE `id`=1	[]	::1	{"c":"User","m":"menu"}
[SELECT]	2017-11-28 20:30:34	SELECT * FROM `menu` WHERE `id` in (1,2,3,4,5,6,7) ORDER BY `sort`	[]	::1	{"c":"User","m":"menu"}
