[SELECT]	2018-01-08 13:53:48	SELECT * FROM user WHERE `userName`=?	["whx"]	::1	{"c":"System","m":"login","pwd":"Whx920927","loginname":"whx"}
[SELECT]	2018-01-08 13:53:48	SELECT * FROM role WHERE `id`=?	["1"]	::1	{"c":"System","m":"login","pwd":"Whx920927","loginname":"whx"}
[SELECT]	2018-01-08 13:53:48	SELECT `func` FROM `menu` WHERE `id` in (1,2,10,3,12,13,6,7,8,9,11) ORDER BY `sort`	[]	::1	{"c":"System","m":"login","pwd":"Whx920927","loginname":"whx"}
[INSERT]	2018-01-08 13:53:48	INSERT INTO loginList (`userId`,`LoginIp`,`loginTime`) values (:userId, :LoginIp, :loginTime);	{"userId":"2","LoginIp":"::1","loginTime":1515390828}	::1	{"c":"System","m":"login","pwd":"Whx920927","loginname":"whx"}
[UPDATE]	2018-01-08 13:53:48	UPDATE user SET `lastLoginTime`=:lastLoginTime WHERE `id`='2';	{"lastLoginTime":1515390828}	::1	{"c":"System","m":"login","pwd":"Whx920927","loginname":"whx"}
[SELECT]	2018-01-08 13:53:49	SELECT * FROM role WHERE `id`=?	["1"]	::1	{"c":"System","m":"menu"}
[SELECT]	2018-01-08 13:53:49	SELECT * FROM `menu` WHERE `id` in (1,2,10,3,12,13,6,7,8,9,11) ORDER BY `sort`	[]	::1	{"c":"System","m":"menu"}
[SELECT]	2018-01-08 13:55:40	SELECT * FROM role WHERE `id`=?	["1"]	::1	{"c":"System","m":"menu"}
[SELECT]	2018-01-08 13:55:40	SELECT * FROM `menu` WHERE `id` in (1,2,10,3,12,13,6,7,8,9,11) ORDER BY `sort`	[]	::1	{"c":"System","m":"menu"}
[SELECT]	2018-01-08 13:57:19	SELECT * FROM role WHERE `id`=?	["1"]	::1	{"c":"System","m":"menu"}
[SELECT]	2018-01-08 13:57:19	SELECT * FROM `menu` WHERE `id` in (1,2,10,3,12,13,6,7,8,9,11) ORDER BY `sort`	[]	::1	{"c":"System","m":"menu"}
[SELECT]	2018-01-08 13:58:54	SELECT * FROM role WHERE `id`=?	["1"]	::1	{"c":"System","m":"menu"}
[SELECT]	2018-01-08 13:58:54	SELECT * FROM `menu` WHERE `id` in (1,2,10,3,12,13,6,7,8,9,11) ORDER BY `sort`	[]	::1	{"c":"System","m":"menu"}
[SELECT]	2018-01-08 14:03:42	SELECT id,userName FROM user	null	::1	{"c":"Common","m":"getUsersInfo"}
[SELECT]	2018-01-08 14:03:42	SELECT id,roleName FROM role	null	::1	{"c":"Common","m":"getRolesInfo"}
[SELECT]	2018-01-08 14:03:42	SELECT count(*) as sum FROM user	null	::1	{"c":"System","m":"user","page":"1","num":"10","loginTime":"2017-12-10 - 2018-01-08","orderby":{"id":"asc"}}
[SELECT]	2018-01-08 14:03:42	SELECT id,userName,lastLoginTime,roleId FROM user ORDER BY id asc LIMIT 0,10	null	::1	{"c":"System","m":"user","page":"1","num":"10","loginTime":"2017-12-10 - 2018-01-08","orderby":{"id":"asc"}}
[SELECT]	2018-01-08 14:09:36	SELECT * FROM role WHERE `id`=?	["1"]	::1	{"c":"System","m":"menu"}
[SELECT]	2018-01-08 14:09:36	SELECT * FROM `menu` WHERE `id` in (1,2,10,3,12,13,6,7,8,9,11) ORDER BY `sort`	[]	::1	{"c":"System","m":"menu"}
[SELECT]	2018-01-08 14:09:39	SELECT id,userName FROM user	null	::1	{"c":"Common","m":"getUsersInfo"}
[SELECT]	2018-01-08 14:09:39	SELECT count(*) as sum FROM user	null	::1	{"c":"System","m":"user","page":"1","num":"10","loginTime":"2017-12-10 - 2018-01-08","orderby":{"id":"asc"}}
[SELECT]	2018-01-08 14:09:39	SELECT id,userName,lastLoginTime,roleId FROM user ORDER BY id asc LIMIT 0,10	null	::1	{"c":"System","m":"user","page":"1","num":"10","loginTime":"2017-12-10 - 2018-01-08","orderby":{"id":"asc"}}
[SELECT]	2018-01-08 14:09:39	SELECT id,roleName FROM role	null	::1	{"c":"Common","m":"getRolesInfo"}
[SELECT]	2018-01-08 14:11:57	SELECT * FROM role WHERE `id`=?	["1"]	::1	{"c":"System","m":"menu"}
[SELECT]	2018-01-08 14:11:57	SELECT * FROM `menu` WHERE `id` in (1,2,10,3,12,13,6,7,8,9,11) ORDER BY `sort`	[]	::1	{"c":"System","m":"menu"}
[SELECT]	2018-01-08 14:16:30	SELECT * FROM role WHERE `id`=?	["1"]	::1	{"c":"System","m":"menu"}
[SELECT]	2018-01-08 14:16:30	SELECT * FROM `menu` WHERE `id` in (1,2,10,3,12,13,6,7,8,9,11) ORDER BY `sort`	[]	::1	{"c":"System","m":"menu"}
[SELECT]	2018-01-08 14:23:05	SELECT * FROM role WHERE `id`=?	["1"]	::1	{"c":"System","m":"menu"}
[SELECT]	2018-01-08 14:23:05	SELECT * FROM `menu` WHERE `id` in (1,2,10,3,12,13,6,7,8,9,11) ORDER BY `sort`	[]	::1	{"c":"System","m":"menu"}
[SELECT]	2018-01-08 14:23:22	SELECT * FROM role WHERE `id`=?	["1"]	::1	{"c":"System","m":"menu"}
[SELECT]	2018-01-08 14:23:22	SELECT * FROM `menu` WHERE `id` in (1,2,10,3,12,13,6,7,8,9,11) ORDER BY `sort`	[]	::1	{"c":"System","m":"menu"}
[SELECT]	2018-01-08 14:23:25	SELECT id,userName FROM user	null	::1	{"c":"Common","m":"getUsersInfo"}
[SELECT]	2018-01-08 14:23:25	SELECT id,roleName FROM role	null	::1	{"c":"Common","m":"getRolesInfo"}
[SELECT]	2018-01-08 14:23:25	SELECT count(*) as sum FROM user	null	::1	{"c":"System","m":"user","page":"1","num":"10","loginTime":"2017-12-10 - 2018-01-08","orderby":{"id":"asc"}}
[SELECT]	2018-01-08 14:23:25	SELECT id,userName,lastLoginTime,roleId FROM user ORDER BY id asc LIMIT 0,10	null	::1	{"c":"System","m":"user","page":"1","num":"10","loginTime":"2017-12-10 - 2018-01-08","orderby":{"id":"asc"}}
[SELECT]	2018-01-08 14:50:05	SELECT * FROM role WHERE `id`=?	["1"]	::1	{"c":"System","m":"menu"}
[SELECT]	2018-01-08 14:50:05	SELECT * FROM `menu` WHERE `id` in (1,2,10,3,12,13,6,7,8,9,11) ORDER BY `sort`	[]	::1	{"c":"System","m":"menu"}
[SELECT]	2018-01-08 14:52:59	SELECT id,userName FROM user	null	::1	{"c":"Common","m":"getUsersInfo"}
[SELECT]	2018-01-08 14:52:59	SELECT count(*) as sum FROM loginList WHERE `loginTime` between ? AND ?	[1512835200,1515427199]	::1	{"c":"System","m":"loginList","page":"1","num":"10","loginTime":"2017-12-10 - 2018-01-08","orderby":{"loginTime":"desc"}}
[SELECT]	2018-01-08 14:52:59	SELECT * FROM loginList WHERE `loginTime` between ? AND ? ORDER BY loginTime desc LIMIT 0,10	[1512835200,1515427199]	::1	{"c":"System","m":"loginList","page":"1","num":"10","loginTime":"2017-12-10 - 2018-01-08","orderby":{"loginTime":"desc"}}
[SELECT]	2018-01-08 14:52:59	SELECT id,userName FROM user	null	::1	{"c":"Common","m":"getUsersInfo"}
[SELECT]	2018-01-08 14:53:00	SELECT * FROM menu ORDER BY sort	null	::1	{"c":"System","m":"role","a":"get_all_menu"}
[SELECT]	2018-01-08 14:53:00	SELECT id,roleName FROM role	null	::1	{"c":"Common","m":"getRolesInfo"}
[SELECT]	2018-01-08 14:53:00	SELECT count(*) as sum FROM role	null	::1	{"c":"System","m":"role","page":"1","num":"10","orderby":{"id":"asc"}}
[SELECT]	2018-01-08 14:53:00	SELECT * FROM role ORDER BY id asc LIMIT 0,10	null	::1	{"c":"System","m":"role","page":"1","num":"10","orderby":{"id":"asc"}}
[SELECT]	2018-01-08 14:53:01	SELECT id,roleName FROM role	null	::1	{"c":"Common","m":"getRolesInfo"}
[SELECT]	2018-01-08 14:53:01	SELECT count(*) as sum FROM user	null	::1	{"c":"System","m":"user","page":"1","num":"10","loginTime":"2017-12-10 - 2018-01-08","orderby":{"id":"asc"}}
[SELECT]	2018-01-08 14:53:01	SELECT id,userName,lastLoginTime,roleId FROM user ORDER BY id asc LIMIT 0,10	null	::1	{"c":"System","m":"user","page":"1","num":"10","loginTime":"2017-12-10 - 2018-01-08","orderby":{"id":"asc"}}
[SELECT]	2018-01-08 19:34:21	SELECT * FROM role WHERE `id`=?	["1"]	::1	{"c":"System","m":"menu"}
[SELECT]	2018-01-08 19:34:21	SELECT * FROM `menu` WHERE `id` in (1,2,10,3,12,13,6,7,8,9,11) ORDER BY `sort`	[]	::1	{"c":"System","m":"menu"}
[SELECT]	2018-01-08 19:50:18	SELECT * FROM role WHERE `id`=?	["1"]	::1	{"c":"System","m":"menu"}
[SELECT]	2018-01-08 19:50:18	SELECT * FROM `menu` WHERE `id` in (1,2,10,3,12,13,6,7,8,9,11) ORDER BY `sort`	[]	::1	{"c":"System","m":"menu"}
[SELECT]	2018-01-08 19:50:18	SELECT id,userName FROM user	null	::1	{"c":"Common","m":"getUsersInfo"}
[SELECT]	2018-01-08 19:50:18	SELECT id,roleName FROM role	null	::1	{"c":"Common","m":"getRolesInfo"}
[SELECT]	2018-01-08 19:52:49	SELECT * FROM role WHERE `id`=?	["1"]	::1	{"c":"System","m":"menu"}
[SELECT]	2018-01-08 19:52:49	SELECT * FROM `menu` WHERE `id` in (1,2,10,3,12,13,6,7,8,9,11) ORDER BY `sort`	[]	::1	{"c":"System","m":"menu"}
[SELECT]	2018-01-08 19:52:49	SELECT id,userName FROM user	null	::1	{"c":"Common","m":"getUsersInfo"}
[SELECT]	2018-01-08 19:52:49	SELECT id,roleName FROM role	null	::1	{"c":"Common","m":"getRolesInfo"}
[SELECT]	2018-01-08 19:56:35	SELECT * FROM role WHERE `id`=?	["1"]	::1	{"c":"System","m":"menu"}
[SELECT]	2018-01-08 19:56:35	SELECT * FROM `menu` WHERE `id` in (1,2,10,3,12,13,6,7,8,9,11) ORDER BY `sort`	[]	::1	{"c":"System","m":"menu"}
[SELECT]	2018-01-08 19:56:35	SELECT id,userName FROM user	null	::1	{"c":"Common","m":"getUsersInfo"}
[SELECT]	2018-01-08 19:56:35	SELECT id,roleName FROM role	null	::1	{"c":"Common","m":"getRolesInfo"}
[SELECT]	2018-01-08 19:56:55	SELECT * FROM role WHERE `id`=?	["1"]	::1	{"c":"System","m":"menu"}
[SELECT]	2018-01-08 19:56:55	SELECT * FROM `menu` WHERE `id` in (1,2,10,3,12,13,6,7,8,9,11) ORDER BY `sort`	[]	::1	{"c":"System","m":"menu"}
[SELECT]	2018-01-08 19:56:55	SELECT id,userName FROM user	null	::1	{"c":"Common","m":"getUsersInfo"}
[SELECT]	2018-01-08 19:56:55	SELECT id,roleName FROM role	null	::1	{"c":"Common","m":"getRolesInfo"}
[SELECT]	2018-01-08 19:56:55	SELECT count(*) as sum FROM user	null	::1	{"c":"MovieManage","m":"post","page":"1","num":"10","loginTime":"2017-12-10 - 2018-01-08","orderby":{"id":"asc"}}
[SELECT]	2018-01-08 19:57:59	SELECT * FROM role WHERE `id`=?	["1"]	::1	{"c":"System","m":"menu"}
[SELECT]	2018-01-08 19:57:59	SELECT * FROM `menu` WHERE `id` in (1,2,10,3,12,13,6,7,8,9,11) ORDER BY `sort`	[]	::1	{"c":"System","m":"menu"}
[SELECT]	2018-01-08 19:57:59	SELECT id,userName FROM user	null	::1	{"c":"Common","m":"getUsersInfo"}
[SELECT]	2018-01-08 19:57:59	SELECT id,roleName FROM role	null	::1	{"c":"Common","m":"getRolesInfo"}
[SELECT]	2018-01-08 19:57:59	SELECT count(*) as sum FROM post	null	::1	{"c":"MovieManage","m":"post","page":"1","num":"10","loginTime":"2017-12-10 - 2018-01-08","orderby":{"id":"asc"}}
[SELECT]	2018-01-08 19:58:51	SELECT * FROM role WHERE `id`=?	["1"]	::1	{"c":"System","m":"menu"}
[SELECT]	2018-01-08 19:58:51	SELECT * FROM `menu` WHERE `id` in (1,2,10,3,12,13,6,7,8,9,11) ORDER BY `sort`	[]	::1	{"c":"System","m":"menu"}
[SELECT]	2018-01-08 19:58:51	SELECT count(*) as sum FROM post	null	::1	{"c":"MovieManage","m":"post","page":"1","num":"10","loginTime":"2017-12-10 - 2018-01-08","orderby":{"postid":"asc"}}
[SELECT]	2018-01-08 19:58:51	SELECT postid,title,userid,username,posttime,reply,lastreply FROM post ORDER BY postid asc LIMIT 0,10	null	::1	{"c":"MovieManage","m":"post","page":"1","num":"10","loginTime":"2017-12-10 - 2018-01-08","orderby":{"postid":"asc"}}
[SELECT]	2018-01-08 19:58:51	SELECT id,roleName FROM role	null	::1	{"c":"Common","m":"getRolesInfo"}
[SELECT]	2018-01-08 19:58:51	SELECT id,userName FROM user	null	::1	{"c":"Common","m":"getUsersInfo"}
[SELECT]	2018-01-08 20:02:48	SELECT * FROM role WHERE `id`=?	["1"]	::1	{"c":"System","m":"menu"}
[SELECT]	2018-01-08 20:02:48	SELECT * FROM `menu` WHERE `id` in (1,2,10,3,12,13,6,7,8,9,11) ORDER BY `sort`	[]	::1	{"c":"System","m":"menu"}
[SELECT]	2018-01-08 20:02:48	SELECT id,userName FROM user	null	::1	{"c":"Common","m":"getUsersInfo"}
[SELECT]	2018-01-08 20:02:48	SELECT id,roleName FROM role	null	::1	{"c":"Common","m":"getRolesInfo"}
[SELECT]	2018-01-08 20:02:49	SELECT count(*) as sum FROM post	null	::1	{"c":"MovieManage","m":"post","page":"1","num":"10","loginTime":"2017-12-10 - 2018-01-08","orderby":{"postid":"asc"}}
[SELECT]	2018-01-08 20:02:49	SELECT postid,title,userid,username,posttime,reply,lastreply FROM post ORDER BY postid asc LIMIT 0,10	null	::1	{"c":"MovieManage","m":"post","page":"1","num":"10","loginTime":"2017-12-10 - 2018-01-08","orderby":{"postid":"asc"}}
[SELECT]	2018-01-08 20:04:00	SELECT * FROM role WHERE `id`=?	["1"]	::1	{"c":"System","m":"menu"}
[SELECT]	2018-01-08 20:04:00	SELECT * FROM `menu` WHERE `id` in (1,2,10,3,12,13,6,7,8,9,11) ORDER BY `sort`	[]	::1	{"c":"System","m":"menu"}
[SELECT]	2018-01-08 20:04:13	SELECT * FROM role WHERE `id`=?	["1"]	::1	{"c":"System","m":"menu"}
[SELECT]	2018-01-08 20:04:13	SELECT * FROM `menu` WHERE `id` in (1,2,10,3,12,13,6,7,8,9,11) ORDER BY `sort`	[]	::1	{"c":"System","m":"menu"}
[SELECT]	2018-01-08 20:04:13	SELECT id,userName FROM user	null	::1	{"c":"Common","m":"getUsersInfo"}
[SELECT]	2018-01-08 20:04:13	SELECT id,roleName FROM role	null	::1	{"c":"Common","m":"getRolesInfo"}
[SELECT]	2018-01-08 20:04:14	SELECT count(*) as sum FROM post	null	::1	{"c":"MovieManage","m":"post","page":"1","num":"10","loginTime":"2017-12-10 - 2018-01-08","orderby":{"postid":"asc"}}
[SELECT]	2018-01-08 20:04:14	SELECT postid,title,userid,username,posttime,reply,lastreply FROM post ORDER BY postid asc LIMIT 0,10	null	::1	{"c":"MovieManage","m":"post","page":"1","num":"10","loginTime":"2017-12-10 - 2018-01-08","orderby":{"postid":"asc"}}
[SELECT]	2018-01-08 20:04:24	SELECT * FROM role WHERE `id`=?	["1"]	::1	{"c":"System","m":"menu"}
[SELECT]	2018-01-08 20:04:24	SELECT * FROM `menu` WHERE `id` in (1,2,10,3,12,13,6,7,8,9,11) ORDER BY `sort`	[]	::1	{"c":"System","m":"menu"}
[SELECT]	2018-01-08 20:04:24	SELECT id,userName FROM user	null	::1	{"c":"Common","m":"getUsersInfo"}
[SELECT]	2018-01-08 20:04:24	SELECT count(*) as sum FROM post	null	::1	{"c":"MovieManage","m":"post","page":"1","num":"10","loginTime":"2017-12-10 - 2018-01-08","orderby":{"postid":"asc"}}
[SELECT]	2018-01-08 20:04:24	SELECT postid,title,userid,username,posttime,reply,lastreply FROM post ORDER BY postid asc LIMIT 0,10	null	::1	{"c":"MovieManage","m":"post","page":"1","num":"10","loginTime":"2017-12-10 - 2018-01-08","orderby":{"postid":"asc"}}
[SELECT]	2018-01-08 20:04:24	SELECT id,roleName FROM role	null	::1	{"c":"Common","m":"getRolesInfo"}
[SELECT]	2018-01-08 20:05:00	SELECT * FROM role WHERE `id`=?	["1"]	::1	{"c":"System","m":"menu"}
[SELECT]	2018-01-08 20:05:00	SELECT * FROM `menu` WHERE `id` in (1,2,10,3,12,13,6,7,8,9,11) ORDER BY `sort`	[]	::1	{"c":"System","m":"menu"}
[SELECT]	2018-01-08 20:05:00	SELECT id,userName FROM user	null	::1	{"c":"Common","m":"getUsersInfo"}
[SELECT]	2018-01-08 20:05:00	SELECT count(*) as sum FROM post	null	::1	{"c":"MovieManage","m":"post","page":"1","num":"10","loginTime":"2017-12-10 - 2018-01-08","orderby":{"postid":"asc"}}
[SELECT]	2018-01-08 20:05:00	SELECT postid,title,userid,username,posttime,reply,lastreply FROM post ORDER BY postid asc LIMIT 0,10	null	::1	{"c":"MovieManage","m":"post","page":"1","num":"10","loginTime":"2017-12-10 - 2018-01-08","orderby":{"postid":"asc"}}
[SELECT]	2018-01-08 20:05:00	SELECT id,roleName FROM role	null	::1	{"c":"Common","m":"getRolesInfo"}
[SELECT]	2018-01-08 20:05:57	SELECT * FROM role WHERE `id`=?	["1"]	::1	{"c":"System","m":"menu"}
[SELECT]	2018-01-08 20:05:57	SELECT * FROM `menu` WHERE `id` in (1,2,10,3,12,13,6,7,8,9,11) ORDER BY `sort`	[]	::1	{"c":"System","m":"menu"}
[SELECT]	2018-01-08 20:05:57	SELECT id,userName FROM user	null	::1	{"c":"Common","m":"getUsersInfo"}
[SELECT]	2018-01-08 20:05:57	SELECT id,roleName FROM role	null	::1	{"c":"Common","m":"getRolesInfo"}
[SELECT]	2018-01-08 20:05:57	SELECT count(*) as sum FROM post	null	::1	{"c":"MovieManage","m":"post","page":"1","num":"10","loginTime":"2017-12-10 - 2018-01-08","orderby":{"postid":"asc"}}
[SELECT]	2018-01-08 20:05:57	SELECT postid,title,userid,username,posttime,reply,lastreply FROM post ORDER BY postid asc LIMIT 0,10	null	::1	{"c":"MovieManage","m":"post","page":"1","num":"10","loginTime":"2017-12-10 - 2018-01-08","orderby":{"postid":"asc"}}
[SELECT]	2018-01-08 20:09:07	SELECT count(*) as sum FROM post	null	::1	{"c":"MovieManage","m":"post","page":"2","num":"10","loginTime":"2017-12-10 - 2018-01-08","orderby":{"postid":"asc"}}
[SELECT]	2018-01-08 20:09:07	SELECT postid,title,userid,username,posttime,reply,lastreply FROM post ORDER BY postid asc LIMIT 10,10	null	::1	{"c":"MovieManage","m":"post","page":"2","num":"10","loginTime":"2017-12-10 - 2018-01-08","orderby":{"postid":"asc"}}
[SELECT]	2018-01-08 20:09:09	SELECT count(*) as sum FROM post	null	::1	{"c":"MovieManage","m":"post","page":"1","num":"10","loginTime":"2017-12-10 - 2018-01-08","orderby":{"postid":"asc"}}
[SELECT]	2018-01-08 20:09:09	SELECT postid,title,userid,username,posttime,reply,lastreply FROM post ORDER BY postid asc LIMIT 0,10	null	::1	{"c":"MovieManage","m":"post","page":"1","num":"10","loginTime":"2017-12-10 - 2018-01-08","orderby":{"postid":"asc"}}
