[SELECT]	2018-01-19 14:29:19	SELECT * FROM user WHERE `userName`=?	["whx"]	::1	{"c":"System","m":"login","loginname":"whx","pwd":"Whx920927"}
[SELECT]	2018-01-19 14:29:19	SELECT * FROM role WHERE `id`=?	["1"]	::1	{"c":"System","m":"login","loginname":"whx","pwd":"Whx920927"}
[SELECT]	2018-01-19 14:29:19	SELECT `func` FROM `menu` WHERE `id` in (1,2,10,3,12,14,13,15,6,7,8,9,11) ORDER BY `sort`	[]	::1	{"c":"System","m":"login","loginname":"whx","pwd":"Whx920927"}
[INSERT]	2018-01-19 14:29:19	INSERT INTO loginList (`userId`,`LoginIp`,`loginTime`) values (:userId, :LoginIp, :loginTime);	{"userId":"2","LoginIp":"::1","loginTime":1516343359}	::1	{"c":"System","m":"login","loginname":"whx","pwd":"Whx920927"}
[UPDATE]	2018-01-19 14:29:19	UPDATE user SET `lastLoginTime`=:lastLoginTime WHERE `id`='2';	{"lastLoginTime":1516343359}	::1	{"c":"System","m":"login","loginname":"whx","pwd":"Whx920927"}
[SELECT]	2018-01-19 14:29:19	SELECT * FROM role WHERE `id`=?	["1"]	::1	{"c":"System","m":"menu"}
[SELECT]	2018-01-19 14:29:19	SELECT * FROM `menu` WHERE `id` in (1,2,10,3,12,14,13,15,6,7,8,9,11) ORDER BY `sort`	[]	::1	{"c":"System","m":"menu"}
[SELECT]	2018-01-19 14:29:22	SELECT count(*) as sum FROM repost	null	::1	{"c":"MovieManage","m":"repost","page":"1","num":"10","orderby":{"reposttime":"desc"}}
[SELECT]	2018-01-19 14:29:22	SELECT * FROM repost ORDER BY reposttime desc LIMIT 0,10	null	::1	{"c":"MovieManage","m":"repost","page":"1","num":"10","orderby":{"reposttime":"desc"}}
[DELETE]	2018-01-19 14:29:27	DELETE FROM user WHERE `userid`=:userid;	{"userid":"1"}	::1	{"c":"MovieManage","m":"repost","repostid":"11","postid":"12","userid":"1","username":"whx","repostdesc":"<p>\u798f\u65af\u7279\u683c\u5f0f<\/p>","reposttime":"1515671730","$$hashKey":"uiGrid-000D","a":"del"}
[SELECT]	2018-01-19 14:29:31	SELECT count(*) as sum FROM repost	null	::1	{"c":"MovieManage","m":"repost","page":"1","num":"10","orderby":{"reposttime":"desc"}}
[SELECT]	2018-01-19 14:29:31	SELECT * FROM repost ORDER BY reposttime desc LIMIT 0,10	null	::1	{"c":"MovieManage","m":"repost","page":"1","num":"10","orderby":{"reposttime":"desc"}}
[DELETE]	2018-01-19 14:29:42	DELETE FROM user WHERE `userid`=:userid;	{"userid":"1"}	::1	{"c":"MovieManage","m":"repost","repostid":"11","postid":"12","userid":"1","username":"whx","repostdesc":"<p>\u798f\u65af\u7279\u683c\u5f0f<\/p>","reposttime":"1515671730","$$hashKey":"uiGrid-003Z","a":"del"}
[SELECT]	2018-01-19 14:29:43	SELECT count(*) as sum FROM repost	null	::1	{"c":"MovieManage","m":"repost","page":"1","num":"10","orderby":{"reposttime":"desc"}}
[SELECT]	2018-01-19 14:29:43	SELECT * FROM repost ORDER BY reposttime desc LIMIT 0,10	null	::1	{"c":"MovieManage","m":"repost","page":"1","num":"10","orderby":{"reposttime":"desc"}}
[SELECT]	2018-01-19 14:30:18	SELECT id,userName FROM user	null	::1	{"c":"Common","m":"getUsersInfo"}
[SELECT]	2018-01-19 14:30:18	SELECT id,roleName FROM role	null	::1	{"c":"Common","m":"getRolesInfo"}
[SELECT]	2018-01-19 14:30:18	SELECT count(*) as sum FROM user	null	::1	{"c":"System","m":"user","page":"1","num":"10","loginTime":"2017-12-21 - 2018-01-19","orderby":{"id":"asc"}}
[SELECT]	2018-01-19 14:30:18	SELECT id,userName,lastLoginTime,roleId FROM user ORDER BY id asc LIMIT 0,10	null	::1	{"c":"System","m":"user","page":"1","num":"10","loginTime":"2017-12-21 - 2018-01-19","orderby":{"id":"asc"}}
[SELECT]	2018-01-19 14:30:34	SELECT count(*) as sum FROM repost	null	::1	{"c":"MovieManage","m":"repost","page":"1","num":"10","orderby":{"reposttime":"desc"}}
[SELECT]	2018-01-19 14:30:34	SELECT * FROM repost ORDER BY reposttime desc LIMIT 0,10	null	::1	{"c":"MovieManage","m":"repost","page":"1","num":"10","orderby":{"reposttime":"desc"}}
[SELECT]	2018-01-19 14:31:53	SELECT count(*) as sum FROM post	null	::1	{"c":"MovieManage","m":"post","page":"1","num":"10","orderby":{"postid":"desc"}}
[SELECT]	2018-01-19 14:31:53	SELECT postid,title,userid,username,posttime,reply,lastreply FROM post ORDER BY postid desc LIMIT 0,10	null	::1	{"c":"MovieManage","m":"post","page":"1","num":"10","orderby":{"postid":"desc"}}
[SELECT]	2018-01-19 14:31:55	SELECT count(*) as sum FROM repost WHERE `postid`=?	["11"]	::1	{"c":"MovieManage","m":"post","page":"1","num":"10","a":"reply","postid":"11","orderby":{"postid":"desc"}}
[SELECT]	2018-01-19 14:31:55	SELECT * FROM repost WHERE `postid`=? ORDER BY postid desc LIMIT 0,10	["11"]	::1	{"c":"MovieManage","m":"post","page":"1","num":"10","a":"reply","postid":"11","orderby":{"postid":"desc"}}
[SELECT]	2018-01-19 14:31:57	SELECT count(*) as sum FROM repost WHERE `postid`=?	["12"]	::1	{"c":"MovieManage","m":"post","page":"1","num":"10","a":"reply","postid":"12","orderby":{"postid":"desc"}}
[SELECT]	2018-01-19 14:31:57	SELECT * FROM repost WHERE `postid`=? ORDER BY postid desc LIMIT 0,10	["12"]	::1	{"c":"MovieManage","m":"post","page":"1","num":"10","a":"reply","postid":"12","orderby":{"postid":"desc"}}
[SELECT]	2018-01-19 14:31:59	SELECT count(*) as sum FROM repost WHERE `postid`=?	["12"]	::1	{"c":"MovieManage","m":"post","page":"2","num":"10","a":"reply","postid":"12","orderby":{"postid":"desc"}}
[SELECT]	2018-01-19 14:31:59	SELECT * FROM repost WHERE `postid`=? ORDER BY postid desc LIMIT 10,10	["12"]	::1	{"c":"MovieManage","m":"post","page":"2","num":"10","a":"reply","postid":"12","orderby":{"postid":"desc"}}
[SELECT]	2018-01-19 14:32:03	SELECT count(*) as sum FROM repost	null	::1	{"c":"MovieManage","m":"repost","page":"1","num":"10","orderby":{"reposttime":"desc"}}
[SELECT]	2018-01-19 14:32:03	SELECT * FROM repost ORDER BY reposttime desc LIMIT 0,10	null	::1	{"c":"MovieManage","m":"repost","page":"1","num":"10","orderby":{"reposttime":"desc"}}
[DELETE]	2018-01-19 14:32:19	DELETE FROM repost WHERE `repostid`=:repostid;	{"repostid":"3"}	::1	{"c":"MovieManage","m":"repost","repostid":"3","postid":"12","userid":"1","username":"whx","repostdesc":"<p>www<\/p>","reposttime":"1515671670","$$hashKey":"uiGrid-00JS","a":"del"}
[SELECT]	2018-01-19 14:32:20	SELECT count(*) as sum FROM repost	null	::1	{"c":"MovieManage","m":"repost","page":"1","num":"10","orderby":{"reposttime":"desc"}}
[SELECT]	2018-01-19 14:32:20	SELECT * FROM repost ORDER BY reposttime desc LIMIT 0,10	null	::1	{"c":"MovieManage","m":"repost","page":"1","num":"10","orderby":{"reposttime":"desc"}}
[SELECT]	2018-01-19 14:33:16	SELECT count(*) as sum FROM repost	null	::1	{"c":"MovieManage","m":"repost","page":"2","num":"10","orderby":{"reposttime":"desc"}}
[SELECT]	2018-01-19 14:33:16	SELECT * FROM repost ORDER BY reposttime desc LIMIT 10,10	null	::1	{"c":"MovieManage","m":"repost","page":"2","num":"10","orderby":{"reposttime":"desc"}}
[SELECT]	2018-01-19 14:33:18	SELECT count(*) as sum FROM repost	null	::1	{"c":"MovieManage","m":"repost","page":"1","num":"10","orderby":{"reposttime":"desc"}}
[SELECT]	2018-01-19 14:33:18	SELECT * FROM repost ORDER BY reposttime desc LIMIT 0,10	null	::1	{"c":"MovieManage","m":"repost","page":"1","num":"10","orderby":{"reposttime":"desc"}}
[SELECT]	2018-01-19 14:36:50	SELECT count(*) as sum FROM repost	null	::1	{"c":"MovieManage","m":"repost","page":"2","num":"10","orderby":{"reposttime":"desc"}}
[SELECT]	2018-01-19 14:36:50	SELECT * FROM repost ORDER BY reposttime desc LIMIT 10,10	null	::1	{"c":"MovieManage","m":"repost","page":"2","num":"10","orderby":{"reposttime":"desc"}}
[SELECT]	2018-01-19 14:36:51	SELECT count(*) as sum FROM repost	null	::1	{"c":"MovieManage","m":"repost","page":"1","num":"10","orderby":{"reposttime":"desc"}}
[SELECT]	2018-01-19 14:36:51	SELECT * FROM repost ORDER BY reposttime desc LIMIT 0,10	null	::1	{"c":"MovieManage","m":"repost","page":"1","num":"10","orderby":{"reposttime":"desc"}}
[SELECT]	2018-01-19 14:37:00	SELECT * FROM role WHERE `id`=?	["1"]	::1	{"c":"System","m":"menu"}
[SELECT]	2018-01-19 14:37:00	SELECT * FROM `menu` WHERE `id` in (1,2,10,3,12,14,13,15,6,7,8,9,11) ORDER BY `sort`	[]	::1	{"c":"System","m":"menu"}
[SELECT]	2018-01-19 14:37:00	SELECT count(*) as sum FROM repost	null	::1	{"c":"MovieManage","m":"repost","page":"1","num":"10","orderby":{"reposttime":"desc"}}
[SELECT]	2018-01-19 14:37:00	SELECT * FROM repost ORDER BY reposttime desc LIMIT 0,10	null	::1	{"c":"MovieManage","m":"repost","page":"1","num":"10","orderby":{"reposttime":"desc"}}
[SELECT]	2018-01-19 14:37:03	SELECT count(*) as sum FROM repost	null	::1	{"c":"MovieManage","m":"repost","page":"2","num":"10","orderby":{"reposttime":"desc"}}
[SELECT]	2018-01-19 14:37:03	SELECT * FROM repost ORDER BY reposttime desc LIMIT 10,10	null	::1	{"c":"MovieManage","m":"repost","page":"2","num":"10","orderby":{"reposttime":"desc"}}
[SELECT]	2018-01-19 14:37:04	SELECT count(*) as sum FROM repost	null	::1	{"c":"MovieManage","m":"repost","page":"1","num":"10","orderby":{"reposttime":"desc"}}
[SELECT]	2018-01-19 14:37:04	SELECT * FROM repost ORDER BY reposttime desc LIMIT 0,10	null	::1	{"c":"MovieManage","m":"repost","page":"1","num":"10","orderby":{"reposttime":"desc"}}
[DELETE]	2018-01-19 14:37:18	DELETE FROM repost WHERE `repostid`=:repostid;	{"repostid":"12"}	::1	{"c":"MovieManage","m":"repost","repostid":"12","postid":"12","userid":"1","username":"whx","repostdesc":"<p>\u53d1\u9001\u7ed9\u5979\u7684\u624b<\/p>","reposttime":"1515671737","$$hashKey":"uiGrid-003Z","a":"del"}
[SELECT]	2018-01-19 14:37:19	SELECT count(*) as sum FROM repost	null	::1	{"c":"MovieManage","m":"repost","page":"1","num":"10","orderby":{"reposttime":"desc"}}
[SELECT]	2018-01-19 14:37:19	SELECT * FROM repost ORDER BY reposttime desc LIMIT 0,10	null	::1	{"c":"MovieManage","m":"repost","page":"1","num":"10","orderby":{"reposttime":"desc"}}
[SELECT]	2018-01-19 14:39:11	SELECT * FROM role WHERE `id`=?	["1"]	::1	{"c":"System","m":"menu"}
[SELECT]	2018-01-19 14:39:11	SELECT * FROM `menu` WHERE `id` in (1,2,10,3,12,14,13,15,6,7,8,9,11) ORDER BY `sort`	[]	::1	{"c":"System","m":"menu"}
[SELECT]	2018-01-19 14:39:12	SELECT count(*) as sum FROM repost	null	::1	{"c":"MovieManage","m":"repost","page":"1","num":"10","orderby":{"reposttime":"desc"}}
[SELECT]	2018-01-19 14:39:12	SELECT * FROM repost ORDER BY reposttime desc LIMIT 0,10	null	::1	{"c":"MovieManage","m":"repost","page":"1","num":"10","orderby":{"reposttime":"desc"}}
[SELECT]	2018-01-19 14:40:11	SELECT * FROM role WHERE `id`=?	["1"]	::1	{"c":"System","m":"menu"}
[SELECT]	2018-01-19 14:40:11	SELECT * FROM `menu` WHERE `id` in (1,2,10,3,12,14,13,15,6,7,8,9,11) ORDER BY `sort`	[]	::1	{"c":"System","m":"menu"}
[SELECT]	2018-01-19 14:40:11	SELECT count(*) as sum FROM repost	null	::1	{"c":"MovieManage","m":"repost","page":"1","num":"10","orderby":{"reposttime":"desc"}}
[SELECT]	2018-01-19 14:40:11	SELECT * FROM repost ORDER BY reposttime desc LIMIT 0,10	null	::1	{"c":"MovieManage","m":"repost","page":"1","num":"10","orderby":{"reposttime":"desc"}}
[SELECT]	2018-01-19 14:40:48	SELECT count(*) as sum FROM repost WHERE `reposttime` between ? AND ?	[1516204800,1516291199]	::1	{"c":"MovieManage","m":"repost","page":"1","num":"10","reposttime":"2018-01-18 - 2018-01-18","orderby":{"reposttime":"desc"}}
[SELECT]	2018-01-19 14:40:48	SELECT * FROM repost WHERE `reposttime` between ? AND ? ORDER BY reposttime desc LIMIT 0,10	[1516204800,1516291199]	::1	{"c":"MovieManage","m":"repost","page":"1","num":"10","reposttime":"2018-01-18 - 2018-01-18","orderby":{"reposttime":"desc"}}
[SELECT]	2018-01-19 14:40:52	SELECT count(*) as sum FROM repost WHERE `reposttime` between ? AND ?	[1515772800,1516377599]	::1	{"c":"MovieManage","m":"repost","page":"1","num":"10","reposttime":"2018-01-13 - 2018-01-19","orderby":{"reposttime":"desc"}}
[SELECT]	2018-01-19 14:40:52	SELECT * FROM repost WHERE `reposttime` between ? AND ? ORDER BY reposttime desc LIMIT 0,10	[1515772800,1516377599]	::1	{"c":"MovieManage","m":"repost","page":"1","num":"10","reposttime":"2018-01-13 - 2018-01-19","orderby":{"reposttime":"desc"}}
[SELECT]	2018-01-19 14:40:56	SELECT count(*) as sum FROM repost WHERE `reposttime` between ? AND ?	[1513785600,1516377599]	::1	{"c":"MovieManage","m":"repost","page":"1","num":"10","reposttime":"2017-12-21 - 2018-01-19","orderby":{"reposttime":"desc"}}
[SELECT]	2018-01-19 14:40:56	SELECT * FROM repost WHERE `reposttime` between ? AND ? ORDER BY reposttime desc LIMIT 0,10	[1513785600,1516377599]	::1	{"c":"MovieManage","m":"repost","page":"1","num":"10","reposttime":"2017-12-21 - 2018-01-19","orderby":{"reposttime":"desc"}}
[SELECT]	2018-01-19 14:41:17	SELECT * FROM role WHERE `id`=?	["1"]	::1	{"c":"System","m":"menu"}
[SELECT]	2018-01-19 14:41:17	SELECT * FROM `menu` WHERE `id` in (1,2,10,3,12,14,13,15,6,7,8,9,11) ORDER BY `sort`	[]	::1	{"c":"System","m":"menu"}
[SELECT]	2018-01-19 14:41:17	SELECT count(*) as sum FROM repost	null	::1	{"c":"MovieManage","m":"repost","page":"1","num":"10","orderby":{"reposttime":"desc"}}
[SELECT]	2018-01-19 14:41:17	SELECT * FROM repost ORDER BY reposttime desc LIMIT 0,10	null	::1	{"c":"MovieManage","m":"repost","page":"1","num":"10","orderby":{"reposttime":"desc"}}
[SELECT]	2018-01-19 14:41:30	SELECT * FROM role WHERE `id`=?	["1"]	::1	{"c":"System","m":"menu"}
[SELECT]	2018-01-19 14:41:30	SELECT * FROM `menu` WHERE `id` in (1,2,10,3,12,14,13,15,6,7,8,9,11) ORDER BY `sort`	[]	::1	{"c":"System","m":"menu"}
[SELECT]	2018-01-19 14:41:30	SELECT count(*) as sum FROM repost	null	::1	{"c":"MovieManage","m":"repost","page":"1","num":"10","orderby":{"reposttime":"desc"}}
[SELECT]	2018-01-19 14:41:30	SELECT * FROM repost ORDER BY reposttime desc LIMIT 0,10	null	::1	{"c":"MovieManage","m":"repost","page":"1","num":"10","orderby":{"reposttime":"desc"}}
[SELECT]	2018-01-19 14:44:33	SELECT count(*) as sum FROM repost WHERE `username` like ?	["%whx%"]	::1	{"c":"MovieManage","m":"repost","page":"1","num":"10","username":"whx","orderby":{"reposttime":"desc"}}
[SELECT]	2018-01-19 14:44:33	SELECT * FROM repost WHERE `username` like ? ORDER BY reposttime desc LIMIT 0,10	["%whx%"]	::1	{"c":"MovieManage","m":"repost","page":"1","num":"10","username":"whx","orderby":{"reposttime":"desc"}}
[SELECT]	2018-01-19 14:46:25	SELECT * FROM role WHERE `id`=?	["1"]	::1	{"c":"System","m":"menu"}
[SELECT]	2018-01-19 14:46:25	SELECT * FROM `menu` WHERE `id` in (1,2,10,3,12,14,13,15,6,7,8,9,11) ORDER BY `sort`	[]	::1	{"c":"System","m":"menu"}
[SELECT]	2018-01-19 14:46:25	SELECT count(*) as sum FROM repost	null	::1	{"c":"MovieManage","m":"repost","page":"1","num":"10","orderby":{"reposttime":"desc"}}
[SELECT]	2018-01-19 14:46:25	SELECT * FROM repost ORDER BY reposttime desc LIMIT 0,10	null	::1	{"c":"MovieManage","m":"repost","page":"1","num":"10","orderby":{"reposttime":"desc"}}
[SELECT]	2018-01-19 14:46:30	SELECT count(*) as sum FROM repost WHERE `postid`=?	["12"]	::1	{"c":"MovieManage","m":"repost","page":"1","num":"10","postid":"12","orderby":{"reposttime":"desc"}}
[SELECT]	2018-01-19 14:46:30	SELECT * FROM repost WHERE `postid`=? ORDER BY reposttime desc LIMIT 0,10	["12"]	::1	{"c":"MovieManage","m":"repost","page":"1","num":"10","postid":"12","orderby":{"reposttime":"desc"}}
[SELECT]	2018-01-19 15:40:52	SELECT * FROM role WHERE `id`=?	["1"]	::1	{"c":"System","m":"menu"}
[SELECT]	2018-01-19 15:40:52	SELECT * FROM `menu` WHERE `id` in (1,2,10,3,12,14,13,15,6,7,8,9,11) ORDER BY `sort`	[]	::1	{"c":"System","m":"menu"}
[SELECT]	2018-01-19 15:40:56	SELECT count(*) as sum FROM user	null	::1	{"c":"MovieManage","m":"user","page":"1","num":"10","orderby":{"regtime":"desc"}}
[SELECT]	2018-01-19 15:40:56	SELECT userid,username,regtime,email FROM user ORDER BY regtime desc LIMIT 0,10	null	::1	{"c":"MovieManage","m":"user","page":"1","num":"10","orderby":{"regtime":"desc"}}
[SELECT]	2018-01-19 15:40:59	SELECT count(*) as sum FROM user	null	::1	{"c":"System","m":"user","page":"1","num":"10","loginTime":"2017-12-21 - 2018-01-19","orderby":{"id":"asc"}}
[SELECT]	2018-01-19 15:40:59	SELECT id,userName,lastLoginTime,roleId FROM user ORDER BY id asc LIMIT 0,10	null	::1	{"c":"System","m":"user","page":"1","num":"10","loginTime":"2017-12-21 - 2018-01-19","orderby":{"id":"asc"}}
[SELECT]	2018-01-19 15:40:59	SELECT id,roleName FROM role	null	::1	{"c":"Common","m":"getRolesInfo"}
[SELECT]	2018-01-19 15:40:59	SELECT id,userName FROM user	null	::1	{"c":"Common","m":"getUsersInfo"}
[SELECT]	2018-01-19 15:41:14	SELECT count(*) as sum FROM loginList WHERE `loginTime` between ? AND ?	[1513785600,1516377599]	::1	{"c":"System","m":"loginList","page":"1","num":"10","loginTime":"2017-12-21 - 2018-01-19","orderby":{"loginTime":"desc"}}
[SELECT]	2018-01-19 15:41:14	SELECT * FROM loginList WHERE `loginTime` between ? AND ? ORDER BY loginTime desc LIMIT 0,10	[1513785600,1516377599]	::1	{"c":"System","m":"loginList","page":"1","num":"10","loginTime":"2017-12-21 - 2018-01-19","orderby":{"loginTime":"desc"}}
[SELECT]	2018-01-19 15:41:17	SELECT id,roleName FROM role	null	::1	{"c":"Common","m":"getRolesInfo"}
[SELECT]	2018-01-19 15:41:17	SELECT count(*) as sum FROM user	null	::1	{"c":"System","m":"user","page":"1","num":"10","loginTime":"2017-12-21 - 2018-01-19","orderby":{"id":"asc"}}
[SELECT]	2018-01-19 15:41:17	SELECT id,userName,lastLoginTime,roleId FROM user ORDER BY id asc LIMIT 0,10	null	::1	{"c":"System","m":"user","page":"1","num":"10","loginTime":"2017-12-21 - 2018-01-19","orderby":{"id":"asc"}}
[SELECT]	2018-01-19 15:41:19	SELECT count(*) as sum FROM loginList WHERE `loginTime` between ? AND ?	[1513785600,1516377599]	::1	{"c":"System","m":"loginList","page":"1","num":"10","loginTime":"2017-12-21 - 2018-01-19","orderby":{"loginTime":"desc"}}
[SELECT]	2018-01-19 15:41:19	SELECT * FROM loginList WHERE `loginTime` between ? AND ? ORDER BY loginTime desc LIMIT 0,10	[1513785600,1516377599]	::1	{"c":"System","m":"loginList","page":"1","num":"10","loginTime":"2017-12-21 - 2018-01-19","orderby":{"loginTime":"desc"}}
[SELECT]	2018-01-19 15:41:30	SELECT id,roleName FROM role	null	::1	{"c":"Common","m":"getRolesInfo"}
[SELECT]	2018-01-19 15:41:30	SELECT count(*) as sum FROM user	null	::1	{"c":"System","m":"user","page":"1","num":"10","loginTime":"2017-12-21 - 2018-01-19","orderby":{"id":"asc"}}
[SELECT]	2018-01-19 15:41:30	SELECT id,userName,lastLoginTime,roleId FROM user ORDER BY id asc LIMIT 0,10	null	::1	{"c":"System","m":"user","page":"1","num":"10","loginTime":"2017-12-21 - 2018-01-19","orderby":{"id":"asc"}}
[SELECT]	2018-01-19 15:43:22	SELECT * FROM role WHERE `id`=?	["1"]	::1	{"c":"System","m":"menu"}
[SELECT]	2018-01-19 15:43:22	SELECT * FROM `menu` WHERE `id` in (1,2,10,3,12,14,13,15,6,7,8,9,11) ORDER BY `sort`	[]	::1	{"c":"System","m":"menu"}
[SELECT]	2018-01-19 15:45:39	SELECT * FROM role WHERE `id`=?	["1"]	::1	{"c":"System","m":"menu"}
[SELECT]	2018-01-19 15:45:39	SELECT * FROM `menu` WHERE `id` in (1,2,10,3,12,14,13,15,6,7,8,9,11) ORDER BY `sort`	[]	::1	{"c":"System","m":"menu"}
[SELECT]	2018-01-19 15:45:39	SELECT count(*) as sum FROM user	null	::1	{"c":"System","m":"user","page":"1","num":"10"}
[SELECT]	2018-01-19 15:45:39	SELECT id,userName,lastLoginTime,roleId FROM user LIMIT 0,10	null	::1	{"c":"System","m":"user","page":"1","num":"10"}
[SELECT]	2018-01-19 15:48:56	SELECT * FROM role WHERE `id`=?	["1"]	::1	{"c":"System","m":"menu"}
[SELECT]	2018-01-19 15:48:56	SELECT * FROM `menu` WHERE `id` in (1,2,10,3,12,14,13,15,6,7,8,9,11) ORDER BY `sort`	[]	::1	{"c":"System","m":"menu"}
[SELECT]	2018-01-19 15:48:56	SELECT count(*) as sum FROM user	null	::1	{"c":"System","m":"user","page":"1","num":"10","orderby":{"lastLoginTime":"desc"}}
[SELECT]	2018-01-19 15:48:56	SELECT id,userName,lastLoginTime,roleId FROM user ORDER BY lastLoginTime desc LIMIT 0,10	null	::1	{"c":"System","m":"user","page":"1","num":"10","orderby":{"lastLoginTime":"desc"}}
[DELETE]	2018-01-19 15:49:06	DELETE FROM user WHERE `id`=:id;	{"id":"13"}	::1	{"c":"System","m":"user","id":"13","userName":"whxe","lastLoginTime":"0","roleId":"3","$$hashKey":"uiGrid-000Q","a":"del"}
[SELECT]	2018-01-19 15:49:08	SELECT count(*) as sum FROM user	null	::1	{"c":"System","m":"user","page":"1","num":"10","orderby":{"lastLoginTime":"desc"}}
[SELECT]	2018-01-19 15:49:08	SELECT id,userName,lastLoginTime,roleId FROM user ORDER BY lastLoginTime desc LIMIT 0,10	null	::1	{"c":"System","m":"user","page":"1","num":"10","orderby":{"lastLoginTime":"desc"}}
[SELECT]	2018-01-19 15:52:29	SELECT * FROM role WHERE `id`=?	["1"]	::1	{"c":"System","m":"menu"}
[SELECT]	2018-01-19 15:52:29	SELECT * FROM `menu` WHERE `id` in (1,2,10,3,12,14,13,15,6,7,8,9,11) ORDER BY `sort`	[]	::1	{"c":"System","m":"menu"}
[SELECT]	2018-01-19 15:53:10	SELECT * FROM role WHERE `id`=?	["1"]	::1	{"c":"System","m":"menu"}
[SELECT]	2018-01-19 15:53:10	SELECT * FROM `menu` WHERE `id` in (1,2,10,3,12,14,13,15,6,7,8,9,11) ORDER BY `sort`	[]	::1	{"c":"System","m":"menu"}
[SELECT]	2018-01-19 15:54:38	SELECT * FROM role WHERE `id`=?	["1"]	::1	{"c":"System","m":"menu"}
[SELECT]	2018-01-19 15:54:38	SELECT * FROM `menu` WHERE `id` in (1,2,10,3,12,14,13,15,6,7,8,9,11) ORDER BY `sort`	[]	::1	{"c":"System","m":"menu"}
[SELECT]	2018-01-19 15:55:29	SELECT * FROM role WHERE `id`=?	["1"]	::1	{"c":"System","m":"menu"}
[SELECT]	2018-01-19 15:55:29	SELECT * FROM `menu` WHERE `id` in (1,2,10,3,12,14,13,15,6,7,8,9,11) ORDER BY `sort`	[]	::1	{"c":"System","m":"menu"}
[SELECT]	2018-01-19 15:55:54	SELECT * FROM role WHERE `id`=?	["1"]	::1	{"c":"System","m":"menu"}
[SELECT]	2018-01-19 15:55:54	SELECT * FROM `menu` WHERE `id` in (1,2,10,3,12,14,13,15,6,7,8,9,11) ORDER BY `sort`	[]	::1	{"c":"System","m":"menu"}
[SELECT]	2018-01-19 15:59:19	SELECT * FROM role WHERE `id`=?	["1"]	::1	{"c":"System","m":"menu"}
[SELECT]	2018-01-19 15:59:19	SELECT * FROM `menu` WHERE `id` in (1,2,10,3,12,14,13,15,6,7,8,9,11) ORDER BY `sort`	[]	::1	{"c":"System","m":"menu"}
[SELECT]	2018-01-19 16:01:07	SELECT * FROM role WHERE `id`=?	["1"]	::1	{"c":"System","m":"menu"}
[SELECT]	2018-01-19 16:01:07	SELECT * FROM `menu` WHERE `id` in (1,2,10,3,12,14,13,15,6,7,8,9,11) ORDER BY `sort`	[]	::1	{"c":"System","m":"menu"}
[SELECT]	2018-01-19 16:01:07	SELECT count(*) as sum FROM user	null	::1	{"c":"System","m":"user","page":"1","num":"10"}
[SELECT]	2018-01-19 16:01:07	SELECT id,userName,lastLoginTime,roleId FROM user LIMIT 0,10	null	::1	{"c":"System","m":"user","page":"1","num":"10"}
[SELECT]	2018-01-19 16:01:50	SELECT * FROM role WHERE `id`=?	["1"]	::1	{"c":"System","m":"menu"}
[SELECT]	2018-01-19 16:01:51	SELECT * FROM `menu` WHERE `id` in (1,2,10,3,12,14,13,15,6,7,8,9,11) ORDER BY `sort`	[]	::1	{"c":"System","m":"menu"}
[SELECT]	2018-01-19 16:01:51	SELECT count(*) as sum FROM user	null	::1	{"c":"System","m":"user","page":"1","num":"10"}
[SELECT]	2018-01-19 16:01:51	SELECT id,userName,lastLoginTime,roleId FROM user LIMIT 0,10	null	::1	{"c":"System","m":"user","page":"1","num":"10"}
[SELECT]	2018-01-19 16:02:21	SELECT * FROM role WHERE `id`=?	["1"]	::1	{"c":"System","m":"menu"}
[SELECT]	2018-01-19 16:02:21	SELECT * FROM `menu` WHERE `id` in (1,2,10,3,12,14,13,15,6,7,8,9,11) ORDER BY `sort`	[]	::1	{"c":"System","m":"menu"}
[SELECT]	2018-01-19 16:02:21	SELECT count(*) as sum FROM user	null	::1	{"c":"System","m":"user","page":"1","num":"10"}
[SELECT]	2018-01-19 16:02:21	SELECT id,userName,lastLoginTime,roleId FROM user LIMIT 0,10	null	::1	{"c":"System","m":"user","page":"1","num":"10"}
[SELECT]	2018-01-19 16:02:29	SELECT * FROM role WHERE `id`=?	["1"]	::1	{"c":"System","m":"menu"}
[SELECT]	2018-01-19 16:02:29	SELECT * FROM `menu` WHERE `id` in (1,2,10,3,12,14,13,15,6,7,8,9,11) ORDER BY `sort`	[]	::1	{"c":"System","m":"menu"}
[SELECT]	2018-01-19 16:05:25	SELECT * FROM role WHERE `id`=?	["1"]	::1	{"c":"System","m":"menu"}
[SELECT]	2018-01-19 16:05:25	SELECT * FROM `menu` WHERE `id` in (1,2,10,3,12,14,13,15,6,7,8,9,11) ORDER BY `sort`	[]	::1	{"c":"System","m":"menu"}
[SELECT]	2018-01-19 16:07:52	SELECT * FROM role WHERE `id`=?	["1"]	::1	{"c":"System","m":"menu"}
[SELECT]	2018-01-19 16:07:52	SELECT * FROM `menu` WHERE `id` in (1,2,10,3,12,14,13,15,6,7,8,9,11) ORDER BY `sort`	[]	::1	{"c":"System","m":"menu"}
[SELECT]	2018-01-19 16:07:52	SELECT count(*) as sum FROM user	null	::1	{"c":"System","m":"user","page":"1","num":"10"}
[SELECT]	2018-01-19 16:07:52	SELECT id,userName,lastLoginTime,roleId FROM user LIMIT 0,10	null	::1	{"c":"System","m":"user","page":"1","num":"10"}
[SELECT]	2018-01-19 16:08:34	SELECT count(*) as sum FROM user	null	::1	{"c":"MovieManage","m":"user","page":"1","num":"10","orderby":{"regtime":"desc"}}
[SELECT]	2018-01-19 16:08:34	SELECT userid,username,regtime,email FROM user ORDER BY regtime desc LIMIT 0,10	null	::1	{"c":"MovieManage","m":"user","page":"1","num":"10","orderby":{"regtime":"desc"}}
[SELECT]	2018-01-19 16:08:45	SELECT id,roleName FROM role	null	::1	{"c":"Common","m":"getRolesInfo"}
[SELECT]	2018-01-19 16:08:45	SELECT * FROM menu ORDER BY sort	null	::1	{"c":"System","m":"role","a":"get_all_menu"}
[SELECT]	2018-01-19 16:08:45	SELECT count(*) as sum FROM role	null	::1	{"c":"System","m":"role","page":"1","num":"10","orderby":{"id":"asc"}}
[SELECT]	2018-01-19 16:08:45	SELECT * FROM role ORDER BY id asc LIMIT 0,10	null	::1	{"c":"System","m":"role","page":"1","num":"10","orderby":{"id":"asc"}}
[SELECT]	2018-01-19 16:09:05	SELECT count(*) as sum FROM repost	null	::1	{"c":"MovieManage","m":"repost","page":"1","num":"10","orderby":{"reposttime":"desc"}}
[SELECT]	2018-01-19 16:09:05	SELECT * FROM repost ORDER BY reposttime desc LIMIT 0,10	null	::1	{"c":"MovieManage","m":"repost","page":"1","num":"10","orderby":{"reposttime":"desc"}}
[SELECT]	2018-01-19 16:10:29	SELECT * FROM role WHERE `id`=?	["1"]	::1	{"c":"System","m":"menu"}
[SELECT]	2018-01-19 16:10:29	SELECT * FROM `menu` WHERE `id` in (1,2,10,3,12,14,13,15,6,7,8,9,11) ORDER BY `sort`	[]	::1	{"c":"System","m":"menu"}
[SELECT]	2018-01-19 16:10:29	SELECT count(*) as sum FROM repost	null	::1	{"c":"MovieManage","m":"repost","page":"1","num":"10","orderby":{"reposttime":"desc"}}
[SELECT]	2018-01-19 16:10:29	SELECT * FROM repost ORDER BY reposttime desc LIMIT 0,10	null	::1	{"c":"MovieManage","m":"repost","page":"1","num":"10","orderby":{"reposttime":"desc"}}
[SELECT]	2018-01-19 16:34:02	SELECT * FROM role WHERE `id`=?	["1"]	::1	{"c":"System","m":"menu"}
[SELECT]	2018-01-19 16:34:02	SELECT * FROM `menu` WHERE `id` in (1,2,10,3,12,14,13,15,6,7,8,9,11) ORDER BY `sort`	[]	::1	{"c":"System","m":"menu"}
[SELECT]	2018-01-19 16:34:02	SELECT count(*) as sum FROM repost	null	::1	{"c":"MovieManage","m":"repost","page":"1","num":"10","orderby":{"reposttime":"desc"}}
[SELECT]	2018-01-19 16:34:02	SELECT * FROM repost ORDER BY reposttime desc LIMIT 0,10	null	::1	{"c":"MovieManage","m":"repost","page":"1","num":"10","orderby":{"reposttime":"desc"}}
[SELECT]	2018-01-19 16:45:05	SELECT * FROM role WHERE `id`=?	["1"]	::1	{"c":"System","m":"menu"}
[SELECT]	2018-01-19 16:45:05	SELECT * FROM `menu` WHERE `id` in (1,2,10,3,12,14,13,15,6,7,8,9,11) ORDER BY `sort`	[]	::1	{"c":"System","m":"menu"}
[SELECT]	2018-01-19 16:45:07	SELECT count(*) as sum FROM user	null	::1	{"c":"System","m":"user","page":"1","num":"10"}
[SELECT]	2018-01-19 16:45:07	SELECT id,userName,lastLoginTime,roleId FROM user LIMIT 0,10	null	::1	{"c":"System","m":"user","page":"1","num":"10"}
[SELECT]	2018-01-19 16:45:13	SELECT * FROM role WHERE `id`=?	["1"]	::1	{"c":"System","m":"menu"}
[SELECT]	2018-01-19 16:45:13	SELECT * FROM `menu` WHERE `id` in (1,2,10,3,12,14,13,15,6,7,8,9,11) ORDER BY `sort`	[]	::1	{"c":"System","m":"menu"}
[SELECT]	2018-01-19 16:45:13	SELECT count(*) as sum FROM user	null	::1	{"c":"System","m":"user","page":"1","num":"10"}
[SELECT]	2018-01-19 16:45:13	SELECT id,userName,lastLoginTime,roleId FROM user LIMIT 0,10	null	::1	{"c":"System","m":"user","page":"1","num":"10"}
[SELECT]	2018-01-19 16:45:17	SELECT count(*) as sum FROM repost	null	::1	{"c":"MovieManage","m":"repost","page":"1","num":"10","orderby":{"reposttime":"desc"}}
[SELECT]	2018-01-19 16:45:17	SELECT * FROM repost ORDER BY reposttime desc LIMIT 0,10	null	::1	{"c":"MovieManage","m":"repost","page":"1","num":"10","orderby":{"reposttime":"desc"}}
