[SELECT]	2018-01-05 15:45:15	SELECT * FROM user WHERE `userName`=?	["whx"]	::1	{"c":"System","m":"login","loginname":"whx","pwd":"Whx920927"}
[SELECT]	2018-01-05 15:45:15	SELECT * FROM role WHERE `id`=?	["1"]	::1	{"c":"System","m":"login","loginname":"whx","pwd":"Whx920927"}
[SELECT]	2018-01-05 15:45:15	SELECT `func` FROM `menu` WHERE `id` in (1,2,10,3,6,7,8,9,11) ORDER BY `sort`	[]	::1	{"c":"System","m":"login","loginname":"whx","pwd":"Whx920927"}
[INSERT]	2018-01-05 15:45:15	INSERT INTO loginList (`userId`,`LoginIp`,`loginTime`) values (:userId, :LoginIp, :loginTime);	{"userId":"2","LoginIp":"::1","loginTime":1515138315}	::1	{"c":"System","m":"login","loginname":"whx","pwd":"Whx920927"}
[UPDATE]	2018-01-05 15:45:15	UPDATE user SET `lastLoginTime`=:lastLoginTime WHERE `id`='2';	{"lastLoginTime":1515138315}	::1	{"c":"System","m":"login","loginname":"whx","pwd":"Whx920927"}
[SELECT]	2018-01-05 15:45:16	SELECT * FROM role WHERE `id`=?	["1"]	::1	{"c":"System","m":"menu"}
[SELECT]	2018-01-05 15:45:16	SELECT * FROM `menu` WHERE `id` in (1,2,10,3,6,7,8,9,11) ORDER BY `sort`	[]	::1	{"c":"System","m":"menu"}
[SELECT]	2018-01-05 15:45:19	SELECT id,userName FROM user	null	::1	{"c":"Common","m":"getUsersInfo"}
[SELECT]	2018-01-05 15:45:19	SELECT id,roleName FROM role	null	::1	{"c":"Common","m":"getRolesInfo"}
[SELECT]	2018-01-05 15:45:19	SELECT count(*) as sum FROM user	null	::1	{"c":"System","m":"user","page":"1","num":"10","loginTime":"2017-12-07 - 2018-01-05","orderby":{"id":"asc"}}
[SELECT]	2018-01-05 15:45:19	SELECT id,userName,lastLoginTime,roleId FROM user ORDER BY id asc LIMIT 0,10	null	::1	{"c":"System","m":"user","page":"1","num":"10","loginTime":"2017-12-07 - 2018-01-05","orderby":{"id":"asc"}}
[SELECT]	2018-01-05 16:01:07	SELECT * FROM role WHERE `id`=?	["1"]	::1	{"c":"System","m":"menu"}
[SELECT]	2018-01-05 16:01:07	SELECT * FROM `menu` WHERE `id` in (1,2,10,3,6,7,8,9,11) ORDER BY `sort`	[]	::1	{"c":"System","m":"menu"}
[SELECT]	2018-01-05 16:01:07	SELECT id,userName FROM user	null	::1	{"c":"Common","m":"getUsersInfo"}
[SELECT]	2018-01-05 16:01:07	SELECT count(*) as sum FROM user	null	::1	{"c":"System","m":"user","page":"1","num":"10","loginTime":"2017-12-07 - 2018-01-05","orderby":{"id":"asc"}}
[SELECT]	2018-01-05 16:01:07	SELECT id,userName,lastLoginTime,roleId FROM user ORDER BY id asc LIMIT 0,10	null	::1	{"c":"System","m":"user","page":"1","num":"10","loginTime":"2017-12-07 - 2018-01-05","orderby":{"id":"asc"}}
[SELECT]	2018-01-05 16:01:07	SELECT id,roleName FROM role	null	::1	{"c":"Common","m":"getRolesInfo"}
[SELECT]	2018-01-05 16:16:28	SELECT * FROM role WHERE `id`=?	["1"]	::1	{"c":"System","m":"menu"}
[SELECT]	2018-01-05 16:16:28	SELECT * FROM `menu` WHERE `id` in (1,2,10,3,6,7,8,9,11) ORDER BY `sort`	[]	::1	{"c":"System","m":"menu"}
[SELECT]	2018-01-05 16:16:28	SELECT id,userName FROM user	null	::1	{"c":"Common","m":"getUsersInfo"}
[SELECT]	2018-01-05 16:16:28	SELECT count(*) as sum FROM user	null	::1	{"c":"System","m":"user","page":"1","num":"10","loginTime":"2017-12-07 - 2018-01-05","orderby":{"id":"asc"}}
[SELECT]	2018-01-05 16:16:28	SELECT id,userName,lastLoginTime,roleId FROM user ORDER BY id asc LIMIT 0,10	null	::1	{"c":"System","m":"user","page":"1","num":"10","loginTime":"2017-12-07 - 2018-01-05","orderby":{"id":"asc"}}
[SELECT]	2018-01-05 16:16:29	SELECT id,roleName FROM role	null	::1	{"c":"Common","m":"getRolesInfo"}
[SELECT]	2018-01-05 16:16:31	SELECT id,roleName FROM role	null	::1	{"c":"Common","m":"getRolesInfo"}
[SELECT]	2018-01-05 16:16:31	SELECT * FROM menu ORDER BY sort	null	::1	{"c":"System","m":"role","a":"get_all_menu"}
[SELECT]	2018-01-05 16:16:31	SELECT count(*) as sum FROM role	null	::1	{"c":"System","m":"role","page":"1","num":"10","orderby":{"id":"asc"}}
[SELECT]	2018-01-05 16:16:31	SELECT * FROM role ORDER BY id asc LIMIT 0,10	null	::1	{"c":"System","m":"role","page":"1","num":"10","orderby":{"id":"asc"}}
[SELECT]	2018-01-05 16:16:41	SELECT * FROM role WHERE `id`=?	["1"]	::1	{"c":"System","m":"menu"}
[SELECT]	2018-01-05 16:16:41	SELECT * FROM `menu` WHERE `id` in (1,2,10,3,6,7,8,9,11) ORDER BY `sort`	[]	::1	{"c":"System","m":"menu"}
[SELECT]	2018-01-05 16:16:41	SELECT * FROM menu ORDER BY sort	null	::1	{"c":"System","m":"role","a":"get_all_menu"}
[SELECT]	2018-01-05 16:16:41	SELECT id,roleName FROM role	null	::1	{"c":"Common","m":"getRolesInfo"}
[SELECT]	2018-01-05 16:16:41	SELECT count(*) as sum FROM role	null	::1	{"c":"System","m":"role","page":"1","num":"10","orderby":{"id":"asc"}}
[SELECT]	2018-01-05 16:16:41	SELECT * FROM role ORDER BY id asc LIMIT 0,10	null	::1	{"c":"System","m":"role","page":"1","num":"10","orderby":{"id":"asc"}}
[SELECT]	2018-01-05 16:28:49	SELECT title FROM post	null	::1	[]
[SELECT]	2018-01-05 16:53:15	SELECT * FROM role WHERE `id`=?	["1"]	::1	{"c":"System","m":"menu"}
[SELECT]	2018-01-05 16:53:15	SELECT * FROM `menu` WHERE `id` in (1,2,10,3,6,7,8,9,11) ORDER BY `sort`	[]	::1	{"c":"System","m":"menu"}
[SELECT]	2018-01-05 17:53:38	SELECT * FROM role WHERE `id`=?	["1"]	::1	{"c":"System","m":"menu"}
[SELECT]	2018-01-05 17:53:38	SELECT * FROM `menu` WHERE `id` in (1,2,10,3,6,7,8,9,11) ORDER BY `sort`	[]	::1	{"c":"System","m":"menu"}
[SELECT]	2018-01-05 17:53:38	SELECT * FROM menu ORDER BY sort	null	::1	{"c":"System","m":"role","a":"get_all_menu"}
[SELECT]	2018-01-05 17:53:38	SELECT count(*) as sum FROM role	null	::1	{"c":"System","m":"role","page":"1","num":"10","orderby":{"id":"asc"}}
[SELECT]	2018-01-05 17:53:38	SELECT * FROM role ORDER BY id asc LIMIT 0,10	null	::1	{"c":"System","m":"role","page":"1","num":"10","orderby":{"id":"asc"}}
[SELECT]	2018-01-05 17:53:38	SELECT id,roleName FROM role	null	::1	{"c":"Common","m":"getRolesInfo"}
[SELECT]	2018-01-05 17:53:50	SELECT * FROM role WHERE `id`=?	["1"]	::1	{"c":"System","m":"menu"}
[SELECT]	2018-01-05 17:53:50	SELECT * FROM `menu` WHERE `id` in (1,2,10,3,6,7,8,9,11) ORDER BY `sort`	[]	::1	{"c":"System","m":"menu"}
[SELECT]	2018-01-05 17:53:50	SELECT * FROM menu ORDER BY sort	null	::1	{"c":"System","m":"role","a":"get_all_menu"}
[SELECT]	2018-01-05 17:53:50	SELECT count(*) as sum FROM role	null	::1	{"c":"System","m":"role","page":"1","num":"10","orderby":{"id":"asc"}}
[SELECT]	2018-01-05 17:53:50	SELECT * FROM role ORDER BY id asc LIMIT 0,10	null	::1	{"c":"System","m":"role","page":"1","num":"10","orderby":{"id":"asc"}}
[SELECT]	2018-01-05 17:53:50	SELECT id,roleName FROM role	null	::1	{"c":"Common","m":"getRolesInfo"}
[SELECT]	2018-01-05 17:54:41	SELECT * FROM role WHERE `id`=?	["1"]	::1	{"c":"System","m":"menu"}
[SELECT]	2018-01-05 17:54:41	SELECT * FROM `menu` WHERE `id` in (1,2,10,3,6,7,8,9,11) ORDER BY `sort`	[]	::1	{"c":"System","m":"menu"}
[SELECT]	2018-01-05 17:54:41	SELECT id,roleName FROM role	null	::1	{"c":"Common","m":"getRolesInfo"}
[SELECT]	2018-01-05 17:54:42	SELECT * FROM menu ORDER BY sort	null	::1	{"c":"System","m":"role","a":"get_all_menu"}
[SELECT]	2018-01-05 17:54:42	SELECT count(*) as sum FROM role	null	::1	{"c":"System","m":"role","page":"1","num":"10","orderby":{"id":"asc"}}
[SELECT]	2018-01-05 17:54:42	SELECT * FROM role ORDER BY id asc LIMIT 0,10	null	::1	{"c":"System","m":"role","page":"1","num":"10","orderby":{"id":"asc"}}
[SELECT]	2018-01-05 17:55:08	SELECT id,userName FROM user	null	::1	{"c":"Common","m":"getUsersInfo"}
[SELECT]	2018-01-05 17:55:08	SELECT id,roleName FROM role	null	::1	{"c":"Common","m":"getRolesInfo"}
[SELECT]	2018-01-05 17:55:08	SELECT count(*) as sum FROM user	null	::1	{"c":"System","m":"user","page":"1","num":"10","loginTime":"2017-12-07 - 2018-01-05","orderby":{"id":"asc"}}
[SELECT]	2018-01-05 17:55:08	SELECT id,userName,lastLoginTime,roleId FROM user ORDER BY id asc LIMIT 0,10	null	::1	{"c":"System","m":"user","page":"1","num":"10","loginTime":"2017-12-07 - 2018-01-05","orderby":{"id":"asc"}}
[SELECT]	2018-01-05 17:55:09	SELECT count(*) as sum FROM role	null	::1	{"c":"System","m":"role","page":"1","num":"10","orderby":{"id":"asc"}}
[SELECT]	2018-01-05 17:55:09	SELECT * FROM role ORDER BY id asc LIMIT 0,10	null	::1	{"c":"System","m":"role","page":"1","num":"10","orderby":{"id":"asc"}}
[SELECT]	2018-01-05 17:55:09	SELECT count(*) as sum FROM loginList WHERE `loginTime` between ? AND ?	[1512576000,1515167999]	::1	{"c":"System","m":"loginList","page":"1","num":"10","loginTime":"2017-12-07 - 2018-01-05","orderby":{"loginTime":"desc"}}
[SELECT]	2018-01-05 17:55:09	SELECT * FROM loginList WHERE `loginTime` between ? AND ? ORDER BY loginTime desc LIMIT 0,10	[1512576000,1515167999]	::1	{"c":"System","m":"loginList","page":"1","num":"10","loginTime":"2017-12-07 - 2018-01-05","orderby":{"loginTime":"desc"}}
[SELECT]	2018-01-05 17:55:36	SELECT * FROM role WHERE `id`=?	["1"]	::1	{"c":"System","m":"menu"}
[SELECT]	2018-01-05 17:55:36	SELECT * FROM `menu` WHERE `id` in (1,2,10,3,6,7,8,9,11) ORDER BY `sort`	[]	::1	{"c":"System","m":"menu"}
[SELECT]	2018-01-05 17:55:36	SELECT id,userName FROM user	null	::1	{"c":"Common","m":"getUsersInfo"}
[SELECT]	2018-01-05 17:55:36	SELECT count(*) as sum FROM loginList WHERE `loginTime` between ? AND ?	[1512576000,1515167999]	::1	{"c":"System","m":"loginList","page":"1","num":"10","loginTime":"2017-12-07 - 2018-01-05","orderby":{"loginTime":"desc"}}
[SELECT]	2018-01-05 17:55:36	SELECT * FROM loginList WHERE `loginTime` between ? AND ? ORDER BY loginTime desc LIMIT 0,10	[1512576000,1515167999]	::1	{"c":"System","m":"loginList","page":"1","num":"10","loginTime":"2017-12-07 - 2018-01-05","orderby":{"loginTime":"desc"}}
[SELECT]	2018-01-05 17:55:36	SELECT id,userName FROM user	null	::1	{"c":"Common","m":"getUsersInfo"}
[SELECT]	2018-01-05 17:56:12	SELECT id,roleName FROM role	null	::1	{"c":"Common","m":"getRolesInfo"}
[SELECT]	2018-01-05 17:56:12	SELECT * FROM menu ORDER BY sort	null	::1	{"c":"System","m":"role","a":"get_all_menu"}
[SELECT]	2018-01-05 17:56:12	SELECT count(*) as sum FROM role	null	::1	{"c":"System","m":"role","page":"1","num":"10","orderby":{"id":"asc"}}
[SELECT]	2018-01-05 17:56:12	SELECT * FROM role ORDER BY id asc LIMIT 0,10	null	::1	{"c":"System","m":"role","page":"1","num":"10","orderby":{"id":"asc"}}
[UPDATE]	2018-01-05 17:56:19	UPDATE role SET `roleName`=:roleName,`roleDesc`=:roleDesc,`privileges`=:privileges WHERE `id`='1';	{"roleName":"\u8d85\u7ea7\u7ba1\u7406\u5458","roleDesc":"","privileges":"1,2,10,3,12,13,6,7,8,9,11"}	::1	{"c":"System","m":"role","id":"1","roleName":"\u8d85\u7ea7\u7ba1\u7406\u5458","roleDesc":"","privileges":"1,2,10,3,12,13,6,7,8,9,11","a":"mod"}
[SELECT]	2018-01-05 17:56:20	SELECT count(*) as sum FROM role	null	::1	{"c":"System","m":"role","page":"1","num":"10","orderby":{"id":"asc"}}
[SELECT]	2018-01-05 17:56:20	SELECT * FROM role ORDER BY id asc LIMIT 0,10	null	::1	{"c":"System","m":"role","page":"1","num":"10","orderby":{"id":"asc"}}
[SELECT]	2018-01-05 17:56:22	SELECT * FROM role WHERE `id`=?	["1"]	::1	{"c":"System","m":"menu"}
[SELECT]	2018-01-05 17:56:22	SELECT * FROM `menu` WHERE `id` in (1,2,10,3,12,13,6,7,8,9,11) ORDER BY `sort`	[]	::1	{"c":"System","m":"menu"}
[SELECT]	2018-01-05 17:56:22	SELECT * FROM menu ORDER BY sort	null	::1	{"c":"System","m":"role","a":"get_all_menu"}
[SELECT]	2018-01-05 17:56:22	SELECT count(*) as sum FROM role	null	::1	{"c":"System","m":"role","page":"1","num":"10","orderby":{"id":"asc"}}
[SELECT]	2018-01-05 17:56:22	SELECT * FROM role ORDER BY id asc LIMIT 0,10	null	::1	{"c":"System","m":"role","page":"1","num":"10","orderby":{"id":"asc"}}
[SELECT]	2018-01-05 17:56:22	SELECT id,roleName FROM role	null	::1	{"c":"Common","m":"getRolesInfo"}
[SELECT]	2018-01-05 18:00:38	SELECT * FROM role WHERE `id`=?	["1"]	::1	{"c":"System","m":"menu"}
[SELECT]	2018-01-05 18:00:38	SELECT * FROM `menu` WHERE `id` in (1,2,10,3,12,13,6,7,8,9,11) ORDER BY `sort`	[]	::1	{"c":"System","m":"menu"}
[SELECT]	2018-01-05 18:00:38	SELECT id,roleName FROM role	null	::1	{"c":"Common","m":"getRolesInfo"}
[SELECT]	2018-01-05 18:00:38	SELECT * FROM menu ORDER BY sort	null	::1	{"c":"System","m":"role","a":"get_all_menu"}
[SELECT]	2018-01-05 18:00:38	SELECT count(*) as sum FROM role	null	::1	{"c":"System","m":"role","page":"1","num":"10","orderby":{"id":"asc"}}
[SELECT]	2018-01-05 18:00:38	SELECT * FROM role ORDER BY id asc LIMIT 0,10	null	::1	{"c":"System","m":"role","page":"1","num":"10","orderby":{"id":"asc"}}
