[SELECT]	2017-11-22 09:26:08	SELECT * FROM user WHERE `userName`=?	["admin"]	::1	{"c":"User","m":"login","loginname":"admin","pwd":"yr@123abc"}
[INSERT]	2017-11-22 09:26:08	INSERT INTO loginList (`userId`,`LoginIp`,`loginTime`) values (:userId, :LoginIp, :loginTime);	{"userId":"1","LoginIp":"::1","loginTime":1511313968}	::1	{"c":"User","m":"login","loginname":"admin","pwd":"yr@123abc"}
[SELECT]	2017-11-22 09:26:09	SELECT `privileges` FROM `role` WHERE `id`=1	[]	::1	{"c":"User","m":"menu"}
[SELECT]	2017-11-22 09:26:09	SELECT * FROM `menu` WHERE `id` in (1,2,3,4,5,6,7) ORDER BY `sort`	[]	::1	{"c":"User","m":"menu"}
[SELECT]	2017-11-22 09:26:12	SELECT * FROM loginList	null	::1	{"c":"Login","m":"allLogin"}
[SELECT]	2017-11-22 09:33:03	SELECT `privileges` FROM `role` WHERE `id`=1	[]	::1	{"c":"User","m":"menu"}
[SELECT]	2017-11-22 09:33:03	SELECT * FROM `menu` WHERE `id` in (1,2,3,4,5,6,7) ORDER BY `sort`	[]	::1	{"c":"User","m":"menu"}
[SELECT]	2017-11-22 09:33:03	SELECT * FROM loginList	null	::1	{"c":"Login","m":"allLogin"}
[SELECT]	2017-11-22 15:26:45	SELECT `privileges` FROM `role` WHERE `id`=1	[]	::1	{"c":"User","m":"menu"}
[SELECT]	2017-11-22 15:26:45	SELECT * FROM `menu` WHERE `id` in (1,2,3,4,5,6,7) ORDER BY `sort`	[]	::1	{"c":"User","m":"menu"}
[SELECT]	2017-11-22 15:26:54	SELECT * FROM loginList	null	::1	{"c":"Login","m":"allLogin"}
[SELECT]	2017-11-22 15:50:53	SELECT * FROM loginList	null	::1	{"c":"Login","m":"allLogin"}
[SELECT]	2017-11-22 15:56:58	SELECT `privileges` FROM `role` WHERE `id`=1	[]	::1	{"c":"User","m":"menu"}
[SELECT]	2017-11-22 15:56:58	SELECT * FROM `menu` WHERE `id` in (1,2,3,4,5,6,7) ORDER BY `sort`	[]	::1	{"c":"User","m":"menu"}
[SELECT]	2017-11-22 15:56:58	SELECT * FROM loginList	null	::1	{"c":"Login","m":"allLogin"}
[SELECT]	2017-11-22 16:01:52	SELECT `privileges` FROM `role` WHERE `id`=1	[]	::1	{"c":"User","m":"menu"}
[SELECT]	2017-11-22 16:01:52	SELECT * FROM `menu` WHERE `id` in (1,2,3,4,5,6,7) ORDER BY `sort`	[]	::1	{"c":"User","m":"menu"}
[SELECT]	2017-11-22 16:01:52	SELECT * FROM loginList	null	::1	{"c":"Login","m":"allLogin"}
[SELECT]	2017-11-22 16:02:08	SELECT `privileges` FROM `role` WHERE `id`=1	[]	::1	{"c":"User","m":"menu"}
[SELECT]	2017-11-22 16:02:08	SELECT * FROM `menu` WHERE `id` in (1,2,3,4,5,6,7) ORDER BY `sort`	[]	::1	{"c":"User","m":"menu"}
[SELECT]	2017-11-22 16:03:50	SELECT `privileges` FROM `role` WHERE `id`=1	[]	::1	{"c":"User","m":"menu"}
[SELECT]	2017-11-22 16:03:50	SELECT * FROM `menu` WHERE `id` in (1,2,3,4,5,6,7) ORDER BY `sort`	[]	::1	{"c":"User","m":"menu"}
[SELECT]	2017-11-22 16:07:32	SELECT `privileges` FROM `role` WHERE `id`=1	[]	::1	{"c":"User","m":"menu"}
[SELECT]	2017-11-22 16:07:33	SELECT * FROM `menu` WHERE `id` in (1,2,3,4,5,6,7) ORDER BY `sort`	[]	::1	{"c":"User","m":"menu"}
[SELECT]	2017-11-22 16:07:40	SELECT * FROM loginList	null	::1	{"c":"Login","m":"allLogin"}
[SELECT]	2017-11-22 16:07:49	SELECT `privileges` FROM `role` WHERE `id`=1	[]	::1	{"c":"User","m":"menu"}
[SELECT]	2017-11-22 16:07:49	SELECT * FROM `menu` WHERE `id` in (1,2,3,4,5,6,7) ORDER BY `sort`	[]	::1	{"c":"User","m":"menu"}
[SELECT]	2017-11-22 16:09:39	SELECT `privileges` FROM `role` WHERE `id`=1	[]	::1	{"c":"User","m":"menu"}
[SELECT]	2017-11-22 16:09:39	SELECT * FROM `menu` WHERE `id` in (1,2,3,4,5,6,7) ORDER BY `sort`	[]	::1	{"c":"User","m":"menu"}
[SELECT]	2017-11-22 16:09:42	SELECT * FROM loginList	null	::1	{"c":"Login","m":"allLogin"}
[SELECT]	2017-11-22 16:09:47	SELECT * FROM loginList	null	::1	{"c":"Login","m":"allLogin"}
[SELECT]	2017-11-22 16:09:48	SELECT * FROM loginList	null	::1	{"c":"Login","m":"allLogin"}
[SELECT]	2017-11-22 16:10:32	SELECT `privileges` FROM `role` WHERE `id`=1	[]	::1	{"c":"User","m":"menu"}
[SELECT]	2017-11-22 16:10:32	SELECT * FROM `menu` WHERE `id` in (1,2,3,4,5,6,7) ORDER BY `sort`	[]	::1	{"c":"User","m":"menu"}
[SELECT]	2017-11-22 16:10:32	SELECT * FROM loginList	null	::1	{"c":"Login","m":"allLogin"}
[SELECT]	2017-11-22 16:10:36	SELECT * FROM loginList	null	::1	{"c":"Login","m":"allLogin"}
[SELECT]	2017-11-22 16:10:38	SELECT `privileges` FROM `role` WHERE `id`=1	[]	::1	{"c":"User","m":"menu"}
[SELECT]	2017-11-22 16:10:38	SELECT * FROM `menu` WHERE `id` in (1,2,3,4,5,6,7) ORDER BY `sort`	[]	::1	{"c":"User","m":"menu"}
[SELECT]	2017-11-22 16:10:38	SELECT * FROM loginList	null	::1	{"c":"Login","m":"allLogin"}
[SELECT]	2017-11-22 16:10:44	SELECT * FROM loginList	null	::1	{"c":"Login","m":"allLogin"}
[SELECT]	2017-11-22 16:11:09	SELECT `privileges` FROM `role` WHERE `id`=1	[]	::1	{"c":"User","m":"menu"}
[SELECT]	2017-11-22 16:11:09	SELECT * FROM `menu` WHERE `id` in (1,2,3,4,5,6,7) ORDER BY `sort`	[]	::1	{"c":"User","m":"menu"}
[SELECT]	2017-11-22 16:11:09	SELECT * FROM loginList	null	::1	{"c":"Login","m":"allLogin"}
[SELECT]	2017-11-22 16:12:21	SELECT `privileges` FROM `role` WHERE `id`=1	[]	::1	{"c":"User","m":"menu"}
[SELECT]	2017-11-22 16:12:21	SELECT * FROM `menu` WHERE `id` in (1,2,3,4,5,6,7) ORDER BY `sort`	[]	::1	{"c":"User","m":"menu"}
[SELECT]	2017-11-22 16:12:21	SELECT * FROM loginList	null	::1	{"c":"Login","m":"allLogin"}
[SELECT]	2017-11-22 16:13:01	SELECT * FROM loginList	null	::1	{"c":"Login","m":"allLogin"}
[SELECT]	2017-11-22 16:13:03	SELECT * FROM loginList	null	::1	{"c":"Login","m":"allLogin"}
[SELECT]	2017-11-22 16:13:04	SELECT * FROM loginList	null	::1	{"c":"Login","m":"allLogin"}
[SELECT]	2017-11-22 16:14:41	SELECT `privileges` FROM `role` WHERE `id`=1	[]	::1	{"c":"User","m":"menu"}
[SELECT]	2017-11-22 16:14:41	SELECT * FROM `menu` WHERE `id` in (1,2,3,4,5,6,7) ORDER BY `sort`	[]	::1	{"c":"User","m":"menu"}
[SELECT]	2017-11-22 16:14:41	SELECT * FROM loginList	null	::1	{"c":"Login","m":"allLogin"}
[SELECT]	2017-11-22 16:14:45	SELECT * FROM loginList	null	::1	{"c":"Login","m":"allLogin"}
[SELECT]	2017-11-22 16:14:46	SELECT * FROM loginList	null	::1	{"c":"Login","m":"allLogin"}
[SELECT]	2017-11-22 16:14:52	SELECT * FROM loginList	null	::1	{"c":"Login","m":"allLogin"}
[SELECT]	2017-11-22 16:16:19	SELECT `privileges` FROM `role` WHERE `id`=1	[]	::1	{"c":"User","m":"menu"}
[SELECT]	2017-11-22 16:16:19	SELECT * FROM `menu` WHERE `id` in (1,2,3,4,5,6,7) ORDER BY `sort`	[]	::1	{"c":"User","m":"menu"}
[SELECT]	2017-11-22 16:16:19	SELECT * FROM loginList	null	::1	{"c":"Login","m":"allLogin"}
[SELECT]	2017-11-22 16:18:10	SELECT `privileges` FROM `role` WHERE `id`=1	[]	::1	{"c":"User","m":"menu"}
[SELECT]	2017-11-22 16:18:10	SELECT * FROM `menu` WHERE `id` in (1,2,3,4,5,6,7) ORDER BY `sort`	[]	::1	{"c":"User","m":"menu"}
[SELECT]	2017-11-22 16:18:10	SELECT * FROM loginList	null	::1	{"c":"Login","m":"allLogin"}
[SELECT]	2017-11-22 16:18:37	SELECT `privileges` FROM `role` WHERE `id`=1	[]	::1	{"c":"User","m":"menu"}
[SELECT]	2017-11-22 16:18:37	SELECT * FROM `menu` WHERE `id` in (1,2,3,4,5,6,7) ORDER BY `sort`	[]	::1	{"c":"User","m":"menu"}
[SELECT]	2017-11-22 16:18:37	SELECT * FROM loginList	null	::1	{"c":"Login","m":"allLogin"}
[SELECT]	2017-11-22 16:19:13	SELECT `privileges` FROM `role` WHERE `id`=1	[]	::1	{"c":"User","m":"menu"}
[SELECT]	2017-11-22 16:19:13	SELECT * FROM `menu` WHERE `id` in (1,2,3,4,5,6,7) ORDER BY `sort`	[]	::1	{"c":"User","m":"menu"}
[SELECT]	2017-11-22 16:19:13	SELECT * FROM loginList	null	::1	{"c":"Login","m":"allLogin"}
[SELECT]	2017-11-22 16:19:57	SELECT `privileges` FROM `role` WHERE `id`=1	[]	::1	{"c":"User","m":"menu"}
[SELECT]	2017-11-22 16:19:57	SELECT * FROM `menu` WHERE `id` in (1,2,3,4,5,6,7) ORDER BY `sort`	[]	::1	{"c":"User","m":"menu"}
[SELECT]	2017-11-22 16:19:57	SELECT * FROM loginList	null	::1	{"c":"Login","m":"allLogin"}
[SELECT]	2017-11-22 16:20:32	SELECT * FROM loginList	null	::1	{"c":"Login","m":"allLogin"}
[SELECT]	2017-11-22 16:20:56	SELECT `privileges` FROM `role` WHERE `id`=1	[]	::1	{"c":"User","m":"menu"}
[SELECT]	2017-11-22 16:20:56	SELECT * FROM `menu` WHERE `id` in (1,2,3,4,5,6,7) ORDER BY `sort`	[]	::1	{"c":"User","m":"menu"}
[SELECT]	2017-11-22 16:20:56	SELECT * FROM loginList	null	::1	{"c":"Login","m":"allLogin"}
[SELECT]	2017-11-22 16:20:59	SELECT * FROM loginList	null	::1	{"c":"Login","m":"allLogin"}
[SELECT]	2017-11-22 16:21:13	SELECT `privileges` FROM `role` WHERE `id`=1	[]	::1	{"c":"User","m":"menu"}
[SELECT]	2017-11-22 16:21:13	SELECT * FROM `menu` WHERE `id` in (1,2,3,4,5,6,7) ORDER BY `sort`	[]	::1	{"c":"User","m":"menu"}
[SELECT]	2017-11-22 16:21:13	SELECT * FROM loginList	null	::1	{"c":"Login","m":"allLogin"}
[SELECT]	2017-11-22 16:22:27	SELECT `privileges` FROM `role` WHERE `id`=1	[]	::1	{"c":"User","m":"menu"}
[SELECT]	2017-11-22 16:22:27	SELECT * FROM `menu` WHERE `id` in (1,2,3,4,5,6,7) ORDER BY `sort`	[]	::1	{"c":"User","m":"menu"}
[SELECT]	2017-11-22 16:22:27	SELECT * FROM loginList	null	::1	{"c":"Login","m":"allLogin"}
[SELECT]	2017-11-22 16:22:32	SELECT * FROM loginList	null	::1	{"c":"Login","m":"allLogin"}
[SELECT]	2017-11-22 16:30:12	SELECT `privileges` FROM `role` WHERE `id`=1	[]	::1	{"c":"User","m":"menu"}
[SELECT]	2017-11-22 16:30:12	SELECT * FROM `menu` WHERE `id` in (1,2,3,4,5,6,7) ORDER BY `sort`	[]	::1	{"c":"User","m":"menu"}
[SELECT]	2017-11-22 16:30:12	SELECT * FROM loginList	null	::1	{"c":"Login","m":"allLogin"}
[SELECT]	2017-11-22 16:31:05	SELECT `privileges` FROM `role` WHERE `id`=1	[]	::1	{"c":"User","m":"menu"}
[SELECT]	2017-11-22 16:31:05	SELECT * FROM `menu` WHERE `id` in (1,2,3,4,5,6,7) ORDER BY `sort`	[]	::1	{"c":"User","m":"menu"}
[SELECT]	2017-11-22 16:31:05	SELECT * FROM loginList	null	::1	{"c":"Login","m":"allLogin"}
[SELECT]	2017-11-22 16:32:13	SELECT `privileges` FROM `role` WHERE `id`=1	[]	::1	{"c":"User","m":"menu"}
[SELECT]	2017-11-22 16:32:13	SELECT * FROM `menu` WHERE `id` in (1,2,3,4,5,6,7) ORDER BY `sort`	[]	::1	{"c":"User","m":"menu"}
[SELECT]	2017-11-22 16:32:13	SELECT * FROM loginList	null	::1	{"c":"Login","m":"allLogin"}
[SELECT]	2017-11-22 16:34:07	SELECT `privileges` FROM `role` WHERE `id`=1	[]	::1	{"c":"User","m":"menu"}
[SELECT]	2017-11-22 16:34:07	SELECT * FROM `menu` WHERE `id` in (1,2,3,4,5,6,7) ORDER BY `sort`	[]	::1	{"c":"User","m":"menu"}
[SELECT]	2017-11-22 16:34:07	SELECT * FROM loginList	null	::1	{"c":"Login","m":"allLogin"}
[SELECT]	2017-11-22 16:34:40	SELECT `privileges` FROM `role` WHERE `id`=1	[]	::1	{"c":"User","m":"menu"}
[SELECT]	2017-11-22 16:34:40	SELECT * FROM `menu` WHERE `id` in (1,2,3,4,5,6,7) ORDER BY `sort`	[]	::1	{"c":"User","m":"menu"}
[SELECT]	2017-11-22 16:34:41	SELECT * FROM loginList	null	::1	{"c":"Login","m":"allLogin"}
[SELECT]	2017-11-22 16:35:09	SELECT `privileges` FROM `role` WHERE `id`=1	[]	::1	{"c":"User","m":"menu"}
[SELECT]	2017-11-22 16:35:09	SELECT * FROM `menu` WHERE `id` in (1,2,3,4,5,6,7) ORDER BY `sort`	[]	::1	{"c":"User","m":"menu"}
[SELECT]	2017-11-22 16:35:09	SELECT * FROM loginList	null	::1	{"c":"Login","m":"allLogin"}
[SELECT]	2017-11-22 16:35:17	SELECT * FROM user WHERE `userName`=?	["admin"]	::1	{"c":"User","m":"login","pwd":"yr@123abc","loginname":"admin"}
[INSERT]	2017-11-22 16:35:17	INSERT INTO loginList (`userId`,`LoginIp`,`loginTime`) values (:userId, :LoginIp, :loginTime);	{"userId":"1","LoginIp":"::1","loginTime":1511339717}	::1	{"c":"User","m":"login","pwd":"yr@123abc","loginname":"admin"}
[SELECT]	2017-11-22 16:35:17	SELECT `privileges` FROM `role` WHERE `id`=1	[]	::1	{"c":"User","m":"menu"}
[SELECT]	2017-11-22 16:35:17	SELECT * FROM `menu` WHERE `id` in (1,2,3,4,5,6,7) ORDER BY `sort`	[]	::1	{"c":"User","m":"menu"}
[SELECT]	2017-11-22 16:35:20	SELECT * FROM loginList	null	::1	{"c":"Login","m":"allLogin"}
[SELECT]	2017-11-22 16:36:47	SELECT * FROM user WHERE `userName`=?	["admin"]	::1	{"c":"User","m":"login","pwd":"yr@123abc","loginname":"admin"}
[INSERT]	2017-11-22 16:36:47	INSERT INTO loginList (`userId`,`LoginIp`,`loginTime`) values (:userId, :LoginIp, :loginTime);	{"userId":"1","LoginIp":"::1","loginTime":1511339807}	::1	{"c":"User","m":"login","pwd":"yr@123abc","loginname":"admin"}
[SELECT]	2017-11-22 16:36:48	SELECT `privileges` FROM `role` WHERE `id`=1	[]	::1	{"c":"User","m":"menu"}
[SELECT]	2017-11-22 16:36:48	SELECT * FROM `menu` WHERE `id` in (1,2,3,4,5,6,7) ORDER BY `sort`	[]	::1	{"c":"User","m":"menu"}
[SELECT]	2017-11-22 16:36:51	SELECT * FROM loginList	null	::1	{"c":"Login","m":"allLogin"}
[SELECT]	2017-11-22 16:37:58	SELECT * FROM user WHERE `userName`=?	["admin"]	::1	{"c":"User","m":"login","pwd":"yr@123abc","loginname":"admin"}
[INSERT]	2017-11-22 16:37:58	INSERT INTO loginList (`userId`,`LoginIp`,`loginTime`) values (:userId, :LoginIp, :loginTime);	{"userId":"1","LoginIp":"::1","loginTime":1511339878}	::1	{"c":"User","m":"login","pwd":"yr@123abc","loginname":"admin"}
[SELECT]	2017-11-22 16:37:58	SELECT `privileges` FROM `role` WHERE `id`=1	[]	::1	{"c":"User","m":"menu"}
[SELECT]	2017-11-22 16:37:58	SELECT * FROM `menu` WHERE `id` in (1,2,3,4,5,6,7) ORDER BY `sort`	[]	::1	{"c":"User","m":"menu"}
[SELECT]	2017-11-22 16:38:01	SELECT * FROM loginList	null	::1	{"c":"Login","m":"allLogin"}
[SELECT]	2017-11-22 16:42:42	SELECT `privileges` FROM `role` WHERE `id`=1	[]	::1	{"c":"User","m":"menu"}
[SELECT]	2017-11-22 16:42:42	SELECT * FROM `menu` WHERE `id` in (1,2,3,4,5,6,7) ORDER BY `sort`	[]	::1	{"c":"User","m":"menu"}
[SELECT]	2017-11-22 16:42:42	SELECT * FROM loginList	null	::1	{"c":"Login","m":"allLogin"}
[SELECT]	2017-11-22 16:42:42	SELECT id,userName FROM user	null	::1	{"c":"User","m":"allUserInfo"}
[SELECT]	2017-11-22 16:46:35	SELECT `privileges` FROM `role` WHERE `id`=1	[]	::1	{"c":"User","m":"menu"}
[SELECT]	2017-11-22 16:46:35	SELECT * FROM `menu` WHERE `id` in (1,2,3,4,5,6,7) ORDER BY `sort`	[]	::1	{"c":"User","m":"menu"}
[SELECT]	2017-11-22 16:46:35	SELECT id,userName FROM user	null	::1	{"c":"User","m":"allUserInfo"}
[SELECT]	2017-11-22 16:46:35	SELECT * FROM loginList	null	::1	{"c":"Login","m":"allLogin"}
[SELECT]	2017-11-22 16:48:05	SELECT `privileges` FROM `role` WHERE `id`=1	[]	::1	{"c":"User","m":"menu"}
[SELECT]	2017-11-22 16:48:05	SELECT * FROM `menu` WHERE `id` in (1,2,3,4,5,6,7) ORDER BY `sort`	[]	::1	{"c":"User","m":"menu"}
[SELECT]	2017-11-22 16:48:06	SELECT id,userName FROM user	null	::1	{"c":"User","m":"allUserInfo"}
[SELECT]	2017-11-22 16:48:06	SELECT * FROM loginList	null	::1	{"c":"Login","m":"allLogin"}
[SELECT]	2017-11-22 16:48:40	SELECT `privileges` FROM `role` WHERE `id`=1	[]	::1	{"c":"User","m":"menu"}
[SELECT]	2017-11-22 16:48:40	SELECT * FROM `menu` WHERE `id` in (1,2,3,4,5,6,7) ORDER BY `sort`	[]	::1	{"c":"User","m":"menu"}
[SELECT]	2017-11-22 16:48:40	SELECT * FROM loginList	null	::1	{"c":"Login","m":"allLogin"}
[SELECT]	2017-11-22 16:48:40	SELECT id,userName FROM user	null	::1	{"c":"User","m":"allUserInfo"}
[SELECT]	2017-11-22 16:48:46	SELECT * FROM loginList	null	::1	{"c":"Login","m":"allLogin"}
