[SELECT]	2017-11-18 16:34:17	SELECT `privileges` FROM `role` WHERE `id`=1	[]	::1	{"c":"User","m":"login"}
[SELECT]	2017-11-18 16:34:17	SELECT `privileges` FROM `role` WHERE `id`=1	[]	::1	{"c":"User","m":"login"}
[SELECT]	2017-11-18 16:34:47	SELECT `privileges` FROM `role` WHERE `id`=1	[]	::1	{"c":"User","m":"login"}
[SELECT]	2017-11-18 16:34:47	SELECT * FROM `menu` WHERE `id` in (1,2,3)	[]	::1	{"c":"User","m":"login"}
[SELECT]	2017-11-18 16:54:14	SELECT `privileges` FROM `role` WHERE `id`=1	[]	::1	{"c":"User","m":"login","pwd":"yr@123abc","loginname":"admin"}
[SELECT]	2017-11-18 16:54:14	SELECT * FROM `menu` WHERE `id` in (1,2,3) ORDER BY `sort`	[]	::1	{"c":"User","m":"login","pwd":"yr@123abc","loginname":"admin"}
[SELECT]	2017-11-18 16:54:17	SELECT `privileges` FROM `role` WHERE `id`=1	[]	::1	{"c":"User","m":"login"}
[SELECT]	2017-11-18 16:54:17	SELECT * FROM `menu` WHERE `id` in (1,2,3) ORDER BY `sort`	[]	::1	{"c":"User","m":"login"}
[SELECT]	2017-11-18 16:54:36	SELECT `privileges` FROM `role` WHERE `id`=1	[]	::1	{"c":"User","m":"login"}
[SELECT]	2017-11-18 16:54:36	SELECT * FROM `menu` WHERE `id` in (1,2,3) ORDER BY `sort`	[]	::1	{"c":"User","m":"login"}
[SELECT]	2017-11-18 16:54:38	SELECT `privileges` FROM `role` WHERE `id`=1	[]	::1	{"c":"User","m":"login"}
[SELECT]	2017-11-18 16:54:38	SELECT * FROM `menu` WHERE `id` in (1,2,3) ORDER BY `sort`	[]	::1	{"c":"User","m":"login"}
[SELECT]	2017-11-18 17:06:02	SELECT `privileges` FROM `role` WHERE `id`=1	[]	::1	{"c":"User","m":"menu"}
[SELECT]	2017-11-18 17:06:02	SELECT * FROM `menu` WHERE `id` in (1,2,3) ORDER BY `sort`	[]	::1	{"c":"User","m":"menu"}
[SELECT]	2017-11-18 17:06:04	SELECT `privileges` FROM `role` WHERE `id`=1	[]	::1	{"c":"User","m":"menu"}
[SELECT]	2017-11-18 17:06:04	SELECT * FROM `menu` WHERE `id` in (1,2,3) ORDER BY `sort`	[]	::1	{"c":"User","m":"menu"}
[SELECT]	2017-11-18 17:07:20	SELECT `privileges` FROM `role` WHERE `id`=1	[]	::1	{"c":"User","m":"menu"}
[SELECT]	2017-11-18 17:07:20	SELECT * FROM `menu` WHERE `id` in (1,2,3) ORDER BY `sort`	[]	::1	{"c":"User","m":"menu"}
[SELECT]	2017-11-18 17:18:15	SELECT `privileges` FROM `role` WHERE `id`=1	[]	::1	{"c":"User","m":"menu"}
[SELECT]	2017-11-18 17:18:15	SELECT * FROM `menu` WHERE `id` in (1,2,3) ORDER BY `sort`	[]	::1	{"c":"User","m":"menu"}
[SELECT]	2017-11-18 17:20:10	SELECT `privileges` FROM `role` WHERE `id`=1	[]	::1	{"c":"User","m":"menu"}
[SELECT]	2017-11-18 17:20:10	SELECT * FROM `menu` WHERE `id` in (1,2,3) ORDER BY `sort`	[]	::1	{"c":"User","m":"menu"}
[SELECT]	2017-11-18 17:21:13	SELECT `privileges` FROM `role` WHERE `id`=1	[]	::1	{"c":"User","m":"menu"}
[SELECT]	2017-11-18 17:21:13	SELECT * FROM `menu` WHERE `id` in (1,2,3) ORDER BY `sort`	[]	::1	{"c":"User","m":"menu"}
[SELECT]	2017-11-18 17:21:27	SELECT `privileges` FROM `role` WHERE `id`=1	[]	::1	{"c":"User","m":"menu"}
[SELECT]	2017-11-18 17:21:27	SELECT * FROM `menu` WHERE `id` in (1,2,3) ORDER BY `sort`	[]	::1	{"c":"User","m":"menu"}
[SELECT]	2017-11-18 17:23:54	SELECT `privileges` FROM `role` WHERE `id`=1	[]	::1	{"c":"User","m":"menu"}
[SELECT]	2017-11-18 17:23:54	SELECT * FROM `menu` WHERE `id` in (1,2,3) ORDER BY `sort`	[]	::1	{"c":"User","m":"menu"}
[SELECT]	2017-11-18 17:27:04	SELECT `privileges` FROM `role` WHERE `id`=1	[]	::1	{"c":"User","m":"menu"}
[SELECT]	2017-11-18 17:27:04	SELECT * FROM `menu` WHERE `id` in (1,2,3) ORDER BY `sort`	[]	::1	{"c":"User","m":"menu"}
[SELECT]	2017-11-18 17:28:28	SELECT `privileges` FROM `role` WHERE `id`=1	[]	::1	{"c":"User","m":"menu"}
[SELECT]	2017-11-18 17:28:28	SELECT * FROM `menu` WHERE `id` in (1,2,3) ORDER BY `sort`	[]	::1	{"c":"User","m":"menu"}
[SELECT]	2017-11-18 17:28:55	SELECT `privileges` FROM `role` WHERE `id`=1	[]	::1	{"c":"User","m":"menu"}
[SELECT]	2017-11-18 17:28:55	SELECT * FROM `menu` WHERE `id` in (1,2,3) ORDER BY `sort`	[]	::1	{"c":"User","m":"menu"}
[SELECT]	2017-11-18 17:29:30	SELECT `privileges` FROM `role` WHERE `id`=1	[]	::1	{"c":"User","m":"menu"}
[SELECT]	2017-11-18 17:29:30	SELECT * FROM `menu` WHERE `id` in (1,2,3) ORDER BY `sort`	[]	::1	{"c":"User","m":"menu"}
[SELECT]	2017-11-18 17:29:35	SELECT `privileges` FROM `role` WHERE `id`=1	[]	::1	{"c":"User","m":"menu"}
[SELECT]	2017-11-18 17:29:35	SELECT * FROM `menu` WHERE `id` in (1,2,3) ORDER BY `sort`	[]	::1	{"c":"User","m":"menu"}
[SELECT]	2017-11-18 17:29:57	SELECT `privileges` FROM `role` WHERE `id`=1	[]	::1	{"c":"User","m":"menu"}
[SELECT]	2017-11-18 17:29:57	SELECT * FROM `menu` WHERE `id` in (1,2,3) ORDER BY `sort`	[]	::1	{"c":"User","m":"menu"}
[SELECT]	2017-11-18 17:35:35	SELECT `privileges` FROM `role` WHERE `id`=1	[]	::1	{"c":"User","m":"menu"}
[SELECT]	2017-11-18 17:35:35	SELECT * FROM `menu` WHERE `id` in (1,2,3) ORDER BY `sort`	[]	::1	{"c":"User","m":"menu"}
[SELECT]	2017-11-18 17:36:12	SELECT `privileges` FROM `role` WHERE `id`=1	[]	::1	{"c":"User","m":"menu"}
[SELECT]	2017-11-18 17:36:12	SELECT * FROM `menu` WHERE `id` in (1,2,3) ORDER BY `sort`	[]	::1	{"c":"User","m":"menu"}
[SELECT]	2017-11-18 17:39:39	SELECT `privileges` FROM `role` WHERE `id`=1	[]	::1	{"c":"User","m":"menu"}
[SELECT]	2017-11-18 17:39:39	SELECT * FROM `menu` WHERE `id` in (1,2,3) ORDER BY `sort`	[]	::1	{"c":"User","m":"menu"}
[SELECT]	2017-11-18 17:40:37	SELECT `privileges` FROM `role` WHERE `id`=1	[]	::1	{"c":"User","m":"menu"}
[SELECT]	2017-11-18 17:40:37	SELECT * FROM `menu` WHERE `id` in (1,2,3) ORDER BY `sort`	[]	::1	{"c":"User","m":"menu"}
[SELECT]	2017-11-18 17:40:56	SELECT `privileges` FROM `role` WHERE `id`=1	[]	::1	{"c":"User","m":"menu"}
[SELECT]	2017-11-18 17:40:56	SELECT * FROM `menu` WHERE `id` in (1,2,3,4,5,6,7) ORDER BY `sort`	[]	::1	{"c":"User","m":"menu"}
[SELECT]	2017-11-18 17:46:04	SELECT `privileges` FROM `role` WHERE `id`=1	[]	::1	{"c":"User","m":"menu"}
[SELECT]	2017-11-18 17:46:04	SELECT * FROM `menu` WHERE `id` in (1,2,3,4,5,6,7) ORDER BY `sort`	[]	::1	{"c":"User","m":"menu"}
[SELECT]	2017-11-18 17:47:36	SELECT `privileges` FROM `role` WHERE `id`=1	[]	::1	{"c":"User","m":"menu"}
[SELECT]	2017-11-18 17:47:36	SELECT * FROM `menu` WHERE `id` in (1,2,3,4,5,6,7) ORDER BY `sort`	[]	::1	{"c":"User","m":"menu"}
