[SELECT]	2017-12-09 14:29:11	SELECT * FROM user WHERE `userName`=?	["whx"]	::1	{"c":"System","m":"login","loginname":"whx","pwd":"Whx920927"}
[INSERT]	2017-12-09 14:29:11	INSERT INTO loginList (`userId`,`LoginIp`,`loginTime`) values (:userId, :LoginIp, :loginTime);	{"userId":"2","LoginIp":"::1","loginTime":1512800951}	::1	{"c":"System","m":"login","loginname":"whx","pwd":"Whx920927"}
[UPDATE]	2017-12-09 14:29:11	UPDATE user SET `lastLoginTime`=:lastLoginTime WHERE `id`='2';	{"lastLoginTime":1512800951}	::1	{"c":"System","m":"login","loginname":"whx","pwd":"Whx920927"}
[SELECT]	2017-12-09 14:29:11	SELECT `privileges` FROM `role` WHERE `id`=1	[]	::1	{"c":"System","m":"menu"}
[SELECT]	2017-12-09 14:29:11	SELECT * FROM `menu` WHERE `id` in (1,2,3,4,5,6,7,8,9,10) ORDER BY `sort`	[]	::1	{"c":"System","m":"menu"}
[SELECT]	2017-12-09 14:29:13	SELECT id,userName FROM user	null	::1	{"c":"Common","m":"getUsersInfo"}
[SELECT]	2017-12-09 14:29:13	SELECT id,roleName FROM role	null	::1	{"c":"Common","m":"getRolesInfo"}
[SELECT]	2017-12-09 14:29:14	SELECT count(*) as sum FROM user	null	::1	{"c":"System","m":"user","page":"1","num":"10","loginTime":"2017-11-10 - 2017-12-09","orderby":{"id":"asc"}}
[SELECT]	2017-12-09 14:29:14	SELECT id,userName,lastLoginTime,roleId FROM user ORDER BY id asc LIMIT 0,10	null	::1	{"c":"System","m":"user","page":"1","num":"10","loginTime":"2017-11-10 - 2017-12-09","orderby":{"id":"asc"}}
[SELECT]	2017-12-09 14:29:17	SELECT count(*) as sum FROM loginList WHERE `loginTime` between ? AND ?	[1510243200,1512835199]	::1	{"c":"System","m":"loginList","page":"1","num":"10","loginTime":"2017-11-10 - 2017-12-09","orderby":{"loginTime":"desc"}}
[SELECT]	2017-12-09 14:29:17	SELECT * FROM loginList WHERE `loginTime` between ? AND ? ORDER BY loginTime desc LIMIT 0,10	[1510243200,1512835199]	::1	{"c":"System","m":"loginList","page":"1","num":"10","loginTime":"2017-11-10 - 2017-12-09","orderby":{"loginTime":"desc"}}
[SELECT]	2017-12-09 14:29:45	SELECT `privileges` FROM `role` WHERE `id`=1	[]	::1	{"c":"System","m":"menu"}
[SELECT]	2017-12-09 14:29:45	SELECT * FROM `menu` WHERE `id` in (1,2,3,4,5,6,7,8,9,10) ORDER BY `sort`	[]	::1	{"c":"System","m":"menu"}
[SELECT]	2017-12-09 14:29:45	SELECT id,userName FROM user	null	::1	{"c":"Common","m":"getUsersInfo"}
[SELECT]	2017-12-09 14:29:45	SELECT count(*) as sum FROM loginList WHERE `loginTime` between ? AND ?	[1510243200,1512835199]	::1	{"c":"System","m":"loginList","page":"1","num":"10","loginTime":"2017-11-10 - 2017-12-09","orderby":{"loginTime":"desc"}}
[SELECT]	2017-12-09 14:29:45	SELECT * FROM loginList WHERE `loginTime` between ? AND ? ORDER BY loginTime desc LIMIT 0,10	[1510243200,1512835199]	::1	{"c":"System","m":"loginList","page":"1","num":"10","loginTime":"2017-11-10 - 2017-12-09","orderby":{"loginTime":"desc"}}
[SELECT]	2017-12-09 14:29:45	SELECT id,userName FROM user	null	::1	{"c":"Common","m":"getUsersInfo"}
[SELECT]	2017-12-09 14:29:53	SELECT `privileges` FROM `role` WHERE `id`=1	[]	::1	{"c":"System","m":"menu"}
[SELECT]	2017-12-09 14:29:53	SELECT * FROM `menu` WHERE `id` in (1,2,3,4,5,6,7,8,9,10) ORDER BY `sort`	[]	::1	{"c":"System","m":"menu"}
[SELECT]	2017-12-09 14:29:53	SELECT id,userName FROM user	null	::1	{"c":"Common","m":"getUsersInfo"}
[SELECT]	2017-12-09 14:29:53	SELECT count(*) as sum FROM loginList WHERE `loginTime` between ? AND ?	[1510243200,1512835199]	::1	{"c":"System","m":"loginList","page":"1","num":"10","loginTime":"2017-11-10 - 2017-12-09","orderby":{"loginTime":"desc"}}
[SELECT]	2017-12-09 14:29:53	SELECT * FROM loginList WHERE `loginTime` between ? AND ? ORDER BY loginTime desc LIMIT 0,10	[1510243200,1512835199]	::1	{"c":"System","m":"loginList","page":"1","num":"10","loginTime":"2017-11-10 - 2017-12-09","orderby":{"loginTime":"desc"}}
[SELECT]	2017-12-09 14:29:53	SELECT id,userName FROM user	null	::1	{"c":"Common","m":"getUsersInfo"}
[SELECT]	2017-12-09 14:29:57	SELECT id,roleName FROM role	null	::1	{"c":"Common","m":"getRolesInfo"}
[SELECT]	2017-12-09 14:29:57	SELECT count(*) as sum FROM role	null	::1	{"c":"System","m":"role","page":"1","num":"10","orderby":{"id":"asc"}}
[SELECT]	2017-12-09 14:29:57	SELECT * FROM role ORDER BY id asc LIMIT 0,10	null	::1	{"c":"System","m":"role","page":"1","num":"10","orderby":{"id":"asc"}}
[SELECT]	2017-12-09 14:33:57	SELECT `privileges` FROM `role` WHERE `id`=1	[]	::1	{"c":"System","m":"menu"}
[SELECT]	2017-12-09 14:33:57	SELECT * FROM `menu` WHERE `id` in (1,2,3,4,5,6,7,8,9,10) ORDER BY `sort`	[]	::1	{"c":"System","m":"menu"}
[SELECT]	2017-12-09 14:33:57	SELECT count(*) as sum FROM role	null	::1	{"c":"System","m":"role","page":"1","num":"10","orderby":{"id":"asc"}}
[SELECT]	2017-12-09 14:33:57	SELECT * FROM role ORDER BY id asc LIMIT 0,10	null	::1	{"c":"System","m":"role","page":"1","num":"10","orderby":{"id":"asc"}}
[SELECT]	2017-12-09 14:33:57	SELECT id,roleName FROM role	null	::1	{"c":"Common","m":"getRolesInfo"}
[SELECT]	2017-12-09 14:34:38	SELECT `privileges` FROM `role` WHERE `id`=1	[]	::1	{"c":"System","m":"menu"}
[SELECT]	2017-12-09 14:34:38	SELECT * FROM `menu` WHERE `id` in (1,2,3,4,5,6,7,8,9,10) ORDER BY `sort`	[]	::1	{"c":"System","m":"menu"}
[SELECT]	2017-12-09 14:34:38	SELECT id,roleName FROM role	null	::1	{"c":"Common","m":"getRolesInfo"}
[SELECT]	2017-12-09 14:34:38	SELECT count(*) as sum FROM role	null	::1	{"c":"System","m":"role","page":"1","num":"10","orderby":{"id":"asc"}}
[SELECT]	2017-12-09 14:34:38	SELECT * FROM role ORDER BY id asc LIMIT 0,10	null	::1	{"c":"System","m":"role","page":"1","num":"10","orderby":{"id":"asc"}}
[SELECT]	2017-12-09 14:35:54	SELECT `privileges` FROM `role` WHERE `id`=1	[]	::1	{"c":"System","m":"menu"}
[SELECT]	2017-12-09 14:35:54	SELECT * FROM `menu` WHERE `id` in (1,2,3,4,5,6,7,8,9,10) ORDER BY `sort`	[]	::1	{"c":"System","m":"menu"}
[SELECT]	2017-12-09 14:35:54	SELECT id,roleName FROM role	null	::1	{"c":"Common","m":"getRolesInfo"}
[SELECT]	2017-12-09 14:35:54	SELECT count(*) as sum FROM role	null	::1	{"c":"System","m":"role","page":"1","num":"10","orderby":{"id":"asc"}}
[SELECT]	2017-12-09 14:35:54	SELECT * FROM role ORDER BY id asc LIMIT 0,10	null	::1	{"c":"System","m":"role","page":"1","num":"10","orderby":{"id":"asc"}}
[SELECT]	2017-12-09 14:36:30	SELECT `privileges` FROM `role` WHERE `id`=1	[]	::1	{"c":"System","m":"menu"}
[SELECT]	2017-12-09 14:36:30	SELECT * FROM `menu` WHERE `id` in (1,2,3,4,5,6,7,8,9,10) ORDER BY `sort`	[]	::1	{"c":"System","m":"menu"}
[SELECT]	2017-12-09 14:36:30	SELECT count(*) as sum FROM role	null	::1	{"c":"System","m":"role","page":"1","num":"10","orderby":{"id":"asc"}}
[SELECT]	2017-12-09 14:36:30	SELECT * FROM role ORDER BY id asc LIMIT 0,10	null	::1	{"c":"System","m":"role","page":"1","num":"10","orderby":{"id":"asc"}}
[SELECT]	2017-12-09 14:36:30	SELECT id,roleName FROM role	null	::1	{"c":"Common","m":"getRolesInfo"}
[SELECT]	2017-12-09 14:36:58	SELECT `privileges` FROM `role` WHERE `id`=1	[]	::1	{"c":"System","m":"menu"}
[SELECT]	2017-12-09 14:36:58	SELECT * FROM `menu` WHERE `id` in (1,2,3,4,5,6,7,8,9,10) ORDER BY `sort`	[]	::1	{"c":"System","m":"menu"}
[SELECT]	2017-12-09 14:36:58	SELECT id,roleName FROM role	null	::1	{"c":"Common","m":"getRolesInfo"}
[SELECT]	2017-12-09 14:36:58	SELECT count(*) as sum FROM role	null	::1	{"c":"System","m":"role","page":"1","num":"10","orderby":{"id":"asc"}}
[SELECT]	2017-12-09 14:36:58	SELECT * FROM role ORDER BY id asc LIMIT 0,10	null	::1	{"c":"System","m":"role","page":"1","num":"10","orderby":{"id":"asc"}}
[SELECT]	2017-12-09 14:39:38	SELECT `privileges` FROM `role` WHERE `id`=1	[]	::1	{"c":"System","m":"menu"}
[SELECT]	2017-12-09 14:39:38	SELECT * FROM `menu` WHERE `id` in (1,2,3,4,5,6,7,8,9,10) ORDER BY `sort`	[]	::1	{"c":"System","m":"menu"}
[SELECT]	2017-12-09 14:39:38	SELECT id,roleName FROM role	null	::1	{"c":"Common","m":"getRolesInfo"}
[SELECT]	2017-12-09 14:39:38	SELECT count(*) as sum FROM role	null	::1	{"c":"System","m":"role","page":"1","num":"10","orderby":{"id":"asc"}}
[SELECT]	2017-12-09 14:39:38	SELECT * FROM role ORDER BY id asc LIMIT 0,10	null	::1	{"c":"System","m":"role","page":"1","num":"10","orderby":{"id":"asc"}}
[SELECT]	2017-12-09 14:48:25	SELECT `privileges` FROM `role` WHERE `id`=1	[]	::1	{"c":"System","m":"menu"}
[SELECT]	2017-12-09 14:48:25	SELECT * FROM `menu` WHERE `id` in (1,2,3,4,5,6,7,8,9,10) ORDER BY `sort`	[]	::1	{"c":"System","m":"menu"}
[SELECT]	2017-12-09 14:48:25	SELECT id,roleName FROM role	null	::1	{"c":"Common","m":"getRolesInfo"}
[SELECT]	2017-12-09 14:48:25	SELECT count(*) as sum FROM role	null	::1	{"c":"System","m":"role","page":"1","num":"10","orderby":{"id":"asc"}}
[SELECT]	2017-12-09 14:48:25	SELECT * FROM role ORDER BY id asc LIMIT 0,10	null	::1	{"c":"System","m":"role","page":"1","num":"10","orderby":{"id":"asc"}}
[SELECT]	2017-12-09 14:48:43	SELECT `privileges` FROM `role` WHERE `id`=1	[]	::1	{"c":"System","m":"menu"}
[SELECT]	2017-12-09 14:48:43	SELECT * FROM `menu` WHERE `id` in (1,2,3,4,5,6,7,8,9,10) ORDER BY `sort`	[]	::1	{"c":"System","m":"menu"}
[SELECT]	2017-12-09 14:48:43	SELECT id,roleName FROM role	null	::1	{"c":"Common","m":"getRolesInfo"}
[SELECT]	2017-12-09 14:48:43	SELECT count(*) as sum FROM role	null	::1	{"c":"System","m":"role","page":"1","num":"10","orderby":{"id":"asc"}}
[SELECT]	2017-12-09 14:48:43	SELECT * FROM role ORDER BY id asc LIMIT 0,10	null	::1	{"c":"System","m":"role","page":"1","num":"10","orderby":{"id":"asc"}}
[SELECT]	2017-12-09 14:49:08	SELECT `privileges` FROM `role` WHERE `id`=1	[]	::1	{"c":"System","m":"menu"}
[SELECT]	2017-12-09 14:49:08	SELECT * FROM `menu` WHERE `id` in (1,2,3,4,5,6,7,8,9,10) ORDER BY `sort`	[]	::1	{"c":"System","m":"menu"}
[SELECT]	2017-12-09 14:49:08	SELECT id,roleName FROM role	null	::1	{"c":"Common","m":"getRolesInfo"}
[SELECT]	2017-12-09 14:49:08	SELECT count(*) as sum FROM role	null	::1	{"c":"System","m":"role","page":"1","num":"10","orderby":{"id":"asc"}}
[SELECT]	2017-12-09 14:49:08	SELECT * FROM role ORDER BY id asc LIMIT 0,10	null	::1	{"c":"System","m":"role","page":"1","num":"10","orderby":{"id":"asc"}}
[SELECT]	2017-12-09 14:53:49	SELECT `privileges` FROM `role` WHERE `id`=1	[]	::1	{"c":"System","m":"menu"}
[SELECT]	2017-12-09 14:53:49	SELECT * FROM `menu` WHERE `id` in (1,2,3,4,5,6,7,8,9,10) ORDER BY `sort`	[]	::1	{"c":"System","m":"menu"}
[SELECT]	2017-12-09 14:53:49	SELECT count(*) as sum FROM role	null	::1	{"c":"System","m":"role","page":"1","num":"10","orderby":{"id":"asc"}}
[SELECT]	2017-12-09 14:53:49	SELECT * FROM role ORDER BY id asc LIMIT 0,10	null	::1	{"c":"System","m":"role","page":"1","num":"10","orderby":{"id":"asc"}}
[SELECT]	2017-12-09 14:53:49	SELECT id,roleName FROM role	null	::1	{"c":"Common","m":"getRolesInfo"}
[SELECT]	2017-12-09 14:55:12	SELECT `privileges` FROM `role` WHERE `id`=1	[]	::1	{"c":"System","m":"menu"}
[SELECT]	2017-12-09 14:55:12	SELECT * FROM `menu` WHERE `id` in (1,2,3,4,5,6,7,8,9,10) ORDER BY `sort`	[]	::1	{"c":"System","m":"menu"}
[SELECT]	2017-12-09 14:55:12	SELECT id,roleName FROM role	null	::1	{"c":"Common","m":"getRolesInfo"}
[SELECT]	2017-12-09 14:55:12	SELECT count(*) as sum FROM role	null	::1	{"c":"System","m":"role","page":"1","num":"10","orderby":{"id":"asc"}}
[SELECT]	2017-12-09 14:55:12	SELECT * FROM role ORDER BY id asc LIMIT 0,10	null	::1	{"c":"System","m":"role","page":"1","num":"10","orderby":{"id":"asc"}}
[SELECT]	2017-12-09 14:55:31	SELECT `privileges` FROM `role` WHERE `id`=1	[]	::1	{"c":"System","m":"menu"}
[SELECT]	2017-12-09 14:55:31	SELECT * FROM `menu` WHERE `id` in (1,2,3,4,5,6,7,8,9,10) ORDER BY `sort`	[]	::1	{"c":"System","m":"menu"}
[SELECT]	2017-12-09 14:55:31	SELECT id,roleName FROM role	null	::1	{"c":"Common","m":"getRolesInfo"}
[SELECT]	2017-12-09 14:55:31	SELECT count(*) as sum FROM role	null	::1	{"c":"System","m":"role","page":"1","num":"10","orderby":{"id":"asc"}}
[SELECT]	2017-12-09 14:55:31	SELECT * FROM role ORDER BY id asc LIMIT 0,10	null	::1	{"c":"System","m":"role","page":"1","num":"10","orderby":{"id":"asc"}}
[SELECT]	2017-12-09 14:56:14	SELECT `privileges` FROM `role` WHERE `id`=1	[]	::1	{"c":"System","m":"menu"}
[SELECT]	2017-12-09 14:56:14	SELECT * FROM `menu` WHERE `id` in (1,2,3,4,5,6,7,8,9,10) ORDER BY `sort`	[]	::1	{"c":"System","m":"menu"}
[SELECT]	2017-12-09 14:56:14	SELECT id,roleName FROM role	null	::1	{"c":"Common","m":"getRolesInfo"}
[SELECT]	2017-12-09 14:56:14	SELECT count(*) as sum FROM role	null	::1	{"c":"System","m":"role","page":"1","num":"10","orderby":{"id":"asc"}}
[SELECT]	2017-12-09 14:56:14	SELECT * FROM role ORDER BY id asc LIMIT 0,10	null	::1	{"c":"System","m":"role","page":"1","num":"10","orderby":{"id":"asc"}}
[SELECT]	2017-12-09 14:57:04	SELECT `privileges` FROM `role` WHERE `id`=1	[]	::1	{"c":"System","m":"menu"}
[SELECT]	2017-12-09 14:57:04	SELECT * FROM `menu` WHERE `id` in (1,2,3,4,5,6,7,8,9,10) ORDER BY `sort`	[]	::1	{"c":"System","m":"menu"}
[SELECT]	2017-12-09 14:57:04	SELECT id,roleName FROM role	null	::1	{"c":"Common","m":"getRolesInfo"}
[SELECT]	2017-12-09 14:57:04	SELECT count(*) as sum FROM role	null	::1	{"c":"System","m":"role","page":"1","num":"10","orderby":{"id":"asc"}}
[SELECT]	2017-12-09 14:57:04	SELECT * FROM role ORDER BY id asc LIMIT 0,10	null	::1	{"c":"System","m":"role","page":"1","num":"10","orderby":{"id":"asc"}}
[UPDATE]	2017-12-09 14:57:08	UPDATE role SET `roleName`=:roleName,`roleDesc`=:roleDesc,`privileges`=:privileges WHERE `id`='3';	{"roleName":"\u6d4b\u8bd5\u7ec4","roleDesc":"ce","privileges":"1,3"}	::1	{"c":"System","m":"role","id":"3","roleName":"\u6d4b\u8bd5\u7ec4","roleDesc":"ce","privileges":"1,3","a":"mod"}
[SELECT]	2017-12-09 14:57:10	SELECT count(*) as sum FROM role	null	::1	{"c":"System","m":"role","page":"1","num":"10","orderby":{"id":"asc"}}
[SELECT]	2017-12-09 14:57:10	SELECT * FROM role ORDER BY id asc LIMIT 0,10	null	::1	{"c":"System","m":"role","page":"1","num":"10","orderby":{"id":"asc"}}
[SELECT]	2017-12-09 15:22:39	SELECT `privileges` FROM `role` WHERE `id`=1	[]	::1	{"c":"System","m":"menu"}
[SELECT]	2017-12-09 15:22:39	SELECT * FROM `menu` WHERE `id` in (1,2,3,4,5,6,7,8,9,10) ORDER BY `sort`	[]	::1	{"c":"System","m":"menu"}
[SELECT]	2017-12-09 15:22:39	SELECT id,roleName FROM role	null	::1	{"c":"Common","m":"getRolesInfo"}
[SELECT]	2017-12-09 15:22:39	SELECT count(*) as sum FROM role	null	::1	{"c":"System","m":"role","page":"1","num":"10","orderby":{"id":"asc"}}
[SELECT]	2017-12-09 15:22:39	SELECT * FROM role ORDER BY id asc LIMIT 0,10	null	::1	{"c":"System","m":"role","page":"1","num":"10","orderby":{"id":"asc"}}
[SELECT]	2017-12-09 15:34:38	SELECT `privileges` FROM `role` WHERE `id`=1	[]	::1	{"c":"System","m":"menu"}
[SELECT]	2017-12-09 15:34:38	SELECT * FROM `menu` WHERE `id` in (1,2,3,4,5,6,7,8,9,10) ORDER BY `sort`	[]	::1	{"c":"System","m":"menu"}
[SELECT]	2017-12-09 15:34:38	SELECT count(*) as sum FROM role	null	::1	{"c":"System","m":"role","page":"1","num":"10","orderby":{"id":"asc"}}
[SELECT]	2017-12-09 15:34:38	SELECT * FROM role ORDER BY id asc LIMIT 0,10	null	::1	{"c":"System","m":"role","page":"1","num":"10","orderby":{"id":"asc"}}
[SELECT]	2017-12-09 15:34:38	SELECT id,roleName FROM role	null	::1	{"c":"Common","m":"getRolesInfo"}
[SELECT]	2017-12-09 15:35:10	SELECT `privileges` FROM `role` WHERE `id`=1	[]	::1	{"c":"System","m":"menu"}
[SELECT]	2017-12-09 15:35:10	SELECT * FROM `menu` WHERE `id` in (1,2,3,4,5,6,7,8,9,10) ORDER BY `sort`	[]	::1	{"c":"System","m":"menu"}
[SELECT]	2017-12-09 15:35:10	SELECT id,roleName FROM role	null	::1	{"c":"Common","m":"getRolesInfo"}
[SELECT]	2017-12-09 15:35:10	SELECT count(*) as sum FROM role	null	::1	{"c":"System","m":"role","page":"1","num":"10","orderby":{"id":"asc"}}
[SELECT]	2017-12-09 15:35:10	SELECT * FROM role ORDER BY id asc LIMIT 0,10	null	::1	{"c":"System","m":"role","page":"1","num":"10","orderby":{"id":"asc"}}
[SELECT]	2017-12-09 15:36:13	SELECT `privileges` FROM `role` WHERE `id`=1	[]	::1	{"c":"System","m":"menu"}
[SELECT]	2017-12-09 15:36:13	SELECT * FROM `menu` WHERE `id` in (1,2,3,4,5,6,7,8,9,10) ORDER BY `sort`	[]	::1	{"c":"System","m":"menu"}
[SELECT]	2017-12-09 15:36:13	SELECT id,roleName FROM role	null	::1	{"c":"Common","m":"getRolesInfo"}
[SELECT]	2017-12-09 15:36:13	SELECT count(*) as sum FROM role	null	::1	{"c":"System","m":"role","page":"1","num":"10","orderby":{"id":"asc"}}
[SELECT]	2017-12-09 15:36:13	SELECT * FROM role ORDER BY id asc LIMIT 0,10	null	::1	{"c":"System","m":"role","page":"1","num":"10","orderby":{"id":"asc"}}
[SELECT]	2017-12-09 15:36:55	SELECT `privileges` FROM `role` WHERE `id`=1	[]	::1	{"c":"System","m":"menu"}
[SELECT]	2017-12-09 15:36:55	SELECT * FROM `menu` WHERE `id` in (1,2,3,4,5,6,7,8,9,10) ORDER BY `sort`	[]	::1	{"c":"System","m":"menu"}
[SELECT]	2017-12-09 15:36:55	SELECT id,roleName FROM role	null	::1	{"c":"Common","m":"getRolesInfo"}
[SELECT]	2017-12-09 15:36:55	SELECT count(*) as sum FROM role	null	::1	{"c":"System","m":"role","page":"1","num":"10","orderby":{"id":"asc"}}
[SELECT]	2017-12-09 15:36:55	SELECT * FROM role ORDER BY id asc LIMIT 0,10	null	::1	{"c":"System","m":"role","page":"1","num":"10","orderby":{"id":"asc"}}
[SELECT]	2017-12-09 15:47:50	SELECT `privileges` FROM `role` WHERE `id`=1	[]	::1	{"c":"System","m":"menu"}
[SELECT]	2017-12-09 15:47:50	SELECT * FROM `menu` WHERE `id` in (1,2,3,4,5,6,7,8,9,10) ORDER BY `sort`	[]	::1	{"c":"System","m":"menu"}
[SELECT]	2017-12-09 15:47:50	SELECT count(*) as sum FROM role	null	::1	{"c":"System","m":"role","page":"1","num":"10","orderby":{"id":"asc"}}
[SELECT]	2017-12-09 15:47:50	SELECT * FROM role ORDER BY id asc LIMIT 0,10	null	::1	{"c":"System","m":"role","page":"1","num":"10","orderby":{"id":"asc"}}
[SELECT]	2017-12-09 15:47:50	SELECT id,roleName FROM role	null	::1	{"c":"Common","m":"getRolesInfo"}
[SELECT]	2017-12-09 15:49:06	SELECT `privileges` FROM `role` WHERE `id`=1	[]	::1	{"c":"System","m":"menu"}
[SELECT]	2017-12-09 15:49:06	SELECT * FROM `menu` WHERE `id` in (1,2,3,4,5,6,7,8,9,10) ORDER BY `sort`	[]	::1	{"c":"System","m":"menu"}
[SELECT]	2017-12-09 15:49:06	SELECT id,roleName FROM role	null	::1	{"c":"Common","m":"getRolesInfo"}
[SELECT]	2017-12-09 15:49:06	SELECT count(*) as sum FROM role	null	::1	{"c":"System","m":"role","page":"1","num":"10","orderby":{"id":"asc"}}
[SELECT]	2017-12-09 15:49:06	SELECT * FROM role ORDER BY id asc LIMIT 0,10	null	::1	{"c":"System","m":"role","page":"1","num":"10","orderby":{"id":"asc"}}
[SELECT]	2017-12-09 15:50:14	SELECT `privileges` FROM `role` WHERE `id`=1	[]	::1	{"c":"System","m":"menu"}
[SELECT]	2017-12-09 15:50:14	SELECT * FROM `menu` WHERE `id` in (1,2,3,4,5,6,7,8,9,10) ORDER BY `sort`	[]	::1	{"c":"System","m":"menu"}
[SELECT]	2017-12-09 15:50:14	SELECT count(*) as sum FROM role	null	::1	{"c":"System","m":"role","page":"1","num":"10","orderby":{"id":"asc"}}
[SELECT]	2017-12-09 15:50:14	SELECT * FROM role ORDER BY id asc LIMIT 0,10	null	::1	{"c":"System","m":"role","page":"1","num":"10","orderby":{"id":"asc"}}
[SELECT]	2017-12-09 15:50:14	SELECT id,roleName FROM role	null	::1	{"c":"Common","m":"getRolesInfo"}
[SELECT]	2017-12-09 15:51:43	SELECT `privileges` FROM `role` WHERE `id`=1	[]	::1	{"c":"System","m":"menu"}
[SELECT]	2017-12-09 15:51:43	SELECT * FROM `menu` WHERE `id` in (1,2,3,4,5,6,7,8,9,10) ORDER BY `sort`	[]	::1	{"c":"System","m":"menu"}
[SELECT]	2017-12-09 15:51:43	SELECT id,roleName FROM role	null	::1	{"c":"Common","m":"getRolesInfo"}
[SELECT]	2017-12-09 15:51:43	SELECT count(*) as sum FROM role	null	::1	{"c":"System","m":"role","page":"1","num":"10","orderby":{"id":"asc"}}
[SELECT]	2017-12-09 15:51:43	SELECT * FROM role ORDER BY id asc LIMIT 0,10	null	::1	{"c":"System","m":"role","page":"1","num":"10","orderby":{"id":"asc"}}
[SELECT]	2017-12-09 15:52:42	SELECT `privileges` FROM `role` WHERE `id`=1	[]	::1	{"c":"System","m":"menu"}
[SELECT]	2017-12-09 15:52:42	SELECT * FROM `menu` WHERE `id` in (1,2,3,4,5,6,7,8,9,10) ORDER BY `sort`	[]	::1	{"c":"System","m":"menu"}
[SELECT]	2017-12-09 15:52:42	SELECT id,roleName FROM role	null	::1	{"c":"Common","m":"getRolesInfo"}
[SELECT]	2017-12-09 15:52:42	SELECT count(*) as sum FROM role	null	::1	{"c":"System","m":"role","page":"1","num":"10","orderby":{"id":"asc"}}
[SELECT]	2017-12-09 15:52:42	SELECT * FROM role ORDER BY id asc LIMIT 0,10	null	::1	{"c":"System","m":"role","page":"1","num":"10","orderby":{"id":"asc"}}
[SELECT]	2017-12-09 15:58:55	SELECT `privileges` FROM `role` WHERE `id`=1	[]	::1	{"c":"System","m":"menu"}
[SELECT]	2017-12-09 15:58:55	SELECT * FROM `menu` WHERE `id` in (1,2,3,4,5,6,7,8,9,10) ORDER BY `sort`	[]	::1	{"c":"System","m":"menu"}
[SELECT]	2017-12-09 15:58:55	SELECT id,roleName FROM role	null	::1	{"c":"Common","m":"getRolesInfo"}
[SELECT]	2017-12-09 15:58:55	SELECT count(*) as sum FROM role	null	::1	{"c":"System","m":"role","page":"1","num":"10","orderby":{"id":"asc"}}
[SELECT]	2017-12-09 15:58:55	SELECT * FROM role ORDER BY id asc LIMIT 0,10	null	::1	{"c":"System","m":"role","page":"1","num":"10","orderby":{"id":"asc"}}
[UPDATE]	2017-12-09 15:59:17	UPDATE role SET `roleName`=:roleName,`roleDesc`=:roleDesc,`privileges`=:privileges WHERE `id`='3';	{"roleName":"\u6d4b\u8bd5\u7ec4","roleDesc":"ce","privileges":"1,3,6,7,8,9"}	::1	{"c":"System","m":"role","id":"3","roleName":"\u6d4b\u8bd5\u7ec4","roleDesc":"ce","privileges":"1,3,6,7,8,9","a":"mod"}
[SELECT]	2017-12-09 15:59:18	SELECT count(*) as sum FROM role	null	::1	{"c":"System","m":"role","page":"1","num":"10","orderby":{"id":"asc"}}
[SELECT]	2017-12-09 15:59:18	SELECT * FROM role ORDER BY id asc LIMIT 0,10	null	::1	{"c":"System","m":"role","page":"1","num":"10","orderby":{"id":"asc"}}
[UPDATE]	2017-12-09 15:59:26	UPDATE role SET `roleName`=:roleName,`roleDesc`=:roleDesc,`privileges`=:privileges WHERE `id`='3';	{"roleName":"\u6d4b\u8bd5\u7ec4","roleDesc":"ce","privileges":"1,10,2,3,6,7,8,9"}	::1	{"c":"System","m":"role","id":"3","roleName":"\u6d4b\u8bd5\u7ec4","roleDesc":"ce","privileges":"1,10,2,3,6,7,8,9","a":"mod"}
[SELECT]	2017-12-09 15:59:27	SELECT count(*) as sum FROM role	null	::1	{"c":"System","m":"role","page":"1","num":"10","orderby":{"id":"asc"}}
[SELECT]	2017-12-09 15:59:27	SELECT * FROM role ORDER BY id asc LIMIT 0,10	null	::1	{"c":"System","m":"role","page":"1","num":"10","orderby":{"id":"asc"}}
[SELECT]	2017-12-09 15:59:34	SELECT `privileges` FROM `role` WHERE `id`=1	[]	::1	{"c":"System","m":"menu"}
[SELECT]	2017-12-09 15:59:34	SELECT * FROM `menu` WHERE `id` in (1,2,3,4,5,6,7,8,9,10) ORDER BY `sort`	[]	::1	{"c":"System","m":"menu"}
[SELECT]	2017-12-09 15:59:34	SELECT id,roleName FROM role	null	::1	{"c":"Common","m":"getRolesInfo"}
[SELECT]	2017-12-09 15:59:34	SELECT count(*) as sum FROM role	null	::1	{"c":"System","m":"role","page":"1","num":"10","orderby":{"id":"asc"}}
[SELECT]	2017-12-09 15:59:34	SELECT * FROM role ORDER BY id asc LIMIT 0,10	null	::1	{"c":"System","m":"role","page":"1","num":"10","orderby":{"id":"asc"}}
[UPDATE]	2017-12-09 15:59:46	UPDATE role SET `roleName`=:roleName,`roleDesc`=:roleDesc,`privileges`=:privileges WHERE `id`='3';	{"roleName":"\u6d4b\u8bd5\u7ec4","roleDesc":"ce","privileges":"1,10,2,3"}	::1	{"c":"System","m":"role","id":"3","roleName":"\u6d4b\u8bd5\u7ec4","roleDesc":"ce","privileges":"1,10,2,3","a":"mod"}
[SELECT]	2017-12-09 15:59:47	SELECT count(*) as sum FROM role	null	::1	{"c":"System","m":"role","page":"1","num":"10","orderby":{"id":"asc"}}
[SELECT]	2017-12-09 15:59:47	SELECT * FROM role ORDER BY id asc LIMIT 0,10	null	::1	{"c":"System","m":"role","page":"1","num":"10","orderby":{"id":"asc"}}
[SELECT]	2017-12-09 16:07:49	SELECT `privileges` FROM `role` WHERE `id`=1	[]	::1	{"c":"System","m":"menu"}
[SELECT]	2017-12-09 16:07:49	SELECT * FROM `menu` WHERE `id` in (1,2,3,4,5,6,7,8,9,10) ORDER BY `sort`	[]	::1	{"c":"System","m":"menu"}
[SELECT]	2017-12-09 16:07:49	SELECT id,roleName FROM role	null	::1	{"c":"Common","m":"getRolesInfo"}
[SELECT]	2017-12-09 16:07:49	SELECT count(*) as sum FROM role	null	::1	{"c":"System","m":"role","page":"1","num":"10","orderby":{"id":"asc"}}
[SELECT]	2017-12-09 16:07:49	SELECT * FROM role ORDER BY id asc LIMIT 0,10	null	::1	{"c":"System","m":"role","page":"1","num":"10","orderby":{"id":"asc"}}
[SELECT]	2017-12-09 16:09:52	SELECT `privileges` FROM `role` WHERE `id`=1	[]	::1	{"c":"System","m":"menu"}
[SELECT]	2017-12-09 16:09:52	SELECT * FROM `menu` WHERE `id` in (1,2,3,4,5,6,7,8,9,10) ORDER BY `sort`	[]	::1	{"c":"System","m":"menu"}
[SELECT]	2017-12-09 16:09:52	SELECT count(*) as sum FROM role	null	::1	{"c":"System","m":"role","page":"1","num":"10","orderby":{"id":"asc"}}
[SELECT]	2017-12-09 16:09:52	SELECT * FROM role ORDER BY id asc LIMIT 0,10	null	::1	{"c":"System","m":"role","page":"1","num":"10","orderby":{"id":"asc"}}
[SELECT]	2017-12-09 16:09:52	SELECT id,roleName FROM role	null	::1	{"c":"Common","m":"getRolesInfo"}
[SELECT]	2017-12-09 16:10:13	SELECT `privileges` FROM `role` WHERE `id`=1	[]	::1	{"c":"System","m":"menu"}
[SELECT]	2017-12-09 16:10:13	SELECT * FROM `menu` WHERE `id` in (1,2,3,4,5,6,7,8,9,10) ORDER BY `sort`	[]	::1	{"c":"System","m":"menu"}
[SELECT]	2017-12-09 16:10:14	SELECT id,roleName FROM role	null	::1	{"c":"Common","m":"getRolesInfo"}
[SELECT]	2017-12-09 16:10:14	SELECT count(*) as sum FROM role	null	::1	{"c":"System","m":"role","page":"1","num":"10","orderby":{"id":"asc"}}
[SELECT]	2017-12-09 16:10:14	SELECT * FROM role ORDER BY id asc LIMIT 0,10	null	::1	{"c":"System","m":"role","page":"1","num":"10","orderby":{"id":"asc"}}
[SELECT]	2017-12-09 16:16:57	SELECT `privileges` FROM `role` WHERE `id`=1	[]	::1	{"c":"System","m":"menu"}
[SELECT]	2017-12-09 16:16:57	SELECT * FROM `menu` WHERE `id` in (1,2,3,4,5,6,7,8,9,10) ORDER BY `sort`	[]	::1	{"c":"System","m":"menu"}
[SELECT]	2017-12-09 16:16:57	SELECT id,roleName FROM role	null	::1	{"c":"Common","m":"getRolesInfo"}
[SELECT]	2017-12-09 16:16:57	SELECT * FROM `menu` ORDER BY `sort`	[]	::1	{"c":"System","m":"role","a":"get_all_menu"}
[SELECT]	2017-12-09 16:16:57	SELECT count(*) as sum FROM role	null	::1	{"c":"System","m":"role","page":"1","num":"10","orderby":{"id":"asc"}}
[SELECT]	2017-12-09 16:16:57	SELECT * FROM role ORDER BY id asc LIMIT 0,10	null	::1	{"c":"System","m":"role","page":"1","num":"10","orderby":{"id":"asc"}}
[SELECT]	2017-12-09 16:18:18	SELECT `privileges` FROM `role` WHERE `id`=1	[]	::1	{"c":"System","m":"menu"}
[SELECT]	2017-12-09 16:18:18	SELECT * FROM `menu` WHERE `id` in (1,2,3,4,5,6,7,8,9,10) ORDER BY `sort`	[]	::1	{"c":"System","m":"menu"}
[SELECT]	2017-12-09 16:18:18	SELECT id,roleName FROM role	null	::1	{"c":"Common","m":"getRolesInfo"}
[SELECT]	2017-12-09 16:18:18	SELECT * FROM `menu` ORDER BY `sort`	[]	::1	{"c":"System","m":"role","a":"get_all_menu"}
[SELECT]	2017-12-09 16:18:18	SELECT count(*) as sum FROM role	null	::1	{"c":"System","m":"role","page":"1","num":"10","orderby":{"id":"asc"}}
[SELECT]	2017-12-09 16:18:18	SELECT * FROM role ORDER BY id asc LIMIT 0,10	null	::1	{"c":"System","m":"role","page":"1","num":"10","orderby":{"id":"asc"}}
[SELECT]	2017-12-09 16:25:34	SELECT `privileges` FROM `role` WHERE `id`=1	[]	::1	{"c":"System","m":"menu"}
[SELECT]	2017-12-09 16:25:34	SELECT * FROM `menu` WHERE `id` in (1,2,3,4,5,6,7,8,9,10) ORDER BY `sort`	[]	::1	{"c":"System","m":"menu"}
[SELECT]	2017-12-09 16:25:34	SELECT id,roleName FROM role	null	::1	{"c":"Common","m":"getRolesInfo"}
[SELECT]	2017-12-09 16:25:34	SELECT count(*) as sum FROM role	null	::1	{"c":"System","m":"role","page":"1","num":"10","orderby":{"id":"asc"}}
[SELECT]	2017-12-09 16:25:34	SELECT * FROM role ORDER BY id asc LIMIT 0,10	null	::1	{"c":"System","m":"role","page":"1","num":"10","orderby":{"id":"asc"}}
[SELECT]	2017-12-09 16:25:34	SELECT * FROM `menu` ORDER BY `sort`	[]	::1	{"c":"System","m":"role","a":"get_all_menu"}
[SELECT]	2017-12-09 16:26:31	SELECT `privileges` FROM `role` WHERE `id`=1	[]	::1	{"c":"System","m":"menu"}
[SELECT]	2017-12-09 16:26:31	SELECT * FROM `menu` WHERE `id` in (1,2,3,4,5,6,7,8,9,10) ORDER BY `sort`	[]	::1	{"c":"System","m":"menu"}
[SELECT]	2017-12-09 16:26:31	SELECT id,roleName FROM role	null	::1	{"c":"Common","m":"getRolesInfo"}
[SELECT]	2017-12-09 16:26:31	SELECT * FROM `menu` ORDER BY `sort`	[]	::1	{"c":"System","m":"role","a":"get_all_menu"}
[SELECT]	2017-12-09 16:26:31	SELECT count(*) as sum FROM role	null	::1	{"c":"System","m":"role","page":"1","num":"10","orderby":{"id":"asc"}}
[SELECT]	2017-12-09 16:26:31	SELECT * FROM role ORDER BY id asc LIMIT 0,10	null	::1	{"c":"System","m":"role","page":"1","num":"10","orderby":{"id":"asc"}}
[SELECT]	2017-12-09 16:29:30	SELECT `privileges` FROM `role` WHERE `id`=1	[]	::1	{"c":"System","m":"menu"}
[SELECT]	2017-12-09 16:29:30	SELECT * FROM `menu` WHERE `id` in (1,2,3,4,5,6,7,8,9,10) ORDER BY `sort`	[]	::1	{"c":"System","m":"menu"}
[SELECT]	2017-12-09 16:29:30	SELECT count(*) as sum FROM role	null	::1	{"c":"System","m":"role","page":"1","num":"10","orderby":{"id":"asc"}}
[SELECT]	2017-12-09 16:29:30	SELECT * FROM role ORDER BY id asc LIMIT 0,10	null	::1	{"c":"System","m":"role","page":"1","num":"10","orderby":{"id":"asc"}}
[SELECT]	2017-12-09 16:29:30	SELECT * FROM `menu` ORDER BY `sort`	[]	::1	{"c":"System","m":"role","a":"get_all_menu"}
[SELECT]	2017-12-09 16:29:30	SELECT id,roleName FROM role	null	::1	{"c":"Common","m":"getRolesInfo"}
[SELECT]	2017-12-09 16:32:30	SELECT `privileges` FROM `role` WHERE `id`=1	[]	::1	{"c":"System","m":"menu"}
[SELECT]	2017-12-09 16:32:30	SELECT * FROM `menu` WHERE `id` in (1,2,3,4,5,6,7,8,9,10) ORDER BY `sort`	[]	::1	{"c":"System","m":"menu"}
[SELECT]	2017-12-09 16:32:30	SELECT id,roleName FROM role	null	::1	{"c":"Common","m":"getRolesInfo"}
[SELECT]	2017-12-09 16:32:30	SELECT * FROM `menu` ORDER BY `sort`	[]	::1	{"c":"System","m":"role","a":"get_all_menu"}
[SELECT]	2017-12-09 16:32:30	SELECT count(*) as sum FROM role	null	::1	{"c":"System","m":"role","page":"1","num":"10","orderby":{"id":"asc"}}
[SELECT]	2017-12-09 16:32:30	SELECT * FROM role ORDER BY id asc LIMIT 0,10	null	::1	{"c":"System","m":"role","page":"1","num":"10","orderby":{"id":"asc"}}
[SELECT]	2017-12-09 16:32:55	SELECT `privileges` FROM `role` WHERE `id`=1	[]	::1	{"c":"System","m":"menu"}
[SELECT]	2017-12-09 16:32:55	SELECT * FROM `menu` WHERE `id` in (1,2,3,4,5,6,7,8,9,10) ORDER BY `sort`	[]	::1	{"c":"System","m":"menu"}
[SELECT]	2017-12-09 16:32:55	SELECT * FROM `menu` ORDER BY `sort`	[]	::1	{"c":"System","m":"role","a":"get_all_menu"}
[SELECT]	2017-12-09 16:32:55	SELECT count(*) as sum FROM role	null	::1	{"c":"System","m":"role","page":"1","num":"10","orderby":{"id":"asc"}}
[SELECT]	2017-12-09 16:32:55	SELECT * FROM role ORDER BY id asc LIMIT 0,10	null	::1	{"c":"System","m":"role","page":"1","num":"10","orderby":{"id":"asc"}}
[SELECT]	2017-12-09 16:32:55	SELECT id,roleName FROM role	null	::1	{"c":"Common","m":"getRolesInfo"}
[UPDATE]	2017-12-09 16:33:25	UPDATE role SET `roleName`=:roleName,`roleDesc`=:roleDesc,`privileges`=:privileges WHERE `id`='3';	{"roleName":"\u6d4b\u8bd5\u7ec4","roleDesc":"ce","privileges":"1,10,11,2,3,6,7,8,9"}	::1	{"c":"System","m":"role","id":"3","roleName":"\u6d4b\u8bd5\u7ec4","roleDesc":"ce","privileges":"1,10,11,2,3,6,7,8,9","a":"mod"}
[SELECT]	2017-12-09 16:33:26	SELECT count(*) as sum FROM role	null	::1	{"c":"System","m":"role","page":"1","num":"10","orderby":{"id":"asc"}}
[SELECT]	2017-12-09 16:33:26	SELECT * FROM role ORDER BY id asc LIMIT 0,10	null	::1	{"c":"System","m":"role","page":"1","num":"10","orderby":{"id":"asc"}}
[UPDATE]	2017-12-09 16:33:31	UPDATE role SET `roleName`=:roleName,`roleDesc`=:roleDesc,`privileges`=:privileges WHERE `id`='1';	{"roleName":"\u8d85\u7ea7\u7ec4","roleDesc":"hhhhhhhh","privileges":"1,10,11,2,3,6,7,8,9"}	::1	{"c":"System","m":"role","id":"1","roleName":"\u8d85\u7ea7\u7ec4","roleDesc":"hhhhhhhh","privileges":"1,10,11,2,3,6,7,8,9","a":"mod"}
[SELECT]	2017-12-09 16:33:32	SELECT count(*) as sum FROM role	null	::1	{"c":"System","m":"role","page":"1","num":"10","orderby":{"id":"asc"}}
[SELECT]	2017-12-09 16:33:32	SELECT * FROM role ORDER BY id asc LIMIT 0,10	null	::1	{"c":"System","m":"role","page":"1","num":"10","orderby":{"id":"asc"}}
[SELECT]	2017-12-09 16:33:49	SELECT `privileges` FROM `role` WHERE `id`=1	[]	::1	{"c":"System","m":"menu"}
[SELECT]	2017-12-09 16:33:49	SELECT * FROM `menu` WHERE `id` in (1,10,11,2,3,6,7,8,9) ORDER BY `sort`	[]	::1	{"c":"System","m":"menu"}
[SELECT]	2017-12-09 16:33:49	SELECT * FROM `menu` ORDER BY `sort`	[]	::1	{"c":"System","m":"role","a":"get_all_menu"}
[SELECT]	2017-12-09 16:33:49	SELECT count(*) as sum FROM role	null	::1	{"c":"System","m":"role","page":"1","num":"10","orderby":{"id":"asc"}}
[SELECT]	2017-12-09 16:33:49	SELECT * FROM role ORDER BY id asc LIMIT 0,10	null	::1	{"c":"System","m":"role","page":"1","num":"10","orderby":{"id":"asc"}}
[SELECT]	2017-12-09 16:33:49	SELECT id,roleName FROM role	null	::1	{"c":"Common","m":"getRolesInfo"}
[UPDATE]	2017-12-09 16:33:53	UPDATE role SET `roleName`=:roleName,`roleDesc`=:roleDesc,`privileges`=:privileges WHERE `id`='3';	{"roleName":"\u6d4b\u8bd5\u7ec4","roleDesc":"ce","privileges":"1,2,10,3,6,7,8,9,11"}	::1	{"c":"System","m":"role","id":"3","roleName":"\u6d4b\u8bd5\u7ec4","roleDesc":"ce","privileges":"1,2,10,3,6,7,8,9,11","a":"mod"}
[SELECT]	2017-12-09 16:33:54	SELECT count(*) as sum FROM role	null	::1	{"c":"System","m":"role","page":"1","num":"10","orderby":{"id":"asc"}}
[SELECT]	2017-12-09 16:33:54	SELECT * FROM role ORDER BY id asc LIMIT 0,10	null	::1	{"c":"System","m":"role","page":"1","num":"10","orderby":{"id":"asc"}}
[UPDATE]	2017-12-09 16:34:04	UPDATE role SET `roleName`=:roleName,`roleDesc`=:roleDesc,`privileges`=:privileges WHERE `id`='3';	{"roleName":"\u6d4b\u8bd5\u7ec4","roleDesc":"ce","privileges":"1,2,10,3,6,11"}	::1	{"c":"System","m":"role","id":"3","roleName":"\u6d4b\u8bd5\u7ec4","roleDesc":"ce","privileges":"1,2,10,3,6,11","a":"mod"}
[SELECT]	2017-12-09 16:34:05	SELECT count(*) as sum FROM role	null	::1	{"c":"System","m":"role","page":"1","num":"10","orderby":{"id":"asc"}}
[SELECT]	2017-12-09 16:34:05	SELECT * FROM role ORDER BY id asc LIMIT 0,10	null	::1	{"c":"System","m":"role","page":"1","num":"10","orderby":{"id":"asc"}}
[SELECT]	2017-12-09 16:36:07	SELECT `privileges` FROM `role` WHERE `id`=1	[]	::1	{"c":"System","m":"menu"}
[SELECT]	2017-12-09 16:36:07	SELECT * FROM `menu` WHERE `id` in (1,10,11,2,3,6,7,8,9) ORDER BY `sort`	[]	::1	{"c":"System","m":"menu"}
[SELECT]	2017-12-09 16:36:07	SELECT * FROM `menu` ORDER BY `sort`	[]	::1	{"c":"System","m":"role","a":"get_all_menu"}
[SELECT]	2017-12-09 16:36:07	SELECT id,roleName FROM role	null	::1	{"c":"Common","m":"getRolesInfo"}
[SELECT]	2017-12-09 16:36:07	SELECT count(*) as sum FROM role	null	::1	{"c":"System","m":"role","page":"1","num":"10","orderby":{"id":"asc"}}
[SELECT]	2017-12-09 16:36:07	SELECT * FROM role ORDER BY id asc LIMIT 0,10	null	::1	{"c":"System","m":"role","page":"1","num":"10","orderby":{"id":"asc"}}
[INSERT]	2017-12-09 16:37:45	INSERT INTO role (`roleName`,`roleDesc`) values (:roleName, :roleDesc);	{"roleName":"\u54c8\u54c8","roleDesc":"\u54c8\u54c8"}	::1	{"c":"System","m":"role","a":"add","roleName":"\u54c8\u54c8","roleDesc":"\u54c8\u54c8"}
[SELECT]	2017-12-09 16:37:47	SELECT count(*) as sum FROM role	null	::1	{"c":"System","m":"role","page":"1","num":"10","orderby":{"id":"asc"}}
[SELECT]	2017-12-09 16:37:47	SELECT * FROM role ORDER BY id asc LIMIT 0,10	null	::1	{"c":"System","m":"role","page":"1","num":"10","orderby":{"id":"asc"}}
[UPDATE]	2017-12-09 16:38:03	UPDATE role SET `roleName`=:roleName,`roleDesc`=:roleDesc,`privileges`=:privileges WHERE `id`='4';	{"roleName":"\u54c8\u54c8","roleDesc":"\u54c8\u54c8","privileges":"1,2,10,3,6,11"}	::1	{"c":"System","m":"role","id":"4","roleName":"\u54c8\u54c8","roleDesc":"\u54c8\u54c8","privileges":"1,2,10,3,6,11","a":"mod"}
[SELECT]	2017-12-09 16:38:04	SELECT count(*) as sum FROM role	null	::1	{"c":"System","m":"role","page":"1","num":"10","orderby":{"id":"asc"}}
[SELECT]	2017-12-09 16:38:04	SELECT * FROM role ORDER BY id asc LIMIT 0,10	null	::1	{"c":"System","m":"role","page":"1","num":"10","orderby":{"id":"asc"}}
[UPDATE]	2017-12-09 16:38:17	UPDATE role SET `roleName`=:roleName,`roleDesc`=:roleDesc,`privileges`=:privileges WHERE `id`='1';	{"roleName":"\u8d85\u7ea7\u7ec4","roleDesc":"hhhhhhhh","privileges":"1,2,10,3,6,7,8,9"}	::1	{"c":"System","m":"role","id":"1","roleName":"\u8d85\u7ea7\u7ec4","roleDesc":"hhhhhhhh","privileges":"1,2,10,3,6,7,8,9","a":"mod"}
[SELECT]	2017-12-09 16:38:19	SELECT count(*) as sum FROM role	null	::1	{"c":"System","m":"role","page":"1","num":"10","orderby":{"id":"asc"}}
[SELECT]	2017-12-09 16:38:19	SELECT * FROM role ORDER BY id asc LIMIT 0,10	null	::1	{"c":"System","m":"role","page":"1","num":"10","orderby":{"id":"asc"}}
[SELECT]	2017-12-09 16:38:21	SELECT `privileges` FROM `role` WHERE `id`=1	[]	::1	{"c":"System","m":"menu"}
[SELECT]	2017-12-09 16:38:21	SELECT * FROM `menu` WHERE `id` in (1,2,10,3,6,7,8,9) ORDER BY `sort`	[]	::1	{"c":"System","m":"menu"}
[SELECT]	2017-12-09 16:38:21	SELECT id,roleName FROM role	null	::1	{"c":"Common","m":"getRolesInfo"}
[SELECT]	2017-12-09 16:38:21	SELECT count(*) as sum FROM role	null	::1	{"c":"System","m":"role","page":"1","num":"10","orderby":{"id":"asc"}}
[SELECT]	2017-12-09 16:38:21	SELECT * FROM role ORDER BY id asc LIMIT 0,10	null	::1	{"c":"System","m":"role","page":"1","num":"10","orderby":{"id":"asc"}}
[SELECT]	2017-12-09 16:38:21	SELECT * FROM `menu` ORDER BY `sort`	[]	::1	{"c":"System","m":"role","a":"get_all_menu"}
[SELECT]	2017-12-09 17:17:28	SELECT `privileges` FROM `role` WHERE `id`=1	[]	::1	{"c":"System","m":"menu"}
[SELECT]	2017-12-09 17:17:28	SELECT * FROM `menu` WHERE `id` in (1,2,10,3,6,7,8,9) ORDER BY `sort`	[]	::1	{"c":"System","m":"menu"}
[SELECT]	2017-12-09 17:17:28	SELECT * FROM `menu` ORDER BY `sort`	[]	::1	{"c":"System","m":"role","a":"get_all_menu"}
[SELECT]	2017-12-09 17:17:28	SELECT id,roleName FROM role	null	::1	{"c":"Common","m":"getRolesInfo"}
[SELECT]	2017-12-09 17:17:28	SELECT count(*) as sum FROM role	null	::1	{"c":"System","m":"role","page":"1","num":"10","orderby":{"id":"asc"}}
[SELECT]	2017-12-09 17:17:28	SELECT * FROM role ORDER BY id asc LIMIT 0,10	null	::1	{"c":"System","m":"role","page":"1","num":"10","orderby":{"id":"asc"}}
[SELECT]	2017-12-09 17:18:33	SELECT `privileges` FROM `role` WHERE `id`=1	[]	::1	{"c":"System","m":"menu"}
[SELECT]	2017-12-09 17:18:33	SELECT * FROM `menu` WHERE `id` in (1,2,10,3,6,7,8,9) ORDER BY `sort`	[]	::1	{"c":"System","m":"menu"}
[SELECT]	2017-12-09 17:18:33	SELECT id,roleName FROM role	null	::1	{"c":"Common","m":"getRolesInfo"}
[SELECT]	2017-12-09 17:18:33	SELECT * FROM `menu` ORDER BY `sort`	[]	::1	{"c":"System","m":"role","a":"get_all_menu"}
[SELECT]	2017-12-09 17:18:33	SELECT count(*) as sum FROM role	null	::1	{"c":"System","m":"role","page":"1","num":"10","orderby":{"id":"asc"}}
[SELECT]	2017-12-09 17:18:33	SELECT * FROM role ORDER BY id asc LIMIT 0,10	null	::1	{"c":"System","m":"role","page":"1","num":"10","orderby":{"id":"asc"}}
[SELECT]	2017-12-09 17:26:13	SELECT `privileges` FROM `role` WHERE `id`=1	[]	::1	{"c":"System","m":"menu"}
[SELECT]	2017-12-09 17:26:13	SELECT * FROM `menu` WHERE `id` in (1,2,10,3,6,7,8,9) ORDER BY `sort`	[]	::1	{"c":"System","m":"menu"}
[SELECT]	2017-12-09 17:26:13	SELECT * FROM `menu` ORDER BY `sort`	[]	::1	{"c":"System","m":"role","a":"get_all_menu"}
[SELECT]	2017-12-09 17:26:13	SELECT count(*) as sum FROM role	null	::1	{"c":"System","m":"role","page":"1","num":"10","orderby":{"id":"asc"}}
[SELECT]	2017-12-09 17:26:13	SELECT * FROM role ORDER BY id asc LIMIT 0,10	null	::1	{"c":"System","m":"role","page":"1","num":"10","orderby":{"id":"asc"}}
[SELECT]	2017-12-09 17:26:13	SELECT id,roleName FROM role	null	::1	{"c":"Common","m":"getRolesInfo"}
