[SELECT]	2018-03-28 13:41:51	SELECT * FROM user WHERE `userName`=?	["whx"]	::1	{"c":"System","m":"login","loginname":"whx","pwd":"Whx920927"}
[SELECT]	2018-03-28 13:41:51	SELECT * FROM role WHERE `id`=?	["1"]	::1	{"c":"System","m":"login","loginname":"whx","pwd":"Whx920927"}
[SELECT]	2018-03-28 13:41:51	SELECT `func` FROM `menu` WHERE `id` in (1,2,10,3,12,14,13,15,6,7,8,9,11) ORDER BY `sort`	[]	::1	{"c":"System","m":"login","loginname":"whx","pwd":"Whx920927"}
[INSERT]	2018-03-28 13:41:51	INSERT INTO loginList (`userId`,`LoginIp`,`loginTime`) values (:userId, :LoginIp, :loginTime);	{"userId":"2","LoginIp":"::1","loginTime":1522215711}	::1	{"c":"System","m":"login","loginname":"whx","pwd":"Whx920927"}
[UPDATE]	2018-03-28 13:41:51	UPDATE user SET `lastLoginTime`=:lastLoginTime WHERE `id`='2';	{"lastLoginTime":1522215711}	::1	{"c":"System","m":"login","loginname":"whx","pwd":"Whx920927"}
[SELECT]	2018-03-28 13:41:52	SELECT * FROM role WHERE `id`=?	["1"]	::1	{"c":"System","m":"menu"}
[SELECT]	2018-03-28 13:41:52	SELECT * FROM `menu` WHERE `id` in (1,2,10,3,12,14,13,15,6,7,8,9,11) ORDER BY `sort`	[]	::1	{"c":"System","m":"menu"}
[SELECT]	2018-03-28 14:08:28	SELECT id,roleName FROM role	null	::1	{"c":"Common","m":"getRolesInfo"}
[SELECT]	2018-03-28 14:08:28	SELECT id,userName FROM user	null	::1	{"c":"Common","m":"getUsersInfo"}
[SELECT]	2018-03-28 14:08:29	SELECT count(*) as sum FROM user	null	::1	{"c":"System","m":"user","page":"1","num":"10","loginTime":"2018-02-27 - 2018-03-28","orderby":{"id":"asc"}}
[SELECT]	2018-03-28 14:08:29	SELECT id,userName,lastLoginTime,roleId FROM user ORDER BY id asc LIMIT 0,10	null	::1	{"c":"System","m":"user","page":"1","num":"10","loginTime":"2018-02-27 - 2018-03-28","orderby":{"id":"asc"}}
[SELECT]	2018-03-28 14:08:31	SELECT count(*) as sum FROM loginList WHERE `loginTime` between ? AND ?	[1519660800,1522252799]	::1	{"c":"System","m":"loginList","page":"1","num":"10","loginTime":"2018-02-27 - 2018-03-28","orderby":{"loginTime":"desc"}}
[SELECT]	2018-03-28 14:08:31	SELECT * FROM loginList WHERE `loginTime` between ? AND ? ORDER BY loginTime desc LIMIT 0,10	[1519660800,1522252799]	::1	{"c":"System","m":"loginList","page":"1","num":"10","loginTime":"2018-02-27 - 2018-03-28","orderby":{"loginTime":"desc"}}
[SELECT]	2018-03-28 14:08:38	SELECT count(*) as sum FROM loginList WHERE `loginTime` between ? AND ?	[1517414400,1519833599]	::1	{"c":"System","m":"loginList","num":"10","loginTime":"2018-02-01 - 2018-02-28","orderby":{"loginTime":"desc"}}
[SELECT]	2018-03-28 14:08:38	SELECT * FROM loginList WHERE `loginTime` between ? AND ? ORDER BY loginTime desc LIMIT 0,10	[1517414400,1519833599]	::1	{"c":"System","m":"loginList","num":"10","loginTime":"2018-02-01 - 2018-02-28","orderby":{"loginTime":"desc"}}
[SELECT]	2018-03-28 14:08:42	SELECT count(*) as sum FROM loginList WHERE `loginTime` between ? AND ?	[1519660800,1522252799]	::1	{"c":"System","m":"loginList","num":"10","loginTime":"2018-02-27 - 2018-03-28","orderby":{"loginTime":"desc"}}
[SELECT]	2018-03-28 14:08:42	SELECT * FROM loginList WHERE `loginTime` between ? AND ? ORDER BY loginTime desc LIMIT 0,10	[1519660800,1522252799]	::1	{"c":"System","m":"loginList","num":"10","loginTime":"2018-02-27 - 2018-03-28","orderby":{"loginTime":"desc"}}
[SELECT]	2018-03-28 14:09:05	SELECT count(*) as sum FROM loginList WHERE `loginTime` between ? AND ?	[1517414400,1522511999]	::1	{"c":"System","m":"loginList","num":"10","loginTime":"2018-02-01 - 2018-03-31","orderby":{"loginTime":"desc"}}
[SELECT]	2018-03-28 14:09:05	SELECT * FROM loginList WHERE `loginTime` between ? AND ? ORDER BY loginTime desc LIMIT 0,10	[1517414400,1522511999]	::1	{"c":"System","m":"loginList","num":"10","loginTime":"2018-02-01 - 2018-03-31","orderby":{"loginTime":"desc"}}
[SELECT]	2018-03-28 14:09:47	SELECT count(*) as sum FROM loginList WHERE `loginTime` between ? AND ?	[1514736000,1522339199]	::1	{"c":"System","m":"loginList","num":"10","loginTime":"2018-01-01 - 2018-03-29","orderby":{"loginTime":"desc"}}
[SELECT]	2018-03-28 14:09:47	SELECT * FROM loginList WHERE `loginTime` between ? AND ? ORDER BY loginTime desc LIMIT 0,10	[1514736000,1522339199]	::1	{"c":"System","m":"loginList","num":"10","loginTime":"2018-01-01 - 2018-03-29","orderby":{"loginTime":"desc"}}
[SELECT]	2018-03-28 14:09:52	SELECT count(*) as sum FROM loginList WHERE `loginTime` between ? AND ?	[1514736000,1522339199]	::1	{"c":"System","m":"loginList","page":"2","num":"10","loginTime":"2018-01-01 - 2018-03-29","orderby":{"loginTime":"desc"}}
[SELECT]	2018-03-28 14:09:52	SELECT * FROM loginList WHERE `loginTime` between ? AND ? ORDER BY loginTime desc LIMIT 10,10	[1514736000,1522339199]	::1	{"c":"System","m":"loginList","page":"2","num":"10","loginTime":"2018-01-01 - 2018-03-29","orderby":{"loginTime":"desc"}}
[SELECT]	2018-03-28 14:09:53	SELECT count(*) as sum FROM loginList WHERE `loginTime` between ? AND ?	[1514736000,1522339199]	::1	{"c":"System","m":"loginList","page":"1","num":"10","loginTime":"2018-01-01 - 2018-03-29","orderby":{"loginTime":"desc"}}
[SELECT]	2018-03-28 14:09:53	SELECT * FROM loginList WHERE `loginTime` between ? AND ? ORDER BY loginTime desc LIMIT 0,10	[1514736000,1522339199]	::1	{"c":"System","m":"loginList","page":"1","num":"10","loginTime":"2018-01-01 - 2018-03-29","orderby":{"loginTime":"desc"}}
[SELECT]	2018-03-28 14:10:02	SELECT count(*) as sum FROM user	null	::1	{"c":"MovieManage","m":"user","page":"1","num":"10","orderby":{"regtime":"desc"}}
[SELECT]	2018-03-28 14:10:02	SELECT userid,username,regtime,email FROM user ORDER BY regtime desc LIMIT 0,10	null	::1	{"c":"MovieManage","m":"user","page":"1","num":"10","orderby":{"regtime":"desc"}}
[SELECT]	2018-03-28 14:10:04	SELECT count(*) as sum FROM post	null	::1	{"c":"MovieManage","m":"post","page":"1","num":"10","orderby":{"postid":"desc"}}
[SELECT]	2018-03-28 14:10:04	SELECT postid,title,userid,username,posttime,reply,lastreply FROM post ORDER BY postid desc LIMIT 0,10	null	::1	{"c":"MovieManage","m":"post","page":"1","num":"10","orderby":{"postid":"desc"}}
[SELECT]	2018-03-28 14:10:08	SELECT * FROM post WHERE `postid`=?	["6"]	::1	{"c":"MovieManage","m":"post","a":"detail","postid":"6","title":" \u300a\u5947\u95e8\u9041\u7532\u300b\u7279\u6548\u70ab\u9177 \u5927\u9e4f\u201d\u767e\u53d8\u9752\u4e91\u201d\u83b7\u597d\u8bc4","userid":"1","username":"whx","posttime":"1513685931","reply":"0","lastreply":"0"}
[SELECT]	2018-03-28 20:27:54	SELECT count(*) as sum FROM repost WHERE `postid`=?	["6"]	::1	{"c":"MovieManage","m":"post","page":"1","num":"10","a":"reply","postid":"6","orderby":{"postid":"desc"}}
[SELECT]	2018-03-28 20:27:54	SELECT * FROM repost WHERE `postid`=? ORDER BY postid desc LIMIT 0,10	["6"]	::1	{"c":"MovieManage","m":"post","page":"1","num":"10","a":"reply","postid":"6","orderby":{"postid":"desc"}}
[SELECT]	2018-03-28 20:27:56	SELECT count(*) as sum FROM repost WHERE `postid`=?	["12"]	::1	{"c":"MovieManage","m":"post","page":"1","num":"10","a":"reply","postid":"12","orderby":{"postid":"desc"}}
[SELECT]	2018-03-28 20:27:56	SELECT * FROM repost WHERE `postid`=? ORDER BY postid desc LIMIT 0,10	["12"]	::1	{"c":"MovieManage","m":"post","page":"1","num":"10","a":"reply","postid":"12","orderby":{"postid":"desc"}}
[SELECT]	2018-03-28 20:28:11	SELECT count(*) as sum FROM repost	null	::1	{"c":"MovieManage","m":"repost","page":"1","num":"10","orderby":{"reposttime":"desc"}}
[SELECT]	2018-03-28 20:28:11	SELECT * FROM repost ORDER BY reposttime desc LIMIT 0,10	null	::1	{"c":"MovieManage","m":"repost","page":"1","num":"10","orderby":{"reposttime":"desc"}}
[SELECT]	2018-03-28 20:30:48	SELECT * FROM role WHERE `id`=?	["1"]	::1	{"c":"System","m":"menu"}
[SELECT]	2018-03-28 20:30:48	SELECT * FROM `menu` WHERE `id` in (1,2,10,3,12,14,13,15,6,7,8,9,11) ORDER BY `sort`	[]	::1	{"c":"System","m":"menu"}
[SELECT]	2018-03-28 20:30:48	SELECT count(*) as sum FROM repost	null	::1	{"c":"MovieManage","m":"repost","page":"1","num":"10","orderby":{"reposttime":"desc"}}
[SELECT]	2018-03-28 20:30:48	SELECT * FROM repost ORDER BY reposttime desc LIMIT 0,10	null	::1	{"c":"MovieManage","m":"repost","page":"1","num":"10","orderby":{"reposttime":"desc"}}
[SELECT]	2018-03-28 20:30:49	SELECT count(*) as sum FROM repost	null	::1	{"c":"MovieManage","m":"repost","page":"2","num":"10","orderby":{"reposttime":"desc"}}
[SELECT]	2018-03-28 20:30:49	SELECT * FROM repost ORDER BY reposttime desc LIMIT 10,10	null	::1	{"c":"MovieManage","m":"repost","page":"2","num":"10","orderby":{"reposttime":"desc"}}
[SELECT]	2018-03-28 20:30:51	SELECT count(*) as sum FROM user	null	::1	{"c":"MovieManage","m":"user","page":"1","num":"10","orderby":{"regtime":"desc"}}
[SELECT]	2018-03-28 20:30:51	SELECT userid,username,regtime,email FROM user ORDER BY regtime desc LIMIT 0,10	null	::1	{"c":"MovieManage","m":"user","page":"1","num":"10","orderby":{"regtime":"desc"}}
[SELECT]	2018-03-28 20:30:52	SELECT count(*) as sum FROM post	null	::1	{"c":"MovieManage","m":"post","page":"1","num":"10","orderby":{"postid":"desc"}}
[SELECT]	2018-03-28 20:30:52	SELECT postid,title,userid,username,posttime,reply,lastreply FROM post ORDER BY postid desc LIMIT 0,10	null	::1	{"c":"MovieManage","m":"post","page":"1","num":"10","orderby":{"postid":"desc"}}
[SELECT]	2018-03-28 20:30:54	SELECT count(*) as sum FROM repost WHERE `postid`=?	["12"]	::1	{"c":"MovieManage","m":"post","page":"1","num":"10","a":"reply","postid":"12","orderby":{"postid":"desc"}}
[SELECT]	2018-03-28 20:30:54	SELECT * FROM repost WHERE `postid`=? ORDER BY postid desc LIMIT 0,10	["12"]	::1	{"c":"MovieManage","m":"post","page":"1","num":"10","a":"reply","postid":"12","orderby":{"postid":"desc"}}
[SELECT]	2018-03-28 20:31:06	SELECT count(*) as sum FROM repost WHERE `postid`=?	["10"]	::1	{"c":"MovieManage","m":"post","page":"1","num":"10","a":"reply","postid":"10","orderby":{"postid":"desc"}}
[SELECT]	2018-03-28 20:31:06	SELECT * FROM repost WHERE `postid`=? ORDER BY postid desc LIMIT 0,10	["10"]	::1	{"c":"MovieManage","m":"post","page":"1","num":"10","a":"reply","postid":"10","orderby":{"postid":"desc"}}
[SELECT]	2018-03-28 20:31:08	SELECT count(*) as sum FROM repost WHERE `postid`=?	["12"]	::1	{"c":"MovieManage","m":"post","page":"1","num":"10","a":"reply","postid":"12","orderby":{"postid":"desc"}}
[SELECT]	2018-03-28 20:31:08	SELECT * FROM repost WHERE `postid`=? ORDER BY postid desc LIMIT 0,10	["12"]	::1	{"c":"MovieManage","m":"post","page":"1","num":"10","a":"reply","postid":"12","orderby":{"postid":"desc"}}
[SELECT]	2018-03-28 20:31:26	SELECT count(*) as sum FROM repost WHERE `postid`=?	["9"]	::1	{"c":"MovieManage","m":"post","page":"1","num":"10","a":"reply","postid":"9","orderby":{"postid":"desc"}}
[SELECT]	2018-03-28 20:31:26	SELECT * FROM repost WHERE `postid`=? ORDER BY postid desc LIMIT 0,10	["9"]	::1	{"c":"MovieManage","m":"post","page":"1","num":"10","a":"reply","postid":"9","orderby":{"postid":"desc"}}
[SELECT]	2018-03-28 20:31:35	SELECT count(*) as sum FROM repost WHERE `postid`=?	["6"]	::1	{"c":"MovieManage","m":"post","page":"1","num":"10","a":"reply","postid":"6","orderby":{"postid":"desc"}}
[SELECT]	2018-03-28 20:31:35	SELECT * FROM repost WHERE `postid`=? ORDER BY postid desc LIMIT 0,10	["6"]	::1	{"c":"MovieManage","m":"post","page":"1","num":"10","a":"reply","postid":"6","orderby":{"postid":"desc"}}
[SELECT]	2018-03-28 20:31:37	SELECT count(*) as sum FROM repost WHERE `postid`=?	["9"]	::1	{"c":"MovieManage","m":"post","page":"1","num":"10","a":"reply","postid":"9","orderby":{"postid":"desc"}}
[SELECT]	2018-03-28 20:31:37	SELECT * FROM repost WHERE `postid`=? ORDER BY postid desc LIMIT 0,10	["9"]	::1	{"c":"MovieManage","m":"post","page":"1","num":"10","a":"reply","postid":"9","orderby":{"postid":"desc"}}
[SELECT]	2018-03-28 20:31:45	SELECT count(*) as sum FROM repost WHERE `postid`=?	["12"]	::1	{"c":"MovieManage","m":"post","page":"1","num":"10","a":"reply","postid":"12","orderby":{"postid":"desc"}}
[SELECT]	2018-03-28 20:31:45	SELECT * FROM repost WHERE `postid`=? ORDER BY postid desc LIMIT 0,10	["12"]	::1	{"c":"MovieManage","m":"post","page":"1","num":"10","a":"reply","postid":"12","orderby":{"postid":"desc"}}
