[SELECT]	2017-11-27 19:45:40	SELECT * FROM user WHERE `userName`=?	["admin"]	::1	{"c":"User","m":"login","loginname":"admin","pwd":"yr@123abc"}
[INSERT]	2017-11-27 19:45:40	INSERT INTO loginList (`userId`,`LoginIp`,`loginTime`) values (:userId, :LoginIp, :loginTime);	{"userId":"1","LoginIp":"::1","loginTime":1511783140}	::1	{"c":"User","m":"login","loginname":"admin","pwd":"yr@123abc"}
[SELECT]	2017-11-27 19:45:40	SELECT `privileges` FROM `role` WHERE `id`=1	[]	::1	{"c":"User","m":"menu"}
[SELECT]	2017-11-27 19:45:40	SELECT * FROM `menu` WHERE `id` in (1,2,3,4,5,6,7) ORDER BY `sort`	[]	::1	{"c":"User","m":"menu"}
[SELECT]	2017-11-27 19:45:43	SELECT id,userName FROM user	null	::1	{"c":"User","m":"allUserInfo"}
[SELECT]	2017-11-27 19:45:43	SELECT count(*) as sum FROM loginList	null	::1	{"c":"Login","m":"allLogin","page":"1","num":"10","orderby":{"loginTime":"desc"}}
[SELECT]	2017-11-27 19:45:43	SELECT * FROM loginList ORDER BY loginTime desc LIMIT 0,10	null	::1	{"c":"Login","m":"allLogin","page":"1","num":"10","orderby":{"loginTime":"desc"}}
[SELECT]	2017-11-27 19:45:43	SELECT id,userName FROM user	null	::1	{"c":"User","m":"allUserInfo"}
[SELECT]	2017-11-27 19:45:48	SELECT count(*) as sum FROM loginList	null	::1	{"c":"Login","m":"allLogin","page":"2","num":"10","orderby":{"loginTime":"desc"}}
[SELECT]	2017-11-27 19:45:48	SELECT * FROM loginList ORDER BY loginTime desc LIMIT 10,10	null	::1	{"c":"Login","m":"allLogin","page":"2","num":"10","orderby":{"loginTime":"desc"}}
[SELECT]	2017-11-27 19:45:53	SELECT count(*) as sum FROM loginList	null	::1	{"c":"Login","m":"allLogin","page":"1","num":"10","orderby":{"loginTime":"desc"}}
[SELECT]	2017-11-27 19:45:53	SELECT * FROM loginList ORDER BY loginTime desc LIMIT 0,10	null	::1	{"c":"Login","m":"allLogin","page":"1","num":"10","orderby":{"loginTime":"desc"}}
[SELECT]	2017-11-27 19:45:58	SELECT count(*) as sum FROM loginList	null	::1	{"c":"Login","m":"allLogin","num":"25","orderby":{"loginTime":"desc"}}
[SELECT]	2017-11-27 19:45:58	SELECT * FROM loginList ORDER BY loginTime desc LIMIT 0,25	null	::1	{"c":"Login","m":"allLogin","num":"25","orderby":{"loginTime":"desc"}}
[SELECT]	2017-11-27 19:46:02	SELECT `privileges` FROM `role` WHERE `id`=1	[]	::1	{"c":"User","m":"menu"}
[SELECT]	2017-11-27 19:46:02	SELECT * FROM `menu` WHERE `id` in (1,2,3,4,5,6,7) ORDER BY `sort`	[]	::1	{"c":"User","m":"menu"}
[SELECT]	2017-11-27 19:46:02	SELECT id,userName FROM user	null	::1	{"c":"User","m":"allUserInfo"}
[SELECT]	2017-11-27 19:46:02	SELECT count(*) as sum FROM loginList	null	::1	{"c":"Login","m":"allLogin","page":"1","num":"25","orderby":{"loginTime":"desc"}}
[SELECT]	2017-11-27 19:46:02	SELECT * FROM loginList ORDER BY loginTime desc LIMIT 0,25	null	::1	{"c":"Login","m":"allLogin","page":"1","num":"25","orderby":{"loginTime":"desc"}}
[SELECT]	2017-11-27 19:46:02	SELECT id,userName FROM user	null	::1	{"c":"User","m":"allUserInfo"}
[SELECT]	2017-11-27 19:51:57	SELECT `privileges` FROM `role` WHERE `id`=1	[]	::1	{"c":"User","m":"menu"}
[SELECT]	2017-11-27 19:51:57	SELECT * FROM `menu` WHERE `id` in (1,2,3,4,5,6,7) ORDER BY `sort`	[]	::1	{"c":"User","m":"menu"}
[SELECT]	2017-11-27 19:51:57	SELECT id,userName FROM user	null	::1	{"c":"User","m":"allUserInfo"}
[SELECT]	2017-11-27 19:51:57	SELECT count(*) as sum FROM loginList	null	::1	{"c":"Login","m":"allLogin","page":"1","num":"25","orderby":{"loginTime":"desc"}}
[SELECT]	2017-11-27 19:51:57	SELECT * FROM loginList ORDER BY loginTime desc LIMIT 0,25	null	::1	{"c":"Login","m":"allLogin","page":"1","num":"25","orderby":{"loginTime":"desc"}}
[SELECT]	2017-11-27 19:51:57	SELECT id,userName FROM user	null	::1	{"c":"User","m":"allUserInfo"}
[SELECT]	2017-11-27 19:56:23	SELECT count(*) as sum FROM loginList	null	::1	{"c":"Login","m":"allLogin","page":"1","num":"25","orderby":{"loginTime":"desc"}}
[SELECT]	2017-11-27 19:56:23	SELECT * FROM loginList ORDER BY loginTime desc LIMIT 0,25	null	::1	{"c":"Login","m":"allLogin","page":"1","num":"25","orderby":{"loginTime":"desc"}}
[SELECT]	2017-11-27 20:03:04	SELECT `privileges` FROM `role` WHERE `id`=1	[]	::1	{"c":"User","m":"menu"}
[SELECT]	2017-11-27 20:03:04	SELECT * FROM `menu` WHERE `id` in (1,2,3,4,5,6,7) ORDER BY `sort`	[]	::1	{"c":"User","m":"menu"}
[SELECT]	2017-11-27 20:03:17	SELECT `privileges` FROM `role` WHERE `id`=1	[]	::1	{"c":"User","m":"menu"}
[SELECT]	2017-11-27 20:03:17	SELECT * FROM `menu` WHERE `id` in (1,2,3,4,5,6,7) ORDER BY `sort`	[]	::1	{"c":"User","m":"menu"}
[SELECT]	2017-11-27 20:04:24	SELECT `privileges` FROM `role` WHERE `id`=1	[]	::1	{"c":"User","m":"menu"}
[SELECT]	2017-11-27 20:04:24	SELECT * FROM `menu` WHERE `id` in (1,2,3,4,5,6,7) ORDER BY `sort`	[]	::1	{"c":"User","m":"menu"}
[SELECT]	2017-11-27 20:04:36	SELECT id,userName FROM user	null	::1	{"c":"User","m":"allUserInfo"}
[SELECT]	2017-11-27 20:04:36	SELECT count(*) as sum FROM loginList	null	::1	{"c":"Login","m":"allLogin","page":"1","num":"25","orderby":{"loginTime":"desc"}}
[SELECT]	2017-11-27 20:04:36	SELECT * FROM loginList ORDER BY loginTime desc LIMIT 0,25	null	::1	{"c":"Login","m":"allLogin","page":"1","num":"25","orderby":{"loginTime":"desc"}}
[SELECT]	2017-11-27 20:04:36	SELECT id,userName FROM user	null	::1	{"c":"User","m":"allUserInfo"}
[SELECT]	2017-11-27 20:10:05	SELECT `privileges` FROM `role` WHERE `id`=1	[]	::1	{"c":"User","m":"menu"}
[SELECT]	2017-11-27 20:10:05	SELECT * FROM `menu` WHERE `id` in (1,2,3,4,5,6,7) ORDER BY `sort`	[]	::1	{"c":"User","m":"menu"}
[SELECT]	2017-11-27 20:10:05	SELECT id,userName FROM user	null	::1	{"c":"User","m":"allUserInfo"}
[SELECT]	2017-11-27 20:10:05	SELECT count(*) as sum FROM loginList	null	::1	{"c":"Login","m":"allLogin","page":"1","num":"25","orderby":{"loginTime":"desc"}}
[SELECT]	2017-11-27 20:10:05	SELECT * FROM loginList ORDER BY loginTime desc LIMIT 0,25	null	::1	{"c":"Login","m":"allLogin","page":"1","num":"25","orderby":{"loginTime":"desc"}}
[SELECT]	2017-11-27 20:10:05	SELECT id,userName FROM user	null	::1	{"c":"User","m":"allUserInfo"}
[SELECT]	2017-11-27 20:10:25	SELECT `privileges` FROM `role` WHERE `id`=1	[]	::1	{"c":"User","m":"menu"}
[SELECT]	2017-11-27 20:10:25	SELECT * FROM `menu` WHERE `id` in (1,2,3,4,5,6,7) ORDER BY `sort`	[]	::1	{"c":"User","m":"menu"}
[SELECT]	2017-11-27 20:10:25	SELECT id,userName FROM user	null	::1	{"c":"User","m":"allUserInfo"}
[SELECT]	2017-11-27 20:10:25	SELECT count(*) as sum FROM loginList	null	::1	{"c":"Login","m":"allLogin","page":"1","num":"25","orderby":{"loginTime":"desc"}}
[SELECT]	2017-11-27 20:10:25	SELECT * FROM loginList ORDER BY loginTime desc LIMIT 0,25	null	::1	{"c":"Login","m":"allLogin","page":"1","num":"25","orderby":{"loginTime":"desc"}}
[SELECT]	2017-11-27 20:10:25	SELECT id,userName FROM user	null	::1	{"c":"User","m":"allUserInfo"}
[SELECT]	2017-11-27 20:18:56	SELECT `privileges` FROM `role` WHERE `id`=1	[]	::1	{"c":"User","m":"menu"}
[SELECT]	2017-11-27 20:18:56	SELECT * FROM `menu` WHERE `id` in (1,2,3,4,5,6,7) ORDER BY `sort`	[]	::1	{"c":"User","m":"menu"}
[SELECT]	2017-11-27 20:19:00	SELECT id,userName FROM user	null	::1	{"c":"User","m":"allUserInfo"}
[SELECT]	2017-11-27 20:19:00	SELECT count(*) as sum FROM loginList	null	::1	{"c":"Login","m":"allLogin","page":"1","num":"25","orderby":{"loginTime":"desc"}}
[SELECT]	2017-11-27 20:19:00	SELECT * FROM loginList ORDER BY loginTime desc LIMIT 0,25	null	::1	{"c":"Login","m":"allLogin","page":"1","num":"25","orderby":{"loginTime":"desc"}}
[SELECT]	2017-11-27 20:19:00	SELECT id,userName FROM user	null	::1	{"c":"User","m":"allUserInfo"}
[SELECT]	2017-11-27 20:23:47	SELECT `privileges` FROM `role` WHERE `id`=1	[]	::1	{"c":"User","m":"menu"}
[SELECT]	2017-11-27 20:23:47	SELECT * FROM `menu` WHERE `id` in (1,2,3,4,5,6,7) ORDER BY `sort`	[]	::1	{"c":"User","m":"menu"}
[SELECT]	2017-11-27 20:23:47	SELECT id,userName FROM user	null	::1	{"c":"User","m":"allUserInfo"}
[SELECT]	2017-11-27 20:23:47	SELECT count(*) as sum FROM loginList	null	::1	{"c":"Login","m":"allLogin","page":"1","num":"25","orderby":{"loginTime":"desc"}}
[SELECT]	2017-11-27 20:23:47	SELECT * FROM loginList ORDER BY loginTime desc LIMIT 0,25	null	::1	{"c":"Login","m":"allLogin","page":"1","num":"25","orderby":{"loginTime":"desc"}}
[SELECT]	2017-11-27 20:23:48	SELECT id,userName FROM user	null	::1	{"c":"User","m":"allUserInfo"}
[SELECT]	2017-11-27 20:24:07	SELECT `privileges` FROM `role` WHERE `id`=1	[]	::1	{"c":"User","m":"menu"}
[SELECT]	2017-11-27 20:24:07	SELECT * FROM `menu` WHERE `id` in (1,2,3,4,5,6,7) ORDER BY `sort`	[]	::1	{"c":"User","m":"menu"}
[SELECT]	2017-11-27 20:24:07	SELECT id,userName FROM user	null	::1	{"c":"User","m":"allUserInfo"}
[SELECT]	2017-11-27 20:24:07	SELECT count(*) as sum FROM loginList	null	::1	{"c":"Login","m":"allLogin","page":"1","num":"25","orderby":{"loginTime":"desc"}}
[SELECT]	2017-11-27 20:24:07	SELECT * FROM loginList ORDER BY loginTime desc LIMIT 0,25	null	::1	{"c":"Login","m":"allLogin","page":"1","num":"25","orderby":{"loginTime":"desc"}}
[SELECT]	2017-11-27 20:24:07	SELECT id,userName FROM user	null	::1	{"c":"User","m":"allUserInfo"}
[SELECT]	2017-11-27 20:24:16	SELECT count(*) as sum FROM loginList	null	::1	{"c":"Login","m":"allLogin","page":"1","num":"25","orderby":{"loginTime":"desc"}}
[SELECT]	2017-11-27 20:24:16	SELECT * FROM loginList ORDER BY loginTime desc LIMIT 0,25	null	::1	{"c":"Login","m":"allLogin","page":"1","num":"25","orderby":{"loginTime":"desc"}}
[SELECT]	2017-11-27 20:24:43	SELECT `privileges` FROM `role` WHERE `id`=1	[]	::1	{"c":"User","m":"menu"}
[SELECT]	2017-11-27 20:24:43	SELECT * FROM `menu` WHERE `id` in (1,2,3,4,5,6,7) ORDER BY `sort`	[]	::1	{"c":"User","m":"menu"}
[SELECT]	2017-11-27 20:24:43	SELECT id,userName FROM user	null	::1	{"c":"User","m":"allUserInfo"}
[SELECT]	2017-11-27 20:24:43	SELECT count(*) as sum FROM loginList	null	::1	{"c":"Login","m":"allLogin","page":"1","num":"25","orderby":{"loginTime":"desc"}}
[SELECT]	2017-11-27 20:24:43	SELECT * FROM loginList ORDER BY loginTime desc LIMIT 0,25	null	::1	{"c":"Login","m":"allLogin","page":"1","num":"25","orderby":{"loginTime":"desc"}}
[SELECT]	2017-11-27 20:24:43	SELECT id,userName FROM user	null	::1	{"c":"User","m":"allUserInfo"}
