[SELECT]	2017-12-05 09:35:20	SELECT `privileges` FROM `role` WHERE `id`=1	[]	::1	{"c":"System","m":"menu"}
[SELECT]	2017-12-05 09:35:20	SELECT * FROM `menu` WHERE `id` in (1,2,3,4,5,6,7) ORDER BY `sort`	[]	::1	{"c":"System","m":"menu"}
[SELECT]	2017-12-05 09:35:20	SELECT id,userName FROM user	null	::1	{"c":"Common","m":"getUsersInfo"}
[SELECT]	2017-12-05 09:35:20	SELECT count(*) as sum FROM loginList WHERE `loginTime` between ? AND ?	[1509897600,1512489599]	::1	{"c":"System","m":"loginList","page":"1","num":"25","loginTime":"2017-11-06 - 2017-12-05","orderby":{"loginTime":"desc"}}
[SELECT]	2017-12-05 09:35:20	SELECT * FROM loginList WHERE `loginTime` between ? AND ? ORDER BY loginTime desc LIMIT 0,25	[1509897600,1512489599]	::1	{"c":"System","m":"loginList","page":"1","num":"25","loginTime":"2017-11-06 - 2017-12-05","orderby":{"loginTime":"desc"}}
[SELECT]	2017-12-05 09:35:20	SELECT id,userName FROM user	null	::1	{"c":"Common","m":"getUsersInfo"}
[SELECT]	2017-12-05 09:35:55	SELECT `privileges` FROM `role` WHERE `id`=1	[]	::1	{"c":"System","m":"menu"}
[SELECT]	2017-12-05 09:35:55	SELECT * FROM `menu` WHERE `id` in (1,2,3,4,5,6,7) ORDER BY `sort`	[]	::1	{"c":"System","m":"menu"}
[SELECT]	2017-12-05 09:35:55	SELECT id,userName FROM user	null	::1	{"c":"Common","m":"getUsersInfo"}
[SELECT]	2017-12-05 09:35:55	SELECT count(*) as sum FROM loginList WHERE `loginTime` between ? AND ?	[1509897600,1512489599]	::1	{"c":"System","m":"loginList","page":"1","num":"25","loginTime":"2017-11-06 - 2017-12-05","orderby":{"loginTime":"desc"}}
[SELECT]	2017-12-05 09:35:55	SELECT * FROM loginList WHERE `loginTime` between ? AND ? ORDER BY loginTime desc LIMIT 0,25	[1509897600,1512489599]	::1	{"c":"System","m":"loginList","page":"1","num":"25","loginTime":"2017-11-06 - 2017-12-05","orderby":{"loginTime":"desc"}}
[SELECT]	2017-12-05 09:35:55	SELECT id,userName FROM user	null	::1	{"c":"Common","m":"getUsersInfo"}
[SELECT]	2017-12-05 09:38:35	SELECT `privileges` FROM `role` WHERE `id`=1	[]	::1	{"c":"System","m":"menu"}
[SELECT]	2017-12-05 09:38:35	SELECT * FROM `menu` WHERE `id` in (1,2,3,4,5,6,7) ORDER BY `sort`	[]	::1	{"c":"System","m":"menu"}
[SELECT]	2017-12-05 09:38:35	SELECT id,userName FROM user	null	::1	{"c":"Common","m":"getUsersInfo"}
[SELECT]	2017-12-05 09:38:35	SELECT count(*) as sum FROM loginList WHERE `loginTime` between ? AND ?	[1509897600,1512489599]	::1	{"c":"System","m":"loginList","page":"1","num":"25","loginTime":"2017-11-06 - 2017-12-05","orderby":{"loginTime":"desc"}}
[SELECT]	2017-12-05 09:38:35	SELECT * FROM loginList WHERE `loginTime` between ? AND ? ORDER BY loginTime desc LIMIT 0,25	[1509897600,1512489599]	::1	{"c":"System","m":"loginList","page":"1","num":"25","loginTime":"2017-11-06 - 2017-12-05","orderby":{"loginTime":"desc"}}
[SELECT]	2017-12-05 09:38:35	SELECT id,userName FROM user	null	::1	{"c":"Common","m":"getUsersInfo"}
[SELECT]	2017-12-05 09:47:14	SELECT `privileges` FROM `role` WHERE `id`=1	[]	::1	{"c":"System","m":"menu"}
[SELECT]	2017-12-05 09:47:14	SELECT * FROM `menu` WHERE `id` in (1,2,3,4,5,6,7) ORDER BY `sort`	[]	::1	{"c":"System","m":"menu"}
[SELECT]	2017-12-05 09:47:14	SELECT id,userName FROM user	null	::1	{"c":"Common","m":"getUsersInfo"}
[SELECT]	2017-12-05 09:47:14	SELECT count(*) as sum FROM loginList WHERE `loginTime` between ? AND ?	[1509897600,1512489599]	::1	{"c":"System","m":"loginList","page":"1","num":"25","loginTime":"2017-11-06 - 2017-12-05","orderby":{"loginTime":"desc"}}
[SELECT]	2017-12-05 09:47:14	SELECT * FROM loginList WHERE `loginTime` between ? AND ? ORDER BY loginTime desc LIMIT 0,25	[1509897600,1512489599]	::1	{"c":"System","m":"loginList","page":"1","num":"25","loginTime":"2017-11-06 - 2017-12-05","orderby":{"loginTime":"desc"}}
[SELECT]	2017-12-05 09:47:14	SELECT id,userName FROM user	null	::1	{"c":"Common","m":"getUsersInfo"}
[SELECT]	2017-12-05 09:48:06	SELECT `privileges` FROM `role` WHERE `id`=1	[]	::1	{"c":"System","m":"menu"}
[SELECT]	2017-12-05 09:48:06	SELECT * FROM `menu` WHERE `id` in (1,2,3,4,5,6,7) ORDER BY `sort`	[]	::1	{"c":"System","m":"menu"}
[SELECT]	2017-12-05 09:48:06	SELECT id,userName FROM user	null	::1	{"c":"Common","m":"getUsersInfo"}
[SELECT]	2017-12-05 09:48:06	SELECT count(*) as sum FROM loginList WHERE `loginTime` between ? AND ?	[1509897600,1512489599]	::1	{"c":"System","m":"loginList","page":"1","num":"25","loginTime":"2017-11-06 - 2017-12-05","orderby":{"loginTime":"desc"}}
[SELECT]	2017-12-05 09:48:06	SELECT * FROM loginList WHERE `loginTime` between ? AND ? ORDER BY loginTime desc LIMIT 0,25	[1509897600,1512489599]	::1	{"c":"System","m":"loginList","page":"1","num":"25","loginTime":"2017-11-06 - 2017-12-05","orderby":{"loginTime":"desc"}}
[SELECT]	2017-12-05 09:48:06	SELECT id,userName FROM user	null	::1	{"c":"Common","m":"getUsersInfo"}
[SELECT]	2017-12-05 09:52:01	SELECT `privileges` FROM `role` WHERE `id`=1	[]	::1	{"c":"System","m":"menu"}
[SELECT]	2017-12-05 09:52:01	SELECT * FROM `menu` WHERE `id` in (1,2,3,4,5,6,7) ORDER BY `sort`	[]	::1	{"c":"System","m":"menu"}
[SELECT]	2017-12-05 09:52:01	SELECT id,userName FROM user	null	::1	{"c":"Common","m":"getUsersInfo"}
[SELECT]	2017-12-05 09:52:01	SELECT count(*) as sum FROM loginList WHERE `loginTime` between ? AND ?	[1509897600,1512489599]	::1	{"c":"System","m":"loginList","page":"1","num":"25","loginTime":"2017-11-06 - 2017-12-05","orderby":{"loginTime":"desc"}}
[SELECT]	2017-12-05 09:52:01	SELECT * FROM loginList WHERE `loginTime` between ? AND ? ORDER BY loginTime desc LIMIT 0,25	[1509897600,1512489599]	::1	{"c":"System","m":"loginList","page":"1","num":"25","loginTime":"2017-11-06 - 2017-12-05","orderby":{"loginTime":"desc"}}
[SELECT]	2017-12-05 09:52:01	SELECT id,userName FROM user	null	::1	{"c":"Common","m":"getUsersInfo"}
[SELECT]	2017-12-05 09:52:23	SELECT `privileges` FROM `role` WHERE `id`=1	[]	::1	{"c":"System","m":"menu"}
[SELECT]	2017-12-05 09:52:23	SELECT * FROM `menu` WHERE `id` in (1,2,3,4,5,6,7) ORDER BY `sort`	[]	::1	{"c":"System","m":"menu"}
[SELECT]	2017-12-05 09:52:23	SELECT id,userName FROM user	null	::1	{"c":"Common","m":"getUsersInfo"}
[SELECT]	2017-12-05 09:52:23	SELECT count(*) as sum FROM loginList WHERE `loginTime` between ? AND ?	[1509897600,1512489599]	::1	{"c":"System","m":"loginList","page":"1","num":"25","loginTime":"2017-11-06 - 2017-12-05","orderby":{"loginTime":"desc"}}
[SELECT]	2017-12-05 09:52:23	SELECT * FROM loginList WHERE `loginTime` between ? AND ? ORDER BY loginTime desc LIMIT 0,25	[1509897600,1512489599]	::1	{"c":"System","m":"loginList","page":"1","num":"25","loginTime":"2017-11-06 - 2017-12-05","orderby":{"loginTime":"desc"}}
[SELECT]	2017-12-05 09:52:23	SELECT id,userName FROM user	null	::1	{"c":"Common","m":"getUsersInfo"}
[SELECT]	2017-12-05 20:17:33	SELECT `privileges` FROM `role` WHERE `id`=1	[]	::1	{"c":"System","m":"menu"}
[SELECT]	2017-12-05 20:17:33	SELECT * FROM `menu` WHERE `id` in (1,2,3,4,5,6,7) ORDER BY `sort`	[]	::1	{"c":"System","m":"menu"}
[SELECT]	2017-12-05 20:17:37	SELECT id,userName FROM user	null	::1	{"c":"Common","m":"getUsersInfo"}
[SELECT]	2017-12-05 20:17:37	SELECT count(*) as sum FROM loginList WHERE `loginTime` between ? AND ?	[1509897600,1512489599]	::1	{"c":"System","m":"loginList","page":"1","num":"25","loginTime":"2017-11-06 - 2017-12-05","orderby":{"loginTime":"desc"}}
[SELECT]	2017-12-05 20:17:37	SELECT * FROM loginList WHERE `loginTime` between ? AND ? ORDER BY loginTime desc LIMIT 0,25	[1509897600,1512489599]	::1	{"c":"System","m":"loginList","page":"1","num":"25","loginTime":"2017-11-06 - 2017-12-05","orderby":{"loginTime":"desc"}}
[SELECT]	2017-12-05 20:17:37	SELECT id,userName FROM user	null	::1	{"c":"Common","m":"getUsersInfo"}
[SELECT]	2017-12-05 20:17:38	SELECT count(*) as sum FROM user	null	::1	{"c":"System","m":"user","page":"1","num":"25","loginTime":"2017-11-06 - 2017-12-05","orderby":{"id":"asc"}}
[SELECT]	2017-12-05 20:17:38	SELECT id,userName,lastLoginTime,roleId FROM user ORDER BY id asc LIMIT 0,25	null	::1	{"c":"System","m":"user","page":"1","num":"25","loginTime":"2017-11-06 - 2017-12-05","orderby":{"id":"asc"}}
[DELETE]	2017-12-05 20:17:44	DELETE FROM user WHERE `id`=:id;	{"id":"8"}	::1	{"c":"System","m":"user","id":"8","userName":"tttt","lastLoginTime":"0","roleId":"33","$$hashKey":"uiGrid-0082","a":"del"}
[SELECT]	2017-12-05 20:17:46	SELECT count(*) as sum FROM user	null	::1	{"c":"System","m":"user","page":"1","num":"25","loginTime":"2017-11-06 - 2017-12-05","orderby":{"id":"asc"}}
[SELECT]	2017-12-05 20:17:46	SELECT id,userName,lastLoginTime,roleId FROM user ORDER BY id asc LIMIT 0,25	null	::1	{"c":"System","m":"user","page":"1","num":"25","loginTime":"2017-11-06 - 2017-12-05","orderby":{"id":"asc"}}
[DELETE]	2017-12-05 20:17:48	DELETE FROM user WHERE `id`=:id;	{"id":"7"}	::1	{"c":"System","m":"user","id":"7","userName":"admin11","lastLoginTime":"0","roleId":"321","$$hashKey":"uiGrid-00BG","a":"del"}
[SELECT]	2017-12-05 20:17:49	SELECT count(*) as sum FROM user	null	::1	{"c":"System","m":"user","page":"1","num":"25","loginTime":"2017-11-06 - 2017-12-05","orderby":{"id":"asc"}}
[SELECT]	2017-12-05 20:17:49	SELECT id,userName,lastLoginTime,roleId FROM user ORDER BY id asc LIMIT 0,25	null	::1	{"c":"System","m":"user","page":"1","num":"25","loginTime":"2017-11-06 - 2017-12-05","orderby":{"id":"asc"}}
[SELECT]	2017-12-05 20:17:54	SELECT count(*) as sum FROM loginList WHERE `loginTime` between ? AND ?	[1509897600,1512489599]	::1	{"c":"System","m":"loginList","page":"1","num":"25","loginTime":"2017-11-06 - 2017-12-05","orderby":{"loginTime":"desc"}}
[SELECT]	2017-12-05 20:17:54	SELECT * FROM loginList WHERE `loginTime` between ? AND ? ORDER BY loginTime desc LIMIT 0,25	[1509897600,1512489599]	::1	{"c":"System","m":"loginList","page":"1","num":"25","loginTime":"2017-11-06 - 2017-12-05","orderby":{"loginTime":"desc"}}
[SELECT]	2017-12-05 20:18:31	SELECT `privileges` FROM `role` WHERE `id`=1	[]	::1	{"c":"System","m":"menu"}
[SELECT]	2017-12-05 20:18:31	SELECT * FROM `menu` WHERE `id` in (1,2,3,4,5,6,7) ORDER BY `sort`	[]	::1	{"c":"System","m":"menu"}
[SELECT]	2017-12-05 20:18:31	SELECT id,userName FROM user	null	::1	{"c":"Common","m":"getUsersInfo"}
[SELECT]	2017-12-05 20:18:31	SELECT count(*) as sum FROM loginList WHERE `loginTime` between ? AND ?	[1509897600,1512489599]	::1	{"c":"System","m":"loginList","page":"1","num":"25","loginTime":"2017-11-06 - 2017-12-05","orderby":{"loginTime":"desc"}}
[SELECT]	2017-12-05 20:18:31	SELECT * FROM loginList WHERE `loginTime` between ? AND ? ORDER BY loginTime desc LIMIT 0,25	[1509897600,1512489599]	::1	{"c":"System","m":"loginList","page":"1","num":"25","loginTime":"2017-11-06 - 2017-12-05","orderby":{"loginTime":"desc"}}
[SELECT]	2017-12-05 20:18:31	SELECT id,userName FROM user	null	::1	{"c":"Common","m":"getUsersInfo"}
[SELECT]	2017-12-05 20:18:36	SELECT count(*) as sum FROM user	null	::1	{"c":"System","m":"user","page":"1","num":"25","loginTime":"2017-11-06 - 2017-12-05","orderby":{"id":"asc"}}
[SELECT]	2017-12-05 20:18:36	SELECT id,userName,lastLoginTime,roleId FROM user ORDER BY id asc LIMIT 0,25	null	::1	{"c":"System","m":"user","page":"1","num":"25","loginTime":"2017-11-06 - 2017-12-05","orderby":{"id":"asc"}}
[SELECT]	2017-12-05 20:19:00	SELECT `privileges` FROM `role` WHERE `id`=1	[]	::1	{"c":"System","m":"menu"}
[SELECT]	2017-12-05 20:19:00	SELECT * FROM `menu` WHERE `id` in (1,2,3,4,5,6,7) ORDER BY `sort`	[]	::1	{"c":"System","m":"menu"}
[SELECT]	2017-12-05 20:19:01	SELECT id,userName FROM user	null	::1	{"c":"Common","m":"getUsersInfo"}
[SELECT]	2017-12-05 20:19:01	SELECT count(*) as sum FROM user	null	::1	{"c":"System","m":"user","page":"1","num":"25","loginTime":"2017-11-06 - 2017-12-05","orderby":{"id":"asc"}}
[SELECT]	2017-12-05 20:19:01	SELECT id,userName,lastLoginTime,roleId FROM user ORDER BY id asc LIMIT 0,25	null	::1	{"c":"System","m":"user","page":"1","num":"25","loginTime":"2017-11-06 - 2017-12-05","orderby":{"id":"asc"}}
[DELETE]	2017-12-05 20:20:45	DELETE FROM user WHERE `id`=:id;	{"id":"5"}	::1	{"c":"System","m":"user","id":"5","userName":"whx12","lastLoginTime":"0","roleId":"2","$$hashKey":"uiGrid-000R","a":"del"}
[SELECT]	2017-12-05 20:20:47	SELECT count(*) as sum FROM user	null	::1	{"c":"System","m":"user","page":"1","num":"25","loginTime":"2017-11-06 - 2017-12-05","orderby":{"id":"asc"}}
[SELECT]	2017-12-05 20:20:47	SELECT id,userName,lastLoginTime,roleId FROM user ORDER BY id asc LIMIT 0,25	null	::1	{"c":"System","m":"user","page":"1","num":"25","loginTime":"2017-11-06 - 2017-12-05","orderby":{"id":"asc"}}
[DELETE]	2017-12-05 20:20:49	DELETE FROM user WHERE `id`=:id;	{"id":"4"}	::1	{"c":"System","m":"user","id":"4","userName":"whx1","lastLoginTime":"0","roleId":"1321","$$hashKey":"uiGrid-002P","a":"del"}
[SELECT]	2017-12-05 20:20:50	SELECT count(*) as sum FROM user	null	::1	{"c":"System","m":"user","page":"1","num":"25","loginTime":"2017-11-06 - 2017-12-05","orderby":{"id":"asc"}}
[SELECT]	2017-12-05 20:20:50	SELECT id,userName,lastLoginTime,roleId FROM user ORDER BY id asc LIMIT 0,25	null	::1	{"c":"System","m":"user","page":"1","num":"25","loginTime":"2017-11-06 - 2017-12-05","orderby":{"id":"asc"}}
[DELETE]	2017-12-05 20:20:52	DELETE FROM user WHERE `id`=:id;	{"id":"6"}	::1	{"c":"System","m":"user","id":"6","userName":"admin1","lastLoginTime":"0","roleId":"1","$$hashKey":"uiGrid-002Z","a":"del"}
[SELECT]	2017-12-05 20:20:53	SELECT count(*) as sum FROM user	null	::1	{"c":"System","m":"user","page":"1","num":"25","loginTime":"2017-11-06 - 2017-12-05","orderby":{"id":"asc"}}
[SELECT]	2017-12-05 20:20:53	SELECT id,userName,lastLoginTime,roleId FROM user ORDER BY id asc LIMIT 0,25	null	::1	{"c":"System","m":"user","page":"1","num":"25","loginTime":"2017-11-06 - 2017-12-05","orderby":{"id":"asc"}}
[INSERT]	2017-12-05 20:21:11	INSERT INTO user (`userName`,`pwd`,`roleId`) values (:userName, :pwd, :roleId);	{"userName":"whxe","pwd":"cc57e350f2a2bb83e2da4bbf623aa045","roleId":"2"}	::1	{"c":"System","m":"user","a":"add","userName":"whxe","pwd":"Whx920927","roleId":"2"}
[SELECT]	2017-12-05 20:21:13	SELECT count(*) as sum FROM user	null	::1	{"c":"System","m":"user","page":"1","num":"25","loginTime":"2017-11-06 - 2017-12-05","orderby":{"id":"asc"}}
[SELECT]	2017-12-05 20:21:13	SELECT id,userName,lastLoginTime,roleId FROM user ORDER BY id asc LIMIT 0,25	null	::1	{"c":"System","m":"user","page":"1","num":"25","loginTime":"2017-11-06 - 2017-12-05","orderby":{"id":"asc"}}
[SELECT]	2017-12-05 20:22:04	SELECT count(*) as sum FROM loginList WHERE `loginTime` between ? AND ?	[1509897600,1512489599]	::1	{"c":"System","m":"loginList","page":"1","num":"25","loginTime":"2017-11-06 - 2017-12-05","orderby":{"loginTime":"desc"}}
[SELECT]	2017-12-05 20:22:04	SELECT * FROM loginList WHERE `loginTime` between ? AND ? ORDER BY loginTime desc LIMIT 0,25	[1509897600,1512489599]	::1	{"c":"System","m":"loginList","page":"1","num":"25","loginTime":"2017-11-06 - 2017-12-05","orderby":{"loginTime":"desc"}}
[SELECT]	2017-12-05 20:22:05	SELECT count(*) as sum FROM user	null	::1	{"c":"System","m":"user","page":"1","num":"25","loginTime":"2017-11-06 - 2017-12-05","orderby":{"id":"asc"}}
[SELECT]	2017-12-05 20:22:05	SELECT id,userName,lastLoginTime,roleId FROM user ORDER BY id asc LIMIT 0,25	null	::1	{"c":"System","m":"user","page":"1","num":"25","loginTime":"2017-11-06 - 2017-12-05","orderby":{"id":"asc"}}
[SELECT]	2017-12-05 20:24:52	SELECT `privileges` FROM `role` WHERE `id`=1	[]	::1	{"c":"System","m":"menu"}
[SELECT]	2017-12-05 20:24:52	SELECT * FROM `menu` WHERE `id` in (1,2,3,4,5,6,7) ORDER BY `sort`	[]	::1	{"c":"System","m":"menu"}
[SELECT]	2017-12-05 20:25:17	SELECT `privileges` FROM `role` WHERE `id`=1	[]	::1	{"c":"System","m":"menu"}
[SELECT]	2017-12-05 20:25:17	SELECT * FROM `menu` WHERE `id` in (1,2,3,4,5,6,7) ORDER BY `sort`	[]	::1	{"c":"System","m":"menu"}
[SELECT]	2017-12-05 20:25:44	SELECT `privileges` FROM `role` WHERE `id`=1	[]	::1	{"c":"System","m":"menu"}
[SELECT]	2017-12-05 20:25:44	SELECT * FROM `menu` WHERE `id` in (1,2,3,4,5,6,7) ORDER BY `sort`	[]	::1	{"c":"System","m":"menu"}
[SELECT]	2017-12-05 20:26:35	SELECT `privileges` FROM `role` WHERE `id`=1	[]	::1	{"c":"System","m":"menu"}
[SELECT]	2017-12-05 20:26:35	SELECT * FROM `menu` WHERE `id` in (1,2,3,4,5,6,7) ORDER BY `sort`	[]	::1	{"c":"System","m":"menu"}
[SELECT]	2017-12-05 20:27:54	SELECT `privileges` FROM `role` WHERE `id`=1	[]	::1	{"c":"System","m":"menu"}
[SELECT]	2017-12-05 20:27:54	SELECT * FROM `menu` WHERE `id` in (1,2,3,4,5,6,7) ORDER BY `sort`	[]	::1	{"c":"System","m":"menu"}
[SELECT]	2017-12-05 20:28:10	SELECT `privileges` FROM `role` WHERE `id`=1	[]	::1	{"c":"System","m":"menu"}
[SELECT]	2017-12-05 20:28:10	SELECT * FROM `menu` WHERE `id` in (1,2,3,4,5,6,7) ORDER BY `sort`	[]	::1	{"c":"System","m":"menu"}
[SELECT]	2017-12-05 20:28:11	SELECT `privileges` FROM `role` WHERE `id`=1	[]	::1	{"c":"System","m":"menu"}
[SELECT]	2017-12-05 20:28:11	SELECT * FROM `menu` WHERE `id` in (1,2,3,4,5,6,7) ORDER BY `sort`	[]	::1	{"c":"System","m":"menu"}
[SELECT]	2017-12-05 20:28:11	SELECT `privileges` FROM `role` WHERE `id`=1	[]	::1	{"c":"System","m":"menu"}
[SELECT]	2017-12-05 20:28:11	SELECT * FROM `menu` WHERE `id` in (1,2,3,4,5,6,7) ORDER BY `sort`	[]	::1	{"c":"System","m":"menu"}
[SELECT]	2017-12-05 20:29:24	SELECT `privileges` FROM `role` WHERE `id`=1	[]	::1	{"c":"System","m":"menu"}
[SELECT]	2017-12-05 20:29:24	SELECT * FROM `menu` WHERE `id` in (1,2,3,4,5,6,7,8,9) ORDER BY `sort`	[]	::1	{"c":"System","m":"menu"}
[SELECT]	2017-12-05 20:29:27	SELECT `privileges` FROM `role` WHERE `id`=1	[]	::1	{"c":"System","m":"menu"}
[SELECT]	2017-12-05 20:29:27	SELECT * FROM `menu` WHERE `id` in (1,2,3,4,5,6,7,8,9) ORDER BY `sort`	[]	::1	{"c":"System","m":"menu"}
[SELECT]	2017-12-05 20:30:13	SELECT `privileges` FROM `role` WHERE `id`=1	[]	::1	{"c":"System","m":"menu"}
[SELECT]	2017-12-05 20:30:13	SELECT * FROM `menu` WHERE `id` in (1,2,3,4,5,6,7,8,9) ORDER BY `sort`	[]	::1	{"c":"System","m":"menu"}
[SELECT]	2017-12-05 20:31:01	SELECT `privileges` FROM `role` WHERE `id`=1	[]	::1	{"c":"System","m":"menu"}
[SELECT]	2017-12-05 20:31:01	SELECT * FROM `menu` WHERE `id` in (1,2,3,4,5,6,7,8,9) ORDER BY `sort`	[]	::1	{"c":"System","m":"menu"}
[SELECT]	2017-12-05 20:32:34	SELECT `privileges` FROM `role` WHERE `id`=1	[]	::1	{"c":"System","m":"menu"}
[SELECT]	2017-12-05 20:32:34	SELECT * FROM `menu` WHERE `id` in (1,2,3,4,5,6,7,8,9) ORDER BY `sort`	[]	::1	{"c":"System","m":"menu"}
[SELECT]	2017-12-05 20:33:33	SELECT `privileges` FROM `role` WHERE `id`=1	[]	::1	{"c":"System","m":"menu"}
[SELECT]	2017-12-05 20:33:33	SELECT * FROM `menu` WHERE `id` in (1,2,3,4,5,6,7,8,9) ORDER BY `sort`	[]	::1	{"c":"System","m":"menu"}
