[SELECT]	2018-01-11 14:04:23	SELECT * FROM user WHERE `userName`=?	["whx"]	::1	{"c":"System","m":"login","pwd":"Whx920927","loginname":"whx"}
[SELECT]	2018-01-11 14:04:23	SELECT * FROM role WHERE `id`=?	["1"]	::1	{"c":"System","m":"login","pwd":"Whx920927","loginname":"whx"}
[SELECT]	2018-01-11 14:04:23	SELECT `func` FROM `menu` WHERE `id` in (1,2,10,3,12,13,6,7,8,9,11) ORDER BY `sort`	[]	::1	{"c":"System","m":"login","pwd":"Whx920927","loginname":"whx"}
[INSERT]	2018-01-11 14:04:23	INSERT INTO loginList (`userId`,`LoginIp`,`loginTime`) values (:userId, :LoginIp, :loginTime);	{"userId":"2","LoginIp":"::1","loginTime":1515650663}	::1	{"c":"System","m":"login","pwd":"Whx920927","loginname":"whx"}
[UPDATE]	2018-01-11 14:04:23	UPDATE user SET `lastLoginTime`=:lastLoginTime WHERE `id`='2';	{"lastLoginTime":1515650663}	::1	{"c":"System","m":"login","pwd":"Whx920927","loginname":"whx"}
[SELECT]	2018-01-11 14:04:23	SELECT * FROM role WHERE `id`=?	["1"]	::1	{"c":"System","m":"menu"}
[SELECT]	2018-01-11 14:04:23	SELECT * FROM `menu` WHERE `id` in (1,2,10,3,12,13,6,7,8,9,11) ORDER BY `sort`	[]	::1	{"c":"System","m":"menu"}
[SELECT]	2018-01-11 14:04:25	SELECT id,userName FROM user	null	::1	{"c":"Common","m":"getUsersInfo"}
[SELECT]	2018-01-11 14:04:25	SELECT count(*) as sum FROM post	null	::1	{"c":"MovieManage","m":"post","page":"1","num":"10","loginTime":"2017-12-13 - 2018-01-11","orderby":{"postid":"asc"}}
[SELECT]	2018-01-11 14:04:25	SELECT postid,title,userid,username,posttime,reply,lastreply FROM post ORDER BY postid asc LIMIT 0,10	null	::1	{"c":"MovieManage","m":"post","page":"1","num":"10","loginTime":"2017-12-13 - 2018-01-11","orderby":{"postid":"asc"}}
[SELECT]	2018-01-11 14:04:27	SELECT count(*) as sum FROM post WHERE `postid`=?	["2"]	::1	{"c":"MovieManage","m":"post","a":"detail","postid":"2","title":" \u72c2\u70ed\u80cc\u540e\uff0c\u4f60\u9700\u8981\u77e5\u9053AI\u6280\u672f\u662f\u5982\u4f55\u53d1\u5c55\u8d77\u6765\u7684","userid":"1","username":"whx","posttime":"1513081335","reply":"0","lastreply":"0"}
[SELECT]	2018-01-11 14:04:27	SELECT * FROM post WHERE `postid`=? LIMIT 0,10	["2"]	::1	{"c":"MovieManage","m":"post","a":"detail","postid":"2","title":" \u72c2\u70ed\u80cc\u540e\uff0c\u4f60\u9700\u8981\u77e5\u9053AI\u6280\u672f\u662f\u5982\u4f55\u53d1\u5c55\u8d77\u6765\u7684","userid":"1","username":"whx","posttime":"1513081335","reply":"0","lastreply":"0"}
[SELECT]	2018-01-11 14:04:38	SELECT count(*) as sum FROM post WHERE `postid`=?	["1"]	::1	{"c":"MovieManage","m":"post","a":"detail","postid":"1","title":"\u5982\u4f55\u7528\u300a\u8bd7\u7ecf\u300b\u53d6\u4e2a\u503e\u56fd\u503e\u57ce\u7684\u597d\u540d\u5b57\uff1f","userid":"1","username":"whx","posttime":"1509418193","reply":"0","lastreply":"0"}
[SELECT]	2018-01-11 14:04:38	SELECT * FROM post WHERE `postid`=? LIMIT 0,10	["1"]	::1	{"c":"MovieManage","m":"post","a":"detail","postid":"1","title":"\u5982\u4f55\u7528\u300a\u8bd7\u7ecf\u300b\u53d6\u4e2a\u503e\u56fd\u503e\u57ce\u7684\u597d\u540d\u5b57\uff1f","userid":"1","username":"whx","posttime":"1509418193","reply":"0","lastreply":"0"}
[SELECT]	2018-01-11 14:06:44	SELECT * FROM role WHERE `id`=?	["1"]	::1	{"c":"System","m":"menu"}
[SELECT]	2018-01-11 14:06:44	SELECT * FROM `menu` WHERE `id` in (1,2,10,3,12,13,6,7,8,9,11) ORDER BY `sort`	[]	::1	{"c":"System","m":"menu"}
[SELECT]	2018-01-11 14:06:44	SELECT id,userName FROM user	null	::1	{"c":"Common","m":"getUsersInfo"}
[SELECT]	2018-01-11 14:06:44	SELECT count(*) as sum FROM post	null	::1	{"c":"MovieManage","m":"post","page":"1","num":"10","loginTime":"2017-12-13 - 2018-01-11","orderby":{"postid":"asc"}}
[SELECT]	2018-01-11 14:06:44	SELECT postid,title,userid,username,posttime,reply,lastreply FROM post ORDER BY postid asc LIMIT 0,10	null	::1	{"c":"MovieManage","m":"post","page":"1","num":"10","loginTime":"2017-12-13 - 2018-01-11","orderby":{"postid":"asc"}}
[SELECT]	2018-01-11 14:06:46	SELECT * FROM post WHERE `postid`=?	["1"]	::1	{"c":"MovieManage","m":"post","a":"detail","postid":"1","title":"\u5982\u4f55\u7528\u300a\u8bd7\u7ecf\u300b\u53d6\u4e2a\u503e\u56fd\u503e\u57ce\u7684\u597d\u540d\u5b57\uff1f","userid":"1","username":"whx","posttime":"1509418193","reply":"0","lastreply":"0"}
[SELECT]	2018-01-11 14:07:38	SELECT * FROM role WHERE `id`=?	["1"]	::1	{"c":"System","m":"menu"}
[SELECT]	2018-01-11 14:07:38	SELECT * FROM `menu` WHERE `id` in (1,2,10,3,12,13,6,7,8,9,11) ORDER BY `sort`	[]	::1	{"c":"System","m":"menu"}
[SELECT]	2018-01-11 14:07:38	SELECT id,userName FROM user	null	::1	{"c":"Common","m":"getUsersInfo"}
[SELECT]	2018-01-11 14:07:38	SELECT count(*) as sum FROM post	null	::1	{"c":"MovieManage","m":"post","page":"1","num":"10","loginTime":"2017-12-13 - 2018-01-11","orderby":{"postid":"asc"}}
[SELECT]	2018-01-11 14:07:38	SELECT postid,title,userid,username,posttime,reply,lastreply FROM post ORDER BY postid asc LIMIT 0,10	null	::1	{"c":"MovieManage","m":"post","page":"1","num":"10","loginTime":"2017-12-13 - 2018-01-11","orderby":{"postid":"asc"}}
[SELECT]	2018-01-11 14:07:39	SELECT * FROM post WHERE `postid`=?	["6"]	::1	{"c":"MovieManage","m":"post","a":"detail","postid":"6","title":" \u300a\u5947\u95e8\u9041\u7532\u300b\u7279\u6548\u70ab\u9177 \u5927\u9e4f\u201d\u767e\u53d8\u9752\u4e91\u201d\u83b7\u597d\u8bc4","userid":"1","username":"whx","posttime":"1513685931","reply":"0","lastreply":"0"}
[SELECT]	2018-01-11 14:07:48	SELECT * FROM post WHERE `postid`=?	["10"]	::1	{"c":"MovieManage","m":"post","a":"detail","postid":"10","title":"2017\u5e74iOS\u5f00\u53d1\u8005\u6536\u5165\u8fbe265\u4ebf\u7f8e\u5143 \u8d85\u8fc7\u9ea6\u5f53\u52b3\u5e74\u6536\u5165","userid":"2","username":"test1","posttime":"1515143790","reply":"0","lastreply":"0"}
[SELECT]	2018-01-11 14:08:41	SELECT * FROM role WHERE `id`=?	["1"]	::1	{"c":"System","m":"menu"}
[SELECT]	2018-01-11 14:08:41	SELECT * FROM `menu` WHERE `id` in (1,2,10,3,12,13,6,7,8,9,11) ORDER BY `sort`	[]	::1	{"c":"System","m":"menu"}
[SELECT]	2018-01-11 14:08:41	SELECT id,userName FROM user	null	::1	{"c":"Common","m":"getUsersInfo"}
[SELECT]	2018-01-11 14:08:41	SELECT count(*) as sum FROM post	null	::1	{"c":"MovieManage","m":"post","page":"1","num":"10","loginTime":"2017-12-13 - 2018-01-11","orderby":{"postid":"asc"}}
[SELECT]	2018-01-11 14:08:41	SELECT postid,title,userid,username,posttime,reply,lastreply FROM post ORDER BY postid asc LIMIT 0,10	null	::1	{"c":"MovieManage","m":"post","page":"1","num":"10","loginTime":"2017-12-13 - 2018-01-11","orderby":{"postid":"asc"}}
[SELECT]	2018-01-11 14:08:44	SELECT * FROM post WHERE `postid`=?	["1"]	::1	{"c":"MovieManage","m":"post","a":"detail","postid":"1","title":"\u5982\u4f55\u7528\u300a\u8bd7\u7ecf\u300b\u53d6\u4e2a\u503e\u56fd\u503e\u57ce\u7684\u597d\u540d\u5b57\uff1f","userid":"1","username":"whx","posttime":"1509418193","reply":"0","lastreply":"0"}
[SELECT]	2018-01-11 14:08:52	SELECT * FROM post WHERE `postid`=?	["11"]	::1	{"c":"MovieManage","m":"post","a":"detail","postid":"11","title":"\u83dc\u9e1f\u53d1\u5e03\u5305\u88f9\u201c\u6700\u201d\u6392\u884c\uff1a50\u540e\u7f51\u8d2d\u8d85\u8fc700\u540e\uff0c\u51a0\u519b\u662f\u5929\u79e4","userid":"2","username":"test1","posttime":"1515144213","reply":"0","lastreply":"0"}
[SELECT]	2018-01-11 14:09:13	SELECT * FROM post WHERE `postid`=?	["11"]	::1	{"c":"MovieManage","m":"post","a":"detail","postid":"11","title":"\u83dc\u9e1f\u53d1\u5e03\u5305\u88f9\u201c\u6700\u201d\u6392\u884c\uff1a50\u540e\u7f51\u8d2d\u8d85\u8fc700\u540e\uff0c\u51a0\u519b\u662f\u5929\u79e4","userid":"2","username":"test1","posttime":"1515144213","reply":"0","lastreply":"0"}
[SELECT]	2018-01-11 14:14:11	SELECT * FROM post WHERE `postid`=?	["9"]	::1	{"c":"MovieManage","m":"post","a":"detail","postid":"9","title":"NASA\u4e0e\u970d\u91d1\u7684\u9996\u6b21\u5408\u4f5c\uff0c\u6253\u9020\u80fd\u81ea\u6211\u4fee\u590d\u7684\u98de\u884c\u5668\uff0c\u6a2a\u884c\u6574\u4e2a\u5b87\u5b99","userid":"2","username":"test1","posttime":"1515143447","reply":"1","lastreply":"1515143486"}
[SELECT]	2018-01-11 14:14:45	SELECT * FROM post WHERE `postid`=?	["2"]	::1	{"c":"MovieManage","m":"post","a":"detail","postid":"2","title":" \u72c2\u70ed\u80cc\u540e\uff0c\u4f60\u9700\u8981\u77e5\u9053AI\u6280\u672f\u662f\u5982\u4f55\u53d1\u5c55\u8d77\u6765\u7684","userid":"1","username":"whx","posttime":"1513081335","reply":"0","lastreply":"0"}
[SELECT]	2018-01-11 14:16:04	SELECT * FROM post WHERE `postid`=?	["11"]	::1	{"c":"MovieManage","m":"post","a":"detail","postid":"11","title":"\u83dc\u9e1f\u53d1\u5e03\u5305\u88f9\u201c\u6700\u201d\u6392\u884c\uff1a50\u540e\u7f51\u8d2d\u8d85\u8fc700\u540e\uff0c\u51a0\u519b\u662f\u5929\u79e4","userid":"2","username":"test1","posttime":"1515144213","reply":"0","lastreply":"0"}
[SELECT]	2018-01-11 14:19:48	SELECT * FROM role WHERE `id`=?	["1"]	::1	{"c":"System","m":"menu"}
[SELECT]	2018-01-11 14:19:48	SELECT * FROM `menu` WHERE `id` in (1,2,10,3,12,13,6,7,8,9,11) ORDER BY `sort`	[]	::1	{"c":"System","m":"menu"}
[SELECT]	2018-01-11 14:19:48	SELECT id,userName FROM user	null	::1	{"c":"Common","m":"getUsersInfo"}
[SELECT]	2018-01-11 14:19:48	SELECT count(*) as sum FROM post	null	::1	{"c":"MovieManage","m":"post","page":"1","num":"10","loginTime":"2017-12-13 - 2018-01-11","orderby":{"postid":"asc"}}
[SELECT]	2018-01-11 14:19:48	SELECT postid,title,userid,username,posttime,reply,lastreply FROM post ORDER BY postid asc LIMIT 0,10	null	::1	{"c":"MovieManage","m":"post","page":"1","num":"10","loginTime":"2017-12-13 - 2018-01-11","orderby":{"postid":"asc"}}
[SELECT]	2018-01-11 14:19:53	SELECT * FROM post WHERE `postid`=?	["1"]	::1	{"c":"MovieManage","m":"post","a":"detail","postid":"1","title":"\u5982\u4f55\u7528\u300a\u8bd7\u7ecf\u300b\u53d6\u4e2a\u503e\u56fd\u503e\u57ce\u7684\u597d\u540d\u5b57\uff1f","userid":"1","username":"whx","posttime":"1509418193","reply":"0","lastreply":"0"}
[SELECT]	2018-01-11 14:20:19	SELECT * FROM post WHERE `postid`=?	["1"]	::1	{"c":"MovieManage","m":"post","a":"detail","postid":"1","title":"\u5982\u4f55\u7528\u300a\u8bd7\u7ecf\u300b\u53d6\u4e2a\u503e\u56fd\u503e\u57ce\u7684\u597d\u540d\u5b57\uff1f","userid":"1","username":"whx","posttime":"1509418193","reply":"0","lastreply":"0"}
[SELECT]	2018-01-11 14:23:12	SELECT * FROM role WHERE `id`=?	["1"]	::1	{"c":"System","m":"menu"}
[SELECT]	2018-01-11 14:23:12	SELECT * FROM `menu` WHERE `id` in (1,2,10,3,12,13,6,7,8,9,11) ORDER BY `sort`	[]	::1	{"c":"System","m":"menu"}
[SELECT]	2018-01-11 14:23:12	SELECT count(*) as sum FROM post	null	::1	{"c":"MovieManage","m":"post","page":"1","num":"10","loginTime":"2017-12-13 - 2018-01-11","orderby":{"postid":"asc"}}
[SELECT]	2018-01-11 14:23:12	SELECT postid,title,userid,username,posttime,reply,lastreply FROM post ORDER BY postid asc LIMIT 0,10	null	::1	{"c":"MovieManage","m":"post","page":"1","num":"10","loginTime":"2017-12-13 - 2018-01-11","orderby":{"postid":"asc"}}
[SELECT]	2018-01-11 14:23:12	SELECT id,userName FROM user	null	::1	{"c":"Common","m":"getUsersInfo"}
[SELECT]	2018-01-11 14:23:19	SELECT * FROM post WHERE `postid`=?	["1"]	::1	{"c":"MovieManage","m":"post","a":"detail","postid":"1","title":"\u5982\u4f55\u7528\u300a\u8bd7\u7ecf\u300b\u53d6\u4e2a\u503e\u56fd\u503e\u57ce\u7684\u597d\u540d\u5b57\uff1f","userid":"1","username":"whx","posttime":"1509418193","reply":"0","lastreply":"0"}
[SELECT]	2018-01-11 14:24:52	SELECT * FROM role WHERE `id`=?	["1"]	::1	{"c":"System","m":"menu"}
[SELECT]	2018-01-11 14:24:52	SELECT * FROM `menu` WHERE `id` in (1,2,10,3,12,13,6,7,8,9,11) ORDER BY `sort`	[]	::1	{"c":"System","m":"menu"}
[SELECT]	2018-01-11 14:24:52	SELECT count(*) as sum FROM post	null	::1	{"c":"MovieManage","m":"post","page":"1","num":"10","loginTime":"2017-12-13 - 2018-01-11","orderby":{"postid":"asc"}}
[SELECT]	2018-01-11 14:24:52	SELECT postid,title,userid,username,posttime,reply,lastreply FROM post ORDER BY postid asc LIMIT 0,10	null	::1	{"c":"MovieManage","m":"post","page":"1","num":"10","loginTime":"2017-12-13 - 2018-01-11","orderby":{"postid":"asc"}}
[SELECT]	2018-01-11 14:24:52	SELECT id,userName FROM user	null	::1	{"c":"Common","m":"getUsersInfo"}
[SELECT]	2018-01-11 14:24:56	SELECT * FROM post WHERE `postid`=?	["1"]	::1	{"c":"MovieManage","m":"post","a":"detail","postid":"1","title":"\u5982\u4f55\u7528\u300a\u8bd7\u7ecf\u300b\u53d6\u4e2a\u503e\u56fd\u503e\u57ce\u7684\u597d\u540d\u5b57\uff1f","userid":"1","username":"whx","posttime":"1509418193","reply":"0","lastreply":"0"}
[SELECT]	2018-01-11 14:25:25	SELECT * FROM role WHERE `id`=?	["1"]	::1	{"c":"System","m":"menu"}
[SELECT]	2018-01-11 14:25:25	SELECT * FROM `menu` WHERE `id` in (1,2,10,3,12,13,6,7,8,9,11) ORDER BY `sort`	[]	::1	{"c":"System","m":"menu"}
[SELECT]	2018-01-11 14:25:25	SELECT id,userName FROM user	null	::1	{"c":"Common","m":"getUsersInfo"}
[SELECT]	2018-01-11 14:25:26	SELECT count(*) as sum FROM post	null	::1	{"c":"MovieManage","m":"post","page":"1","num":"10","loginTime":"2017-12-13 - 2018-01-11","orderby":{"postid":"asc"}}
[SELECT]	2018-01-11 14:25:26	SELECT postid,title,userid,username,posttime,reply,lastreply FROM post ORDER BY postid asc LIMIT 0,10	null	::1	{"c":"MovieManage","m":"post","page":"1","num":"10","loginTime":"2017-12-13 - 2018-01-11","orderby":{"postid":"asc"}}
[SELECT]	2018-01-11 14:25:30	SELECT * FROM post WHERE `postid`=?	["2"]	::1	{"c":"MovieManage","m":"post","a":"detail","postid":"2","title":" \u72c2\u70ed\u80cc\u540e\uff0c\u4f60\u9700\u8981\u77e5\u9053AI\u6280\u672f\u662f\u5982\u4f55\u53d1\u5c55\u8d77\u6765\u7684","userid":"1","username":"whx","posttime":"1513081335","reply":"0","lastreply":"0"}
[SELECT]	2018-01-11 14:25:56	SELECT * FROM role WHERE `id`=?	["1"]	::1	{"c":"System","m":"menu"}
[SELECT]	2018-01-11 14:25:56	SELECT * FROM `menu` WHERE `id` in (1,2,10,3,12,13,6,7,8,9,11) ORDER BY `sort`	[]	::1	{"c":"System","m":"menu"}
[SELECT]	2018-01-11 14:25:56	SELECT count(*) as sum FROM post	null	::1	{"c":"MovieManage","m":"post","page":"1","num":"10","loginTime":"2017-12-13 - 2018-01-11","orderby":{"postid":"asc"}}
[SELECT]	2018-01-11 14:25:56	SELECT postid,title,userid,username,posttime,reply,lastreply FROM post ORDER BY postid asc LIMIT 0,10	null	::1	{"c":"MovieManage","m":"post","page":"1","num":"10","loginTime":"2017-12-13 - 2018-01-11","orderby":{"postid":"asc"}}
[SELECT]	2018-01-11 14:25:56	SELECT id,userName FROM user	null	::1	{"c":"Common","m":"getUsersInfo"}
[SELECT]	2018-01-11 14:25:59	SELECT * FROM post WHERE `postid`=?	["4"]	::1	{"c":"MovieManage","m":"post","a":"detail","postid":"4","title":"\u6d88\u8d39\u8005\u62b1\u6028\u53cc12\u6298\u6263\u529b\u5ea6\"\u8bda\u610f\u4e0d\u8db3\" \u89c4\u5219\u6709\u70b9\u590d\u6742","userid":"1","username":"whx","posttime":"1513081703","reply":"0","lastreply":"0"}
[SELECT]	2018-01-11 14:26:03	SELECT * FROM post WHERE `postid`=?	["8"]	::1	{"c":"MovieManage","m":"post","a":"detail","postid":"8","title":"\u4e2d\u534e\u7259\u818f \u9b54\u4e3d\u8fc5\u767d\u9177\u723d\u8584\u8377\u5473170g \u8fc5\u901f\u7f8e\u767d\u6df1\u5c42\u6e05\u6d01 ","userid":"2","username":"test1","posttime":"1515142862","reply":"0","lastreply":"0"}
[SELECT]	2018-01-11 14:26:18	SELECT * FROM post WHERE `postid`=?	["11"]	::1	{"c":"MovieManage","m":"post","a":"detail","postid":"11","title":"\u83dc\u9e1f\u53d1\u5e03\u5305\u88f9\u201c\u6700\u201d\u6392\u884c\uff1a50\u540e\u7f51\u8d2d\u8d85\u8fc700\u540e\uff0c\u51a0\u519b\u662f\u5929\u79e4","userid":"2","username":"test1","posttime":"1515144213","reply":"0","lastreply":"0"}
[SELECT]	2018-01-11 14:28:51	SELECT * FROM post WHERE `postid`=?	["2"]	::1	{"c":"MovieManage","m":"post","a":"detail","postid":"2","title":" \u72c2\u70ed\u80cc\u540e\uff0c\u4f60\u9700\u8981\u77e5\u9053AI\u6280\u672f\u662f\u5982\u4f55\u53d1\u5c55\u8d77\u6765\u7684","userid":"1","username":"whx","posttime":"1513081335","reply":"0","lastreply":"0"}
[SELECT]	2018-01-11 14:29:00	SELECT * FROM post WHERE `postid`=?	["8"]	::1	{"c":"MovieManage","m":"post","a":"detail","postid":"8","title":"\u4e2d\u534e\u7259\u818f \u9b54\u4e3d\u8fc5\u767d\u9177\u723d\u8584\u8377\u5473170g \u8fc5\u901f\u7f8e\u767d\u6df1\u5c42\u6e05\u6d01 ","userid":"2","username":"test1","posttime":"1515142862","reply":"0","lastreply":"0"}
[SELECT]	2018-01-11 14:29:07	SELECT * FROM role WHERE `id`=?	["1"]	::1	{"c":"System","m":"menu"}
[SELECT]	2018-01-11 14:29:07	SELECT * FROM `menu` WHERE `id` in (1,2,10,3,12,13,6,7,8,9,11) ORDER BY `sort`	[]	::1	{"c":"System","m":"menu"}
[SELECT]	2018-01-11 14:29:07	SELECT id,userName FROM user	null	::1	{"c":"Common","m":"getUsersInfo"}
[SELECT]	2018-01-11 14:29:07	SELECT count(*) as sum FROM post	null	::1	{"c":"MovieManage","m":"post","page":"1","num":"10","loginTime":"2017-12-13 - 2018-01-11","orderby":{"postid":"asc"}}
[SELECT]	2018-01-11 14:29:07	SELECT postid,title,userid,username,posttime,reply,lastreply FROM post ORDER BY postid asc LIMIT 0,10	null	::1	{"c":"MovieManage","m":"post","page":"1","num":"10","loginTime":"2017-12-13 - 2018-01-11","orderby":{"postid":"asc"}}
[SELECT]	2018-01-11 14:29:11	SELECT * FROM post WHERE `postid`=?	["4"]	::1	{"c":"MovieManage","m":"post","a":"detail","postid":"4","title":"\u6d88\u8d39\u8005\u62b1\u6028\u53cc12\u6298\u6263\u529b\u5ea6\"\u8bda\u610f\u4e0d\u8db3\" \u89c4\u5219\u6709\u70b9\u590d\u6742","userid":"1","username":"whx","posttime":"1513081703","reply":"0","lastreply":"0"}
[SELECT]	2018-01-11 14:29:15	SELECT * FROM post WHERE `postid`=?	["7"]	::1	{"c":"MovieManage","m":"post","a":"detail","postid":"7","title":"\u51af\u5c0f\u521a\u300a\u82b3\u534e\u300b\u66b4\u9732\u7684\u793e\u4ea4\u6f5c\u89c4\u5219\uff0c\u5230\u5e95\u591a\u6b8b\u9177","userid":"1","username":"whx","posttime":"1513686491","reply":"0","lastreply":"0"}
[SELECT]	2018-01-11 14:29:28	SELECT * FROM post WHERE `postid`=?	["2"]	::1	{"c":"MovieManage","m":"post","a":"detail","postid":"2","title":" \u72c2\u70ed\u80cc\u540e\uff0c\u4f60\u9700\u8981\u77e5\u9053AI\u6280\u672f\u662f\u5982\u4f55\u53d1\u5c55\u8d77\u6765\u7684","userid":"1","username":"whx","posttime":"1513081335","reply":"0","lastreply":"0"}
[SELECT]	2018-01-11 14:29:33	SELECT * FROM post WHERE `postid`=?	["6"]	::1	{"c":"MovieManage","m":"post","a":"detail","postid":"6","title":" \u300a\u5947\u95e8\u9041\u7532\u300b\u7279\u6548\u70ab\u9177 \u5927\u9e4f\u201d\u767e\u53d8\u9752\u4e91\u201d\u83b7\u597d\u8bc4","userid":"1","username":"whx","posttime":"1513685931","reply":"0","lastreply":"0"}
[SELECT]	2018-01-11 14:29:39	SELECT * FROM post WHERE `postid`=?	["6"]	::1	{"c":"MovieManage","m":"post","a":"detail","postid":"6","title":" \u300a\u5947\u95e8\u9041\u7532\u300b\u7279\u6548\u70ab\u9177 \u5927\u9e4f\u201d\u767e\u53d8\u9752\u4e91\u201d\u83b7\u597d\u8bc4","userid":"1","username":"whx","posttime":"1513685931","reply":"0","lastreply":"0"}
[SELECT]	2018-01-11 14:29:43	SELECT * FROM post WHERE `postid`=?	["2"]	::1	{"c":"MovieManage","m":"post","a":"detail","postid":"2","title":" \u72c2\u70ed\u80cc\u540e\uff0c\u4f60\u9700\u8981\u77e5\u9053AI\u6280\u672f\u662f\u5982\u4f55\u53d1\u5c55\u8d77\u6765\u7684","userid":"1","username":"whx","posttime":"1513081335","reply":"0","lastreply":"0"}
[SELECT]	2018-01-11 14:29:50	SELECT * FROM post WHERE `postid`=?	["1"]	::1	{"c":"MovieManage","m":"post","a":"detail","postid":"1","title":"\u5982\u4f55\u7528\u300a\u8bd7\u7ecf\u300b\u53d6\u4e2a\u503e\u56fd\u503e\u57ce\u7684\u597d\u540d\u5b57\uff1f","userid":"1","username":"whx","posttime":"1509418193","reply":"0","lastreply":"0"}
[SELECT]	2018-01-11 14:41:23	SELECT * FROM post WHERE `postid`=?	["9"]	::1	{"c":"MovieManage","m":"post","a":"detail","postid":"9","title":"NASA\u4e0e\u970d\u91d1\u7684\u9996\u6b21\u5408\u4f5c\uff0c\u6253\u9020\u80fd\u81ea\u6211\u4fee\u590d\u7684\u98de\u884c\u5668\uff0c\u6a2a\u884c\u6574\u4e2a\u5b87\u5b99","userid":"2","username":"test1","posttime":"1515143447","reply":"1","lastreply":"1515143486"}
[SELECT]	2018-01-11 15:09:15	SELECT * FROM role WHERE `id`=?	["1"]	::1	{"c":"System","m":"menu"}
[SELECT]	2018-01-11 15:09:15	SELECT * FROM `menu` WHERE `id` in (1,2,10,3,12,13,6,7,8,9,11) ORDER BY `sort`	[]	::1	{"c":"System","m":"menu"}
[SELECT]	2018-01-11 15:10:49	SELECT * FROM role WHERE `id`=?	["1"]	::1	{"c":"System","m":"menu"}
[SELECT]	2018-01-11 15:10:49	SELECT * FROM `menu` WHERE `id` in (1,2,10,3,12,13,6,7,8,9,11) ORDER BY `sort`	[]	::1	{"c":"System","m":"menu"}
[SELECT]	2018-01-11 15:11:17	SELECT * FROM role WHERE `id`=?	["1"]	::1	{"c":"System","m":"menu"}
[SELECT]	2018-01-11 15:11:17	SELECT * FROM `menu` WHERE `id` in (1,2,10,3,12,13,6,7,8,9,11) ORDER BY `sort`	[]	::1	{"c":"System","m":"menu"}
[SELECT]	2018-01-11 15:14:26	SELECT * FROM role WHERE `id`=?	["1"]	::1	{"c":"System","m":"menu"}
[SELECT]	2018-01-11 15:14:26	SELECT * FROM `menu` WHERE `id` in (1,2,10,3,12,13,6,7,8,9,11) ORDER BY `sort`	[]	::1	{"c":"System","m":"menu"}
[SELECT]	2018-01-11 15:15:12	SELECT * FROM role WHERE `id`=?	["1"]	::1	{"c":"System","m":"menu"}
[SELECT]	2018-01-11 15:15:12	SELECT * FROM `menu` WHERE `id` in (1,2,10,3,12,13,6,7,8,9,11) ORDER BY `sort`	[]	::1	{"c":"System","m":"menu"}
[SELECT]	2018-01-11 15:18:57	SELECT id,userName FROM user	null	::1	{"c":"Common","m":"getUsersInfo"}
[SELECT]	2018-01-11 15:18:57	SELECT count(*) as sum FROM post	null	::1	{"c":"MovieManage","m":"post","page":"1","num":"10","loginTime":"2017-12-13 - 2018-01-11","orderby":{"postid":"asc"}}
[SELECT]	2018-01-11 15:18:57	SELECT postid,title,userid,username,posttime,reply,lastreply FROM post ORDER BY postid asc LIMIT 0,10	null	::1	{"c":"MovieManage","m":"post","page":"1","num":"10","loginTime":"2017-12-13 - 2018-01-11","orderby":{"postid":"asc"}}
[SELECT]	2018-01-11 15:21:28	SELECT * FROM role WHERE `id`=?	["1"]	::1	{"c":"System","m":"menu"}
[SELECT]	2018-01-11 15:21:28	SELECT * FROM `menu` WHERE `id` in (1,2,10,3,12,13,6,7,8,9,11) ORDER BY `sort`	[]	::1	{"c":"System","m":"menu"}
[SELECT]	2018-01-11 15:21:28	SELECT count(*) as sum FROM post	null	::1	{"c":"MovieManage","m":"post","page":"1","num":"10","loginTime":"2017-12-13 - 2018-01-11","orderby":{"postid":"asc"}}
[SELECT]	2018-01-11 15:21:28	SELECT postid,title,userid,username,posttime,reply,lastreply FROM post ORDER BY postid asc LIMIT 0,10	null	::1	{"c":"MovieManage","m":"post","page":"1","num":"10","loginTime":"2017-12-13 - 2018-01-11","orderby":{"postid":"asc"}}
[SELECT]	2018-01-11 15:21:28	SELECT id,userName FROM user	null	::1	{"c":"Common","m":"getUsersInfo"}
[SELECT]	2018-01-11 15:22:08	SELECT * FROM role WHERE `id`=?	["1"]	::1	{"c":"System","m":"menu"}
[SELECT]	2018-01-11 15:22:08	SELECT * FROM `menu` WHERE `id` in (1,2,10,3,12,13,6,7,8,9,11) ORDER BY `sort`	[]	::1	{"c":"System","m":"menu"}
[SELECT]	2018-01-11 15:22:08	SELECT id,userName FROM user	null	::1	{"c":"Common","m":"getUsersInfo"}
[SELECT]	2018-01-11 15:22:08	SELECT count(*) as sum FROM post	null	::1	{"c":"MovieManage","m":"post","page":"1","num":"10","loginTime":"2017-12-13 - 2018-01-11","orderby":{"postid":"asc"}}
[SELECT]	2018-01-11 15:22:08	SELECT postid,title,userid,username,posttime,reply,lastreply FROM post ORDER BY postid asc LIMIT 0,10	null	::1	{"c":"MovieManage","m":"post","page":"1","num":"10","loginTime":"2017-12-13 - 2018-01-11","orderby":{"postid":"asc"}}
[SELECT]	2018-01-11 15:22:42	SELECT * FROM role WHERE `id`=?	["1"]	::1	{"c":"System","m":"menu"}
[SELECT]	2018-01-11 15:22:42	SELECT * FROM `menu` WHERE `id` in (1,2,10,3,12,13,6,7,8,9,11) ORDER BY `sort`	[]	::1	{"c":"System","m":"menu"}
[SELECT]	2018-01-11 15:22:42	SELECT id,userName FROM user	null	::1	{"c":"Common","m":"getUsersInfo"}
[SELECT]	2018-01-11 15:22:42	SELECT count(*) as sum FROM post	null	::1	{"c":"MovieManage","m":"post","page":"1","num":"10","loginTime":"2017-12-13 - 2018-01-11","orderby":{"postid":"asc"}}
[SELECT]	2018-01-11 15:22:42	SELECT postid,title,userid,username,posttime,reply,lastreply FROM post ORDER BY postid asc LIMIT 0,10	null	::1	{"c":"MovieManage","m":"post","page":"1","num":"10","loginTime":"2017-12-13 - 2018-01-11","orderby":{"postid":"asc"}}
[SELECT]	2018-01-11 15:22:45	SELECT count(*) as sum FROM post WHERE `title` like ? AND `username` like ?	["%\u6d88\u8d39\u8005\u62b1\u6028\u53cc12\u6298\u6263\u529b\u5ea6\"\u8bda\u610f\u4e0d\u8db3\" \u89c4\u5219\u6709\u70b9\u590d\u6742%","%whx%"]	::1	{"c":"MovieManage","m":"post","a":"reply","postid":"4","title":"\u6d88\u8d39\u8005\u62b1\u6028\u53cc12\u6298\u6263\u529b\u5ea6\"\u8bda\u610f\u4e0d\u8db3\" \u89c4\u5219\u6709\u70b9\u590d\u6742","userid":"1","username":"whx","posttime":"1513081703","reply":"0","lastreply":"0"}
[SELECT]	2018-01-11 15:22:45	SELECT postid,title,userid,username,posttime,reply,lastreply FROM post WHERE `title` like ? AND `username` like ? LIMIT 0,10	["%\u6d88\u8d39\u8005\u62b1\u6028\u53cc12\u6298\u6263\u529b\u5ea6\"\u8bda\u610f\u4e0d\u8db3\" \u89c4\u5219\u6709\u70b9\u590d\u6742%","%whx%"]	::1	{"c":"MovieManage","m":"post","a":"reply","postid":"4","title":"\u6d88\u8d39\u8005\u62b1\u6028\u53cc12\u6298\u6263\u529b\u5ea6\"\u8bda\u610f\u4e0d\u8db3\" \u89c4\u5219\u6709\u70b9\u590d\u6742","userid":"1","username":"whx","posttime":"1513081703","reply":"0","lastreply":"0"}
[SELECT]	2018-01-11 15:22:52	SELECT count(*) as sum FROM post WHERE `title` like ? AND `username` like ?	["%2017\u5e74iOS\u5f00\u53d1\u8005\u6536\u5165\u8fbe265\u4ebf\u7f8e\u5143 \u8d85\u8fc7\u9ea6\u5f53\u52b3\u5e74\u6536\u5165%","%test1%"]	::1	{"c":"MovieManage","m":"post","a":"reply","postid":"10","title":"2017\u5e74iOS\u5f00\u53d1\u8005\u6536\u5165\u8fbe265\u4ebf\u7f8e\u5143 \u8d85\u8fc7\u9ea6\u5f53\u52b3\u5e74\u6536\u5165","userid":"2","username":"test1","posttime":"1515143790","reply":"0","lastreply":"0"}
[SELECT]	2018-01-11 15:22:52	SELECT postid,title,userid,username,posttime,reply,lastreply FROM post WHERE `title` like ? AND `username` like ? LIMIT 0,10	["%2017\u5e74iOS\u5f00\u53d1\u8005\u6536\u5165\u8fbe265\u4ebf\u7f8e\u5143 \u8d85\u8fc7\u9ea6\u5f53\u52b3\u5e74\u6536\u5165%","%test1%"]	::1	{"c":"MovieManage","m":"post","a":"reply","postid":"10","title":"2017\u5e74iOS\u5f00\u53d1\u8005\u6536\u5165\u8fbe265\u4ebf\u7f8e\u5143 \u8d85\u8fc7\u9ea6\u5f53\u52b3\u5e74\u6536\u5165","userid":"2","username":"test1","posttime":"1515143790","reply":"0","lastreply":"0"}
[SELECT]	2018-01-11 15:25:49	SELECT * FROM role WHERE `id`=?	["1"]	::1	{"c":"System","m":"menu"}
[SELECT]	2018-01-11 15:25:49	SELECT * FROM `menu` WHERE `id` in (1,2,10,3,12,13,6,7,8,9,11) ORDER BY `sort`	[]	::1	{"c":"System","m":"menu"}
[SELECT]	2018-01-11 15:25:49	SELECT id,userName FROM user	null	::1	{"c":"Common","m":"getUsersInfo"}
[SELECT]	2018-01-11 15:25:49	SELECT count(*) as sum FROM post	null	::1	{"c":"MovieManage","m":"post","page":"1","num":"10","loginTime":"2017-12-13 - 2018-01-11","orderby":{"postid":"asc"}}
[SELECT]	2018-01-11 15:25:49	SELECT postid,title,userid,username,posttime,reply,lastreply FROM post ORDER BY postid asc LIMIT 0,10	null	::1	{"c":"MovieManage","m":"post","page":"1","num":"10","loginTime":"2017-12-13 - 2018-01-11","orderby":{"postid":"asc"}}
[SELECT]	2018-01-11 15:26:15	SELECT * FROM role WHERE `id`=?	["1"]	::1	{"c":"System","m":"menu"}
[SELECT]	2018-01-11 15:26:15	SELECT * FROM `menu` WHERE `id` in (1,2,10,3,12,13,6,7,8,9,11) ORDER BY `sort`	[]	::1	{"c":"System","m":"menu"}
[SELECT]	2018-01-11 15:26:15	SELECT count(*) as sum FROM post	null	::1	{"c":"MovieManage","m":"post","page":"1","num":"10","loginTime":"2017-12-13 - 2018-01-11","orderby":{"postid":"asc"}}
[SELECT]	2018-01-11 15:26:15	SELECT postid,title,userid,username,posttime,reply,lastreply FROM post ORDER BY postid asc LIMIT 0,10	null	::1	{"c":"MovieManage","m":"post","page":"1","num":"10","loginTime":"2017-12-13 - 2018-01-11","orderby":{"postid":"asc"}}
[SELECT]	2018-01-11 15:26:15	SELECT id,userName FROM user	null	::1	{"c":"Common","m":"getUsersInfo"}
[SELECT]	2018-01-11 15:26:16	SELECT count(*) as sum FROM repost WHERE `postid`=?	["7"]	::1	{"c":"MovieManage","m":"post","page":"1","num":"10","a":"reply","postid":"7","loginTime":"2017-12-13 - 2018-01-11","orderby":{"postid":"asc"}}
[SELECT]	2018-01-11 15:26:16	SELECT * FROM repost WHERE `postid`=? ORDER BY postid asc LIMIT 0,10	["7"]	::1	{"c":"MovieManage","m":"post","page":"1","num":"10","a":"reply","postid":"7","loginTime":"2017-12-13 - 2018-01-11","orderby":{"postid":"asc"}}
[SELECT]	2018-01-11 15:27:11	SELECT * FROM role WHERE `id`=?	["1"]	::1	{"c":"System","m":"menu"}
[SELECT]	2018-01-11 15:27:11	SELECT * FROM `menu` WHERE `id` in (1,2,10,3,12,13,6,7,8,9,11) ORDER BY `sort`	[]	::1	{"c":"System","m":"menu"}
[SELECT]	2018-01-11 15:27:11	SELECT id,userName FROM user	null	::1	{"c":"Common","m":"getUsersInfo"}
[SELECT]	2018-01-11 15:27:11	SELECT count(*) as sum FROM post	null	::1	{"c":"MovieManage","m":"post","page":"1","num":"10","loginTime":"2017-12-13 - 2018-01-11","orderby":{"postid":"asc"}}
[SELECT]	2018-01-11 15:27:11	SELECT postid,title,userid,username,posttime,reply,lastreply FROM post ORDER BY postid asc LIMIT 0,10	null	::1	{"c":"MovieManage","m":"post","page":"1","num":"10","loginTime":"2017-12-13 - 2018-01-11","orderby":{"postid":"asc"}}
[SELECT]	2018-01-11 15:27:13	SELECT count(*) as sum FROM repost WHERE `postid`=?	["7"]	::1	{"c":"MovieManage","m":"post","page":"1","num":"10","a":"reply","postid":"7","loginTime":"2017-12-13 - 2018-01-11","orderby":{"postid":"asc"}}
[SELECT]	2018-01-11 15:27:13	SELECT * FROM repost WHERE `postid`=? ORDER BY postid asc LIMIT 0,10	["7"]	::1	{"c":"MovieManage","m":"post","page":"1","num":"10","a":"reply","postid":"7","loginTime":"2017-12-13 - 2018-01-11","orderby":{"postid":"asc"}}
[SELECT]	2018-01-11 15:29:10	SELECT count(*) as sum FROM repost WHERE `postid`=?	["9"]	::1	{"c":"MovieManage","m":"post","page":"1","num":"10","a":"reply","postid":"9","loginTime":"2017-12-13 - 2018-01-11","orderby":{"postid":"asc"}}
[SELECT]	2018-01-11 15:29:10	SELECT * FROM repost WHERE `postid`=? ORDER BY postid asc LIMIT 0,10	["9"]	::1	{"c":"MovieManage","m":"post","page":"1","num":"10","a":"reply","postid":"9","loginTime":"2017-12-13 - 2018-01-11","orderby":{"postid":"asc"}}
[SELECT]	2018-01-11 15:29:40	SELECT count(*) as sum FROM repost WHERE `postid`=?	["9"]	::1	{"c":"MovieManage","m":"post","page":"1","num":"10","a":"reply","postid":"9","loginTime":"2017-12-13 - 2018-01-11","orderby":{"postid":"asc"}}
[SELECT]	2018-01-11 15:29:40	SELECT * FROM repost WHERE `postid`=? ORDER BY postid asc LIMIT 0,10	["9"]	::1	{"c":"MovieManage","m":"post","page":"1","num":"10","a":"reply","postid":"9","loginTime":"2017-12-13 - 2018-01-11","orderby":{"postid":"asc"}}
[SELECT]	2018-01-11 15:30:06	SELECT count(*) as sum FROM repost WHERE `postid`=?	["11"]	::1	{"c":"MovieManage","m":"post","page":"1","num":"10","a":"reply","postid":"11","loginTime":"2017-12-13 - 2018-01-11","orderby":{"postid":"asc"}}
[SELECT]	2018-01-11 15:30:06	SELECT * FROM repost WHERE `postid`=? ORDER BY postid asc LIMIT 0,10	["11"]	::1	{"c":"MovieManage","m":"post","page":"1","num":"10","a":"reply","postid":"11","loginTime":"2017-12-13 - 2018-01-11","orderby":{"postid":"asc"}}
[SELECT]	2018-01-11 15:30:49	SELECT * FROM role WHERE `id`=?	["1"]	::1	{"c":"System","m":"menu"}
[SELECT]	2018-01-11 15:30:50	SELECT * FROM `menu` WHERE `id` in (1,2,10,3,12,13,6,7,8,9,11) ORDER BY `sort`	[]	::1	{"c":"System","m":"menu"}
[SELECT]	2018-01-11 15:30:50	SELECT id,userName FROM user	null	::1	{"c":"Common","m":"getUsersInfo"}
[SELECT]	2018-01-11 15:30:50	SELECT count(*) as sum FROM post	null	::1	{"c":"MovieManage","m":"post","page":"1","num":"10","loginTime":"2017-12-13 - 2018-01-11","orderby":{"postid":"asc"}}
[SELECT]	2018-01-11 15:30:50	SELECT postid,title,userid,username,posttime,reply,lastreply FROM post ORDER BY postid asc LIMIT 0,10	null	::1	{"c":"MovieManage","m":"post","page":"1","num":"10","loginTime":"2017-12-13 - 2018-01-11","orderby":{"postid":"asc"}}
[SELECT]	2018-01-11 15:30:51	SELECT count(*) as sum FROM repost WHERE `postid`=?	["10"]	::1	{"c":"MovieManage","m":"post","page":"1","num":"10","a":"reply","postid":"10","loginTime":"2017-12-13 - 2018-01-11","orderby":{"postid":"asc"}}
[SELECT]	2018-01-11 15:30:51	SELECT * FROM repost WHERE `postid`=? ORDER BY postid asc LIMIT 0,10	["10"]	::1	{"c":"MovieManage","m":"post","page":"1","num":"10","a":"reply","postid":"10","loginTime":"2017-12-13 - 2018-01-11","orderby":{"postid":"asc"}}
[SELECT]	2018-01-11 15:31:52	SELECT * FROM role WHERE `id`=?	["1"]	::1	{"c":"System","m":"menu"}
[SELECT]	2018-01-11 15:31:52	SELECT * FROM `menu` WHERE `id` in (1,2,10,3,12,13,6,7,8,9,11) ORDER BY `sort`	[]	::1	{"c":"System","m":"menu"}
[SELECT]	2018-01-11 15:31:52	SELECT id,userName FROM user	null	::1	{"c":"Common","m":"getUsersInfo"}
[SELECT]	2018-01-11 15:31:52	SELECT count(*) as sum FROM post	null	::1	{"c":"MovieManage","m":"post","page":"1","num":"10","loginTime":"2017-12-13 - 2018-01-11","orderby":{"postid":"asc"}}
[SELECT]	2018-01-11 15:31:52	SELECT postid,title,userid,username,posttime,reply,lastreply FROM post ORDER BY postid asc LIMIT 0,10	null	::1	{"c":"MovieManage","m":"post","page":"1","num":"10","loginTime":"2017-12-13 - 2018-01-11","orderby":{"postid":"asc"}}
[SELECT]	2018-01-11 15:31:53	SELECT count(*) as sum FROM repost WHERE `postid`=?	["7"]	::1	{"c":"MovieManage","m":"post","page":"1","num":"10","a":"reply","postid":"7","loginTime":"2017-12-13 - 2018-01-11","orderby":{"postid":"asc"}}
[SELECT]	2018-01-11 15:31:53	SELECT * FROM repost WHERE `postid`=? ORDER BY postid asc LIMIT 0,10	["7"]	::1	{"c":"MovieManage","m":"post","page":"1","num":"10","a":"reply","postid":"7","loginTime":"2017-12-13 - 2018-01-11","orderby":{"postid":"asc"}}
[SELECT]	2018-01-11 15:32:14	SELECT count(*) as sum FROM repost WHERE `postid`=?	["9"]	::1	{"c":"MovieManage","m":"post","page":"1","num":"10","a":"reply","postid":"9","loginTime":"2017-12-13 - 2018-01-11","orderby":{"postid":"asc"}}
[SELECT]	2018-01-11 15:32:14	SELECT * FROM repost WHERE `postid`=? ORDER BY postid asc LIMIT 0,10	["9"]	::1	{"c":"MovieManage","m":"post","page":"1","num":"10","a":"reply","postid":"9","loginTime":"2017-12-13 - 2018-01-11","orderby":{"postid":"asc"}}
[SELECT]	2018-01-11 15:34:04	SELECT * FROM role WHERE `id`=?	["1"]	::1	{"c":"System","m":"menu"}
[SELECT]	2018-01-11 15:34:04	SELECT * FROM `menu` WHERE `id` in (1,2,10,3,12,13,6,7,8,9,11) ORDER BY `sort`	[]	::1	{"c":"System","m":"menu"}
[SELECT]	2018-01-11 15:34:04	SELECT count(*) as sum FROM post	null	::1	{"c":"MovieManage","m":"post","page":"1","num":"10","loginTime":"2017-12-13 - 2018-01-11","orderby":{"postid":"asc"}}
[SELECT]	2018-01-11 15:34:04	SELECT postid,title,userid,username,posttime,reply,lastreply FROM post ORDER BY postid asc LIMIT 0,10	null	::1	{"c":"MovieManage","m":"post","page":"1","num":"10","loginTime":"2017-12-13 - 2018-01-11","orderby":{"postid":"asc"}}
[SELECT]	2018-01-11 15:34:04	SELECT id,userName FROM user	null	::1	{"c":"Common","m":"getUsersInfo"}
[SELECT]	2018-01-11 15:34:06	SELECT count(*) as sum FROM repost WHERE `postid`=?	["5"]	::1	{"c":"MovieManage","m":"post","page":"1","num":"10","a":"reply","postid":"5","loginTime":"2017-12-13 - 2018-01-11","orderby":{"postid":"asc"}}
[SELECT]	2018-01-11 15:34:06	SELECT * FROM repost WHERE `postid`=? ORDER BY postid asc LIMIT 0,10	["5"]	::1	{"c":"MovieManage","m":"post","page":"1","num":"10","a":"reply","postid":"5","loginTime":"2017-12-13 - 2018-01-11","orderby":{"postid":"asc"}}
[SELECT]	2018-01-11 15:34:12	SELECT count(*) as sum FROM repost WHERE `postid`=?	["9"]	::1	{"c":"MovieManage","m":"post","page":"1","num":"10","a":"reply","postid":"9","loginTime":"2017-12-13 - 2018-01-11","orderby":{"postid":"asc"}}
[SELECT]	2018-01-11 15:34:12	SELECT * FROM repost WHERE `postid`=? ORDER BY postid asc LIMIT 0,10	["9"]	::1	{"c":"MovieManage","m":"post","page":"1","num":"10","a":"reply","postid":"9","loginTime":"2017-12-13 - 2018-01-11","orderby":{"postid":"asc"}}
[SELECT]	2018-01-11 15:36:01	SELECT * FROM role WHERE `id`=?	["1"]	::1	{"c":"System","m":"menu"}
[SELECT]	2018-01-11 15:36:01	SELECT * FROM `menu` WHERE `id` in (1,2,10,3,12,13,6,7,8,9,11) ORDER BY `sort`	[]	::1	{"c":"System","m":"menu"}
[SELECT]	2018-01-11 15:36:01	SELECT id,userName FROM user	null	::1	{"c":"Common","m":"getUsersInfo"}
[SELECT]	2018-01-11 15:36:01	SELECT count(*) as sum FROM post	null	::1	{"c":"MovieManage","m":"post","page":"1","num":"10","loginTime":"2017-12-13 - 2018-01-11","orderby":{"postid":"asc"}}
[SELECT]	2018-01-11 15:36:01	SELECT postid,title,userid,username,posttime,reply,lastreply FROM post ORDER BY postid asc LIMIT 0,10	null	::1	{"c":"MovieManage","m":"post","page":"1","num":"10","loginTime":"2017-12-13 - 2018-01-11","orderby":{"postid":"asc"}}
[SELECT]	2018-01-11 15:36:04	SELECT count(*) as sum FROM repost WHERE `postid`=?	["7"]	::1	{"c":"MovieManage","m":"post","page":"1","num":"10","a":"reply","postid":"7","loginTime":"2017-12-13 - 2018-01-11","orderby":{"postid":"asc"}}
[SELECT]	2018-01-11 15:36:04	SELECT * FROM repost WHERE `postid`=? ORDER BY postid asc LIMIT 0,10	["7"]	::1	{"c":"MovieManage","m":"post","page":"1","num":"10","a":"reply","postid":"7","loginTime":"2017-12-13 - 2018-01-11","orderby":{"postid":"asc"}}
[SELECT]	2018-01-11 15:37:09	SELECT * FROM role WHERE `id`=?	["1"]	::1	{"c":"System","m":"menu"}
[SELECT]	2018-01-11 15:37:09	SELECT * FROM `menu` WHERE `id` in (1,2,10,3,12,13,6,7,8,9,11) ORDER BY `sort`	[]	::1	{"c":"System","m":"menu"}
[SELECT]	2018-01-11 15:37:09	SELECT id,userName FROM user	null	::1	{"c":"Common","m":"getUsersInfo"}
[SELECT]	2018-01-11 15:37:09	SELECT count(*) as sum FROM post	null	::1	{"c":"MovieManage","m":"post","page":"1","num":"10","loginTime":"2017-12-13 - 2018-01-11","orderby":{"postid":"asc"}}
[SELECT]	2018-01-11 15:37:09	SELECT postid,title,userid,username,posttime,reply,lastreply FROM post ORDER BY postid asc LIMIT 0,10	null	::1	{"c":"MovieManage","m":"post","page":"1","num":"10","loginTime":"2017-12-13 - 2018-01-11","orderby":{"postid":"asc"}}
[SELECT]	2018-01-11 15:37:10	SELECT count(*) as sum FROM repost WHERE `postid`=?	["6"]	::1	{"c":"MovieManage","m":"post","page":"1","num":"10","a":"reply","postid":"6","loginTime":"2017-12-13 - 2018-01-11","orderby":{"postid":"asc"}}
[SELECT]	2018-01-11 15:37:10	SELECT * FROM repost WHERE `postid`=? ORDER BY postid asc LIMIT 0,10	["6"]	::1	{"c":"MovieManage","m":"post","page":"1","num":"10","a":"reply","postid":"6","loginTime":"2017-12-13 - 2018-01-11","orderby":{"postid":"asc"}}
[SELECT]	2018-01-11 15:38:30	SELECT * FROM role WHERE `id`=?	["1"]	::1	{"c":"System","m":"menu"}
[SELECT]	2018-01-11 15:38:30	SELECT * FROM `menu` WHERE `id` in (1,2,10,3,12,13,6,7,8,9,11) ORDER BY `sort`	[]	::1	{"c":"System","m":"menu"}
[SELECT]	2018-01-11 15:38:30	SELECT id,userName FROM user	null	::1	{"c":"Common","m":"getUsersInfo"}
[SELECT]	2018-01-11 15:38:30	SELECT count(*) as sum FROM post	null	::1	{"c":"MovieManage","m":"post","page":"1","num":"10","loginTime":"2017-12-13 - 2018-01-11","orderby":{"postid":"asc"}}
[SELECT]	2018-01-11 15:38:30	SELECT postid,title,userid,username,posttime,reply,lastreply FROM post ORDER BY postid asc LIMIT 0,10	null	::1	{"c":"MovieManage","m":"post","page":"1","num":"10","loginTime":"2017-12-13 - 2018-01-11","orderby":{"postid":"asc"}}
[SELECT]	2018-01-11 15:38:31	SELECT count(*) as sum FROM repost WHERE `postid`=?	["4"]	::1	{"c":"MovieManage","m":"post","page":"1","num":"10","a":"reply","postid":"4","loginTime":"2017-12-13 - 2018-01-11","orderby":{"postid":"asc"}}
[SELECT]	2018-01-11 15:38:31	SELECT * FROM repost WHERE `postid`=? ORDER BY postid asc LIMIT 0,10	["4"]	::1	{"c":"MovieManage","m":"post","page":"1","num":"10","a":"reply","postid":"4","loginTime":"2017-12-13 - 2018-01-11","orderby":{"postid":"asc"}}
[SELECT]	2018-01-11 15:38:35	SELECT count(*) as sum FROM repost WHERE `postid`=?	["8"]	::1	{"c":"MovieManage","m":"post","page":"1","num":"10","a":"reply","postid":"8","loginTime":"2017-12-13 - 2018-01-11","orderby":{"postid":"asc"}}
[SELECT]	2018-01-11 15:38:35	SELECT * FROM repost WHERE `postid`=? ORDER BY postid asc LIMIT 0,10	["8"]	::1	{"c":"MovieManage","m":"post","page":"1","num":"10","a":"reply","postid":"8","loginTime":"2017-12-13 - 2018-01-11","orderby":{"postid":"asc"}}
[SELECT]	2018-01-11 15:38:38	SELECT count(*) as sum FROM repost WHERE `postid`=?	["9"]	::1	{"c":"MovieManage","m":"post","page":"1","num":"10","a":"reply","postid":"9","loginTime":"2017-12-13 - 2018-01-11","orderby":{"postid":"asc"}}
[SELECT]	2018-01-11 15:38:38	SELECT * FROM repost WHERE `postid`=? ORDER BY postid asc LIMIT 0,10	["9"]	::1	{"c":"MovieManage","m":"post","page":"1","num":"10","a":"reply","postid":"9","loginTime":"2017-12-13 - 2018-01-11","orderby":{"postid":"asc"}}
[SELECT]	2018-01-11 15:38:52	SELECT count(*) as sum FROM repost WHERE `postid`=?	["9"]	::1	{"c":"MovieManage","m":"post","page":"1","num":"10","a":"reply","postid":"9","loginTime":"2017-12-13 - 2018-01-11","orderby":{"postid":"asc"}}
[SELECT]	2018-01-11 15:38:52	SELECT * FROM repost WHERE `postid`=? ORDER BY postid asc LIMIT 0,10	["9"]	::1	{"c":"MovieManage","m":"post","page":"1","num":"10","a":"reply","postid":"9","loginTime":"2017-12-13 - 2018-01-11","orderby":{"postid":"asc"}}
[SELECT]	2018-01-11 15:40:04	SELECT * FROM role WHERE `id`=?	["1"]	::1	{"c":"System","m":"menu"}
[SELECT]	2018-01-11 15:40:04	SELECT * FROM `menu` WHERE `id` in (1,2,10,3,12,13,6,7,8,9,11) ORDER BY `sort`	[]	::1	{"c":"System","m":"menu"}
[SELECT]	2018-01-11 15:40:04	SELECT count(*) as sum FROM post	null	::1	{"c":"MovieManage","m":"post","page":"1","num":"10","loginTime":"2017-12-13 - 2018-01-11","orderby":{"postid":"asc"}}
[SELECT]	2018-01-11 15:40:04	SELECT postid,title,userid,username,posttime,reply,lastreply FROM post ORDER BY postid asc LIMIT 0,10	null	::1	{"c":"MovieManage","m":"post","page":"1","num":"10","loginTime":"2017-12-13 - 2018-01-11","orderby":{"postid":"asc"}}
[SELECT]	2018-01-11 15:40:04	SELECT id,userName FROM user	null	::1	{"c":"Common","m":"getUsersInfo"}
[SELECT]	2018-01-11 15:40:07	SELECT count(*) as sum FROM repost WHERE `postid`=?	["7"]	::1	{"c":"MovieManage","m":"post","page":"1","num":"10","a":"reply","postid":"7","loginTime":"2017-12-13 - 2018-01-11","orderby":{"postid":"asc"}}
[SELECT]	2018-01-11 15:40:07	SELECT * FROM repost WHERE `postid`=? ORDER BY postid asc LIMIT 0,10	["7"]	::1	{"c":"MovieManage","m":"post","page":"1","num":"10","a":"reply","postid":"7","loginTime":"2017-12-13 - 2018-01-11","orderby":{"postid":"asc"}}
[SELECT]	2018-01-11 15:40:10	SELECT count(*) as sum FROM repost WHERE `postid`=?	["9"]	::1	{"c":"MovieManage","m":"post","page":"1","num":"10","a":"reply","postid":"9","loginTime":"2017-12-13 - 2018-01-11","orderby":{"postid":"asc"}}
[SELECT]	2018-01-11 15:40:10	SELECT * FROM repost WHERE `postid`=? ORDER BY postid asc LIMIT 0,10	["9"]	::1	{"c":"MovieManage","m":"post","page":"1","num":"10","a":"reply","postid":"9","loginTime":"2017-12-13 - 2018-01-11","orderby":{"postid":"asc"}}
[SELECT]	2018-01-11 15:41:13	SELECT * FROM role WHERE `id`=?	["1"]	::1	{"c":"System","m":"menu"}
[SELECT]	2018-01-11 15:41:13	SELECT * FROM `menu` WHERE `id` in (1,2,10,3,12,13,6,7,8,9,11) ORDER BY `sort`	[]	::1	{"c":"System","m":"menu"}
[SELECT]	2018-01-11 15:41:13	SELECT id,userName FROM user	null	::1	{"c":"Common","m":"getUsersInfo"}
[SELECT]	2018-01-11 15:41:13	SELECT count(*) as sum FROM post	null	::1	{"c":"MovieManage","m":"post","page":"1","num":"10","loginTime":"2017-12-13 - 2018-01-11","orderby":{"postid":"asc"}}
[SELECT]	2018-01-11 15:41:13	SELECT postid,title,userid,username,posttime,reply,lastreply FROM post ORDER BY postid asc LIMIT 0,10	null	::1	{"c":"MovieManage","m":"post","page":"1","num":"10","loginTime":"2017-12-13 - 2018-01-11","orderby":{"postid":"asc"}}
[SELECT]	2018-01-11 15:41:14	SELECT count(*) as sum FROM repost WHERE `postid`=?	["4"]	::1	{"c":"MovieManage","m":"post","page":"1","num":"10","a":"reply","postid":"4","loginTime":"2017-12-13 - 2018-01-11","orderby":{"postid":"asc"}}
[SELECT]	2018-01-11 15:41:14	SELECT * FROM repost WHERE `postid`=? ORDER BY postid asc LIMIT 0,10	["4"]	::1	{"c":"MovieManage","m":"post","page":"1","num":"10","a":"reply","postid":"4","loginTime":"2017-12-13 - 2018-01-11","orderby":{"postid":"asc"}}
[SELECT]	2018-01-11 15:41:17	SELECT count(*) as sum FROM repost WHERE `postid`=?	["9"]	::1	{"c":"MovieManage","m":"post","page":"1","num":"10","a":"reply","postid":"9","loginTime":"2017-12-13 - 2018-01-11","orderby":{"postid":"asc"}}
[SELECT]	2018-01-11 15:41:17	SELECT * FROM repost WHERE `postid`=? ORDER BY postid asc LIMIT 0,10	["9"]	::1	{"c":"MovieManage","m":"post","page":"1","num":"10","a":"reply","postid":"9","loginTime":"2017-12-13 - 2018-01-11","orderby":{"postid":"asc"}}
[SELECT]	2018-01-11 15:43:10	SELECT * FROM role WHERE `id`=?	["1"]	::1	{"c":"System","m":"menu"}
[SELECT]	2018-01-11 15:43:10	SELECT * FROM `menu` WHERE `id` in (1,2,10,3,12,13,6,7,8,9,11) ORDER BY `sort`	[]	::1	{"c":"System","m":"menu"}
[SELECT]	2018-01-11 15:43:11	SELECT count(*) as sum FROM post	null	::1	{"c":"MovieManage","m":"post","page":"1","num":"10","loginTime":"2017-12-13 - 2018-01-11","orderby":{"postid":"asc"}}
[SELECT]	2018-01-11 15:43:11	SELECT postid,title,userid,username,posttime,reply,lastreply FROM post ORDER BY postid asc LIMIT 0,10	null	::1	{"c":"MovieManage","m":"post","page":"1","num":"10","loginTime":"2017-12-13 - 2018-01-11","orderby":{"postid":"asc"}}
[SELECT]	2018-01-11 15:43:11	SELECT id,userName FROM user	null	::1	{"c":"Common","m":"getUsersInfo"}
[SELECT]	2018-01-11 15:43:12	SELECT count(*) as sum FROM repost WHERE `postid`=?	["9"]	::1	{"c":"MovieManage","m":"post","page":"1","num":"10","a":"reply","postid":"9","loginTime":"2017-12-13 - 2018-01-11","orderby":{"postid":"asc"}}
[SELECT]	2018-01-11 15:43:12	SELECT * FROM repost WHERE `postid`=? ORDER BY postid asc LIMIT 0,10	["9"]	::1	{"c":"MovieManage","m":"post","page":"1","num":"10","a":"reply","postid":"9","loginTime":"2017-12-13 - 2018-01-11","orderby":{"postid":"asc"}}
[SELECT]	2018-01-11 15:44:47	SELECT * FROM role WHERE `id`=?	["1"]	::1	{"c":"System","m":"menu"}
[SELECT]	2018-01-11 15:44:47	SELECT * FROM `menu` WHERE `id` in (1,2,10,3,12,13,6,7,8,9,11) ORDER BY `sort`	[]	::1	{"c":"System","m":"menu"}
[SELECT]	2018-01-11 15:44:47	SELECT count(*) as sum FROM post	null	::1	{"c":"MovieManage","m":"post","page":"1","num":"10","loginTime":"2017-12-13 - 2018-01-11","orderby":{"postid":"asc"}}
[SELECT]	2018-01-11 15:44:47	SELECT postid,title,userid,username,posttime,reply,lastreply FROM post ORDER BY postid asc LIMIT 0,10	null	::1	{"c":"MovieManage","m":"post","page":"1","num":"10","loginTime":"2017-12-13 - 2018-01-11","orderby":{"postid":"asc"}}
[SELECT]	2018-01-11 15:44:47	SELECT id,userName FROM user	null	::1	{"c":"Common","m":"getUsersInfo"}
[SELECT]	2018-01-11 15:45:47	SELECT * FROM role WHERE `id`=?	["1"]	::1	{"c":"System","m":"menu"}
[SELECT]	2018-01-11 15:45:47	SELECT * FROM `menu` WHERE `id` in (1,2,10,3,12,13,6,7,8,9,11) ORDER BY `sort`	[]	::1	{"c":"System","m":"menu"}
[SELECT]	2018-01-11 15:45:47	SELECT id,userName FROM user	null	::1	{"c":"Common","m":"getUsersInfo"}
[SELECT]	2018-01-11 15:45:47	SELECT count(*) as sum FROM post	null	::1	{"c":"MovieManage","m":"post","page":"1","num":"10","loginTime":"2017-12-13 - 2018-01-11","orderby":{"postid":"asc"}}
[SELECT]	2018-01-11 15:45:47	SELECT postid,title,userid,username,posttime,reply,lastreply FROM post ORDER BY postid asc LIMIT 0,10	null	::1	{"c":"MovieManage","m":"post","page":"1","num":"10","loginTime":"2017-12-13 - 2018-01-11","orderby":{"postid":"asc"}}
[SELECT]	2018-01-11 15:45:48	SELECT count(*) as sum FROM repost WHERE `postid`=?	["9"]	::1	{"c":"MovieManage","m":"post","page":"1","num":"10","a":"reply","postid":"9","loginTime":"2017-12-13 - 2018-01-11","orderby":{"postid":"asc"}}
[SELECT]	2018-01-11 15:45:48	SELECT * FROM repost WHERE `postid`=? ORDER BY postid asc LIMIT 0,10	["9"]	::1	{"c":"MovieManage","m":"post","page":"1","num":"10","a":"reply","postid":"9","loginTime":"2017-12-13 - 2018-01-11","orderby":{"postid":"asc"}}
[SELECT]	2018-01-11 15:46:27	SELECT * FROM role WHERE `id`=?	["1"]	::1	{"c":"System","m":"menu"}
[SELECT]	2018-01-11 15:46:27	SELECT * FROM `menu` WHERE `id` in (1,2,10,3,12,13,6,7,8,9,11) ORDER BY `sort`	[]	::1	{"c":"System","m":"menu"}
[SELECT]	2018-01-11 15:46:27	SELECT id,userName FROM user	null	::1	{"c":"Common","m":"getUsersInfo"}
[SELECT]	2018-01-11 15:46:27	SELECT count(*) as sum FROM post	null	::1	{"c":"MovieManage","m":"post","page":"1","num":"10","loginTime":"2017-12-13 - 2018-01-11","orderby":{"postid":"asc"}}
[SELECT]	2018-01-11 15:46:27	SELECT postid,title,userid,username,posttime,reply,lastreply FROM post ORDER BY postid asc LIMIT 0,10	null	::1	{"c":"MovieManage","m":"post","page":"1","num":"10","loginTime":"2017-12-13 - 2018-01-11","orderby":{"postid":"asc"}}
[SELECT]	2018-01-11 15:46:28	SELECT count(*) as sum FROM repost WHERE `postid`=?	["9"]	::1	{"c":"MovieManage","m":"post","page":"1","num":"10","a":"reply","postid":"9","loginTime":"2017-12-13 - 2018-01-11","orderby":{"postid":"asc"}}
[SELECT]	2018-01-11 15:46:28	SELECT * FROM repost WHERE `postid`=? ORDER BY postid asc LIMIT 0,10	["9"]	::1	{"c":"MovieManage","m":"post","page":"1","num":"10","a":"reply","postid":"9","loginTime":"2017-12-13 - 2018-01-11","orderby":{"postid":"asc"}}
[SELECT]	2018-01-11 15:46:41	SELECT * FROM role WHERE `id`=?	["1"]	::1	{"c":"System","m":"menu"}
[SELECT]	2018-01-11 15:46:41	SELECT * FROM `menu` WHERE `id` in (1,2,10,3,12,13,6,7,8,9,11) ORDER BY `sort`	[]	::1	{"c":"System","m":"menu"}
[SELECT]	2018-01-11 15:46:41	SELECT id,userName FROM user	null	::1	{"c":"Common","m":"getUsersInfo"}
[SELECT]	2018-01-11 15:46:41	SELECT count(*) as sum FROM post	null	::1	{"c":"MovieManage","m":"post","page":"1","num":"10","loginTime":"2017-12-13 - 2018-01-11","orderby":{"postid":"asc"}}
[SELECT]	2018-01-11 15:46:41	SELECT postid,title,userid,username,posttime,reply,lastreply FROM post ORDER BY postid asc LIMIT 0,10	null	::1	{"c":"MovieManage","m":"post","page":"1","num":"10","loginTime":"2017-12-13 - 2018-01-11","orderby":{"postid":"asc"}}
[SELECT]	2018-01-11 15:46:44	SELECT count(*) as sum FROM repost WHERE `postid`=?	["7"]	::1	{"c":"MovieManage","m":"post","page":"1","num":"10","a":"reply","postid":"7","loginTime":"2017-12-13 - 2018-01-11","orderby":{"postid":"asc"}}
[SELECT]	2018-01-11 15:46:44	SELECT * FROM repost WHERE `postid`=? ORDER BY postid asc LIMIT 0,10	["7"]	::1	{"c":"MovieManage","m":"post","page":"1","num":"10","a":"reply","postid":"7","loginTime":"2017-12-13 - 2018-01-11","orderby":{"postid":"asc"}}
[SELECT]	2018-01-11 15:46:47	SELECT count(*) as sum FROM repost WHERE `postid`=?	["9"]	::1	{"c":"MovieManage","m":"post","page":"1","num":"10","a":"reply","postid":"9","loginTime":"2017-12-13 - 2018-01-11","orderby":{"postid":"asc"}}
[SELECT]	2018-01-11 15:46:47	SELECT * FROM repost WHERE `postid`=? ORDER BY postid asc LIMIT 0,10	["9"]	::1	{"c":"MovieManage","m":"post","page":"1","num":"10","a":"reply","postid":"9","loginTime":"2017-12-13 - 2018-01-11","orderby":{"postid":"asc"}}
[SELECT]	2018-01-11 16:03:38	SELECT count(*) as sum FROM post	null	::1	{"c":"MovieManage","m":"post","page":"2","num":"10","loginTime":"2017-12-13 - 2018-01-11","orderby":{"postid":"asc"}}
[SELECT]	2018-01-11 16:03:38	SELECT postid,title,userid,username,posttime,reply,lastreply FROM post ORDER BY postid asc LIMIT 10,10	null	::1	{"c":"MovieManage","m":"post","page":"2","num":"10","loginTime":"2017-12-13 - 2018-01-11","orderby":{"postid":"asc"}}
[SELECT]	2018-01-11 16:03:40	SELECT count(*) as sum FROM post	null	::1	{"c":"MovieManage","m":"post","page":"3","num":"10","loginTime":"2017-12-13 - 2018-01-11","orderby":{"postid":"asc"}}
[SELECT]	2018-01-11 16:03:40	SELECT postid,title,userid,username,posttime,reply,lastreply FROM post ORDER BY postid asc LIMIT 10,10	null	::1	{"c":"MovieManage","m":"post","page":"3","num":"10","loginTime":"2017-12-13 - 2018-01-11","orderby":{"postid":"asc"}}
[SELECT]	2018-01-11 16:03:48	SELECT count(*) as sum FROM post	null	::1	{"c":"MovieManage","m":"post","page":"3","num":"10","loginTime":"2017-12-13 - 2018-01-11","orderby":{"postid":"asc"}}
[SELECT]	2018-01-11 16:03:48	SELECT postid,title,userid,username,posttime,reply,lastreply FROM post ORDER BY postid asc LIMIT 10,10	null	::1	{"c":"MovieManage","m":"post","page":"3","num":"10","loginTime":"2017-12-13 - 2018-01-11","orderby":{"postid":"asc"}}
[SELECT]	2018-01-11 16:03:50	SELECT * FROM role WHERE `id`=?	["1"]	::1	{"c":"System","m":"menu"}
[SELECT]	2018-01-11 16:03:50	SELECT * FROM `menu` WHERE `id` in (1,2,10,3,12,13,6,7,8,9,11) ORDER BY `sort`	[]	::1	{"c":"System","m":"menu"}
[SELECT]	2018-01-11 16:03:50	SELECT id,userName FROM user	null	::1	{"c":"Common","m":"getUsersInfo"}
[SELECT]	2018-01-11 16:03:50	SELECT count(*) as sum FROM post	null	::1	{"c":"MovieManage","m":"post","page":"1","num":"10","loginTime":"2017-12-13 - 2018-01-11","orderby":{"postid":"asc"}}
[SELECT]	2018-01-11 16:03:50	SELECT postid,title,userid,username,posttime,reply,lastreply FROM post ORDER BY postid asc LIMIT 0,10	null	::1	{"c":"MovieManage","m":"post","page":"1","num":"10","loginTime":"2017-12-13 - 2018-01-11","orderby":{"postid":"asc"}}
[SELECT]	2018-01-11 16:03:51	SELECT count(*) as sum FROM post	null	::1	{"c":"MovieManage","m":"post","page":"2","num":"10","loginTime":"2017-12-13 - 2018-01-11","orderby":{"postid":"asc"}}
[SELECT]	2018-01-11 16:03:52	SELECT postid,title,userid,username,posttime,reply,lastreply FROM post ORDER BY postid asc LIMIT 10,10	null	::1	{"c":"MovieManage","m":"post","page":"2","num":"10","loginTime":"2017-12-13 - 2018-01-11","orderby":{"postid":"asc"}}
[SELECT]	2018-01-11 16:03:54	SELECT count(*) as sum FROM post	null	::1	{"c":"MovieManage","m":"post","page":"1","num":"10","loginTime":"2017-12-13 - 2018-01-11","orderby":{"postid":"asc"}}
[SELECT]	2018-01-11 16:03:54	SELECT postid,title,userid,username,posttime,reply,lastreply FROM post ORDER BY postid asc LIMIT 0,10	null	::1	{"c":"MovieManage","m":"post","page":"1","num":"10","loginTime":"2017-12-13 - 2018-01-11","orderby":{"postid":"asc"}}
[SELECT]	2018-01-11 16:11:45	SELECT * FROM role WHERE `id`=?	["1"]	::1	{"c":"System","m":"menu"}
[SELECT]	2018-01-11 16:11:45	SELECT * FROM `menu` WHERE `id` in (1,2,10,3,12,13,6,7,8,9,11) ORDER BY `sort`	[]	::1	{"c":"System","m":"menu"}
[SELECT]	2018-01-11 16:11:45	SELECT id,userName FROM user	null	::1	{"c":"Common","m":"getUsersInfo"}
[SELECT]	2018-01-11 16:11:45	SELECT count(*) as sum FROM post	null	::1	{"c":"MovieManage","m":"post","page":"1","num":"10","loginTime":"2017-12-13 - 2018-01-11","orderby":{"postid":"asc"}}
[SELECT]	2018-01-11 16:11:45	SELECT postid,title,userid,username,posttime,reply,lastreply FROM post ORDER BY postid asc LIMIT 0,10	null	::1	{"c":"MovieManage","m":"post","page":"1","num":"10","loginTime":"2017-12-13 - 2018-01-11","orderby":{"postid":"asc"}}
[SELECT]	2018-01-11 16:11:49	SELECT count(*) as sum FROM repost WHERE `postid`=?	["7"]	::1	{"c":"MovieManage","m":"post","page":"1","num":"10","a":"reply","postid":"7","loginTime":"2017-12-13 - 2018-01-11","orderby":{"postid":"asc"}}
[SELECT]	2018-01-11 16:11:49	SELECT * FROM repost WHERE `postid`=? ORDER BY postid asc LIMIT 0,10	["7"]	::1	{"c":"MovieManage","m":"post","page":"1","num":"10","a":"reply","postid":"7","loginTime":"2017-12-13 - 2018-01-11","orderby":{"postid":"asc"}}
[SELECT]	2018-01-11 16:12:03	SELECT * FROM role WHERE `id`=?	["1"]	::1	{"c":"System","m":"menu"}
[SELECT]	2018-01-11 16:12:03	SELECT * FROM `menu` WHERE `id` in (1,2,10,3,12,13,6,7,8,9,11) ORDER BY `sort`	[]	::1	{"c":"System","m":"menu"}
[SELECT]	2018-01-11 16:12:03	SELECT count(*) as sum FROM post	null	::1	{"c":"MovieManage","m":"post","page":"1","num":"10","loginTime":"2017-12-13 - 2018-01-11","orderby":{"postid":"asc"}}
[SELECT]	2018-01-11 16:12:03	SELECT postid,title,userid,username,posttime,reply,lastreply FROM post ORDER BY postid asc LIMIT 0,10	null	::1	{"c":"MovieManage","m":"post","page":"1","num":"10","loginTime":"2017-12-13 - 2018-01-11","orderby":{"postid":"asc"}}
[SELECT]	2018-01-11 16:12:03	SELECT id,userName FROM user	null	::1	{"c":"Common","m":"getUsersInfo"}
[SELECT]	2018-01-11 16:12:05	SELECT count(*) as sum FROM repost WHERE `postid`=?	["9"]	::1	{"c":"MovieManage","m":"post","page":"1","num":"10","a":"reply","postid":"9","loginTime":"2017-12-13 - 2018-01-11","orderby":{"postid":"asc"}}
[SELECT]	2018-01-11 16:12:05	SELECT * FROM repost WHERE `postid`=? ORDER BY postid asc LIMIT 0,10	["9"]	::1	{"c":"MovieManage","m":"post","page":"1","num":"10","a":"reply","postid":"9","loginTime":"2017-12-13 - 2018-01-11","orderby":{"postid":"asc"}}
[SELECT]	2018-01-11 16:12:38	SELECT * FROM role WHERE `id`=?	["1"]	::1	{"c":"System","m":"menu"}
[SELECT]	2018-01-11 16:12:38	SELECT * FROM `menu` WHERE `id` in (1,2,10,3,12,13,6,7,8,9,11) ORDER BY `sort`	[]	::1	{"c":"System","m":"menu"}
[SELECT]	2018-01-11 16:12:38	SELECT id,userName FROM user	null	::1	{"c":"Common","m":"getUsersInfo"}
[SELECT]	2018-01-11 16:12:38	SELECT count(*) as sum FROM post	null	::1	{"c":"MovieManage","m":"post","page":"1","num":"10","loginTime":"2017-12-13 - 2018-01-11","orderby":{"postid":"asc"}}
[SELECT]	2018-01-11 16:12:38	SELECT postid,title,userid,username,posttime,reply,lastreply FROM post ORDER BY postid asc LIMIT 0,10	null	::1	{"c":"MovieManage","m":"post","page":"1","num":"10","loginTime":"2017-12-13 - 2018-01-11","orderby":{"postid":"asc"}}
[SELECT]	2018-01-11 16:12:40	SELECT count(*) as sum FROM repost WHERE `postid`=?	["7"]	::1	{"c":"MovieManage","m":"post","page":"1","num":"10","a":"reply","postid":"7","loginTime":"2017-12-13 - 2018-01-11","orderby":{"postid":"asc"}}
[SELECT]	2018-01-11 16:12:40	SELECT * FROM repost WHERE `postid`=? ORDER BY postid asc LIMIT 0,10	["7"]	::1	{"c":"MovieManage","m":"post","page":"1","num":"10","a":"reply","postid":"7","loginTime":"2017-12-13 - 2018-01-11","orderby":{"postid":"asc"}}
[SELECT]	2018-01-11 16:16:22	SELECT * FROM role WHERE `id`=?	["1"]	::1	{"c":"System","m":"menu"}
[SELECT]	2018-01-11 16:16:22	SELECT * FROM `menu` WHERE `id` in (1,2,10,3,12,13,6,7,8,9,11) ORDER BY `sort`	[]	::1	{"c":"System","m":"menu"}
[SELECT]	2018-01-11 16:16:24	SELECT count(*) as sum FROM post	null	::1	{"c":"MovieManage","m":"post","page":"1","num":"10","loginTime":"2017-12-13 - 2018-01-11","orderby":{"postid":"asc"}}
[SELECT]	2018-01-11 16:16:24	SELECT postid,title,userid,username,posttime,reply,lastreply FROM post ORDER BY postid asc LIMIT 0,10	null	::1	{"c":"MovieManage","m":"post","page":"1","num":"10","loginTime":"2017-12-13 - 2018-01-11","orderby":{"postid":"asc"}}
[SELECT]	2018-01-11 16:16:24	SELECT id,userName FROM user	null	::1	{"c":"Common","m":"getUsersInfo"}
[SELECT]	2018-01-11 16:16:27	SELECT count(*) as sum FROM repost WHERE `postid`=?	["9"]	::1	{"c":"MovieManage","m":"post","page":"1","num":"10","a":"reply","postid":"9","loginTime":"2017-12-13 - 2018-01-11","orderby":{"postid":"asc"}}
[SELECT]	2018-01-11 16:16:27	SELECT * FROM repost WHERE `postid`=? ORDER BY postid asc LIMIT 0,10	["9"]	::1	{"c":"MovieManage","m":"post","page":"1","num":"10","a":"reply","postid":"9","loginTime":"2017-12-13 - 2018-01-11","orderby":{"postid":"asc"}}
[SELECT]	2018-01-11 16:21:59	SELECT * FROM role WHERE `id`=?	["1"]	::1	{"c":"System","m":"menu"}
[SELECT]	2018-01-11 16:22:00	SELECT * FROM `menu` WHERE `id` in (1,2,10,3,12,13,6,7,8,9,11) ORDER BY `sort`	[]	::1	{"c":"System","m":"menu"}
[SELECT]	2018-01-11 16:22:23	SELECT * FROM role WHERE `id`=?	["1"]	::1	{"c":"System","m":"menu"}
[SELECT]	2018-01-11 16:22:23	SELECT * FROM `menu` WHERE `id` in (1,2,10,3,12,13,6,7,8,9,11) ORDER BY `sort`	[]	::1	{"c":"System","m":"menu"}
[SELECT]	2018-01-11 16:22:31	SELECT * FROM role WHERE `id`=?	["1"]	::1	{"c":"System","m":"menu"}
[SELECT]	2018-01-11 16:22:31	SELECT * FROM `menu` WHERE `id` in (1,2,10,3,12,13,6,7,8,9,11) ORDER BY `sort`	[]	::1	{"c":"System","m":"menu"}
[SELECT]	2018-01-11 16:23:05	SELECT * FROM role WHERE `id`=?	["1"]	::1	{"c":"System","m":"menu"}
[SELECT]	2018-01-11 16:23:05	SELECT * FROM `menu` WHERE `id` in (1,2,10,3,12,13,6,7,8,9,11) ORDER BY `sort`	[]	::1	{"c":"System","m":"menu"}
[SELECT]	2018-01-11 16:23:44	SELECT * FROM role WHERE `id`=?	["1"]	::1	{"c":"System","m":"menu"}
[SELECT]	2018-01-11 16:23:44	SELECT * FROM `menu` WHERE `id` in (1,2,10,3,12,13,6,7,8,9,11) ORDER BY `sort`	[]	::1	{"c":"System","m":"menu"}
[SELECT]	2018-01-11 16:30:34	SELECT id,userName FROM user	null	::1	{"c":"Common","m":"getUsersInfo"}
[SELECT]	2018-01-11 16:30:34	SELECT count(*) as sum FROM post	null	::1	{"c":"MovieManage","m":"post","page":"1","num":"10","loginTime":"2017-12-13 - 2018-01-11","orderby":{"postid":"asc"}}
[SELECT]	2018-01-11 16:30:34	SELECT postid,title,userid,username,posttime,reply,lastreply FROM post ORDER BY postid asc LIMIT 0,10	null	::1	{"c":"MovieManage","m":"post","page":"1","num":"10","loginTime":"2017-12-13 - 2018-01-11","orderby":{"postid":"asc"}}
[SELECT]	2018-01-11 16:31:12	SELECT * FROM role WHERE `id`=?	["1"]	::1	{"c":"System","m":"menu"}
[SELECT]	2018-01-11 16:31:12	SELECT * FROM `menu` WHERE `id` in (1,2,10,3,12,13,6,7,8,9,11) ORDER BY `sort`	[]	::1	{"c":"System","m":"menu"}
[SELECT]	2018-01-11 16:31:12	SELECT id,userName FROM user	null	::1	{"c":"Common","m":"getUsersInfo"}
[SELECT]	2018-01-11 16:31:12	SELECT count(*) as sum FROM post	null	::1	{"c":"MovieManage","m":"post","page":"1","num":"10","loginTime":"2017-12-13 - 2018-01-11","orderby":{"postid":"asc"}}
[SELECT]	2018-01-11 16:31:12	SELECT postid,title,userid,username,posttime,reply,lastreply FROM post ORDER BY postid asc LIMIT 0,10	null	::1	{"c":"MovieManage","m":"post","page":"1","num":"10","loginTime":"2017-12-13 - 2018-01-11","orderby":{"postid":"asc"}}
[SELECT]	2018-01-11 16:33:22	SELECT * FROM role WHERE `id`=?	["1"]	::1	{"c":"System","m":"menu"}
[SELECT]	2018-01-11 16:33:22	SELECT * FROM `menu` WHERE `id` in (1,2,10,3,12,13,6,7,8,9,11) ORDER BY `sort`	[]	::1	{"c":"System","m":"menu"}
[SELECT]	2018-01-11 16:33:22	SELECT id,userName FROM user	null	::1	{"c":"Common","m":"getUsersInfo"}
[SELECT]	2018-01-11 16:33:22	SELECT count(*) as sum FROM post	null	::1	{"c":"MovieManage","m":"post","page":"1","num":"10","loginTime":"2017-12-13 - 2018-01-11","orderby":{"postid":"asc"}}
[SELECT]	2018-01-11 16:33:22	SELECT postid,title,userid,username,posttime,reply,lastreply FROM post ORDER BY postid asc LIMIT 0,10	null	::1	{"c":"MovieManage","m":"post","page":"1","num":"10","loginTime":"2017-12-13 - 2018-01-11","orderby":{"postid":"asc"}}
[SELECT]	2018-01-11 16:33:28	SELECT * FROM post WHERE `postid`=?	["1"]	::1	{"c":"MovieManage","m":"post","a":"detail","postid":"1","title":"\u5982\u4f55\u7528\u300a\u8bd7\u7ecf\u300b\u53d6\u4e2a\u503e\u56fd\u503e\u57ce\u7684\u597d\u540d\u5b57\uff1f","userid":"1","username":"whx","posttime":"1509418193","reply":"0","lastreply":"0"}
[SELECT]	2018-01-11 16:35:44	SELECT * FROM role WHERE `id`=?	["1"]	::1	{"c":"System","m":"menu"}
[SELECT]	2018-01-11 16:35:44	SELECT * FROM `menu` WHERE `id` in (1,2,10,3,12,13,6,7,8,9,11) ORDER BY `sort`	[]	::1	{"c":"System","m":"menu"}
[SELECT]	2018-01-11 16:35:44	SELECT id,userName FROM user	null	::1	{"c":"Common","m":"getUsersInfo"}
[SELECT]	2018-01-11 16:35:45	SELECT count(*) as sum FROM post	null	::1	{"c":"MovieManage","m":"post","page":"1","num":"10","loginTime":"2017-12-13 - 2018-01-11","orderby":{"postid":"asc"}}
[SELECT]	2018-01-11 16:35:45	SELECT postid,title,userid,username,posttime,reply,lastreply FROM post ORDER BY postid asc LIMIT 0,10	null	::1	{"c":"MovieManage","m":"post","page":"1","num":"10","loginTime":"2017-12-13 - 2018-01-11","orderby":{"postid":"asc"}}
[SELECT]	2018-01-11 16:35:47	SELECT count(*) as sum FROM repost WHERE `postid`=?	["1"]	::1	{"c":"MovieManage","m":"post","page":"1","num":"10","a":"reply","postid":"1","loginTime":"2017-12-13 - 2018-01-11","orderby":{"postid":"asc"}}
[SELECT]	2018-01-11 16:35:47	SELECT * FROM repost WHERE `postid`=? ORDER BY postid asc LIMIT 0,10	["1"]	::1	{"c":"MovieManage","m":"post","page":"1","num":"10","a":"reply","postid":"1","loginTime":"2017-12-13 - 2018-01-11","orderby":{"postid":"asc"}}
[SELECT]	2018-01-11 16:35:51	SELECT count(*) as sum FROM repost WHERE `postid`=?	["9"]	::1	{"c":"MovieManage","m":"post","page":"1","num":"10","a":"reply","postid":"9","loginTime":"2017-12-13 - 2018-01-11","orderby":{"postid":"asc"}}
[SELECT]	2018-01-11 16:35:51	SELECT * FROM repost WHERE `postid`=? ORDER BY postid asc LIMIT 0,10	["9"]	::1	{"c":"MovieManage","m":"post","page":"1","num":"10","a":"reply","postid":"9","loginTime":"2017-12-13 - 2018-01-11","orderby":{"postid":"asc"}}
[SELECT]	2018-01-11 16:36:54	SELECT * FROM role WHERE `id`=?	["1"]	::1	{"c":"System","m":"menu"}
[SELECT]	2018-01-11 16:36:54	SELECT * FROM `menu` WHERE `id` in (1,2,10,3,12,13,6,7,8,9,11) ORDER BY `sort`	[]	::1	{"c":"System","m":"menu"}
[SELECT]	2018-01-11 16:36:54	SELECT count(*) as sum FROM post	null	::1	{"c":"MovieManage","m":"post","page":"1","num":"10","loginTime":"2017-12-13 - 2018-01-11","orderby":{"postid":"asc"}}
[SELECT]	2018-01-11 16:36:54	SELECT postid,title,userid,username,posttime,reply,lastreply FROM post ORDER BY postid asc LIMIT 0,10	null	::1	{"c":"MovieManage","m":"post","page":"1","num":"10","loginTime":"2017-12-13 - 2018-01-11","orderby":{"postid":"asc"}}
[SELECT]	2018-01-11 16:36:54	SELECT id,userName FROM user	null	::1	{"c":"Common","m":"getUsersInfo"}
[SELECT]	2018-01-11 16:36:59	SELECT count(*) as sum FROM repost WHERE `postid`=?	["9"]	::1	{"c":"MovieManage","m":"post","page":"1","num":"10","a":"reply","postid":"9","loginTime":"2017-12-13 - 2018-01-11","orderby":{"postid":"asc"}}
[SELECT]	2018-01-11 16:36:59	SELECT * FROM repost WHERE `postid`=? ORDER BY postid asc LIMIT 0,10	["9"]	::1	{"c":"MovieManage","m":"post","page":"1","num":"10","a":"reply","postid":"9","loginTime":"2017-12-13 - 2018-01-11","orderby":{"postid":"asc"}}
[SELECT]	2018-01-11 19:40:17	SELECT count(*) as sum FROM post	null	::1	{"c":"MovieManage","m":"post","page":"2","num":"10","loginTime":"2017-12-13 - 2018-01-11","orderby":{"postid":"asc"}}
[SELECT]	2018-01-11 19:40:17	SELECT postid,title,userid,username,posttime,reply,lastreply FROM post ORDER BY postid asc LIMIT 10,10	null	::1	{"c":"MovieManage","m":"post","page":"2","num":"10","loginTime":"2017-12-13 - 2018-01-11","orderby":{"postid":"asc"}}
[SELECT]	2018-01-11 19:40:21	SELECT count(*) as sum FROM post	null	::1	{"c":"MovieManage","m":"post","page":"1","num":"25","loginTime":"2017-12-13 - 2018-01-11","orderby":{"postid":"asc"}}
[SELECT]	2018-01-11 19:40:21	SELECT postid,title,userid,username,posttime,reply,lastreply FROM post ORDER BY postid asc LIMIT 0,25	null	::1	{"c":"MovieManage","m":"post","page":"1","num":"25","loginTime":"2017-12-13 - 2018-01-11","orderby":{"postid":"asc"}}
[SELECT]	2018-01-11 19:40:26	SELECT count(*) as sum FROM post	null	::1	{"c":"MovieManage","m":"post","page":"1","num":"10","loginTime":"2017-12-13 - 2018-01-11","orderby":{"postid":"asc"}}
[SELECT]	2018-01-11 19:40:26	SELECT postid,title,userid,username,posttime,reply,lastreply FROM post ORDER BY postid asc LIMIT 0,10	null	::1	{"c":"MovieManage","m":"post","page":"1","num":"10","loginTime":"2017-12-13 - 2018-01-11","orderby":{"postid":"asc"}}
[SELECT]	2018-01-11 19:46:07	SELECT count(*) as sum FROM repost WHERE `postid`=?	["2"]	::1	{"c":"MovieManage","m":"post","page":"1","num":"10","a":"reply","postid":"2","loginTime":"2017-12-13 - 2018-01-11","orderby":{"postid":"asc"}}
[SELECT]	2018-01-11 19:46:07	SELECT * FROM repost WHERE `postid`=? ORDER BY postid asc LIMIT 0,10	["2"]	::1	{"c":"MovieManage","m":"post","page":"1","num":"10","a":"reply","postid":"2","loginTime":"2017-12-13 - 2018-01-11","orderby":{"postid":"asc"}}
[SELECT]	2018-01-11 19:46:09	SELECT count(*) as sum FROM repost WHERE `postid`=?	["9"]	::1	{"c":"MovieManage","m":"post","page":"1","num":"10","a":"reply","postid":"9","loginTime":"2017-12-13 - 2018-01-11","orderby":{"postid":"asc"}}
[SELECT]	2018-01-11 19:46:09	SELECT * FROM repost WHERE `postid`=? ORDER BY postid asc LIMIT 0,10	["9"]	::1	{"c":"MovieManage","m":"post","page":"1","num":"10","a":"reply","postid":"9","loginTime":"2017-12-13 - 2018-01-11","orderby":{"postid":"asc"}}
[SELECT]	2018-01-11 19:46:15	SELECT * FROM role WHERE `id`=?	["1"]	::1	{"c":"System","m":"menu"}
[SELECT]	2018-01-11 19:46:15	SELECT * FROM `menu` WHERE `id` in (1,2,10,3,12,13,6,7,8,9,11) ORDER BY `sort`	[]	::1	{"c":"System","m":"menu"}
[SELECT]	2018-01-11 19:46:15	SELECT id,userName FROM user	null	::1	{"c":"Common","m":"getUsersInfo"}
[SELECT]	2018-01-11 19:46:15	SELECT count(*) as sum FROM post	null	::1	{"c":"MovieManage","m":"post","page":"1","num":"10","loginTime":"2017-12-13 - 2018-01-11","orderby":{"postid":"asc"}}
[SELECT]	2018-01-11 19:46:15	SELECT postid,title,userid,username,posttime,reply,lastreply FROM post ORDER BY postid asc LIMIT 0,10	null	::1	{"c":"MovieManage","m":"post","page":"1","num":"10","loginTime":"2017-12-13 - 2018-01-11","orderby":{"postid":"asc"}}
[SELECT]	2018-01-11 19:46:17	SELECT count(*) as sum FROM repost WHERE `postid`=?	["9"]	::1	{"c":"MovieManage","m":"post","page":"1","num":"10","a":"reply","postid":"9","loginTime":"2017-12-13 - 2018-01-11","orderby":{"postid":"asc"}}
[SELECT]	2018-01-11 19:46:17	SELECT * FROM repost WHERE `postid`=? ORDER BY postid asc LIMIT 0,10	["9"]	::1	{"c":"MovieManage","m":"post","page":"1","num":"10","a":"reply","postid":"9","loginTime":"2017-12-13 - 2018-01-11","orderby":{"postid":"asc"}}
[SELECT]	2018-01-11 19:48:41	SELECT * FROM role WHERE `id`=?	["1"]	::1	{"c":"System","m":"menu"}
[SELECT]	2018-01-11 19:48:41	SELECT * FROM `menu` WHERE `id` in (1,2,10,3,12,13,6,7,8,9,11) ORDER BY `sort`	[]	::1	{"c":"System","m":"menu"}
[SELECT]	2018-01-11 19:48:41	SELECT count(*) as sum FROM post	null	::1	{"c":"MovieManage","m":"post","page":"1","num":"10","loginTime":"2017-12-13 - 2018-01-11","orderby":{"postid":"asc"}}
[SELECT]	2018-01-11 19:48:41	SELECT postid,title,userid,username,posttime,reply,lastreply FROM post ORDER BY postid asc LIMIT 0,10	null	::1	{"c":"MovieManage","m":"post","page":"1","num":"10","loginTime":"2017-12-13 - 2018-01-11","orderby":{"postid":"asc"}}
[SELECT]	2018-01-11 19:48:41	SELECT id,userName FROM user	null	::1	{"c":"Common","m":"getUsersInfo"}
[SELECT]	2018-01-11 19:48:42	SELECT count(*) as sum FROM repost WHERE `postid`=?	["9"]	::1	{"c":"MovieManage","m":"post","page":"1","num":"10","a":"reply","postid":"9","loginTime":"2017-12-13 - 2018-01-11","orderby":{"postid":"asc"}}
[SELECT]	2018-01-11 19:48:42	SELECT * FROM repost WHERE `postid`=? ORDER BY postid asc LIMIT 0,10	["9"]	::1	{"c":"MovieManage","m":"post","page":"1","num":"10","a":"reply","postid":"9","loginTime":"2017-12-13 - 2018-01-11","orderby":{"postid":"asc"}}
[SELECT]	2018-01-11 19:51:10	SELECT * FROM role WHERE `id`=?	["1"]	::1	{"c":"System","m":"menu"}
[SELECT]	2018-01-11 19:51:10	SELECT * FROM `menu` WHERE `id` in (1,2,10,3,12,13,6,7,8,9,11) ORDER BY `sort`	[]	::1	{"c":"System","m":"menu"}
[SELECT]	2018-01-11 19:51:10	SELECT id,userName FROM user	null	::1	{"c":"Common","m":"getUsersInfo"}
[SELECT]	2018-01-11 19:51:10	SELECT count(*) as sum FROM post	null	::1	{"c":"MovieManage","m":"post","page":"1","num":"10","loginTime":"2017-12-13 - 2018-01-11","orderby":{"postid":"asc"}}
[SELECT]	2018-01-11 19:51:10	SELECT postid,title,userid,username,posttime,reply,lastreply FROM post ORDER BY postid asc LIMIT 0,10	null	::1	{"c":"MovieManage","m":"post","page":"1","num":"10","loginTime":"2017-12-13 - 2018-01-11","orderby":{"postid":"asc"}}
[SELECT]	2018-01-11 19:51:13	SELECT count(*) as sum FROM repost WHERE `postid`=?	["9"]	::1	{"c":"MovieManage","m":"post","page":"1","num":"10","a":"reply","postid":"9","loginTime":"2017-12-13 - 2018-01-11","orderby":{"postid":"asc"}}
[SELECT]	2018-01-11 19:51:13	SELECT * FROM repost WHERE `postid`=? ORDER BY postid asc LIMIT 0,10	["9"]	::1	{"c":"MovieManage","m":"post","page":"1","num":"10","a":"reply","postid":"9","loginTime":"2017-12-13 - 2018-01-11","orderby":{"postid":"asc"}}
[SELECT]	2018-01-11 19:51:44	SELECT count(*) as sum FROM repost WHERE `postid`=?	["9"]	::1	{"c":"MovieManage","m":"post","page":"1","num":"10","a":"reply","postid":"9","loginTime":"2017-12-13 - 2018-01-11","orderby":{"postid":"asc"}}
[SELECT]	2018-01-11 19:51:44	SELECT * FROM repost WHERE `postid`=? ORDER BY postid asc LIMIT 0,10	["9"]	::1	{"c":"MovieManage","m":"post","page":"1","num":"10","a":"reply","postid":"9","loginTime":"2017-12-13 - 2018-01-11","orderby":{"postid":"asc"}}
[SELECT]	2018-01-11 19:53:28	SELECT * FROM role WHERE `id`=?	["1"]	::1	{"c":"System","m":"menu"}
[SELECT]	2018-01-11 19:53:28	SELECT * FROM `menu` WHERE `id` in (1,2,10,3,12,13,6,7,8,9,11) ORDER BY `sort`	[]	::1	{"c":"System","m":"menu"}
[SELECT]	2018-01-11 19:53:28	SELECT id,userName FROM user	null	::1	{"c":"Common","m":"getUsersInfo"}
[SELECT]	2018-01-11 19:53:28	SELECT count(*) as sum FROM post	null	::1	{"c":"MovieManage","m":"post","page":"1","num":"10","loginTime":"2017-12-13 - 2018-01-11","orderby":{"postid":"asc"}}
[SELECT]	2018-01-11 19:53:28	SELECT postid,title,userid,username,posttime,reply,lastreply FROM post ORDER BY postid asc LIMIT 0,10	null	::1	{"c":"MovieManage","m":"post","page":"1","num":"10","loginTime":"2017-12-13 - 2018-01-11","orderby":{"postid":"asc"}}
[SELECT]	2018-01-11 19:53:30	SELECT count(*) as sum FROM repost WHERE `postid`=?	["9"]	::1	{"c":"MovieManage","m":"post","page":"1","num":"10","a":"reply","postid":"9","loginTime":"2017-12-13 - 2018-01-11","orderby":{"postid":"asc"}}
[SELECT]	2018-01-11 19:53:30	SELECT * FROM repost WHERE `postid`=? ORDER BY postid asc LIMIT 0,10	["9"]	::1	{"c":"MovieManage","m":"post","page":"1","num":"10","a":"reply","postid":"9","loginTime":"2017-12-13 - 2018-01-11","orderby":{"postid":"asc"}}
[SELECT]	2018-01-11 19:55:45	SELECT * FROM role WHERE `id`=?	["1"]	::1	{"c":"System","m":"menu"}
[SELECT]	2018-01-11 19:55:45	SELECT * FROM `menu` WHERE `id` in (1,2,10,3,12,13,6,7,8,9,11) ORDER BY `sort`	[]	::1	{"c":"System","m":"menu"}
[SELECT]	2018-01-11 19:55:45	SELECT id,userName FROM user	null	::1	{"c":"Common","m":"getUsersInfo"}
[SELECT]	2018-01-11 19:55:45	SELECT count(*) as sum FROM post	null	::1	{"c":"MovieManage","m":"post","page":"1","num":"10","loginTime":"2017-12-13 - 2018-01-11","orderby":{"postid":"asc"}}
[SELECT]	2018-01-11 19:55:45	SELECT postid,title,userid,username,posttime,reply,lastreply FROM post ORDER BY postid asc LIMIT 0,10	null	::1	{"c":"MovieManage","m":"post","page":"1","num":"10","loginTime":"2017-12-13 - 2018-01-11","orderby":{"postid":"asc"}}
[SELECT]	2018-01-11 19:55:48	SELECT count(*) as sum FROM post	null	::1	{"c":"MovieManage","m":"post","page":"2","num":"10","loginTime":"2017-12-13 - 2018-01-11","orderby":{"postid":"asc"}}
[SELECT]	2018-01-11 19:55:48	SELECT postid,title,userid,username,posttime,reply,lastreply FROM post ORDER BY postid asc LIMIT 10,10	null	::1	{"c":"MovieManage","m":"post","page":"2","num":"10","loginTime":"2017-12-13 - 2018-01-11","orderby":{"postid":"asc"}}
[SELECT]	2018-01-11 19:55:49	SELECT count(*) as sum FROM repost WHERE `postid`=?	["12"]	::1	{"c":"MovieManage","m":"post","page":"1","num":"10","a":"reply","postid":"12","loginTime":"2017-12-13 - 2018-01-11","orderby":{"postid":"asc"}}
[SELECT]	2018-01-11 19:55:49	SELECT * FROM repost WHERE `postid`=? ORDER BY postid asc LIMIT 0,10	["12"]	::1	{"c":"MovieManage","m":"post","page":"1","num":"10","a":"reply","postid":"12","loginTime":"2017-12-13 - 2018-01-11","orderby":{"postid":"asc"}}
[SELECT]	2018-01-11 19:57:58	SELECT * FROM role WHERE `id`=?	["1"]	::1	{"c":"System","m":"menu"}
[SELECT]	2018-01-11 19:57:58	SELECT * FROM `menu` WHERE `id` in (1,2,10,3,12,13,6,7,8,9,11) ORDER BY `sort`	[]	::1	{"c":"System","m":"menu"}
[SELECT]	2018-01-11 19:57:58	SELECT id,userName FROM user	null	::1	{"c":"Common","m":"getUsersInfo"}
[SELECT]	2018-01-11 19:57:58	SELECT count(*) as sum FROM post	null	::1	{"c":"MovieManage","m":"post","page":"1","num":"10","loginTime":"2017-12-13 - 2018-01-11","orderby":{"postid":"asc"}}
[SELECT]	2018-01-11 19:57:58	SELECT postid,title,userid,username,posttime,reply,lastreply FROM post ORDER BY postid asc LIMIT 0,10	null	::1	{"c":"MovieManage","m":"post","page":"1","num":"10","loginTime":"2017-12-13 - 2018-01-11","orderby":{"postid":"asc"}}
[SELECT]	2018-01-11 19:58:19	SELECT * FROM role WHERE `id`=?	["1"]	::1	{"c":"System","m":"menu"}
[SELECT]	2018-01-11 19:58:19	SELECT * FROM `menu` WHERE `id` in (1,2,10,3,12,13,6,7,8,9,11) ORDER BY `sort`	[]	::1	{"c":"System","m":"menu"}
[SELECT]	2018-01-11 19:58:19	SELECT id,userName FROM user	null	::1	{"c":"Common","m":"getUsersInfo"}
[SELECT]	2018-01-11 19:58:19	SELECT count(*) as sum FROM post	null	::1	{"c":"MovieManage","m":"post","page":"1","num":"10","loginTime":"2017-12-13 - 2018-01-11","orderby":{"postid":"asc"}}
[SELECT]	2018-01-11 19:58:19	SELECT postid,title,userid,username,posttime,reply,lastreply FROM post ORDER BY postid asc LIMIT 0,10	null	::1	{"c":"MovieManage","m":"post","page":"1","num":"10","loginTime":"2017-12-13 - 2018-01-11","orderby":{"postid":"asc"}}
[SELECT]	2018-01-11 19:58:21	SELECT count(*) as sum FROM post	null	::1	{"c":"MovieManage","m":"post","page":"2","num":"10","loginTime":"2017-12-13 - 2018-01-11","orderby":{"postid":"asc"}}
[SELECT]	2018-01-11 19:58:21	SELECT postid,title,userid,username,posttime,reply,lastreply FROM post ORDER BY postid asc LIMIT 10,10	null	::1	{"c":"MovieManage","m":"post","page":"2","num":"10","loginTime":"2017-12-13 - 2018-01-11","orderby":{"postid":"asc"}}
[SELECT]	2018-01-11 19:58:22	SELECT count(*) as sum FROM repost WHERE `postid`=?	["12"]	::1	{"c":"MovieManage","m":"post","page":"1","num":"10","a":"reply","postid":"12","loginTime":"2017-12-13 - 2018-01-11","orderby":{"postid":"asc"}}
[SELECT]	2018-01-11 19:58:22	SELECT * FROM repost WHERE `postid`=? ORDER BY postid asc LIMIT 0,10	["12"]	::1	{"c":"MovieManage","m":"post","page":"1","num":"10","a":"reply","postid":"12","loginTime":"2017-12-13 - 2018-01-11","orderby":{"postid":"asc"}}
[SELECT]	2018-01-11 20:00:38	SELECT * FROM role WHERE `id`=?	["1"]	::1	{"c":"System","m":"menu"}
[SELECT]	2018-01-11 20:00:38	SELECT * FROM `menu` WHERE `id` in (1,2,10,3,12,13,6,7,8,9,11) ORDER BY `sort`	[]	::1	{"c":"System","m":"menu"}
[SELECT]	2018-01-11 20:00:38	SELECT id,userName FROM user	null	::1	{"c":"Common","m":"getUsersInfo"}
[SELECT]	2018-01-11 20:00:38	SELECT count(*) as sum FROM post	null	::1	{"c":"MovieManage","m":"post","page":"1","num":"10","loginTime":"2017-12-13 - 2018-01-11","orderby":{"postid":"asc"}}
[SELECT]	2018-01-11 20:00:38	SELECT postid,title,userid,username,posttime,reply,lastreply FROM post ORDER BY postid asc LIMIT 0,10	null	::1	{"c":"MovieManage","m":"post","page":"1","num":"10","loginTime":"2017-12-13 - 2018-01-11","orderby":{"postid":"asc"}}
[SELECT]	2018-01-11 20:00:39	SELECT count(*) as sum FROM post	null	::1	{"c":"MovieManage","m":"post","page":"2","num":"10","loginTime":"2017-12-13 - 2018-01-11","orderby":{"postid":"asc"}}
[SELECT]	2018-01-11 20:00:39	SELECT postid,title,userid,username,posttime,reply,lastreply FROM post ORDER BY postid asc LIMIT 10,10	null	::1	{"c":"MovieManage","m":"post","page":"2","num":"10","loginTime":"2017-12-13 - 2018-01-11","orderby":{"postid":"asc"}}
[SELECT]	2018-01-11 20:00:41	SELECT count(*) as sum FROM repost WHERE `postid`=?	["12"]	::1	{"c":"MovieManage","m":"post","page":"1","num":"10","a":"reply","postid":"12","loginTime":"2017-12-13 - 2018-01-11","orderby":{"postid":"asc"}}
[SELECT]	2018-01-11 20:00:41	SELECT * FROM repost WHERE `postid`=? ORDER BY postid asc LIMIT 0,10	["12"]	::1	{"c":"MovieManage","m":"post","page":"1","num":"10","a":"reply","postid":"12","loginTime":"2017-12-13 - 2018-01-11","orderby":{"postid":"asc"}}
[SELECT]	2018-01-11 20:00:43	SELECT count(*) as sum FROM post	null	::1	{"c":"MovieManage","m":"post","page":"2","num":"10","loginTime":"2017-12-13 - 2018-01-11","orderby":{"postid":"asc"}}
[SELECT]	2018-01-11 20:00:43	SELECT postid,title,userid,username,posttime,reply,lastreply FROM post ORDER BY postid asc LIMIT 10,10	null	::1	{"c":"MovieManage","m":"post","page":"2","num":"10","loginTime":"2017-12-13 - 2018-01-11","orderby":{"postid":"asc"}}
[SELECT]	2018-01-11 20:00:44	SELECT count(*) as sum FROM post	null	::1	{"c":"MovieManage","m":"post","page":"2","num":"10","loginTime":"2017-12-13 - 2018-01-11","orderby":{"postid":"asc"}}
[SELECT]	2018-01-11 20:00:44	SELECT postid,title,userid,username,posttime,reply,lastreply FROM post ORDER BY postid asc LIMIT 10,10	null	::1	{"c":"MovieManage","m":"post","page":"2","num":"10","loginTime":"2017-12-13 - 2018-01-11","orderby":{"postid":"asc"}}
[SELECT]	2018-01-11 20:00:55	SELECT count(*) as sum FROM repost WHERE `postid`=?	["12"]	::1	{"c":"MovieManage","m":"post","page":"1","num":"25","a":"reply","postid":"12","loginTime":"2017-12-13 - 2018-01-11","orderby":{"postid":"asc"}}
[SELECT]	2018-01-11 20:00:55	SELECT * FROM repost WHERE `postid`=? ORDER BY postid asc LIMIT 0,25	["12"]	::1	{"c":"MovieManage","m":"post","page":"1","num":"25","a":"reply","postid":"12","loginTime":"2017-12-13 - 2018-01-11","orderby":{"postid":"asc"}}
[SELECT]	2018-01-11 20:00:57	SELECT count(*) as sum FROM repost WHERE `postid`=?	["12"]	::1	{"c":"MovieManage","m":"post","page":"1","num":"10","a":"reply","postid":"12","loginTime":"2017-12-13 - 2018-01-11","orderby":{"postid":"asc"}}
[SELECT]	2018-01-11 20:00:57	SELECT * FROM repost WHERE `postid`=? ORDER BY postid asc LIMIT 0,10	["12"]	::1	{"c":"MovieManage","m":"post","page":"1","num":"10","a":"reply","postid":"12","loginTime":"2017-12-13 - 2018-01-11","orderby":{"postid":"asc"}}
[SELECT]	2018-01-11 20:01:00	SELECT count(*) as sum FROM post	null	::1	{"c":"MovieManage","m":"post","page":"2","num":"10","loginTime":"2017-12-13 - 2018-01-11","orderby":{"postid":"asc"}}
[SELECT]	2018-01-11 20:01:00	SELECT postid,title,userid,username,posttime,reply,lastreply FROM post ORDER BY postid asc LIMIT 10,10	null	::1	{"c":"MovieManage","m":"post","page":"2","num":"10","loginTime":"2017-12-13 - 2018-01-11","orderby":{"postid":"asc"}}
[SELECT]	2018-01-11 20:01:06	SELECT count(*) as sum FROM post	null	::1	{"c":"MovieManage","m":"post","page":"2","num":"10","loginTime":"2017-12-13 - 2018-01-11","orderby":{"postid":"asc"}}
[SELECT]	2018-01-11 20:01:06	SELECT postid,title,userid,username,posttime,reply,lastreply FROM post ORDER BY postid asc LIMIT 10,10	null	::1	{"c":"MovieManage","m":"post","page":"2","num":"10","loginTime":"2017-12-13 - 2018-01-11","orderby":{"postid":"asc"}}
[SELECT]	2018-01-11 20:01:08	SELECT count(*) as sum FROM post	null	::1	{"c":"MovieManage","m":"post","page":"2","num":"10","loginTime":"2017-12-13 - 2018-01-11","orderby":{"postid":"asc"}}
[SELECT]	2018-01-11 20:01:08	SELECT postid,title,userid,username,posttime,reply,lastreply FROM post ORDER BY postid asc LIMIT 10,10	null	::1	{"c":"MovieManage","m":"post","page":"2","num":"10","loginTime":"2017-12-13 - 2018-01-11","orderby":{"postid":"asc"}}
[SELECT]	2018-01-11 20:01:58	SELECT * FROM role WHERE `id`=?	["1"]	::1	{"c":"System","m":"menu"}
[SELECT]	2018-01-11 20:01:58	SELECT * FROM `menu` WHERE `id` in (1,2,10,3,12,13,6,7,8,9,11) ORDER BY `sort`	[]	::1	{"c":"System","m":"menu"}
[SELECT]	2018-01-11 20:01:59	SELECT id,userName FROM user	null	::1	{"c":"Common","m":"getUsersInfo"}
[SELECT]	2018-01-11 20:01:59	SELECT count(*) as sum FROM post	null	::1	{"c":"MovieManage","m":"post","page":"1","num":"10","loginTime":"2017-12-13 - 2018-01-11","orderby":{"postid":"asc"}}
[SELECT]	2018-01-11 20:01:59	SELECT postid,title,userid,username,posttime,reply,lastreply FROM post ORDER BY postid asc LIMIT 0,10	null	::1	{"c":"MovieManage","m":"post","page":"1","num":"10","loginTime":"2017-12-13 - 2018-01-11","orderby":{"postid":"asc"}}
[SELECT]	2018-01-11 20:02:01	SELECT count(*) as sum FROM post	null	::1	{"c":"MovieManage","m":"post","page":"2","num":"10","loginTime":"2017-12-13 - 2018-01-11","orderby":{"postid":"asc"}}
[SELECT]	2018-01-11 20:02:01	SELECT postid,title,userid,username,posttime,reply,lastreply FROM post ORDER BY postid asc LIMIT 10,10	null	::1	{"c":"MovieManage","m":"post","page":"2","num":"10","loginTime":"2017-12-13 - 2018-01-11","orderby":{"postid":"asc"}}
[SELECT]	2018-01-11 20:02:02	SELECT count(*) as sum FROM repost WHERE `postid`=?	["12"]	::1	{"c":"MovieManage","m":"post","page":"1","num":"10","a":"reply","postid":"12","loginTime":"2017-12-13 - 2018-01-11","orderby":{"postid":"asc"}}
[SELECT]	2018-01-11 20:02:02	SELECT * FROM repost WHERE `postid`=? ORDER BY postid asc LIMIT 0,10	["12"]	::1	{"c":"MovieManage","m":"post","page":"1","num":"10","a":"reply","postid":"12","loginTime":"2017-12-13 - 2018-01-11","orderby":{"postid":"asc"}}
[SELECT]	2018-01-11 20:02:07	SELECT count(*) as sum FROM repost WHERE `postid`=?	["12"]	::1	{"c":"MovieManage","m":"post","page":"2","num":"10","a":"reply","postid":"12","loginTime":"2017-12-13 - 2018-01-11","orderby":{"postid":"asc"}}
[SELECT]	2018-01-11 20:02:07	SELECT * FROM repost WHERE `postid`=? ORDER BY postid asc LIMIT 10,10	["12"]	::1	{"c":"MovieManage","m":"post","page":"2","num":"10","a":"reply","postid":"12","loginTime":"2017-12-13 - 2018-01-11","orderby":{"postid":"asc"}}
[SELECT]	2018-01-11 20:02:10	SELECT count(*) as sum FROM repost WHERE `postid`=?	["12"]	::1	{"c":"MovieManage","m":"post","page":"1","num":"10","a":"reply","postid":"12","loginTime":"2017-12-13 - 2018-01-11","orderby":{"postid":"asc"}}
[SELECT]	2018-01-11 20:02:10	SELECT * FROM repost WHERE `postid`=? ORDER BY postid asc LIMIT 0,10	["12"]	::1	{"c":"MovieManage","m":"post","page":"1","num":"10","a":"reply","postid":"12","loginTime":"2017-12-13 - 2018-01-11","orderby":{"postid":"asc"}}
[SELECT]	2018-01-11 20:02:13	SELECT count(*) as sum FROM repost WHERE `postid`=?	["12"]	::1	{"c":"MovieManage","m":"post","page":"2","num":"10","a":"reply","postid":"12","loginTime":"2017-12-13 - 2018-01-11","orderby":{"postid":"asc"}}
[SELECT]	2018-01-11 20:02:13	SELECT * FROM repost WHERE `postid`=? ORDER BY postid asc LIMIT 10,10	["12"]	::1	{"c":"MovieManage","m":"post","page":"2","num":"10","a":"reply","postid":"12","loginTime":"2017-12-13 - 2018-01-11","orderby":{"postid":"asc"}}
[SELECT]	2018-01-11 20:02:17	SELECT count(*) as sum FROM repost WHERE `postid`=?	["12"]	::1	{"c":"MovieManage","m":"post","page":"1","num":"25","a":"reply","postid":"12","loginTime":"2017-12-13 - 2018-01-11","orderby":{"postid":"asc"}}
[SELECT]	2018-01-11 20:02:17	SELECT * FROM repost WHERE `postid`=? ORDER BY postid asc LIMIT 0,25	["12"]	::1	{"c":"MovieManage","m":"post","page":"1","num":"25","a":"reply","postid":"12","loginTime":"2017-12-13 - 2018-01-11","orderby":{"postid":"asc"}}
[SELECT]	2018-01-11 20:03:08	SELECT * FROM role WHERE `id`=?	["1"]	::1	{"c":"System","m":"menu"}
[SELECT]	2018-01-11 20:03:08	SELECT * FROM `menu` WHERE `id` in (1,2,10,3,12,13,6,7,8,9,11) ORDER BY `sort`	[]	::1	{"c":"System","m":"menu"}
[SELECT]	2018-01-11 20:03:08	SELECT id,userName FROM user	null	::1	{"c":"Common","m":"getUsersInfo"}
[SELECT]	2018-01-11 20:03:08	SELECT count(*) as sum FROM post	null	::1	{"c":"MovieManage","m":"post","page":"1","num":"25","loginTime":"2017-12-13 - 2018-01-11","orderby":{"postid":"asc"}}
[SELECT]	2018-01-11 20:03:08	SELECT postid,title,userid,username,posttime,reply,lastreply FROM post ORDER BY postid asc LIMIT 0,25	null	::1	{"c":"MovieManage","m":"post","page":"1","num":"25","loginTime":"2017-12-13 - 2018-01-11","orderby":{"postid":"asc"}}
[SELECT]	2018-01-11 20:03:13	SELECT count(*) as sum FROM repost WHERE `postid`=?	["12"]	::1	{"c":"MovieManage","m":"post","page":"1","num":"25","a":"reply","postid":"12","loginTime":"2017-12-13 - 2018-01-11","orderby":{"postid":"asc"}}
[SELECT]	2018-01-11 20:03:13	SELECT * FROM repost WHERE `postid`=? ORDER BY postid asc LIMIT 0,25	["12"]	::1	{"c":"MovieManage","m":"post","page":"1","num":"25","a":"reply","postid":"12","loginTime":"2017-12-13 - 2018-01-11","orderby":{"postid":"asc"}}
