[SELECT]	2017-12-01 19:13:50	SELECT * FROM user WHERE `userName`=?	["admin"]	::1	{"c":"System","m":"login","pwd":"abc@123abc","loginname":"admin"}
[INSERT]	2017-12-01 19:13:50	INSERT INTO loginList (`userId`,`LoginIp`,`loginTime`) values (:userId, :LoginIp, :loginTime);	{"userId":"1","LoginIp":"::1","loginTime":1512126830}	::1	{"c":"System","m":"login","pwd":"abc@123abc","loginname":"admin"}
[SELECT]	2017-12-01 19:13:51	SELECT `privileges` FROM `role` WHERE `id`=1	[]	::1	{"c":"System","m":"menu"}
[SELECT]	2017-12-01 19:13:51	SELECT * FROM `menu` WHERE `id` in (1,2,3,4,5,6,7) ORDER BY `sort`	[]	::1	{"c":"System","m":"menu"}
[SELECT]	2017-12-01 19:13:55	SELECT id,userName FROM user	null	::1	{"c":"Common","m":"getUsersInfo"}
[SELECT]	2017-12-01 19:13:55	SELECT count(*) as sum FROM loginList WHERE `loginTime` between ? AND ?	[1509552000,1512143999]	::1	{"c":"System","m":"loginList","page":"1","num":"10","loginTime":"2017-11-02 - 2017-12-01","orderby":{"loginTime":"desc"}}
[SELECT]	2017-12-01 19:13:55	SELECT * FROM loginList WHERE `loginTime` between ? AND ? ORDER BY loginTime desc LIMIT 0,10	[1509552000,1512143999]	::1	{"c":"System","m":"loginList","page":"1","num":"10","loginTime":"2017-11-02 - 2017-12-01","orderby":{"loginTime":"desc"}}
[SELECT]	2017-12-01 19:13:55	SELECT id,userName FROM user	null	::1	{"c":"Common","m":"getUsersInfo"}
[SELECT]	2017-12-01 19:16:06	SELECT `privileges` FROM `role` WHERE `id`=1	[]	::1	{"c":"System","m":"menu"}
[SELECT]	2017-12-01 19:16:06	SELECT * FROM `menu` WHERE `id` in (1,2,3,4,5,6,7) ORDER BY `sort`	[]	::1	{"c":"System","m":"menu"}
[SELECT]	2017-12-01 19:16:10	SELECT id,userName FROM user	null	::1	{"c":"Common","m":"getUsersInfo"}
[SELECT]	2017-12-01 19:16:10	SELECT count(*) as sum FROM loginList WHERE `loginTime` between ? AND ?	[1509552000,1512143999]	::1	{"c":"System","m":"loginList","page":"1","num":"10","loginTime":"2017-11-02 - 2017-12-01","orderby":{"loginTime":"desc"}}
[SELECT]	2017-12-01 19:16:10	SELECT * FROM loginList WHERE `loginTime` between ? AND ? ORDER BY loginTime desc LIMIT 0,10	[1509552000,1512143999]	::1	{"c":"System","m":"loginList","page":"1","num":"10","loginTime":"2017-11-02 - 2017-12-01","orderby":{"loginTime":"desc"}}
[SELECT]	2017-12-01 19:16:10	SELECT id,userName FROM user	null	::1	{"c":"Common","m":"getUsersInfo"}
[SELECT]	2017-12-01 19:16:35	SELECT count(*) as sum FROM loginList WHERE `loginTime` between ? AND ?	[1509552000,1512143999]	::1	{"c":"System","m":"loginList","page":"1","num":"10","loginTime":"2017-11-02 - 2017-12-01","orderby":{"loginTime":"desc"}}
[SELECT]	2017-12-01 19:16:35	SELECT * FROM loginList WHERE `loginTime` between ? AND ? ORDER BY loginTime desc LIMIT 0,10	[1509552000,1512143999]	::1	{"c":"System","m":"loginList","page":"1","num":"10","loginTime":"2017-11-02 - 2017-12-01","orderby":{"loginTime":"desc"}}
[SELECT]	2017-12-01 19:18:12	SELECT `privileges` FROM `role` WHERE `id`=1	[]	::1	{"c":"System","m":"menu"}
[SELECT]	2017-12-01 19:18:12	SELECT * FROM `menu` WHERE `id` in (1,2,3,4,5,6,7) ORDER BY `sort`	[]	::1	{"c":"System","m":"menu"}
[SELECT]	2017-12-01 19:18:12	SELECT id,userName FROM user	null	::1	{"c":"Common","m":"getUsersInfo"}
[SELECT]	2017-12-01 19:21:08	SELECT `privileges` FROM `role` WHERE `id`=1	[]	::1	{"c":"System","m":"menu"}
[SELECT]	2017-12-01 19:21:08	SELECT * FROM `menu` WHERE `id` in (1,2,3,4,5,6,7) ORDER BY `sort`	[]	::1	{"c":"System","m":"menu"}
[SELECT]	2017-12-01 19:21:08	SELECT id,userName FROM user	null	::1	{"c":"Common","m":"getUsersInfo"}
[SELECT]	2017-12-01 19:21:08	SELECT count(*) as sum FROM user	null	::1	{"c":"System","m":"user","page":"1","num":"10","loginTime":"2017-11-02 - 2017-12-01","orderby":{"loginTime":"desc"}}
[SELECT]	2017-12-01 19:21:08	SELECT id,userName,lastLoginTime,roleId FROM user ORDER BY loginTime desc LIMIT 0,10	null	::1	{"c":"System","m":"user","page":"1","num":"10","loginTime":"2017-11-02 - 2017-12-01","orderby":{"loginTime":"desc"}}
[SELECT]	2017-12-01 19:22:52	SELECT `privileges` FROM `role` WHERE `id`=1	[]	::1	{"c":"System","m":"menu"}
[SELECT]	2017-12-01 19:22:52	SELECT * FROM `menu` WHERE `id` in (1,2,3,4,5,6,7) ORDER BY `sort`	[]	::1	{"c":"System","m":"menu"}
[SELECT]	2017-12-01 19:22:52	SELECT id,userName FROM user	null	::1	{"c":"Common","m":"getUsersInfo"}
[SELECT]	2017-12-01 19:22:52	SELECT count(*) as sum FROM user	null	::1	{"c":"System","m":"user","page":"1","num":"10","loginTime":"2017-11-02 - 2017-12-01","orderby":{"id":"desc"}}
[SELECT]	2017-12-01 19:22:52	SELECT id,userName,lastLoginTime,roleId FROM user ORDER BY id desc LIMIT 0,10	null	::1	{"c":"System","m":"user","page":"1","num":"10","loginTime":"2017-11-02 - 2017-12-01","orderby":{"id":"desc"}}
[SELECT]	2017-12-01 19:25:06	SELECT * FROM user WHERE `userName`=?	["admin"]	::1	{"c":"System","m":"login","pwd":"abc@123abc","loginname":"admin"}
[INSERT]	2017-12-01 19:25:06	INSERT INTO loginList (`userId`,`LoginIp`,`loginTime`) values (:userId, :LoginIp, :loginTime);	{"userId":"1","LoginIp":"::1","loginTime":1512127506}	::1	{"c":"System","m":"login","pwd":"abc@123abc","loginname":"admin"}
[UPDATE]	2017-12-01 19:25:06	UPDATE user SET `lastLoginTime`=:lastLoginTime WHERE `id`='1';	{"lastLoginTime":1512127506}	::1	{"c":"System","m":"login","pwd":"abc@123abc","loginname":"admin"}
[SELECT]	2017-12-01 19:25:06	SELECT `privileges` FROM `role` WHERE `id`=1	[]	::1	{"c":"System","m":"menu"}
[SELECT]	2017-12-01 19:25:06	SELECT * FROM `menu` WHERE `id` in (1,2,3,4,5,6,7) ORDER BY `sort`	[]	::1	{"c":"System","m":"menu"}
[SELECT]	2017-12-01 19:25:13	SELECT id,userName FROM user	null	::1	{"c":"Common","m":"getUsersInfo"}
[SELECT]	2017-12-01 19:25:13	SELECT count(*) as sum FROM user	null	::1	{"c":"System","m":"user","page":"1","num":"10","loginTime":"2017-11-02 - 2017-12-01","orderby":{"id":"desc"}}
[SELECT]	2017-12-01 19:25:13	SELECT id,userName,lastLoginTime,roleId FROM user ORDER BY id desc LIMIT 0,10	null	::1	{"c":"System","m":"user","page":"1","num":"10","loginTime":"2017-11-02 - 2017-12-01","orderby":{"id":"desc"}}
[SELECT]	2017-12-01 19:25:16	SELECT count(*) as sum FROM loginList WHERE `loginTime` between ? AND ?	[1509552000,1512143999]	::1	{"c":"System","m":"loginList","page":"1","num":"10","loginTime":"2017-11-02 - 2017-12-01","orderby":{"loginTime":"desc"}}
[SELECT]	2017-12-01 19:25:16	SELECT * FROM loginList WHERE `loginTime` between ? AND ? ORDER BY loginTime desc LIMIT 0,10	[1509552000,1512143999]	::1	{"c":"System","m":"loginList","page":"1","num":"10","loginTime":"2017-11-02 - 2017-12-01","orderby":{"loginTime":"desc"}}
[SELECT]	2017-12-01 19:25:17	SELECT count(*) as sum FROM user	null	::1	{"c":"System","m":"user","page":"1","num":"10","loginTime":"2017-11-02 - 2017-12-01","orderby":{"id":"desc"}}
[SELECT]	2017-12-01 19:25:17	SELECT id,userName,lastLoginTime,roleId FROM user ORDER BY id desc LIMIT 0,10	null	::1	{"c":"System","m":"user","page":"1","num":"10","loginTime":"2017-11-02 - 2017-12-01","orderby":{"id":"desc"}}
[SELECT]	2017-12-01 19:26:07	SELECT `privileges` FROM `role` WHERE `id`=1	[]	::1	{"c":"System","m":"menu"}
[SELECT]	2017-12-01 19:26:07	SELECT * FROM `menu` WHERE `id` in (1,2,3,4,5,6,7) ORDER BY `sort`	[]	::1	{"c":"System","m":"menu"}
[SELECT]	2017-12-01 19:26:08	SELECT count(*) as sum FROM user	null	::1	{"c":"System","m":"user","page":"1","num":"10","loginTime":"2017-11-02 - 2017-12-01","orderby":{"id":"desc"}}
[SELECT]	2017-12-01 19:26:08	SELECT id,userName,lastLoginTime,roleId FROM user ORDER BY id desc LIMIT 0,10	null	::1	{"c":"System","m":"user","page":"1","num":"10","loginTime":"2017-11-02 - 2017-12-01","orderby":{"id":"desc"}}
[SELECT]	2017-12-01 19:26:08	SELECT id,userName FROM user	null	::1	{"c":"Common","m":"getUsersInfo"}
[SELECT]	2017-12-01 19:26:08	SELECT id,userName FROM user	null	::1	{"c":"Common","m":"getUsersInfo"}
[SELECT]	2017-12-01 19:26:10	SELECT count(*) as sum FROM loginList WHERE `loginTime` between ? AND ?	[1509552000,1512143999]	::1	{"c":"System","m":"loginList","page":"1","num":"10","loginTime":"2017-11-02 - 2017-12-01","orderby":{"loginTime":"desc"}}
[SELECT]	2017-12-01 19:26:10	SELECT * FROM loginList WHERE `loginTime` between ? AND ? ORDER BY loginTime desc LIMIT 0,10	[1509552000,1512143999]	::1	{"c":"System","m":"loginList","page":"1","num":"10","loginTime":"2017-11-02 - 2017-12-01","orderby":{"loginTime":"desc"}}
[SELECT]	2017-12-01 19:27:19	SELECT `privileges` FROM `role` WHERE `id`=1	[]	::1	{"c":"System","m":"menu"}
[SELECT]	2017-12-01 19:27:19	SELECT * FROM `menu` WHERE `id` in (1,2,3,4,5,6,7) ORDER BY `sort`	[]	::1	{"c":"System","m":"menu"}
[SELECT]	2017-12-01 19:27:19	SELECT id,userName FROM user	null	::1	{"c":"Common","m":"getUsersInfo"}
[SELECT]	2017-12-01 19:27:19	SELECT count(*) as sum FROM loginList WHERE `loginTime` between ? AND ?	[1509552000,1512143999]	::1	{"c":"System","m":"loginList","page":"1","num":"10","loginTime":"2017-11-02 - 2017-12-01","orderby":{"loginTime":"desc"}}
[SELECT]	2017-12-01 19:27:19	SELECT * FROM loginList WHERE `loginTime` between ? AND ? ORDER BY loginTime desc LIMIT 0,10	[1509552000,1512143999]	::1	{"c":"System","m":"loginList","page":"1","num":"10","loginTime":"2017-11-02 - 2017-12-01","orderby":{"loginTime":"desc"}}
[SELECT]	2017-12-01 19:27:19	SELECT id,userName FROM user	null	::1	{"c":"Common","m":"getUsersInfo"}
[SELECT]	2017-12-01 19:27:21	SELECT `privileges` FROM `role` WHERE `id`=1	[]	::1	{"c":"System","m":"menu"}
[SELECT]	2017-12-01 19:27:21	SELECT * FROM `menu` WHERE `id` in (1,2,3,4,5,6,7) ORDER BY `sort`	[]	::1	{"c":"System","m":"menu"}
[SELECT]	2017-12-01 19:27:21	SELECT id,userName FROM user	null	::1	{"c":"Common","m":"getUsersInfo"}
[SELECT]	2017-12-01 19:27:21	SELECT count(*) as sum FROM loginList WHERE `loginTime` between ? AND ?	[1509552000,1512143999]	::1	{"c":"System","m":"loginList","page":"1","num":"10","loginTime":"2017-11-02 - 2017-12-01","orderby":{"loginTime":"desc"}}
[SELECT]	2017-12-01 19:27:21	SELECT * FROM loginList WHERE `loginTime` between ? AND ? ORDER BY loginTime desc LIMIT 0,10	[1509552000,1512143999]	::1	{"c":"System","m":"loginList","page":"1","num":"10","loginTime":"2017-11-02 - 2017-12-01","orderby":{"loginTime":"desc"}}
[SELECT]	2017-12-01 19:27:21	SELECT id,userName FROM user	null	::1	{"c":"Common","m":"getUsersInfo"}
[SELECT]	2017-12-01 19:27:24	SELECT `privileges` FROM `role` WHERE `id`=1	[]	::1	{"c":"System","m":"menu"}
[SELECT]	2017-12-01 19:27:24	SELECT * FROM `menu` WHERE `id` in (1,2,3,4,5,6,7) ORDER BY `sort`	[]	::1	{"c":"System","m":"menu"}
[SELECT]	2017-12-01 19:27:24	SELECT id,userName FROM user	null	::1	{"c":"Common","m":"getUsersInfo"}
[SELECT]	2017-12-01 19:27:24	SELECT count(*) as sum FROM loginList WHERE `loginTime` between ? AND ?	[1509552000,1512143999]	::1	{"c":"System","m":"loginList","page":"1","num":"10","loginTime":"2017-11-02 - 2017-12-01","orderby":{"loginTime":"desc"}}
[SELECT]	2017-12-01 19:27:24	SELECT * FROM loginList WHERE `loginTime` between ? AND ? ORDER BY loginTime desc LIMIT 0,10	[1509552000,1512143999]	::1	{"c":"System","m":"loginList","page":"1","num":"10","loginTime":"2017-11-02 - 2017-12-01","orderby":{"loginTime":"desc"}}
[SELECT]	2017-12-01 19:27:24	SELECT id,userName FROM user	null	::1	{"c":"Common","m":"getUsersInfo"}
[SELECT]	2017-12-01 19:27:25	SELECT `privileges` FROM `role` WHERE `id`=1	[]	::1	{"c":"System","m":"menu"}
[SELECT]	2017-12-01 19:27:25	SELECT * FROM `menu` WHERE `id` in (1,2,3,4,5,6,7) ORDER BY `sort`	[]	::1	{"c":"System","m":"menu"}
[SELECT]	2017-12-01 19:27:25	SELECT id,userName FROM user	null	::1	{"c":"Common","m":"getUsersInfo"}
[SELECT]	2017-12-01 19:27:25	SELECT count(*) as sum FROM loginList WHERE `loginTime` between ? AND ?	[1509552000,1512143999]	::1	{"c":"System","m":"loginList","page":"1","num":"10","loginTime":"2017-11-02 - 2017-12-01","orderby":{"loginTime":"desc"}}
[SELECT]	2017-12-01 19:27:25	SELECT * FROM loginList WHERE `loginTime` between ? AND ? ORDER BY loginTime desc LIMIT 0,10	[1509552000,1512143999]	::1	{"c":"System","m":"loginList","page":"1","num":"10","loginTime":"2017-11-02 - 2017-12-01","orderby":{"loginTime":"desc"}}
[SELECT]	2017-12-01 19:27:25	SELECT id,userName FROM user	null	::1	{"c":"Common","m":"getUsersInfo"}
[SELECT]	2017-12-01 19:27:27	SELECT `privileges` FROM `role` WHERE `id`=1	[]	::1	{"c":"System","m":"menu"}
[SELECT]	2017-12-01 19:27:27	SELECT * FROM `menu` WHERE `id` in (1,2,3,4,5,6,7) ORDER BY `sort`	[]	::1	{"c":"System","m":"menu"}
[SELECT]	2017-12-01 19:27:27	SELECT id,userName FROM user	null	::1	{"c":"Common","m":"getUsersInfo"}
[SELECT]	2017-12-01 19:27:27	SELECT count(*) as sum FROM loginList WHERE `loginTime` between ? AND ?	[1509552000,1512143999]	::1	{"c":"System","m":"loginList","page":"1","num":"10","loginTime":"2017-11-02 - 2017-12-01","orderby":{"loginTime":"desc"}}
[SELECT]	2017-12-01 19:27:27	SELECT * FROM loginList WHERE `loginTime` between ? AND ? ORDER BY loginTime desc LIMIT 0,10	[1509552000,1512143999]	::1	{"c":"System","m":"loginList","page":"1","num":"10","loginTime":"2017-11-02 - 2017-12-01","orderby":{"loginTime":"desc"}}
[SELECT]	2017-12-01 19:27:27	SELECT id,userName FROM user	null	::1	{"c":"Common","m":"getUsersInfo"}
[SELECT]	2017-12-01 19:27:28	SELECT `privileges` FROM `role` WHERE `id`=1	[]	::1	{"c":"System","m":"menu"}
[SELECT]	2017-12-01 19:27:28	SELECT * FROM `menu` WHERE `id` in (1,2,3,4,5,6,7) ORDER BY `sort`	[]	::1	{"c":"System","m":"menu"}
[SELECT]	2017-12-01 19:27:28	SELECT id,userName FROM user	null	::1	{"c":"Common","m":"getUsersInfo"}
[SELECT]	2017-12-01 19:27:28	SELECT count(*) as sum FROM loginList WHERE `loginTime` between ? AND ?	[1509552000,1512143999]	::1	{"c":"System","m":"loginList","page":"1","num":"10","loginTime":"2017-11-02 - 2017-12-01","orderby":{"loginTime":"desc"}}
[SELECT]	2017-12-01 19:27:28	SELECT * FROM loginList WHERE `loginTime` between ? AND ? ORDER BY loginTime desc LIMIT 0,10	[1509552000,1512143999]	::1	{"c":"System","m":"loginList","page":"1","num":"10","loginTime":"2017-11-02 - 2017-12-01","orderby":{"loginTime":"desc"}}
[SELECT]	2017-12-01 19:27:28	SELECT id,userName FROM user	null	::1	{"c":"Common","m":"getUsersInfo"}
[SELECT]	2017-12-01 19:27:35	SELECT count(*) as sum FROM user	null	::1	{"c":"System","m":"user","page":"1","num":"10","loginTime":"2017-11-02 - 2017-12-01","orderby":{"id":"desc"}}
[SELECT]	2017-12-01 19:27:35	SELECT id,userName,lastLoginTime,roleId FROM user ORDER BY id desc LIMIT 0,10	null	::1	{"c":"System","m":"user","page":"1","num":"10","loginTime":"2017-11-02 - 2017-12-01","orderby":{"id":"desc"}}
[SELECT]	2017-12-01 19:30:23	SELECT `privileges` FROM `role` WHERE `id`=1	[]	::1	{"c":"System","m":"menu"}
[SELECT]	2017-12-01 19:30:23	SELECT * FROM `menu` WHERE `id` in (1,2,3,4,5,6,7) ORDER BY `sort`	[]	::1	{"c":"System","m":"menu"}
[SELECT]	2017-12-01 19:30:23	SELECT id,userName FROM user	null	::1	{"c":"Common","m":"getUsersInfo"}
[SELECT]	2017-12-01 19:30:23	SELECT count(*) as sum FROM user	null	::1	{"c":"System","m":"user","page":"1","num":"10","loginTime":"2017-11-02 - 2017-12-01","orderby":{"id":"desc"}}
[SELECT]	2017-12-01 19:30:23	SELECT id,userName,lastLoginTime,roleId FROM user ORDER BY id desc LIMIT 0,10	null	::1	{"c":"System","m":"user","page":"1","num":"10","loginTime":"2017-11-02 - 2017-12-01","orderby":{"id":"desc"}}
[SELECT]	2017-12-01 19:30:23	SELECT id,userName FROM user	null	::1	{"c":"Common","m":"getUsersInfo"}
[SELECT]	2017-12-01 19:30:55	SELECT `privileges` FROM `role` WHERE `id`=1	[]	::1	{"c":"System","m":"menu"}
[SELECT]	2017-12-01 19:30:55	SELECT * FROM `menu` WHERE `id` in (1,2,3,4,5,6,7) ORDER BY `sort`	[]	::1	{"c":"System","m":"menu"}
[SELECT]	2017-12-01 19:30:55	SELECT id,userName FROM user	null	::1	{"c":"Common","m":"getUsersInfo"}
[SELECT]	2017-12-01 19:30:55	SELECT count(*) as sum FROM user	null	::1	{"c":"System","m":"user","page":"1","num":"10","loginTime":"2017-11-02 - 2017-12-01","orderby":{"id":"desc"}}
[SELECT]	2017-12-01 19:30:55	SELECT id,userName,lastLoginTime,roleId FROM user ORDER BY id desc LIMIT 0,10	null	::1	{"c":"System","m":"user","page":"1","num":"10","loginTime":"2017-11-02 - 2017-12-01","orderby":{"id":"desc"}}
[SELECT]	2017-12-01 19:31:34	SELECT `privileges` FROM `role` WHERE `id`=1	[]	::1	{"c":"System","m":"menu"}
[SELECT]	2017-12-01 19:31:34	SELECT * FROM `menu` WHERE `id` in (1,2,3,4,5,6,7) ORDER BY `sort`	[]	::1	{"c":"System","m":"menu"}
[SELECT]	2017-12-01 19:31:34	SELECT id,userName FROM user	null	::1	{"c":"Common","m":"getUsersInfo"}
[SELECT]	2017-12-01 19:31:34	SELECT count(*) as sum FROM user	null	::1	{"c":"System","m":"user","page":"1","num":"10","loginTime":"2017-11-02 - 2017-12-01","orderby":{"id":"desc"}}
[SELECT]	2017-12-01 19:31:34	SELECT id,userName,lastLoginTime,roleId FROM user ORDER BY id desc LIMIT 0,10	null	::1	{"c":"System","m":"user","page":"1","num":"10","loginTime":"2017-11-02 - 2017-12-01","orderby":{"id":"desc"}}
[SELECT]	2017-12-01 19:41:14	SELECT `privileges` FROM `role` WHERE `id`=1	[]	::1	{"c":"System","m":"menu"}
[SELECT]	2017-12-01 19:41:14	SELECT * FROM `menu` WHERE `id` in (1,2,3,4,5,6,7) ORDER BY `sort`	[]	::1	{"c":"System","m":"menu"}
[SELECT]	2017-12-01 19:41:14	SELECT id,userName FROM user	null	::1	{"c":"Common","m":"getUsersInfo"}
[SELECT]	2017-12-01 19:41:14	SELECT count(*) as sum FROM user	null	::1	{"c":"System","m":"user","page":"1","num":"10","loginTime":"2017-11-02 - 2017-12-01","orderby":{"id":"desc"}}
[SELECT]	2017-12-01 19:41:14	SELECT id,userName,lastLoginTime,roleId FROM user ORDER BY id desc LIMIT 0,10	null	::1	{"c":"System","m":"user","page":"1","num":"10","loginTime":"2017-11-02 - 2017-12-01","orderby":{"id":"desc"}}
[SELECT]	2017-12-01 19:41:38	SELECT `privileges` FROM `role` WHERE `id`=1	[]	::1	{"c":"System","m":"menu"}
[SELECT]	2017-12-01 19:41:38	SELECT * FROM `menu` WHERE `id` in (1,2,3,4,5,6,7) ORDER BY `sort`	[]	::1	{"c":"System","m":"menu"}
[SELECT]	2017-12-01 19:41:38	SELECT id,userName FROM user	null	::1	{"c":"Common","m":"getUsersInfo"}
[SELECT]	2017-12-01 19:41:38	SELECT count(*) as sum FROM user	null	::1	{"c":"System","m":"user","page":"1","num":"10","loginTime":"2017-11-02 - 2017-12-01","orderby":{"id":"desc"}}
[SELECT]	2017-12-01 19:41:38	SELECT id,userName,lastLoginTime,roleId FROM user ORDER BY id desc LIMIT 0,10	null	::1	{"c":"System","m":"user","page":"1","num":"10","loginTime":"2017-11-02 - 2017-12-01","orderby":{"id":"desc"}}
[SELECT]	2017-12-01 19:42:58	SELECT `privileges` FROM `role` WHERE `id`=1	[]	::1	{"c":"System","m":"menu"}
[SELECT]	2017-12-01 19:42:58	SELECT * FROM `menu` WHERE `id` in (1,2,3,4,5,6,7) ORDER BY `sort`	[]	::1	{"c":"System","m":"menu"}
[SELECT]	2017-12-01 19:42:58	SELECT id,userName FROM user	null	::1	{"c":"Common","m":"getUsersInfo"}
[SELECT]	2017-12-01 19:42:58	SELECT count(*) as sum FROM user	null	::1	{"c":"System","m":"user","page":"1","num":"10","loginTime":"2017-11-02 - 2017-12-01","orderby":{"id":"desc"}}
[SELECT]	2017-12-01 19:42:58	SELECT id,userName,lastLoginTime,roleId FROM user ORDER BY id desc LIMIT 0,10	null	::1	{"c":"System","m":"user","page":"1","num":"10","loginTime":"2017-11-02 - 2017-12-01","orderby":{"id":"desc"}}
[SELECT]	2017-12-01 19:43:35	SELECT `privileges` FROM `role` WHERE `id`=1	[]	::1	{"c":"System","m":"menu"}
[SELECT]	2017-12-01 19:43:35	SELECT * FROM `menu` WHERE `id` in (1,2,3,4,5,6,7) ORDER BY `sort`	[]	::1	{"c":"System","m":"menu"}
[SELECT]	2017-12-01 19:43:35	SELECT id,userName FROM user	null	::1	{"c":"Common","m":"getUsersInfo"}
[SELECT]	2017-12-01 19:43:35	SELECT count(*) as sum FROM user	null	::1	{"c":"System","m":"user","page":"1","num":"10","loginTime":"2017-11-02 - 2017-12-01","orderby":{"id":"desc"}}
[SELECT]	2017-12-01 19:43:35	SELECT id,userName,lastLoginTime,roleId FROM user ORDER BY id desc LIMIT 0,10	null	::1	{"c":"System","m":"user","page":"1","num":"10","loginTime":"2017-11-02 - 2017-12-01","orderby":{"id":"desc"}}
[SELECT]	2017-12-01 19:44:07	SELECT `privileges` FROM `role` WHERE `id`=1	[]	::1	{"c":"System","m":"menu"}
[SELECT]	2017-12-01 19:44:07	SELECT * FROM `menu` WHERE `id` in (1,2,3,4,5,6,7) ORDER BY `sort`	[]	::1	{"c":"System","m":"menu"}
[SELECT]	2017-12-01 19:44:07	SELECT id,userName FROM user	null	::1	{"c":"Common","m":"getUsersInfo"}
[SELECT]	2017-12-01 19:44:07	SELECT count(*) as sum FROM user	null	::1	{"c":"System","m":"user","page":"1","num":"10","loginTime":"2017-11-02 - 2017-12-01","orderby":{"id":"desc"}}
[SELECT]	2017-12-01 19:44:07	SELECT id,userName,lastLoginTime,roleId FROM user ORDER BY id desc LIMIT 0,10	null	::1	{"c":"System","m":"user","page":"1","num":"10","loginTime":"2017-11-02 - 2017-12-01","orderby":{"id":"desc"}}
[SELECT]	2017-12-01 19:47:08	SELECT `privileges` FROM `role` WHERE `id`=1	[]	::1	{"c":"System","m":"menu"}
[SELECT]	2017-12-01 19:47:08	SELECT * FROM `menu` WHERE `id` in (1,2,3,4,5,6,7) ORDER BY `sort`	[]	::1	{"c":"System","m":"menu"}
[SELECT]	2017-12-01 19:47:08	SELECT id,userName FROM user	null	::1	{"c":"Common","m":"getUsersInfo"}
[SELECT]	2017-12-01 19:47:08	SELECT count(*) as sum FROM user	null	::1	{"c":"System","m":"user","page":"1","num":"10","loginTime":"2017-11-02 - 2017-12-01","orderby":{"id":"desc"}}
[SELECT]	2017-12-01 19:47:08	SELECT id,userName,lastLoginTime,roleId FROM user ORDER BY id desc LIMIT 0,10	null	::1	{"c":"System","m":"user","page":"1","num":"10","loginTime":"2017-11-02 - 2017-12-01","orderby":{"id":"desc"}}
[SELECT]	2017-12-01 19:47:28	SELECT `privileges` FROM `role` WHERE `id`=1	[]	::1	{"c":"System","m":"menu"}
[SELECT]	2017-12-01 19:47:28	SELECT * FROM `menu` WHERE `id` in (1,2,3,4,5,6,7) ORDER BY `sort`	[]	::1	{"c":"System","m":"menu"}
[SELECT]	2017-12-01 19:47:28	SELECT id,userName FROM user	null	::1	{"c":"Common","m":"getUsersInfo"}
[SELECT]	2017-12-01 19:47:28	SELECT count(*) as sum FROM user	null	::1	{"c":"System","m":"user","page":"1","num":"10","loginTime":"2017-11-02 - 2017-12-01","orderby":{"id":"desc"}}
[SELECT]	2017-12-01 19:47:28	SELECT id,userName,lastLoginTime,roleId FROM user ORDER BY id desc LIMIT 0,10	null	::1	{"c":"System","m":"user","page":"1","num":"10","loginTime":"2017-11-02 - 2017-12-01","orderby":{"id":"desc"}}
[SELECT]	2017-12-01 19:47:48	SELECT `privileges` FROM `role` WHERE `id`=1	[]	::1	{"c":"System","m":"menu"}
[SELECT]	2017-12-01 19:47:48	SELECT * FROM `menu` WHERE `id` in (1,2,3,4,5,6,7) ORDER BY `sort`	[]	::1	{"c":"System","m":"menu"}
[SELECT]	2017-12-01 19:47:49	SELECT id,userName FROM user	null	::1	{"c":"Common","m":"getUsersInfo"}
[SELECT]	2017-12-01 19:47:49	SELECT count(*) as sum FROM user	null	::1	{"c":"System","m":"user","page":"1","num":"10","loginTime":"2017-11-02 - 2017-12-01","orderby":{"id":"desc"}}
[SELECT]	2017-12-01 19:47:49	SELECT id,userName,lastLoginTime,roleId FROM user ORDER BY id desc LIMIT 0,10	null	::1	{"c":"System","m":"user","page":"1","num":"10","loginTime":"2017-11-02 - 2017-12-01","orderby":{"id":"desc"}}
[SELECT]	2017-12-01 19:48:43	SELECT `privileges` FROM `role` WHERE `id`=1	[]	::1	{"c":"System","m":"menu"}
[SELECT]	2017-12-01 19:48:43	SELECT * FROM `menu` WHERE `id` in (1,2,3,4,5,6,7) ORDER BY `sort`	[]	::1	{"c":"System","m":"menu"}
[SELECT]	2017-12-01 19:48:43	SELECT id,userName FROM user	null	::1	{"c":"Common","m":"getUsersInfo"}
[SELECT]	2017-12-01 19:48:43	SELECT count(*) as sum FROM user	null	::1	{"c":"System","m":"user","page":"1","num":"10","loginTime":"2017-11-02 - 2017-12-01","orderby":{"id":"desc"}}
[SELECT]	2017-12-01 19:48:43	SELECT id,userName,lastLoginTime,roleId FROM user ORDER BY id desc LIMIT 0,10	null	::1	{"c":"System","m":"user","page":"1","num":"10","loginTime":"2017-11-02 - 2017-12-01","orderby":{"id":"desc"}}
[SELECT]	2017-12-01 19:49:39	SELECT `privileges` FROM `role` WHERE `id`=1	[]	::1	{"c":"System","m":"menu"}
[SELECT]	2017-12-01 19:49:39	SELECT * FROM `menu` WHERE `id` in (1,2,3,4,5,6,7) ORDER BY `sort`	[]	::1	{"c":"System","m":"menu"}
[SELECT]	2017-12-01 19:49:39	SELECT id,userName FROM user	null	::1	{"c":"Common","m":"getUsersInfo"}
[SELECT]	2017-12-01 19:49:39	SELECT count(*) as sum FROM user	null	::1	{"c":"System","m":"user","page":"1","num":"10","loginTime":"2017-11-02 - 2017-12-01","orderby":{"id":"desc"}}
[SELECT]	2017-12-01 19:49:39	SELECT id,userName,lastLoginTime,roleId FROM user ORDER BY id desc LIMIT 0,10	null	::1	{"c":"System","m":"user","page":"1","num":"10","loginTime":"2017-11-02 - 2017-12-01","orderby":{"id":"desc"}}
[SELECT]	2017-12-01 19:52:51	SELECT `privileges` FROM `role` WHERE `id`=1	[]	::1	{"c":"System","m":"menu"}
[SELECT]	2017-12-01 19:52:51	SELECT * FROM `menu` WHERE `id` in (1,2,3,4,5,6,7) ORDER BY `sort`	[]	::1	{"c":"System","m":"menu"}
[SELECT]	2017-12-01 19:52:51	SELECT id,userName FROM user	null	::1	{"c":"Common","m":"getUsersInfo"}
[SELECT]	2017-12-01 19:52:51	SELECT count(*) as sum FROM user	null	::1	{"c":"System","m":"user","page":"1","num":"10","loginTime":"2017-11-02 - 2017-12-01","orderby":{"id":"desc"}}
[SELECT]	2017-12-01 19:52:51	SELECT id,userName,lastLoginTime,roleId FROM user ORDER BY id desc LIMIT 0,10	null	::1	{"c":"System","m":"user","page":"1","num":"10","loginTime":"2017-11-02 - 2017-12-01","orderby":{"id":"desc"}}
[SELECT]	2017-12-01 19:55:35	SELECT `privileges` FROM `role` WHERE `id`=1	[]	::1	{"c":"System","m":"menu"}
[SELECT]	2017-12-01 19:55:35	SELECT * FROM `menu` WHERE `id` in (1,2,3,4,5,6,7) ORDER BY `sort`	[]	::1	{"c":"System","m":"menu"}
[SELECT]	2017-12-01 19:55:35	SELECT id,userName FROM user	null	::1	{"c":"Common","m":"getUsersInfo"}
[SELECT]	2017-12-01 19:55:35	SELECT count(*) as sum FROM user	null	::1	{"c":"System","m":"user","page":"1","num":"10","loginTime":"2017-11-02 - 2017-12-01","orderby":{"id":"desc"}}
[SELECT]	2017-12-01 19:55:35	SELECT id,userName,lastLoginTime,roleId FROM user ORDER BY id desc LIMIT 0,10	null	::1	{"c":"System","m":"user","page":"1","num":"10","loginTime":"2017-11-02 - 2017-12-01","orderby":{"id":"desc"}}
[SELECT]	2017-12-01 19:55:54	SELECT `privileges` FROM `role` WHERE `id`=1	[]	::1	{"c":"System","m":"menu"}
[SELECT]	2017-12-01 19:55:54	SELECT * FROM `menu` WHERE `id` in (1,2,3,4,5,6,7) ORDER BY `sort`	[]	::1	{"c":"System","m":"menu"}
[SELECT]	2017-12-01 19:55:54	SELECT id,userName FROM user	null	::1	{"c":"Common","m":"getUsersInfo"}
[SELECT]	2017-12-01 19:55:54	SELECT count(*) as sum FROM user	null	::1	{"c":"System","m":"user","page":"1","num":"10","loginTime":"2017-11-02 - 2017-12-01","orderby":{"id":"desc"}}
[SELECT]	2017-12-01 19:55:54	SELECT id,userName,lastLoginTime,roleId FROM user ORDER BY id desc LIMIT 0,10	null	::1	{"c":"System","m":"user","page":"1","num":"10","loginTime":"2017-11-02 - 2017-12-01","orderby":{"id":"desc"}}
[SELECT]	2017-12-01 19:57:48	SELECT `privileges` FROM `role` WHERE `id`=1	[]	::1	{"c":"System","m":"menu"}
[SELECT]	2017-12-01 19:57:48	SELECT * FROM `menu` WHERE `id` in (1,2,3,4,5,6,7) ORDER BY `sort`	[]	::1	{"c":"System","m":"menu"}
[SELECT]	2017-12-01 19:57:48	SELECT id,userName FROM user	null	::1	{"c":"Common","m":"getUsersInfo"}
[SELECT]	2017-12-01 19:57:48	SELECT count(*) as sum FROM user	null	::1	{"c":"System","m":"user","page":"1","num":"10","loginTime":"2017-11-02 - 2017-12-01","orderby":{"id":"desc"}}
[SELECT]	2017-12-01 19:57:48	SELECT id,userName,lastLoginTime,roleId FROM user ORDER BY id desc LIMIT 0,10	null	::1	{"c":"System","m":"user","page":"1","num":"10","loginTime":"2017-11-02 - 2017-12-01","orderby":{"id":"desc"}}
[SELECT]	2017-12-01 19:59:32	SELECT `privileges` FROM `role` WHERE `id`=1	[]	::1	{"c":"System","m":"menu"}
[SELECT]	2017-12-01 19:59:32	SELECT * FROM `menu` WHERE `id` in (1,2,3,4,5,6,7) ORDER BY `sort`	[]	::1	{"c":"System","m":"menu"}
[SELECT]	2017-12-01 19:59:32	SELECT id,userName FROM user	null	::1	{"c":"Common","m":"getUsersInfo"}
[SELECT]	2017-12-01 19:59:32	SELECT count(*) as sum FROM user	null	::1	{"c":"System","m":"user","page":"1","num":"10","loginTime":"2017-11-02 - 2017-12-01","orderby":{"id":"desc"}}
[SELECT]	2017-12-01 19:59:32	SELECT id,userName,lastLoginTime,roleId FROM user ORDER BY id desc LIMIT 0,10	null	::1	{"c":"System","m":"user","page":"1","num":"10","loginTime":"2017-11-02 - 2017-12-01","orderby":{"id":"desc"}}
[SELECT]	2017-12-01 20:00:18	SELECT `privileges` FROM `role` WHERE `id`=1	[]	::1	{"c":"System","m":"menu"}
[SELECT]	2017-12-01 20:00:18	SELECT * FROM `menu` WHERE `id` in (1,2,3,4,5,6,7) ORDER BY `sort`	[]	::1	{"c":"System","m":"menu"}
[SELECT]	2017-12-01 20:00:18	SELECT id,userName FROM user	null	::1	{"c":"Common","m":"getUsersInfo"}
[SELECT]	2017-12-01 20:00:18	SELECT count(*) as sum FROM user	null	::1	{"c":"System","m":"user","page":"1","num":"10","loginTime":"2017-11-02 - 2017-12-01","orderby":{"id":"desc"}}
[SELECT]	2017-12-01 20:00:18	SELECT id,userName,lastLoginTime,roleId FROM user ORDER BY id desc LIMIT 0,10	null	::1	{"c":"System","m":"user","page":"1","num":"10","loginTime":"2017-11-02 - 2017-12-01","orderby":{"id":"desc"}}
[SELECT]	2017-12-01 20:03:29	SELECT `privileges` FROM `role` WHERE `id`=1	[]	::1	{"c":"System","m":"menu"}
[SELECT]	2017-12-01 20:03:29	SELECT * FROM `menu` WHERE `id` in (1,2,3,4,5,6,7) ORDER BY `sort`	[]	::1	{"c":"System","m":"menu"}
[SELECT]	2017-12-01 20:03:29	SELECT id,userName FROM user	null	::1	{"c":"Common","m":"getUsersInfo"}
[SELECT]	2017-12-01 20:03:29	SELECT count(*) as sum FROM user	null	::1	{"c":"System","m":"user","page":"1","num":"10","loginTime":"2017-11-02 - 2017-12-01","orderby":{"id":"desc"}}
[SELECT]	2017-12-01 20:03:29	SELECT id,userName,lastLoginTime,roleId FROM user ORDER BY id desc LIMIT 0,10	null	::1	{"c":"System","m":"user","page":"1","num":"10","loginTime":"2017-11-02 - 2017-12-01","orderby":{"id":"desc"}}
[SELECT]	2017-12-01 20:03:40	SELECT `privileges` FROM `role` WHERE `id`=1	[]	::1	{"c":"System","m":"menu"}
[SELECT]	2017-12-01 20:03:40	SELECT * FROM `menu` WHERE `id` in (1,2,3,4,5,6,7) ORDER BY `sort`	[]	::1	{"c":"System","m":"menu"}
[SELECT]	2017-12-01 20:03:40	SELECT id,userName FROM user	null	::1	{"c":"Common","m":"getUsersInfo"}
[SELECT]	2017-12-01 20:03:40	SELECT count(*) as sum FROM user	null	::1	{"c":"System","m":"user","page":"1","num":"10","loginTime":"2017-11-02 - 2017-12-01","orderby":{"id":"desc"}}
[SELECT]	2017-12-01 20:03:40	SELECT id,userName,lastLoginTime,roleId FROM user ORDER BY id desc LIMIT 0,10	null	::1	{"c":"System","m":"user","page":"1","num":"10","loginTime":"2017-11-02 - 2017-12-01","orderby":{"id":"desc"}}
[SELECT]	2017-12-01 20:04:23	SELECT `privileges` FROM `role` WHERE `id`=1	[]	::1	{"c":"System","m":"menu"}
[SELECT]	2017-12-01 20:04:23	SELECT * FROM `menu` WHERE `id` in (1,2,3,4,5,6,7) ORDER BY `sort`	[]	::1	{"c":"System","m":"menu"}
[SELECT]	2017-12-01 20:04:23	SELECT id,userName FROM user	null	::1	{"c":"Common","m":"getUsersInfo"}
[SELECT]	2017-12-01 20:04:23	SELECT count(*) as sum FROM user	null	::1	{"c":"System","m":"user","page":"1","num":"10","loginTime":"2017-11-02 - 2017-12-01","orderby":{"id":"desc"}}
[SELECT]	2017-12-01 20:04:23	SELECT id,userName,lastLoginTime,roleId FROM user ORDER BY id desc LIMIT 0,10	null	::1	{"c":"System","m":"user","page":"1","num":"10","loginTime":"2017-11-02 - 2017-12-01","orderby":{"id":"desc"}}
[SELECT]	2017-12-01 20:05:29	SELECT `privileges` FROM `role` WHERE `id`=1	[]	::1	{"c":"System","m":"menu"}
[SELECT]	2017-12-01 20:05:29	SELECT * FROM `menu` WHERE `id` in (1,2,3,4,5,6,7) ORDER BY `sort`	[]	::1	{"c":"System","m":"menu"}
[SELECT]	2017-12-01 20:05:29	SELECT id,userName FROM user	null	::1	{"c":"Common","m":"getUsersInfo"}
[SELECT]	2017-12-01 20:05:29	SELECT count(*) as sum FROM user	null	::1	{"c":"System","m":"user","page":"1","num":"10","loginTime":"2017-11-02 - 2017-12-01","orderby":{"id":"desc"}}
[SELECT]	2017-12-01 20:05:29	SELECT id,userName,lastLoginTime,roleId FROM user ORDER BY id desc LIMIT 0,10	null	::1	{"c":"System","m":"user","page":"1","num":"10","loginTime":"2017-11-02 - 2017-12-01","orderby":{"id":"desc"}}
[SELECT]	2017-12-01 20:06:14	SELECT `privileges` FROM `role` WHERE `id`=1	[]	::1	{"c":"System","m":"menu"}
[SELECT]	2017-12-01 20:06:14	SELECT * FROM `menu` WHERE `id` in (1,2,3,4,5,6,7) ORDER BY `sort`	[]	::1	{"c":"System","m":"menu"}
[SELECT]	2017-12-01 20:06:14	SELECT id,userName FROM user	null	::1	{"c":"Common","m":"getUsersInfo"}
[SELECT]	2017-12-01 20:06:14	SELECT count(*) as sum FROM user	null	::1	{"c":"System","m":"user","page":"1","num":"10","loginTime":"2017-11-02 - 2017-12-01","orderby":{"id":"desc"}}
[SELECT]	2017-12-01 20:06:14	SELECT id,userName,lastLoginTime,roleId FROM user ORDER BY id desc LIMIT 0,10	null	::1	{"c":"System","m":"user","page":"1","num":"10","loginTime":"2017-11-02 - 2017-12-01","orderby":{"id":"desc"}}
[SELECT]	2017-12-01 20:10:21	SELECT `privileges` FROM `role` WHERE `id`=1	[]	::1	{"c":"System","m":"menu"}
[SELECT]	2017-12-01 20:10:21	SELECT * FROM `menu` WHERE `id` in (1,2,3,4,5,6,7) ORDER BY `sort`	[]	::1	{"c":"System","m":"menu"}
[SELECT]	2017-12-01 20:10:21	SELECT id,userName FROM user	null	::1	{"c":"Common","m":"getUsersInfo"}
[SELECT]	2017-12-01 20:10:21	SELECT count(*) as sum FROM user	null	::1	{"c":"System","m":"user","page":"1","num":"10","loginTime":"2017-11-02 - 2017-12-01","orderby":{"id":"desc"}}
[SELECT]	2017-12-01 20:10:21	SELECT id,userName,lastLoginTime,roleId FROM user ORDER BY id desc LIMIT 0,10	null	::1	{"c":"System","m":"user","page":"1","num":"10","loginTime":"2017-11-02 - 2017-12-01","orderby":{"id":"desc"}}
[SELECT]	2017-12-01 20:10:27	SELECT count(*) as sum FROM user WHERE `id`=?	["1"]	::1	{"c":"System","m":"user","num":"10","loginTime":"2017-11-02 - 2017-12-01","id":"1","orderby":{"id":"desc"}}
[SELECT]	2017-12-01 20:10:27	SELECT id,userName,lastLoginTime,roleId FROM user WHERE `id`=? ORDER BY id desc LIMIT 0,10	["1"]	::1	{"c":"System","m":"user","num":"10","loginTime":"2017-11-02 - 2017-12-01","id":"1","orderby":{"id":"desc"}}
[SELECT]	2017-12-01 20:13:42	SELECT `privileges` FROM `role` WHERE `id`=1	[]	::1	{"c":"System","m":"menu"}
[SELECT]	2017-12-01 20:13:42	SELECT * FROM `menu` WHERE `id` in (1,2,3,4,5,6,7) ORDER BY `sort`	[]	::1	{"c":"System","m":"menu"}
[SELECT]	2017-12-01 20:13:42	SELECT id,userName FROM user	null	::1	{"c":"Common","m":"getUsersInfo"}
[SELECT]	2017-12-01 20:13:42	SELECT count(*) as sum FROM user	null	::1	{"c":"System","m":"user","page":"1","num":"10","loginTime":"2017-11-02 - 2017-12-01","orderby":{"id":"desc"}}
[SELECT]	2017-12-01 20:13:42	SELECT id,userName,lastLoginTime,roleId FROM user ORDER BY id desc LIMIT 0,10	null	::1	{"c":"System","m":"user","page":"1","num":"10","loginTime":"2017-11-02 - 2017-12-01","orderby":{"id":"desc"}}
[SELECT]	2017-12-01 20:14:48	SELECT `privileges` FROM `role` WHERE `id`=1	[]	::1	{"c":"System","m":"menu"}
[SELECT]	2017-12-01 20:14:48	SELECT * FROM `menu` WHERE `id` in (1,2,3,4,5,6,7) ORDER BY `sort`	[]	::1	{"c":"System","m":"menu"}
[SELECT]	2017-12-01 20:14:48	SELECT id,userName FROM user	null	::1	{"c":"Common","m":"getUsersInfo"}
[SELECT]	2017-12-01 20:14:48	SELECT count(*) as sum FROM user	null	::1	{"c":"System","m":"user","page":"1","num":"10","loginTime":"2017-11-02 - 2017-12-01","orderby":{"id":"desc"}}
[SELECT]	2017-12-01 20:14:48	SELECT id,userName,lastLoginTime,roleId FROM user ORDER BY id desc LIMIT 0,10	null	::1	{"c":"System","m":"user","page":"1","num":"10","loginTime":"2017-11-02 - 2017-12-01","orderby":{"id":"desc"}}
[SELECT]	2017-12-01 20:15:57	SELECT `privileges` FROM `role` WHERE `id`=1	[]	::1	{"c":"System","m":"menu"}
[SELECT]	2017-12-01 20:15:57	SELECT * FROM `menu` WHERE `id` in (1,2,3,4,5,6,7) ORDER BY `sort`	[]	::1	{"c":"System","m":"menu"}
[SELECT]	2017-12-01 20:15:57	SELECT id,userName FROM user	null	::1	{"c":"Common","m":"getUsersInfo"}
[SELECT]	2017-12-01 20:15:57	SELECT count(*) as sum FROM user	null	::1	{"c":"System","m":"user","page":"1","num":"10","loginTime":"2017-11-02 - 2017-12-01","orderby":{"id":"desc"}}
[SELECT]	2017-12-01 20:15:57	SELECT id,userName,lastLoginTime,roleId FROM user ORDER BY id desc LIMIT 0,10	null	::1	{"c":"System","m":"user","page":"1","num":"10","loginTime":"2017-11-02 - 2017-12-01","orderby":{"id":"desc"}}
[SELECT]	2017-12-01 20:18:47	SELECT `privileges` FROM `role` WHERE `id`=1	[]	::1	{"c":"System","m":"menu"}
[SELECT]	2017-12-01 20:18:47	SELECT * FROM `menu` WHERE `id` in (1,2,3,4,5,6,7) ORDER BY `sort`	[]	::1	{"c":"System","m":"menu"}
[SELECT]	2017-12-01 20:18:47	SELECT id,userName FROM user	null	::1	{"c":"Common","m":"getUsersInfo"}
[SELECT]	2017-12-01 20:18:47	SELECT count(*) as sum FROM user	null	::1	{"c":"System","m":"user","page":"1","num":"10","loginTime":"2017-11-02 - 2017-12-01","orderby":{"id":"desc"}}
[SELECT]	2017-12-01 20:18:47	SELECT id,userName,lastLoginTime,roleId FROM user ORDER BY id desc LIMIT 0,10	null	::1	{"c":"System","m":"user","page":"1","num":"10","loginTime":"2017-11-02 - 2017-12-01","orderby":{"id":"desc"}}
[SELECT]	2017-12-01 20:19:36	SELECT `privileges` FROM `role` WHERE `id`=1	[]	::1	{"c":"System","m":"menu"}
[SELECT]	2017-12-01 20:19:36	SELECT * FROM `menu` WHERE `id` in (1,2,3,4,5,6,7) ORDER BY `sort`	[]	::1	{"c":"System","m":"menu"}
[SELECT]	2017-12-01 20:19:36	SELECT count(*) as sum FROM user	null	::1	{"c":"System","m":"user","page":"1","num":"10","loginTime":"2017-11-02 - 2017-12-01","orderby":{"id":"desc"}}
[SELECT]	2017-12-01 20:19:36	SELECT id,userName,lastLoginTime,roleId FROM user ORDER BY id desc LIMIT 0,10	null	::1	{"c":"System","m":"user","page":"1","num":"10","loginTime":"2017-11-02 - 2017-12-01","orderby":{"id":"desc"}}
[SELECT]	2017-12-01 20:19:36	SELECT id,userName FROM user	null	::1	{"c":"Common","m":"getUsersInfo"}
[SELECT]	2017-12-01 20:20:22	SELECT count(*) as sum FROM user	null	::1	{"c":"System","m":"user","num":"10","loginTime":"2017-11-02 - 2017-12-01","orderby":{"lastLoginTime":"asc"}}
[SELECT]	2017-12-01 20:20:22	SELECT id,userName,lastLoginTime,roleId FROM user ORDER BY lastLoginTime asc LIMIT 0,10	null	::1	{"c":"System","m":"user","num":"10","loginTime":"2017-11-02 - 2017-12-01","orderby":{"lastLoginTime":"asc"}}
[SELECT]	2017-12-01 20:21:26	SELECT `privileges` FROM `role` WHERE `id`=1	[]	::1	{"c":"System","m":"menu"}
[SELECT]	2017-12-01 20:21:26	SELECT * FROM `menu` WHERE `id` in (1,2,3,4,5,6,7) ORDER BY `sort`	[]	::1	{"c":"System","m":"menu"}
[SELECT]	2017-12-01 20:21:26	SELECT id,userName FROM user	null	::1	{"c":"Common","m":"getUsersInfo"}
[SELECT]	2017-12-01 20:21:26	SELECT count(*) as sum FROM user	null	::1	{"c":"System","m":"user","page":"1","num":"10","loginTime":"2017-11-02 - 2017-12-01","orderby":{"id":"desc"}}
[SELECT]	2017-12-01 20:21:26	SELECT id,userName,lastLoginTime,roleId FROM user ORDER BY id desc LIMIT 0,10	null	::1	{"c":"System","m":"user","page":"1","num":"10","loginTime":"2017-11-02 - 2017-12-01","orderby":{"id":"desc"}}
[SELECT]	2017-12-01 20:22:19	SELECT `privileges` FROM `role` WHERE `id`=1	[]	::1	{"c":"System","m":"menu"}
[SELECT]	2017-12-01 20:22:19	SELECT * FROM `menu` WHERE `id` in (1,2,3,4,5,6,7) ORDER BY `sort`	[]	::1	{"c":"System","m":"menu"}
[SELECT]	2017-12-01 20:22:19	SELECT id,userName FROM user	null	::1	{"c":"Common","m":"getUsersInfo"}
[SELECT]	2017-12-01 20:22:19	SELECT count(*) as sum FROM user	null	::1	{"c":"System","m":"user","page":"1","num":"10","loginTime":"2017-11-02 - 2017-12-01","orderby":{"id":"desc"}}
[SELECT]	2017-12-01 20:22:19	SELECT id,userName,lastLoginTime,roleId FROM user ORDER BY id desc LIMIT 0,10	null	::1	{"c":"System","m":"user","page":"1","num":"10","loginTime":"2017-11-02 - 2017-12-01","orderby":{"id":"desc"}}
[SELECT]	2017-12-01 20:23:54	SELECT `privileges` FROM `role` WHERE `id`=1	[]	::1	{"c":"System","m":"menu"}
[SELECT]	2017-12-01 20:23:54	SELECT * FROM `menu` WHERE `id` in (1,2,3,4,5,6,7) ORDER BY `sort`	[]	::1	{"c":"System","m":"menu"}
[SELECT]	2017-12-01 20:23:54	SELECT id,userName FROM user	null	::1	{"c":"Common","m":"getUsersInfo"}
[SELECT]	2017-12-01 20:23:54	SELECT count(*) as sum FROM user	null	::1	{"c":"System","m":"user","page":"1","num":"10","loginTime":"2017-11-02 - 2017-12-01","orderby":{"id":"desc"}}
[SELECT]	2017-12-01 20:23:54	SELECT id,userName,lastLoginTime,roleId FROM user ORDER BY id desc LIMIT 0,10	null	::1	{"c":"System","m":"user","page":"1","num":"10","loginTime":"2017-11-02 - 2017-12-01","orderby":{"id":"desc"}}
[SELECT]	2017-12-01 20:24:22	SELECT `privileges` FROM `role` WHERE `id`=1	[]	::1	{"c":"System","m":"menu"}
[SELECT]	2017-12-01 20:24:22	SELECT * FROM `menu` WHERE `id` in (1,2,3,4,5,6,7) ORDER BY `sort`	[]	::1	{"c":"System","m":"menu"}
[SELECT]	2017-12-01 20:24:22	SELECT id,userName FROM user	null	::1	{"c":"Common","m":"getUsersInfo"}
[SELECT]	2017-12-01 20:24:22	SELECT count(*) as sum FROM user	null	::1	{"c":"System","m":"user","page":"1","num":"10","loginTime":"2017-11-02 - 2017-12-01","orderby":{"id":"desc"}}
[SELECT]	2017-12-01 20:24:22	SELECT id,userName,lastLoginTime,roleId FROM user ORDER BY id desc LIMIT 0,10	null	::1	{"c":"System","m":"user","page":"1","num":"10","loginTime":"2017-11-02 - 2017-12-01","orderby":{"id":"desc"}}
[SELECT]	2017-12-01 20:24:50	SELECT `privileges` FROM `role` WHERE `id`=1	[]	::1	{"c":"System","m":"menu"}
[SELECT]	2017-12-01 20:24:50	SELECT * FROM `menu` WHERE `id` in (1,2,3,4,5,6,7) ORDER BY `sort`	[]	::1	{"c":"System","m":"menu"}
[SELECT]	2017-12-01 20:24:50	SELECT id,userName FROM user	null	::1	{"c":"Common","m":"getUsersInfo"}
[SELECT]	2017-12-01 20:24:50	SELECT count(*) as sum FROM user	null	::1	{"c":"System","m":"user","page":"1","num":"10","loginTime":"2017-11-02 - 2017-12-01","orderby":{"id":"desc"}}
[SELECT]	2017-12-01 20:24:50	SELECT id,userName,lastLoginTime,roleId FROM user ORDER BY id desc LIMIT 0,10	null	::1	{"c":"System","m":"user","page":"1","num":"10","loginTime":"2017-11-02 - 2017-12-01","orderby":{"id":"desc"}}
[SELECT]	2017-12-01 20:25:41	SELECT `privileges` FROM `role` WHERE `id`=1	[]	::1	{"c":"System","m":"menu"}
[SELECT]	2017-12-01 20:25:41	SELECT * FROM `menu` WHERE `id` in (1,2,3,4,5,6,7) ORDER BY `sort`	[]	::1	{"c":"System","m":"menu"}
[SELECT]	2017-12-01 20:25:42	SELECT id,userName FROM user	null	::1	{"c":"Common","m":"getUsersInfo"}
[SELECT]	2017-12-01 20:25:42	SELECT count(*) as sum FROM user	null	::1	{"c":"System","m":"user","page":"1","num":"10","loginTime":"2017-11-02 - 2017-12-01","orderby":{"id":"desc"}}
[SELECT]	2017-12-01 20:25:42	SELECT id,userName,lastLoginTime,roleId FROM user ORDER BY id desc LIMIT 0,10	null	::1	{"c":"System","m":"user","page":"1","num":"10","loginTime":"2017-11-02 - 2017-12-01","orderby":{"id":"desc"}}
[SELECT]	2017-12-01 20:26:23	SELECT `privileges` FROM `role` WHERE `id`=1	[]	::1	{"c":"System","m":"menu"}
[SELECT]	2017-12-01 20:26:23	SELECT * FROM `menu` WHERE `id` in (1,2,3,4,5,6,7) ORDER BY `sort`	[]	::1	{"c":"System","m":"menu"}
[SELECT]	2017-12-01 20:26:23	SELECT id,userName FROM user	null	::1	{"c":"Common","m":"getUsersInfo"}
[SELECT]	2017-12-01 20:26:23	SELECT count(*) as sum FROM user	null	::1	{"c":"System","m":"user","page":"1","num":"10","loginTime":"2017-11-02 - 2017-12-01","orderby":{"id":"desc"}}
[SELECT]	2017-12-01 20:26:23	SELECT id,userName,lastLoginTime,roleId FROM user ORDER BY id desc LIMIT 0,10	null	::1	{"c":"System","m":"user","page":"1","num":"10","loginTime":"2017-11-02 - 2017-12-01","orderby":{"id":"desc"}}
[SELECT]	2017-12-01 20:26:42	SELECT `privileges` FROM `role` WHERE `id`=1	[]	::1	{"c":"System","m":"menu"}
[SELECT]	2017-12-01 20:26:42	SELECT * FROM `menu` WHERE `id` in (1,2,3,4,5,6,7) ORDER BY `sort`	[]	::1	{"c":"System","m":"menu"}
[SELECT]	2017-12-01 20:26:42	SELECT id,userName FROM user	null	::1	{"c":"Common","m":"getUsersInfo"}
[SELECT]	2017-12-01 20:26:42	SELECT count(*) as sum FROM user	null	::1	{"c":"System","m":"user","page":"1","num":"10","loginTime":"2017-11-02 - 2017-12-01","orderby":{"id":"desc"}}
[SELECT]	2017-12-01 20:26:42	SELECT id,userName,lastLoginTime,roleId FROM user ORDER BY id desc LIMIT 0,10	null	::1	{"c":"System","m":"user","page":"1","num":"10","loginTime":"2017-11-02 - 2017-12-01","orderby":{"id":"desc"}}
[SELECT]	2017-12-01 20:27:14	SELECT `privileges` FROM `role` WHERE `id`=1	[]	::1	{"c":"System","m":"menu"}
[SELECT]	2017-12-01 20:27:14	SELECT * FROM `menu` WHERE `id` in (1,2,3,4,5,6,7) ORDER BY `sort`	[]	::1	{"c":"System","m":"menu"}
[SELECT]	2017-12-01 20:27:14	SELECT id,userName FROM user	null	::1	{"c":"Common","m":"getUsersInfo"}
[SELECT]	2017-12-01 20:27:14	SELECT count(*) as sum FROM user	null	::1	{"c":"System","m":"user","page":"1","num":"10","loginTime":"2017-11-02 - 2017-12-01","orderby":{"id":"desc"}}
[SELECT]	2017-12-01 20:27:14	SELECT id,userName,lastLoginTime,roleId FROM user ORDER BY id desc LIMIT 0,10	null	::1	{"c":"System","m":"user","page":"1","num":"10","loginTime":"2017-11-02 - 2017-12-01","orderby":{"id":"desc"}}
[SELECT]	2017-12-01 20:27:40	SELECT `privileges` FROM `role` WHERE `id`=1	[]	::1	{"c":"System","m":"menu"}
[SELECT]	2017-12-01 20:27:40	SELECT * FROM `menu` WHERE `id` in (1,2,3,4,5,6,7) ORDER BY `sort`	[]	::1	{"c":"System","m":"menu"}
[SELECT]	2017-12-01 20:27:40	SELECT id,userName FROM user	null	::1	{"c":"Common","m":"getUsersInfo"}
[SELECT]	2017-12-01 20:27:40	SELECT count(*) as sum FROM user	null	::1	{"c":"System","m":"user","page":"1","num":"10","loginTime":"2017-11-02 - 2017-12-01","orderby":{"id":"desc"}}
[SELECT]	2017-12-01 20:27:40	SELECT id,userName,lastLoginTime,roleId FROM user ORDER BY id desc LIMIT 0,10	null	::1	{"c":"System","m":"user","page":"1","num":"10","loginTime":"2017-11-02 - 2017-12-01","orderby":{"id":"desc"}}
[SELECT]	2017-12-01 20:27:44	SELECT count(*) as sum FROM user	null	::1	{"c":"System","m":"user","num":"10","loginTime":"2017-11-02 - 2017-12-01","orderby":{"id":"desc"}}
[SELECT]	2017-12-01 20:27:44	SELECT id,userName,lastLoginTime,roleId FROM user ORDER BY id desc LIMIT 0,10	null	::1	{"c":"System","m":"user","num":"10","loginTime":"2017-11-02 - 2017-12-01","orderby":{"id":"desc"}}
[SELECT]	2017-12-01 20:27:58	SELECT `privileges` FROM `role` WHERE `id`=1	[]	::1	{"c":"System","m":"menu"}
[SELECT]	2017-12-01 20:27:58	SELECT * FROM `menu` WHERE `id` in (1,2,3,4,5,6,7) ORDER BY `sort`	[]	::1	{"c":"System","m":"menu"}
[SELECT]	2017-12-01 20:27:58	SELECT id,userName FROM user	null	::1	{"c":"Common","m":"getUsersInfo"}
[SELECT]	2017-12-01 20:27:58	SELECT count(*) as sum FROM user	null	::1	{"c":"System","m":"user","page":"1","num":"10","loginTime":"2017-11-02 - 2017-12-01","orderby":{"id":"desc"}}
[SELECT]	2017-12-01 20:27:58	SELECT id,userName,lastLoginTime,roleId FROM user ORDER BY id desc LIMIT 0,10	null	::1	{"c":"System","m":"user","page":"1","num":"10","loginTime":"2017-11-02 - 2017-12-01","orderby":{"id":"desc"}}
[SELECT]	2017-12-01 20:28:16	SELECT `privileges` FROM `role` WHERE `id`=1	[]	::1	{"c":"System","m":"menu"}
[SELECT]	2017-12-01 20:28:16	SELECT * FROM `menu` WHERE `id` in (1,2,3,4,5,6,7) ORDER BY `sort`	[]	::1	{"c":"System","m":"menu"}
[SELECT]	2017-12-01 20:28:16	SELECT id,userName FROM user	null	::1	{"c":"Common","m":"getUsersInfo"}
[SELECT]	2017-12-01 20:28:16	SELECT count(*) as sum FROM user	null	::1	{"c":"System","m":"user","page":"1","num":"10","loginTime":"2017-11-02 - 2017-12-01","orderby":{"id":"desc"}}
[SELECT]	2017-12-01 20:28:16	SELECT id,userName,lastLoginTime,roleId FROM user ORDER BY id desc LIMIT 0,10	null	::1	{"c":"System","m":"user","page":"1","num":"10","loginTime":"2017-11-02 - 2017-12-01","orderby":{"id":"desc"}}
[SELECT]	2017-12-01 20:28:57	SELECT `privileges` FROM `role` WHERE `id`=1	[]	::1	{"c":"System","m":"menu"}
[SELECT]	2017-12-01 20:28:57	SELECT * FROM `menu` WHERE `id` in (1,2,3,4,5,6,7) ORDER BY `sort`	[]	::1	{"c":"System","m":"menu"}
[SELECT]	2017-12-01 20:28:57	SELECT id,userName FROM user	null	::1	{"c":"Common","m":"getUsersInfo"}
[SELECT]	2017-12-01 20:28:57	SELECT count(*) as sum FROM user	null	::1	{"c":"System","m":"user","page":"1","num":"10","loginTime":"2017-11-02 - 2017-12-01","orderby":{"id":"desc"}}
[SELECT]	2017-12-01 20:28:57	SELECT id,userName,lastLoginTime,roleId FROM user ORDER BY id desc LIMIT 0,10	null	::1	{"c":"System","m":"user","page":"1","num":"10","loginTime":"2017-11-02 - 2017-12-01","orderby":{"id":"desc"}}
[SELECT]	2017-12-01 20:29:33	SELECT `privileges` FROM `role` WHERE `id`=1	[]	::1	{"c":"System","m":"menu"}
[SELECT]	2017-12-01 20:29:33	SELECT * FROM `menu` WHERE `id` in (1,2,3,4,5,6,7) ORDER BY `sort`	[]	::1	{"c":"System","m":"menu"}
[SELECT]	2017-12-01 20:29:33	SELECT id,userName FROM user	null	::1	{"c":"Common","m":"getUsersInfo"}
[SELECT]	2017-12-01 20:29:33	SELECT count(*) as sum FROM user	null	::1	{"c":"System","m":"user","page":"1","num":"10","loginTime":"2017-11-02 - 2017-12-01","orderby":{"id":"desc"}}
[SELECT]	2017-12-01 20:29:33	SELECT id,userName,lastLoginTime,roleId FROM user ORDER BY id desc LIMIT 0,10	null	::1	{"c":"System","m":"user","page":"1","num":"10","loginTime":"2017-11-02 - 2017-12-01","orderby":{"id":"desc"}}
[SELECT]	2017-12-01 20:32:55	SELECT `privileges` FROM `role` WHERE `id`=1	[]	::1	{"c":"System","m":"menu"}
[SELECT]	2017-12-01 20:32:55	SELECT * FROM `menu` WHERE `id` in (1,2,3,4,5,6,7) ORDER BY `sort`	[]	::1	{"c":"System","m":"menu"}
[SELECT]	2017-12-01 20:32:55	SELECT id,userName FROM user	null	::1	{"c":"Common","m":"getUsersInfo"}
[SELECT]	2017-12-01 20:32:55	SELECT count(*) as sum FROM user	null	::1	{"c":"System","m":"user","page":"1","num":"10","loginTime":"2017-11-02 - 2017-12-01","orderby":{"id":"desc"}}
[SELECT]	2017-12-01 20:32:55	SELECT id,userName,lastLoginTime,roleId FROM user ORDER BY id desc LIMIT 0,10	null	::1	{"c":"System","m":"user","page":"1","num":"10","loginTime":"2017-11-02 - 2017-12-01","orderby":{"id":"desc"}}
[SELECT]	2017-12-01 20:33:22	SELECT `privileges` FROM `role` WHERE `id`=1	[]	::1	{"c":"System","m":"menu"}
[SELECT]	2017-12-01 20:33:22	SELECT * FROM `menu` WHERE `id` in (1,2,3,4,5,6,7) ORDER BY `sort`	[]	::1	{"c":"System","m":"menu"}
[SELECT]	2017-12-01 20:33:23	SELECT id,userName FROM user	null	::1	{"c":"Common","m":"getUsersInfo"}
[SELECT]	2017-12-01 20:33:23	SELECT count(*) as sum FROM user	null	::1	{"c":"System","m":"user","page":"1","num":"10","loginTime":"2017-11-02 - 2017-12-01","orderby":{"id":"desc"}}
[SELECT]	2017-12-01 20:33:23	SELECT id,userName,lastLoginTime,roleId FROM user ORDER BY id desc LIMIT 0,10	null	::1	{"c":"System","m":"user","page":"1","num":"10","loginTime":"2017-11-02 - 2017-12-01","orderby":{"id":"desc"}}
